dataset s7c6
Optimization using leaf locations
Initial point 1. Random seed: 1725
Solving with ultrametric constraint
Optimal point found for initial point 1
Negative llh: 93.05011723462559
Dropout rate: 0
Silencing rate: 0
Initial point 2. Random seed: 3584
Solving with ultrametric constraint
Optimal point found for initial point 2
Negative llh: 2154.27556756569
Dropout rate: 0
Silencing rate: 0
Initial point 3. Random seed: 2633
Solving with ultrametric constraint
Optimal point found for initial point 3
Negative llh: 92.01494177745587
Dropout rate: 0
Silencing rate: 0
Initial point 4. Random seed: 8770
Solving with ultrametric constraint
Optimal point found for initial point 4
Negative llh: 92.01494147600192
Dropout rate: 0
Silencing rate: 0
Initial point 5. Random seed: 5648
Solving with ultrametric constraint
Optimal point found for initial point 5
Negative llh: 93.05011718062082
Dropout rate: 0
Silencing rate: 0
Initial point 6. Random seed: 6278
Solving with ultrametric constraint
Optimal point found for initial point 6
Negative llh: 93.05011726056176
Dropout rate: 0
Silencing rate: 0
Initial point 7. Random seed: 2577
Solving with ultrametric constraint
Optimal point found for initial point 7
Negative llh: 93.05011741852066
Dropout rate: 0
Silencing rate: 0
Initial point 8. Random seed: 4622
Solving with ultrametric constraint
Optimal point found for initial point 8
Negative llh: 93.05012905203131
Dropout rate: 0
Silencing rate: 0
Initial point 9. Random seed: 6338
Solving with ultrametric constraint
Optimal point found for initial point 9
Negative llh: 93.0501177068474
Dropout rate: 0
Silencing rate: 0
Initial point 10. Random seed: 4007
Solving with ultrametric constraint
Optimal point found for initial point 10
Negative llh: 93.05017254807223
Dropout rate: 0
Silencing rate: 0
Initial point 11. Random seed: 1903
Solving with ultrametric constraint
Optimal point found for initial point 11
Negative llh: 93.05011725309836
Dropout rate: 0
Silencing rate: 0
Initial point 12. Random seed: 5162
Solving with ultrametric constraint
Optimal point found for initial point 12
Negative llh: 93.05011737737878
Dropout rate: 0
Silencing rate: 0
Initial point 13. Random seed: 6058
Solving with ultrametric constraint
Optimal point found for initial point 13
Negative llh: 93.05012399291816
Dropout rate: 0
Silencing rate: 0
Initial point 14. Random seed: 2066
Solving with ultrametric constraint
Optimal point found for initial point 14
Negative llh: 93.05011731362066
Dropout rate: 0
Silencing rate: 0
Initial point 15. Random seed: 375
Solving with ultrametric constraint
Optimal point found for initial point 15
Negative llh: 92.01494147815724
Dropout rate: 0
Silencing rate: 0
Initial point 16. Random seed: 3001
Solving with ultrametric constraint
Optimal point found for initial point 16
Negative llh: 2100.452295320993
Dropout rate: 0
Silencing rate: 0
Initial point 17. Random seed: 419
Solving with ultrametric constraint
Optimal point found for initial point 17
Negative llh: 92.01494149264374
Dropout rate: 0
Silencing rate: 0
Initial point 18. Random seed: 9748
Solving with ultrametric constraint
Optimal point found for initial point 18
Negative llh: 2532.545442590834
Dropout rate: 0
Silencing rate: 0
Initial point 19. Random seed: 1846
Solving with ultrametric constraint
Optimal point found for initial point 19
Negative llh: 93.05011749314335
Dropout rate: 0
Silencing rate: 0
Initial point 20. Random seed: 6793
Solving with ultrametric constraint
Optimal point found for initial point 20
Negative llh: 92.01494164779422
Dropout rate: 0
Silencing rate: 0
Optimal nllh: 92.01494147600192
