Launching Problin version 0.5b
Problin was called as follow: /Users/uym2/my_gits/problin/run_problin.py -c s15c6/k10_r2_character_matrix.csv -t s15c6/true_tree.nwk --delimiter comma -p s15c6/k10_priors.csv -o s15c6/k10_r2_problin.txt --nInitials 10
Optimization by EM algorithm
Optimizing branch lengths, phi, and nu without topology search
Initial point 1. Random seed: 8118
Solving ML without ultrametric constraint
Initial phi: 0.23460555425134227. Initial nu: 0.8349007463690957. Initial nllh: 9471.231652761497
EM finished after 16 iterations.
Optimal point found for initial point 1
Negative llh: 42.18202475046705
Dropout rate: 0
Silencing rate: 3.346602167563866e-07
Initial point 2. Random seed: 1712
Solving ML without ultrametric constraint
Initial phi: 0.2155562959736415. Initial nu: 0.33898213116905845. Initial nllh: 105.69017174985046
EM finished after 19 iterations.
Optimal point found for initial point 2
Negative llh: 42.182024636237365
Dropout rate: 0
Silencing rate: 3.3477481969468437e-07
Initial point 3. Random seed: 6209
Solving ML without ultrametric constraint
Initial phi: 0.15123406295375882. Initial nu: 0.8868345647792686. Initial nllh: 151.78941106858568
EM finished after 22 iterations.
Optimal point found for initial point 3
Negative llh: 42.182024874453184
Dropout rate: 0
Silencing rate: 3.371506593555167e-07
Initial point 4. Random seed: 1820
Solving ML without ultrametric constraint
Initial phi: 0.4103980353316132. Initial nu: 0.6602898850247362. Initial nllh: 172.5366924995532
EM finished after 14 iterations.
Optimal point found for initial point 4
Negative llh: 42.18202527212311
Dropout rate: 0
Silencing rate: 3.3763237683787163e-07
Initial point 5. Random seed: 2588
Solving ML without ultrametric constraint
Initial phi: 0.7062441428021979. Initial nu: 0.13826231367223582. Initial nllh: 203.203106847257
EM finished after 14 iterations.
Optimal point found for initial point 5
Negative llh: 42.182024863576906
Dropout rate: 0
Silencing rate: 3.3634393103681774e-07
Initial point 6. Random seed: 5085
Solving ML without ultrametric constraint
Initial phi: 0.3231771137918455. Initial nu: 0.7415163541075545. Initial nllh: 164.21730567247715
EM finished after 12 iterations.
Optimal point found for initial point 6
Negative llh: 42.18203457919345
Dropout rate: 0
Silencing rate: 4.114255068068867e-07
Initial point 7. Random seed: 5800
Solving ML without ultrametric constraint
Initial phi: 0.5175211492613708. Initial nu: 0.5220857997086112. Initial nllh: 182.5797158567356
EM finished after 15 iterations.
Optimal point found for initial point 7
Negative llh: 42.18202480395973
Dropout rate: 0
Silencing rate: 3.352291217359333e-07
Initial point 8. Random seed: 5439
Solving ML without ultrametric constraint
Initial phi: 0.7044427608372392. Initial nu: 0.004857822366316409. Initial nllh: 188.94173005373665
EM finished after 6 iterations.
Optimal point found for initial point 8
Negative llh: 42.18202481874022
Dropout rate: 0
Silencing rate: 3.3456797190529374e-07
Initial point 9. Random seed: 4509
Solving ML without ultrametric constraint
Initial phi: 0.6174109920312503. Initial nu: 0.1607051791469405. Initial nllh: 173.77349081135566
EM finished after 15 iterations.
Optimal point found for initial point 9
Negative llh: 42.182024663730694
Dropout rate: 0
Silencing rate: 3.347174262602921e-07
Initial point 10. Random seed: 862
Solving ML without ultrametric constraint
Initial phi: 0.12419211324222425. Initial nu: 0.27356582225532755. Initial nllh: 85.83619168417412
EM finished after 15 iterations.
Optimal point found for initial point 10
Negative llh: 42.18202467272214
Dropout rate: 0
Silencing rate: 3.344800859344637e-07
Runtime (s): 5.935259167
