Launching Problin version 0.5b
Problin was called as follow: /Users/uym2/my_gits/problin/run_problin.py -c s15c2/k10_r2_character_matrix.csv -t s15c2/true_tree.nwk -S s15c2/true_locations.txt --delimiter comma -p s15c2/k10_priors.csv -o s15c2/k10_r2_spalin_all.txt --nInitials 10
Optimization by Spalin: Scipy-SLSQP using spatial information
Optimizing branch lengths, phi, and nu without topology search
Initial point 1. Random seed: 4714
Solving ML without ultrametric constraint
Optimal point found for initial point 1
Negative llh: 302.53838225422743
Dropout rate: 7.141440170070289e-10
Silencing rate: 6.759919636014053e-10
Initial point 2. Random seed: 5562
Solving ML without ultrametric constraint
Optimal point found for initial point 2
Negative llh: 302.5383820889256
Dropout rate: 9.999999999999996e-11
Silencing rate: 1.0000000000000007e-10
Initial point 3. Random seed: 1853
Solving ML without ultrametric constraint
Optimal point found for initial point 3
Negative llh: 302.53838294610125
Dropout rate: 5.742840230696206e-10
Silencing rate: 3.4277889563227592e-09
Initial point 4. Random seed: 342
Solving ML without ultrametric constraint
Optimal point found for initial point 4
Negative llh: 302.5383828659965
Dropout rate: 2.2443402270095995e-09
Silencing rate: 3.496912230404165e-09
Initial point 5. Random seed: 8595
Solving ML without ultrametric constraint
Optimal point found for initial point 5
Negative llh: 302.53838210403603
Dropout rate: 1e-10
Silencing rate: 1e-10
Initial point 6. Random seed: 359
Solving ML without ultrametric constraint
Optimal point found for initial point 6
Negative llh: 302.5383825095231
Dropout rate: 2.015667156940456e-09
Silencing rate: 8.816001729473754e-10
Initial point 7. Random seed: 3724
Solving ML without ultrametric constraint
Optimal point found for initial point 7
Negative llh: 302.5383824033139
Dropout rate: 1.0000000000000002e-10
Silencing rate: 1.0000000000000002e-10
Initial point 8. Random seed: 6061
Solving ML without ultrametric constraint
Optimal point found for initial point 8
Negative llh: 302.5383826316822
Dropout rate: 1e-10
Silencing rate: 1e-10
Initial point 9. Random seed: 2008
Solving ML without ultrametric constraint
Optimal point found for initial point 9
Negative llh: 302.53838219431054
Dropout rate: 9.999999999999996e-11
Silencing rate: 1.0000000000000007e-10
Initial point 10. Random seed: 9932
Solving ML without ultrametric constraint
Optimal point found for initial point 10
Negative llh: 302.5383826001729
Dropout rate: 3.3653470375199016e-10
Silencing rate: 1.1363516988647542e-09
Runtime (s): 23.697854833
