Launching Problin version 0.5p
Problin was called as follow: /Users/uym2/my_gits/problin/run_problin.py -c s15c2/k10_r1_character_matrix.csv -t s15c2/true_tree.nwk -S s15c2/true_locations.txt --delimiter comma -p s15c2/k10_priors.csv -o s15c2/k10_r1_spalin_all.txt --nInitials 10
Optimization by Spalin: Scipy-SLSQP using spatial information
Optimizing branch lengths, phi, and nu without topology search
Initial point 1. Random seed: 3436
Solving ML without ultrametric constraint
Optimal point found for initial point 1
Negative llh: 289.84102057978873
Dropout rate: 1e-10
Silencing rate: 1e-10
Initial point 2. Random seed: 6399
Solving ML without ultrametric constraint
Optimal point found for initial point 2
Negative llh: 289.8410210822804
Dropout rate: 3.450432017586914e-10
Silencing rate: 8.584053977833771e-10
Initial point 3. Random seed: 765
Solving ML without ultrametric constraint
Optimal point found for initial point 3
Negative llh: 289.84102059737563
Dropout rate: 9.999999999999996e-11
Silencing rate: 1.0000000000000007e-10
Initial point 4. Random seed: 7694
Solving ML without ultrametric constraint
Optimal point found for initial point 4
Negative llh: 289.84102083923426
Dropout rate: 1.0000000000000007e-10
Silencing rate: 1.0000000000000007e-10
Initial point 5. Random seed: 7065
Solving ML without ultrametric constraint
Optimal point found for initial point 5
Negative llh: 289.84102082207386
Dropout rate: 1.0000000000000002e-10
Silencing rate: 9.999999999999996e-11
Initial point 6. Random seed: 4861
Solving ML without ultrametric constraint
Optimal point found for initial point 6
Negative llh: 289.84102062290003
Dropout rate: 1e-10
Silencing rate: 1e-10
Initial point 7. Random seed: 8543
Solving ML without ultrametric constraint
Optimal point found for initial point 7
Negative llh: 289.8410211661324
Dropout rate: 1e-10
Silencing rate: 1e-10
Initial point 8. Random seed: 644
Solving ML without ultrametric constraint
Optimal point found for initial point 8
Negative llh: 289.84102085896234
Dropout rate: 9.999999999999996e-11
Silencing rate: 1.0000000000000007e-10
Initial point 9. Random seed: 1286
Solving ML without ultrametric constraint
Optimal point found for initial point 9
Negative llh: 289.8410208481173
Dropout rate: 1e-10
Silencing rate: 1e-10
Initial point 10. Random seed: 4807
Solving ML without ultrametric constraint
Optimal point found for initial point 10
Negative llh: 289.8410209486973
Dropout rate: 1e-10
Silencing rate: 1e-10
Runtime (s): 25.66304575
