Launching Problin version 0.5b
Problin was called as follow: /Users/uym2/my_gits/problin/run_problin.py -c s5c3/k10_r2_character_matrix.csv -t s5c3/true_tree.nwk -S s5c3/leaf_locations.txt --delimiter comma -p s5c3/k10_priors.csv -o s5c3/k10_r2_spalin_leaves.txt --nInitials 10
Optimization by Spalin: Scipy-SLSQP using spatial information
Optimizing branch lengths, phi, and nu without topology search
Initial point 1. Random seed: 3523
Solving ML without ultrametric constraint
Optimal point found for initial point 1
Negative llh: 299.411264028775
Dropout rate: 1.3744542508725321e-08
Silencing rate: 1.3036504282589322e-08
Sigma: 15.067572388384288
Initial point 2. Random seed: 3272
Solving ML without ultrametric constraint
Optimal point found for initial point 2
Negative llh: 295.0012460760025
Dropout rate: 6.520439659430154e-09
Silencing rate: 6.713312876147409e-09
Sigma: 13.87138525363899
Initial point 3. Random seed: 4698
Solving ML without ultrametric constraint
Optimal point found for initial point 3
Negative llh: 292.01777756783457
Dropout rate: 1.4863221518821107e-09
Silencing rate: 1.4252746882382951e-09
Sigma: 13.930715201625516
Initial point 4. Random seed: 1210
Solving ML without ultrametric constraint
Optimal point found for initial point 4
Negative llh: 294.33410347905055
Dropout rate: 1.0309351460822427e-09
Silencing rate: 9.96389430726887e-10
Sigma: 13.28819029978056
Initial point 5. Random seed: 9514
Solving ML without ultrametric constraint
Optimal point found for initial point 5
Negative llh: 295.50533680225107
Dropout rate: 1.321438136043483e-08
Silencing rate: 1.3176339815008994e-08
Sigma: 13.996374420764376
Initial point 6. Random seed: 9079
Solving ML without ultrametric constraint
Optimal point found for initial point 6
Negative llh: 297.54127672167215
Dropout rate: 2.851363788296583e-10
Silencing rate: 2.803264329108261e-10
Sigma: 14.56113214607994
Initial point 7. Random seed: 264
Solving ML without ultrametric constraint
Optimal point found for initial point 7
Negative llh: 291.64092088302516
Dropout rate: 4.19739464133964e-09
Silencing rate: 4.1757716484917566e-09
Sigma: 13.41170594552281
Initial point 8. Random seed: 3803
Solving ML without ultrametric constraint
Optimal point found for initial point 8
Negative llh: 297.4471075162482
Dropout rate: 2.1579990538749043e-09
Silencing rate: 2.2708298791518586e-09
Sigma: 14.391385921413928
Initial point 9. Random seed: 3740
Solving ML without ultrametric constraint
Optimal point found for initial point 9
Negative llh: 295.51843664280693
Dropout rate: 5.389911578271482e-10
Silencing rate: 5.314361866236859e-10
Sigma: 14.114363450854235
Initial point 10. Random seed: 7761
Solving ML without ultrametric constraint
Optimal point found for initial point 10
Negative llh: 299.48499453281727
Dropout rate: 1e-10
Silencing rate: 1e-10
Sigma: 13.294693355288379
Runtime (s): 444.160270792
