Launching Problin version 0.5b
Problin was called as follow: /Users/uym2/my_gits/problin/run_problin.py -c s15c5/k10_r2_character_matrix.csv -t s15c5/true_tree.nwk -S s15c5/leaf_locations.txt --delimiter comma -p s15c5/k10_priors.csv -o s15c5/k10_r2_spalin_leaves.txt --nInitials 10
Optimization by Spalin: Scipy-SLSQP using spatial information
Optimizing branch lengths, phi, and nu without topology search
Initial point 1. Random seed: 2064
Solving ML without ultrametric constraint
Optimal point found for initial point 1
Negative llh: 112.23560941940092
Dropout rate: 1e-10
Silencing rate: 1e-10
Initial point 2. Random seed: 4163
Solving ML without ultrametric constraint
Optimal point found for initial point 2
Negative llh: 114.30322383152505
Dropout rate: 9.60564574216135e-10
Silencing rate: 8.003096688458079e-10
Initial point 3. Random seed: 7468
Solving ML without ultrametric constraint
Optimal point found for initial point 3
Negative llh: 114.78958155932212
Dropout rate: 1.1385865476759102e-10
Silencing rate: 1.1155810588494265e-10
Initial point 4. Random seed: 7050
Solving ML without ultrametric constraint
Optimal point found for initial point 4
Negative llh: 111.34252337895683
Dropout rate: 1.474953415137052e-09
Silencing rate: 1.1236791229157428e-09
Initial point 5. Random seed: 2721
Solving ML without ultrametric constraint
Optimal point found for initial point 5
Negative llh: 110.31253362559734
Dropout rate: 1e-10
Silencing rate: 1e-10
Initial point 6. Random seed: 2590
Solving ML without ultrametric constraint
Optimal point found for initial point 6
Negative llh: 111.34251682238526
Dropout rate: 1.0000000000000007e-10
Silencing rate: 9.999999999999996e-11
Initial point 7. Random seed: 4720
Solving ML without ultrametric constraint
Optimal point found for initial point 7
Negative llh: 110.3125339905311
Dropout rate: 1e-10
Silencing rate: 1e-10
Initial point 8. Random seed: 6530
Solving ML without ultrametric constraint
Optimal point found for initial point 8
Negative llh: 110.31253568665954
Dropout rate: 1e-10
Silencing rate: 1e-10
Initial point 9. Random seed: 8315
Solving ML without ultrametric constraint
Optimal point found for initial point 9
Negative llh: 110.31253352090926
Dropout rate: 1.0000000000000007e-10
Silencing rate: 1.0000000000000007e-10
Initial point 10. Random seed: 1151
Solving ML without ultrametric constraint
Optimal point found for initial point 10
Negative llh: 111.16186606393103
Dropout rate: 1.0000000000000002e-10
Silencing rate: 9.999999999999999e-11
Runtime (s): 30.285585625
