Launching Problin version 0.5b
Problin was called as follow: /Users/uym2/my_gits/problin/run_problin.py -c s15c5/k10_r3_character_matrix.csv -t s15c5/true_tree.nwk -S s15c5/true_locations.txt --delimiter comma -p s15c5/k10_priors.csv -o s15c5/k10_r3_spalin_all.txt --nInitials 10
Optimization by Spalin: Scipy-SLSQP using spatial information
Optimizing branch lengths, phi, and nu without topology search
Initial point 1. Random seed: 4834
Solving ML without ultrametric constraint
Optimal point found for initial point 1
Negative llh: 144.05890679054085
Dropout rate: 1e-10
Silencing rate: 1e-10
Sigma: 26.14260453916392
Initial point 2. Random seed: 1060
Solving ML without ultrametric constraint
Optimal point found for initial point 2
Negative llh: 144.05890698204718
Dropout rate: 1e-10
Silencing rate: 1.0000000000000002e-10
Sigma: 26.14419965190157
Initial point 3. Random seed: 5966
Solving ML without ultrametric constraint
Optimal point found for initial point 3
Negative llh: 144.05890772770604
Dropout rate: 1.0000000000000002e-10
Silencing rate: 1.0000000000000007e-10
Sigma: 26.14697603329002
Initial point 4. Random seed: 8805
Solving ML without ultrametric constraint
Optimal point found for initial point 4
Negative llh: 144.05890692219276
Dropout rate: 7.780233650082295e-10
Silencing rate: 1.3550564932949995e-09
Sigma: 26.141598140213837
Initial point 5. Random seed: 7374
Solving ML without ultrametric constraint
Optimal point found for initial point 5
Negative llh: 144.05890712645814
Dropout rate: 3.831068925787291e-10
Silencing rate: 1.0277316564265951e-09
Sigma: 26.14356416648583
Initial point 6. Random seed: 6532
Solving ML without ultrametric constraint
Optimal point found for initial point 6
Negative llh: 144.05890725436728
Dropout rate: 1e-10
Silencing rate: 1.0000000000000002e-10
Sigma: 26.143372430116468
Initial point 7. Random seed: 5002
Solving ML without ultrametric constraint
Optimal point found for initial point 7
Negative llh: 144.0589077533358
Dropout rate: 2.5224699634393894e-10
Silencing rate: 2.58016855963042e-10
Sigma: 26.142393864530842
Initial point 8. Random seed: 3794
Solving ML without ultrametric constraint
Optimal point found for initial point 8
Negative llh: 144.05890731502575
Dropout rate: 2.437876118210551e-10
Silencing rate: 1.1002566452467065e-09
Sigma: 26.141550698342115
Initial point 9. Random seed: 5761
Solving ML without ultrametric constraint
Optimal point found for initial point 9
Negative llh: 144.05890676816074
Dropout rate: 1.0000000000000007e-10
Silencing rate: 9.999999999999996e-11
Sigma: 26.142122258229374
Initial point 10. Random seed: 9748
Solving ML without ultrametric constraint
Optimal point found for initial point 10
Negative llh: 144.05890688077523
Dropout rate: 1e-10
Silencing rate: 1e-10
Sigma: 26.143151472967126
Runtime (s): 6.8509122499999995
