Launching Problin version 0.5b
Problin was called as follow: /Users/uym2/my_gits/problin/run_problin.py -c s5c3/k10_const_character_matrix.csv -t s5c3/true_tree.nwk --delimiter comma -p s5c3/k10_const_priors.csv -o s5c3/k10_const_problin --nInitials 10 --ultrametric
Optimizing branch lengths, phi, and nu without topology search
Optimization by EM algorithm
Initial point 1. Random seed: 8681
Numerical optimization started with ultrametric constraint
Initial phi: 0.6212713648761572. Initial nu: 0.3632947071620851. Initial nllh: 12999.89575803536
EM finished after 13 iterations.
Optimal phi: 0. Optimal nu: 7.52351991719726e-07. Optimal nllh: 126.7130190570792
Optimal point found for initial point 1
Initial point 2. Random seed: 2829
Numerical optimization started with ultrametric constraint
Initial phi: 0.13047272546138947. Initial nu: 0.06320178158201592. Initial nllh: 171.45983451338284
EM finished after 13 iterations.
Optimal phi: 0. Optimal nu: 7.557079116455829e-07. Optimal nllh: 126.71301876182775
Optimal point found for initial point 2
Initial point 3. Random seed: 80
Numerical optimization started with ultrametric constraint
Initial phi: 0.4759483931897969. Initial nu: 0.26455431364280046. Initial nllh: 329.1468227758638
EM finished after 12 iterations.
Optimal phi: 0. Optimal nu: 7.532136547503482e-07. Optimal nllh: 126.71301887517782
Optimal point found for initial point 3
Initial point 4. Random seed: 8383
Numerical optimization started with ultrametric constraint
Initial phi: 0.928937682514634. Initial nu: 0.9579736474973762. Initial nllh: 938.2884933926994
EM finished after 15 iterations.
Optimal phi: 0. Optimal nu: 7.540970480581761e-07. Optimal nllh: 126.71301886178905
Optimal point found for initial point 4
Initial point 5. Random seed: 6392
Numerical optimization started with ultrametric constraint
Initial phi: 0.24605135317387675. Initial nu: 0.9352701522802034. Initial nllh: 321.2946894424392
EM finished after 12 iterations.
Optimal phi: 0. Optimal nu: 7.547034232861675e-07. Optimal nllh: 126.71301956141545
Optimal point found for initial point 5
Initial point 6. Random seed: 6607
Numerical optimization started with ultrametric constraint
Initial phi: 0.026648060437044794. Initial nu: 0.274760705388199. Initial nllh: 169.4853316097309
EM finished after 10 iterations.
Optimal phi: 0. Optimal nu: 7.689474504511946e-07. Optimal nllh: 126.71302210522265
Optimal point found for initial point 6
Initial point 7. Random seed: 6315
Numerical optimization started with ultrametric constraint
Initial phi: 0.3149098782420573. Initial nu: 0.6556700410591154. Initial nllh: 310.0425921989224
EM finished after 12 iterations.
Optimal phi: 0. Optimal nu: 7.544192394513339e-07. Optimal nllh: 126.71301938878254
Optimal point found for initial point 7
Initial point 8. Random seed: 5923
Numerical optimization started with ultrametric constraint
Initial phi: 0.965411846227587. Initial nu: 0.15329614307058692. Initial nllh: 1021.4621633533586
EM finished after 10 iterations.
Optimal phi: 0. Optimal nu: 7.575809661012551e-07. Optimal nllh: 126.71301974165365
Optimal point found for initial point 8
Initial point 9. Random seed: 4970
Numerical optimization started with ultrametric constraint
Initial phi: 0.37734700264585064. Initial nu: 0.4098661660167815. Initial nllh: 303.10957604921464
EM finished after 13 iterations.
Optimal phi: 0. Optimal nu: 7.534376368438764e-07. Optimal nllh: 126.71301863138403
Optimal point found for initial point 9
Initial point 10. Random seed: 8862
Numerical optimization started with ultrametric constraint
Initial phi: 0.9344126224714723. Initial nu: 0.09408475408228568. Initial nllh: 847.4400573871767
EM finished after 9 iterations.
Optimal phi: 0. Optimal nu: 7.600661207786539e-07. Optimal nllh: 126.71302022734136
Optimal point found for initial point 10
Numerical optimization finished successfully
Runtime (s): 8.933734874999999
