Launching Problin version 0.5b
Problin was called as follow: /Users/uym2/my_gits/problin/run_problin.py -c s21c3/k10_lin_character_matrix.csv -t s21c3/true_tree.nwk --delimiter comma -p s21c3/k10_lin_priors.csv -o s21c3/k10_lin_problin --nInitials 10 --ultrametric
Optimizing branch lengths, phi, and nu without topology search
Optimization by EM algorithm
Initial point 1. Random seed: 7181
Numerical optimization started with ultrametric constraint
Initial phi: 0.5227391519237551. Initial nu: 0.5962032788564421. Initial nllh: 11104.896416329697
EM finished after 74 iterations.
Optimal phi: 0. Optimal nu: 6.515281468667824e-07. Optimal nllh: 68.61542076218191
Optimal point found for initial point 1
Initial point 2. Random seed: 9683
Numerical optimization started with ultrametric constraint
Initial phi: 0.7326346982818278. Initial nu: 0.22069744233962993. Initial nllh: 227.05651737942426
EM finished after 42 iterations.
Optimal phi: 0. Optimal nu: 6.589566321975969e-07. Optimal nllh: 68.61542120244331
Optimal point found for initial point 2
Initial point 3. Random seed: 9847
Numerical optimization started with ultrametric constraint
Initial phi: 0.8829210021907122. Initial nu: 0.24568299219866016. Initial nllh: 319.3892108908977
EM finished after 42 iterations.
Optimal phi: 0. Optimal nu: 6.563196593043031e-07. Optimal nllh: 68.61542104702394
Optimal point found for initial point 3
Initial point 4. Random seed: 4417
Numerical optimization started with ultrametric constraint
Initial phi: 0.5761474413523059. Initial nu: 0.5023521658251292. Initial nllh: 193.26216105505912
EM finished after 46 iterations.
Optimal phi: 0. Optimal nu: 6.687398692723994e-07. Optimal nllh: 68.61542178725749
Optimal point found for initial point 4
Initial point 5. Random seed: 3058
Numerical optimization started with ultrametric constraint
Initial phi: 0.6925393844046895. Initial nu: 0.17203905170394085. Initial nllh: 208.76813744503272
EM finished after 41 iterations.
Optimal phi: 0. Optimal nu: 6.473838632860085e-07. Optimal nllh: 68.61542051257871
Optimal point found for initial point 5
Initial point 6. Random seed: 3501
Numerical optimization started with ultrametric constraint
Initial phi: 0.09668140933508114. Initial nu: 0.6739485954142781. Initial nllh: 120.31660687421504
EM finished after 48 iterations.
Optimal phi: 0. Optimal nu: 6.627369934750618e-07. Optimal nllh: 68.61542143061979
Optimal point found for initial point 6
Initial point 7. Random seed: 6747
Numerical optimization started with ultrametric constraint
Initial phi: 0.08866582059837905. Initial nu: 0.20699508469255332. Initial nllh: 91.34249772509752
EM finished after 42 iterations.
Optimal phi: 0. Optimal nu: 6.5752796802303e-07. Optimal nllh: 68.61542111609813
Optimal point found for initial point 7
Initial point 8. Random seed: 7920
Numerical optimization started with ultrametric constraint
Initial phi: 0.26426037996094265. Initial nu: 0.845267810463445. Initial nllh: 153.1621744278241
EM finished after 51 iterations.
Optimal phi: 0. Optimal nu: 6.610079508805375e-07. Optimal nllh: 68.61542132450111
Optimal point found for initial point 8
Initial point 9. Random seed: 3931
Numerical optimization started with ultrametric constraint
Initial phi: 0.24889779135264517. Initial nu: 0.988742348077302. Initial nllh: 159.4928921179111
EM finished after 54 iterations.
Optimal phi: 0. Optimal nu: 6.509522359296541e-07. Optimal nllh: 68.61542072588307
Optimal point found for initial point 9
Initial point 10. Random seed: 8027
Numerical optimization started with ultrametric constraint
Initial phi: 0.08660650604232357. Initial nu: 0.8695766090913827. Initial nllh: 130.82800409655175
EM finished after 51 iterations.
Optimal phi: 0. Optimal nu: 6.562892089139203e-07. Optimal nllh: 68.6154210463242
Optimal point found for initial point 10
Numerical optimization finished successfully
Runtime (s): 26.550006834
