Launching Problin version 0.5p
Problin was called as follow: /Users/uym2/my_gits/problin/run_problin.py -c s5c2/k10_r1_character_matrix.csv -t s5c2/true_tree.nwk -S s5c2/true_locations.txt --delimiter comma -p s5c2/k10_priors.csv -o s5c2/k10_r1_spalin_all.txt --nInitials 10
Optimization by Spalin: Scipy-SLSQP using spatial information
Optimizing branch lengths, phi, and nu without topology search
Initial point 1. Random seed: 1718
Solving ML without ultrametric constraint
Optimal point found for initial point 1
Negative llh: 191.9709408004244
Dropout rate: 9.999999999999996e-11
Silencing rate: 1.0000000000000002e-10
Initial point 2. Random seed: 5719
Solving ML without ultrametric constraint
Optimal point found for initial point 2
Negative llh: 191.97094092174262
Dropout rate: 1e-10
Silencing rate: 1.1064910899362897e-10
Initial point 3. Random seed: 758
Solving ML without ultrametric constraint
Optimal point found for initial point 3
Negative llh: 191.97094095684065
Dropout rate: 1e-10
Silencing rate: 1e-10
Initial point 4. Random seed: 6168
Solving ML without ultrametric constraint
Optimal point found for initial point 4
Negative llh: 191.97094082631244
Dropout rate: 4.55582651707486e-10
Silencing rate: 7.28622152930046e-10
Initial point 5. Random seed: 3419
Solving ML without ultrametric constraint
Optimal point found for initial point 5
Negative llh: 191.9709410301649
Dropout rate: 1.210328234199401e-10
Silencing rate: 1.3001432033488612e-10
Initial point 6. Random seed: 4800
Solving ML without ultrametric constraint
Optimal point found for initial point 6
Negative llh: 191.97094079661622
Dropout rate: 1.4798241646479818e-10
Silencing rate: 5.008492627555738e-10
Initial point 7. Random seed: 6422
Solving ML without ultrametric constraint
Optimal point found for initial point 7
Negative llh: 191.97094102282244
Dropout rate: 5.555806984995895e-10
Silencing rate: 1.925484995762396e-09
Initial point 8. Random seed: 5657
Solving ML without ultrametric constraint
Optimal point found for initial point 8
Negative llh: 191.97094083998962
Dropout rate: 1.9614606714497896e-10
Silencing rate: 2.7567687911284205e-10
Initial point 9. Random seed: 426
Solving ML without ultrametric constraint
Optimal point found for initial point 9
Negative llh: 191.9709414302151
Dropout rate: 2.1427632802436133e-09
Silencing rate: 7.951935457528133e-09
Initial point 10. Random seed: 1852
Solving ML without ultrametric constraint
Optimal point found for initial point 10
Negative llh: 191.97094111523825
Dropout rate: 1.3778394512509883e-10
Silencing rate: 2.9146522380340363e-10
Runtime (s): 7.691428125000001
