Launching Problin version 0.5b
Problin was called as follow: /Users/uym2/my_gits/problin/run_problin.py -c s2c10/k10_r2_character_matrix.csv -t s2c10/true_tree.nwk -S s2c10/true_locations.txt --delimiter comma -p s2c10/k10_priors.csv -o s2c10/k10_r2_spalin_all.txt --nInitials 10
Optimization by Spalin: Scipy-SLSQP using spatial information
Optimizing branch lengths, phi, and nu without topology search
Initial point 1. Random seed: 1563
Solving ML without ultrametric constraint
Optimal point found for initial point 1
Negative llh: 196.12872886799613
Dropout rate: 1.115306875159158e-10
Silencing rate: 1.0820250534161466e-10
Initial point 2. Random seed: 7024
Solving ML without ultrametric constraint
Optimal point found for initial point 2
Negative llh: 196.12872963829966
Dropout rate: 1.000000000000009e-10
Silencing rate: 9.99999999999943e-11
Initial point 3. Random seed: 5338
Solving ML without ultrametric constraint
Optimal point found for initial point 3
Negative llh: 196.1287286817377
Dropout rate: 1e-10
Silencing rate: 1.0000000000000002e-10
Initial point 4. Random seed: 2755
Solving ML without ultrametric constraint
Optimal point found for initial point 4
Negative llh: 196.12872856466683
Dropout rate: 1.0000000000000002e-10
Silencing rate: 1.0000000000000007e-10
Initial point 5. Random seed: 5349
Solving ML without ultrametric constraint
Optimal point found for initial point 5
Negative llh: 196.1287286616433
Dropout rate: 1.4379469309903975e-10
Silencing rate: 3.460008494490779e-10
Initial point 6. Random seed: 3502
Solving ML without ultrametric constraint
Optimal point found for initial point 6
Negative llh: 196.12872912251294
Dropout rate: 1.0000000000000002e-10
Silencing rate: 1.0000000000000007e-10
Initial point 7. Random seed: 7207
Solving ML without ultrametric constraint
Optimal point found for initial point 7
Negative llh: 196.12872963851598
Dropout rate: 1e-10
Silencing rate: 1e-10
Initial point 8. Random seed: 8185
Solving ML without ultrametric constraint
Optimal point found for initial point 8
Negative llh: 196.128729058108
Dropout rate: 2.4686335984002233e-10
Silencing rate: 7.793553890725279e-10
Initial point 9. Random seed: 3658
Solving ML without ultrametric constraint
Optimal point found for initial point 9
Negative llh: 196.12872896376382
Dropout rate: 1e-10
Silencing rate: 1e-10
Initial point 10. Random seed: 1817
Solving ML without ultrametric constraint
Optimal point found for initial point 10
Negative llh: 196.12872870154766
Dropout rate: 1e-10
Silencing rate: 1e-10
Runtime (s): 6.271361208
