Launching Problin version 0.5b
Problin was called as follow: /Users/uym2/my_gits/problin/run_problin.py -c s2c10/k10_r2_character_matrix.csv -t s2c10/true_tree.nwk -S s2c10/leaf_locations.txt --delimiter comma -p s2c10/k10_priors.csv -o s2c10/k10_r2_spalin_leaves.txt --nInitials 10
Optimization by Spalin: Scipy-SLSQP using spatial information
Optimizing branch lengths, phi, and nu without topology search
Initial point 1. Random seed: 8363
Solving ML without ultrametric constraint
Optimal point found for initial point 1
Negative llh: 157.89523998085895
Dropout rate: 1e-10
Silencing rate: 1e-10
Initial point 2. Random seed: 5623
Solving ML without ultrametric constraint
Optimal point found for initial point 2
Negative llh: 157.8952778228329
Dropout rate: 1.7039927565009203e-10
Silencing rate: 1.40722680213475e-10
Initial point 3. Random seed: 6302
Solving ML without ultrametric constraint
Optimal point found for initial point 3
Negative llh: 163.2165971948869
Dropout rate: 2.273553737551212e-09
Silencing rate: 1.399303845236997e-09
Initial point 4. Random seed: 3402
Solving ML without ultrametric constraint
Optimal point found for initial point 4
Negative llh: 162.09963293314854
Dropout rate: 1e-10
Silencing rate: 1e-10
Initial point 5. Random seed: 8941
Solving ML without ultrametric constraint
Optimal point found for initial point 5
Negative llh: 171.9130025338695
Dropout rate: 5.684269946408111e-08
Silencing rate: 2.418935108420637e-07
Initial point 6. Random seed: 5168
Solving ML without ultrametric constraint
Optimal point found for initial point 6
Negative llh: 159.9760551362178
Dropout rate: 6.03347947569966e-10
Silencing rate: 4.322172298873064e-10
Initial point 7. Random seed: 5857
Solving ML without ultrametric constraint
Optimal point found for initial point 7
Negative llh: 162.18331708491453
Dropout rate: 1.8659338285403423e-10
Silencing rate: 1.5219626316123642e-10
Initial point 8. Random seed: 6779
Solving ML without ultrametric constraint
Optimal point found for initial point 8
Negative llh: 161.15938846178756
Dropout rate: 1.0000000000000006e-10
Silencing rate: 1.0000000000000006e-10
Initial point 9. Random seed: 8772
Solving ML without ultrametric constraint
Optimal point found for initial point 9
Negative llh: 157.97884392448114
Dropout rate: 9.999999999999932e-11
Silencing rate: 1.0000000000000007e-10
Initial point 10. Random seed: 3161
Solving ML without ultrametric constraint
Optimal point found for initial point 10
Negative llh: 165.30663271605505
Dropout rate: 1e-10
Silencing rate: 1e-10
Runtime (s): 51.38324475
