dataset s12c2
Optimization using leaf locations
Initial point 1. Random seed: 5149
Solving with ultrametric constraint
Optimal point found for initial point 1
Negative llh: 58.06363742957457
Dropout rate: 0
Silencing rate: 0
Initial point 2. Random seed: 5229
Solving with ultrametric constraint
Optimal point found for initial point 2
Negative llh: 60.003752928607284
Dropout rate: 0
Silencing rate: 0
Initial point 3. Random seed: 3327
Solving with ultrametric constraint
Optimal point found for initial point 3
Negative llh: 58.06363746746905
Dropout rate: 0
Silencing rate: 0
Initial point 4. Random seed: 6014
Solving with ultrametric constraint
Optimal point found for initial point 4
Negative llh: 60.0037530217107
Dropout rate: 0
Silencing rate: 0
Initial point 5. Random seed: 857
Solving with ultrametric constraint
Optimal point found for initial point 5
Negative llh: 58.063637462815926
Dropout rate: 0
Silencing rate: 0
Initial point 6. Random seed: 3654
Solving with ultrametric constraint
Optimal point found for initial point 6
Negative llh: 58.063641272538334
Dropout rate: 0
Silencing rate: 0
Initial point 7. Random seed: 9268
Solving with ultrametric constraint
Optimal point found for initial point 7
Negative llh: 58.063639542688534
Dropout rate: 0
Silencing rate: 0
Initial point 8. Random seed: 5129
Solving with ultrametric constraint
Optimal point found for initial point 8
Negative llh: 58.06366647226911
Dropout rate: 0
Silencing rate: 0
Initial point 9. Random seed: 3038
Solving with ultrametric constraint
Optimal point found for initial point 9
Negative llh: 60.00375315504088
Dropout rate: 0
Silencing rate: 0
Initial point 10. Random seed: 490
Solving with ultrametric constraint
Optimal point found for initial point 10
Negative llh: 58.063637466154816
Dropout rate: 0
Silencing rate: 0
Initial point 11. Random seed: 2144
Solving with ultrametric constraint
Optimal point found for initial point 11
Negative llh: 58.06364197091592
Dropout rate: 0
Silencing rate: 0
Initial point 12. Random seed: 2386
Solving with ultrametric constraint
Optimal point found for initial point 12
Negative llh: 58.063637576047775
Dropout rate: 0
Silencing rate: 0
Initial point 13. Random seed: 669
Solving with ultrametric constraint
Optimal point found for initial point 13
Negative llh: 58.06364364888884
Dropout rate: 0
Silencing rate: 0
Initial point 14. Random seed: 4664
Solving with ultrametric constraint
Optimal point found for initial point 14
Negative llh: 58.06366691684931
Dropout rate: 0
Silencing rate: 0
Initial point 15. Random seed: 4327
Solving with ultrametric constraint
Optimal point found for initial point 15
Negative llh: 58.06364466341689
Dropout rate: 0
Silencing rate: 0
Initial point 16. Random seed: 7229
Solving with ultrametric constraint
Optimal point found for initial point 16
Negative llh: 58.06363778492701
Dropout rate: 0
Silencing rate: 0
Initial point 17. Random seed: 6601
Solving with ultrametric constraint
Optimal point found for initial point 17
Negative llh: 58.063637390584084
Dropout rate: 0
Silencing rate: 0
Initial point 18. Random seed: 8232
Solving with ultrametric constraint
Optimal point found for initial point 18
Negative llh: 58.06363989172874
Dropout rate: 0
Silencing rate: 0
Initial point 19. Random seed: 3784
Solving with ultrametric constraint
Optimal point found for initial point 19
Negative llh: 58.063641290525865
Dropout rate: 0
Silencing rate: 0
Initial point 20. Random seed: 2966
Solving with ultrametric constraint
Optimal point found for initial point 20
Negative llh: 58.0636376482749
Dropout rate: 0
Silencing rate: 0
Optimal nllh: 58.063637390584084
