Launching Problin version 0.5p
Problin was called as follow: /Users/uym2/my_gits/problin/run_problin.py -c s2c9/k10_r1_character_matrix.csv -t s2c9/true_tree.nwk --delimiter comma -p s2c9/k10_priors.csv -o s2c9/k10_r1_problin.txt --nInitials 10
Optimization by EM algorithm
Optimizing branch lengths, phi, and nu without topology search
Initial point 1. Random seed: 4370
Solving ML without ultrametric constraint
Initial phi: 0.9857737504759907. Initial nu: 0.19647463519155178. Initial nllh: 4676.612427918408
EM finished after 63 iterations.
Optimal point found for initial point 1
Negative llh: 46.62065015655139
Dropout rate: 0
Silencing rate: 5.370960916913003e-07
Initial point 2. Random seed: 401
Solving ML without ultrametric constraint
Initial phi: 0.5194389450412535. Initial nu: 0.22846148005209732. Initial nllh: 156.27861745525695
EM finished after 37 iterations.
Optimal point found for initial point 2
Negative llh: 46.62065149252645
Dropout rate: 0
Silencing rate: 5.442353649489732e-07
Initial point 3. Random seed: 1504
Solving ML without ultrametric constraint
Initial phi: 0.10084179703323967. Initial nu: 0.2719952058574775. Initial nllh: 77.57561748191753
EM finished after 42 iterations.
Optimal point found for initial point 3
Negative llh: 46.62064985570514
Dropout rate: 0
Silencing rate: 5.374768354657323e-07
Initial point 4. Random seed: 9643
Solving ML without ultrametric constraint
Initial phi: 0.7923968063597439. Initial nu: 0.2960575373432433. Initial nllh: 269.6498247138057
EM finished after 44 iterations.
Optimal point found for initial point 4
Negative llh: 46.62064942165411
Dropout rate: 0
Silencing rate: 5.379418169769048e-07
Initial point 5. Random seed: 4180
Solving ML without ultrametric constraint
Initial phi: 0.2547866930414224. Initial nu: 0.3999937635760031. Initial nllh: 110.05290070190698
EM finished after 40 iterations.
Optimal point found for initial point 5
Negative llh: 46.62065415714724
Dropout rate: 0
Silencing rate: 5.476240991620794e-07
Initial point 6. Random seed: 4186
Solving ML without ultrametric constraint
Initial phi: 0.5023499255176872. Initial nu: 0.8171154021411131. Initial nllh: 188.82166449483395
EM finished after 50 iterations.
Optimal point found for initial point 6
Negative llh: 46.620652195792346
Dropout rate: 0
Silencing rate: 5.458135370868256e-07
Initial point 7. Random seed: 9375
Solving ML without ultrametric constraint
Initial phi: 0.6863537940053516. Initial nu: 0.8693064277042699. Initial nllh: 252.12280264098115
EM finished after 50 iterations.
Optimal point found for initial point 7
Negative llh: 46.62065227833263
Dropout rate: 0
Silencing rate: 5.442567013309341e-07
Initial point 8. Random seed: 2732
Solving ML without ultrametric constraint
Initial phi: 0.9845489449250004. Initial nu: 0.4521776790148764. Initial nllh: 617.2190324071432
EM finished after 41 iterations.
Optimal point found for initial point 8
Negative llh: 46.62065453592807
Dropout rate: 0
Silencing rate: 5.449042439673242e-07
Initial point 9. Random seed: 6451
Solving ML without ultrametric constraint
Initial phi: 0.5975874569618772. Initial nu: 0.3998707931313148. Initial nllh: 190.14903826135853
EM finished after 47 iterations.
Optimal point found for initial point 9
Negative llh: 46.620649759538495
Dropout rate: 0
Silencing rate: 5.374349310541388e-07
Initial point 10. Random seed: 3961
Solving ML without ultrametric constraint
Initial phi: 0.31049350129747566. Initial nu: 0.7320057699289634. Initial nllh: 141.07107156328826
EM finished after 52 iterations.
Optimal point found for initial point 10
Negative llh: 46.62065005964707
Dropout rate: 0
Silencing rate: 5.375314938912726e-07
Runtime (s): 18.677661666
