dataset s20c6
Optimization without using locations
Initial point 1. Random seed: 9773
Solving with ultrametric constraint
Optimal point found for initial point 1
Negative llh: 118.70351464299496
Dropout rate: 1e-08
Silencing rate: 1e-08
Initial point 2. Random seed: 5300
Solving with ultrametric constraint
Optimal point found for initial point 2
Negative llh: 118.70351457377782
Dropout rate: 1e-08
Silencing rate: 1e-08
Initial point 3. Random seed: 5110
Solving with ultrametric constraint
Optimal point found for initial point 3
Negative llh: 118.70351457377782
Dropout rate: 1e-08
Silencing rate: 1e-08
Initial point 4. Random seed: 1876
Solving with ultrametric constraint
Optimal point found for initial point 4
Negative llh: 118.70351457377782
Dropout rate: 1e-08
Silencing rate: 1e-08
Initial point 5. Random seed: 2042
Solving with ultrametric constraint
Optimal point found for initial point 5
Negative llh: 118.70351457377782
Dropout rate: 1e-08
Silencing rate: 1e-08
Initial point 6. Random seed: 7969
Solving with ultrametric constraint
Optimal point found for initial point 6
Negative llh: 118.70351457377782
Dropout rate: 1e-08
Silencing rate: 1e-08
Initial point 7. Random seed: 5235
Solving with ultrametric constraint
Optimal point found for initial point 7
Negative llh: 118.70351457377782
Dropout rate: 1e-08
Silencing rate: 1e-08
Initial point 8. Random seed: 882
Solving with ultrametric constraint
Optimal point found for initial point 8
Negative llh: 118.70351457377782
Dropout rate: 1e-08
Silencing rate: 1e-08
Initial point 9. Random seed: 5257
Solving with ultrametric constraint
Optimal point found for initial point 9
Negative llh: 118.70351457377782
Dropout rate: 1e-08
Silencing rate: 1e-08
Initial point 10. Random seed: 9275
Solving with ultrametric constraint
Optimal point found for initial point 10
Negative llh: 118.70351457377782
Dropout rate: 1e-08
Silencing rate: 1e-08
Initial point 11. Random seed: 3634
Solving with ultrametric constraint
Optimal point found for initial point 11
Negative llh: 118.70351457377782
Dropout rate: 1e-08
Silencing rate: 1e-08
Initial point 12. Random seed: 6914
Solving with ultrametric constraint
Optimal point found for initial point 12
Negative llh: 118.70351457377782
Dropout rate: 1e-08
Silencing rate: 1e-08
Initial point 13. Random seed: 5
Solving with ultrametric constraint
Optimal point found for initial point 13
Negative llh: 118.70351457377782
Dropout rate: 1e-08
Silencing rate: 1e-08
Initial point 14. Random seed: 4587
Solving with ultrametric constraint
Optimal point found for initial point 14
Negative llh: 118.70351457377782
Dropout rate: 1e-08
Silencing rate: 1e-08
Initial point 15. Random seed: 3250
Solving with ultrametric constraint
Optimal point found for initial point 15
Negative llh: 118.70351457377782
Dropout rate: 1e-08
Silencing rate: 1e-08
Initial point 16. Random seed: 431
Solving with ultrametric constraint
Optimal point found for initial point 16
Negative llh: 118.70351457377782
Dropout rate: 1e-08
Silencing rate: 1e-08
Initial point 17. Random seed: 5078
Solving with ultrametric constraint
Optimal point found for initial point 17
Negative llh: 118.70351457377782
Dropout rate: 1e-08
Silencing rate: 1e-08
Initial point 18. Random seed: 9531
Solving with ultrametric constraint
Optimal point found for initial point 18
Negative llh: 118.70351457377782
Dropout rate: 1e-08
Silencing rate: 1e-08
Initial point 19. Random seed: 321
Solving with ultrametric constraint
Optimal point found for initial point 19
Negative llh: 118.70351457377782
Dropout rate: 1e-08
Silencing rate: 1e-08
Initial point 20. Random seed: 5452
Solving with ultrametric constraint
Optimal point found for initial point 20
Negative llh: 118.70351457377782
Dropout rate: 1e-08
Silencing rate: 1e-08
Optimization using locations
Optimization start with 1 initials
Initial point 1. Random seed: 877
Solving with ultrametric constraint
  NIT    FC           OBJFUN            GNORM
    1    28     6.795807E+02     9.909431E+02
    2    56     6.591729E+02     2.169303E+01
    3    84     8.970273E+02     1.990747E+01
    4   112     6.761046E+02     1.891946E+01
    5   140     4.775772E+02     1.915546E+01
    6   168     3.962095E+02     1.810187E+01
    7   196     3.750708E+02     1.773994E+01
    8   224     3.298394E+02     1.744525E+01
    9   252     2.940684E+02     1.726576E+01
   10   280     2.999877E+02     1.726441E+01
   11   308     2.923974E+02     1.719698E+01
   12   336     2.927207E+02     1.723062E+01
   13   364     2.919320E+02     1.719021E+01
   14   392     2.917956E+02     1.711879E+01
   15   420     2.899139E+02     1.698855E+01
   16   448     2.898185E+02     1.682434E+01
   17   476     2.696166E+02     1.674158E+01
   18   504     2.895565E+02     1.651639E+01
   19   532     2.593040E+02     1.644651E+01
   20   560     2.598156E+02     1.767876E+01
   21   588     2.559739E+02     1.727739E+01
   22   615     2.557176E+02     2.054391E+01
   23   642     2.556048E+02     1.810491E+01
   24   669     2.555702E+02     1.779118E+01
   25   696     2.554833E+02     1.875319E+01
   26   723     2.554541E+02     1.777314E+01
   27   750     2.554380E+02     1.773303E+01
   28   777     2.554374E+02     1.758650E+01
   29   804     2.554374E+02     1.758530E+01
   30   831     2.554374E+02     1.757511E+01
   31   857     2.554374E+02     1.757225E+01
Optimization terminated successfully    (Exit mode 0)
            Current function value: 255.43735833495208
            Iterations: 31
            Function evaluations: 857
            Gradient evaluations: 31
Optimal point found for initial point 1
Negative llh: 255.43735833495208
Dropout rate: 0
Silencing rate: 0
