Launching Problin version 0.5b
Problin was called as follow: /Users/uym2/my_gits/problin/run_problin.py -c s7c1/k10_r2_character_matrix.csv -t s7c1/true_tree.nwk --delimiter comma -p s7c1/k10_priors.csv -o s7c1/k10_r2_problin.txt --nInitials 10
Optimization by EM algorithm
Optimizing branch lengths, phi, and nu without topology search
Initial point 1. Random seed: 8510
Solving ML without ultrametric constraint
Initial phi: 0.753385105975162. Initial nu: 0.5864644776122322. Initial nllh: 11086.726832475457
EM finished after 15 iterations.
Optimal point found for initial point 1
Negative llh: 55.63257110544026
Dropout rate: 0
Silencing rate: 5.865862941370642e-07
Initial point 2. Random seed: 8145
Solving ML without ultrametric constraint
Initial phi: 0.6118648029807591. Initial nu: 0.2772670596488535. Initial nllh: 252.47423262964895
EM finished after 14 iterations.
Optimal point found for initial point 2
Negative llh: 55.63257110485981
Dropout rate: 0
Silencing rate: 5.866846150837547e-07
Initial point 3. Random seed: 626
Solving ML without ultrametric constraint
Initial phi: 0.5595574027304662. Initial nu: 0.4869218651476634. Initial nllh: 249.74739805072167
EM finished after 11 iterations.
Optimal point found for initial point 3
Negative llh: 55.632571085823784
Dropout rate: 0
Silencing rate: 5.859638838586547e-07
Initial point 4. Random seed: 7358
Solving ML without ultrametric constraint
Initial phi: 0.853433560524473. Initial nu: 0.017404818697650433. Initial nllh: 402.94507552069564
EM finished after 10 iterations.
Optimal point found for initial point 4
Negative llh: 55.6325713893681
Dropout rate: 0
Silencing rate: 5.894087001600272e-07
Initial point 5. Random seed: 7868
Solving ML without ultrametric constraint
Initial phi: 0.8446432365876109. Initial nu: 0.7963593732914005. Initial nllh: 466.88039568412705
EM finished after 17 iterations.
Optimal point found for initial point 5
Negative llh: 55.63257065709443
Dropout rate: 0
Silencing rate: 5.819768855790865e-07
Initial point 6. Random seed: 9634
Solving ML without ultrametric constraint
Initial phi: 0.16313068432165917. Initial nu: 0.5046820990441185. Initial nllh: 135.90441118972615
EM finished after 14 iterations.
Optimal point found for initial point 6
Negative llh: 55.632570733723696
Dropout rate: 0
Silencing rate: 5.827776495238881e-07
Initial point 7. Random seed: 9119
Solving ML without ultrametric constraint
Initial phi: 0.041808150689254746. Initial nu: 0.1929739855113214. Initial nllh: 81.75609928510049
EM finished after 11 iterations.
Optimal point found for initial point 7
Negative llh: 55.632569655168176
Dropout rate: 0
Silencing rate: 5.713609358650281e-07
Initial point 8. Random seed: 517
Solving ML without ultrametric constraint
Initial phi: 0.8456759398261128. Initial nu: 0.7387754224349274. Initial nllh: 462.5791232388771
EM finished after 15 iterations.
Optimal point found for initial point 8
Negative llh: 55.632570903975726
Dropout rate: 0
Silencing rate: 5.845586937316281e-07
Initial point 9. Random seed: 8505
Solving ML without ultrametric constraint
Initial phi: 0.22822471840404954. Initial nu: 0.39436938728315757. Initial nllh: 139.94078470045463
EM finished after 12 iterations.
Optimal point found for initial point 9
Negative llh: 55.632570911822526
Dropout rate: 0
Silencing rate: 5.84524133901851e-07
Initial point 10. Random seed: 1973
Solving ML without ultrametric constraint
Initial phi: 0.2574398955456669. Initial nu: 0.26222012555051766. Initial nllh: 134.26158909017693
EM finished after 9 iterations.
Optimal point found for initial point 10
Negative llh: 55.632567103911605
Dropout rate: 0
Silencing rate: 5.409315919960927e-07
Traceback (most recent call last):
  File "/Users/uym2/my_gits/problin/run_problin.py", line 193, in <module>
    main()
  File "/Users/uym2/my_gits/problin/run_problin.py", line 172, in main
    fout.write("Sigma: " + str(opt_params['sigma']) + "\n")
KeyError: 'sigma'
