Launching Problin version 0.5p
Problin was called as follow: /Users/uym2/my_gits/problin/run_problin.py -c s7c1/k10_r1_character_matrix.csv -t s7c1/true_tree.nwk -S s7c1/true_locations.txt --delimiter comma -p s7c1/k10_priors.csv -o s7c1/k10_r1_spalin_all.txt --nInitials 10
Optimization by Spalin: Scipy-SLSQP using spatial information
Optimizing branch lengths, phi, and nu without topology search
Initial point 1. Random seed: 6636
Solving ML without ultrametric constraint
Optimal point found for initial point 1
Negative llh: 319.30261920097297
Dropout rate: 7.886241569477166e-10
Silencing rate: 1.7880575347882244e-09
Initial point 2. Random seed: 8527
Solving ML without ultrametric constraint
Optimal point found for initial point 2
Negative llh: 319.3026188776282
Dropout rate: 1.1254202345491218e-10
Silencing rate: 1.0771784508656097e-10
Initial point 3. Random seed: 495
Solving ML without ultrametric constraint
Optimal point found for initial point 3
Negative llh: 319.3026190790005
Dropout rate: 1.564047666210474e-10
Silencing rate: 3.643682571738199e-10
Initial point 4. Random seed: 9924
Solving ML without ultrametric constraint
Optimal point found for initial point 4
Negative llh: 319.3026193298142
Dropout rate: 1e-10
Silencing rate: 1e-10
Initial point 5. Random seed: 2328
Solving ML without ultrametric constraint
Optimal point found for initial point 5
Negative llh: 319.30261926204986
Dropout rate: 7.250491837688166e-10
Silencing rate: 1.5098098821214112e-09
Initial point 6. Random seed: 3543
Solving ML without ultrametric constraint
Optimal point found for initial point 6
Negative llh: 319.30262344185337
Dropout rate: 4.150902090810776e-09
Silencing rate: 1.3992919022130558e-08
Initial point 7. Random seed: 9509
Solving ML without ultrametric constraint
Optimal point found for initial point 7
Negative llh: 319.30261906851524
Dropout rate: 1.6000572720530542e-10
Silencing rate: 3.494529608174765e-10
Initial point 8. Random seed: 4188
Solving ML without ultrametric constraint
Optimal point found for initial point 8
Negative llh: 319.30261928975733
Dropout rate: 1e-10
Silencing rate: 1e-10
Initial point 9. Random seed: 3822
Solving ML without ultrametric constraint
Optimal point found for initial point 9
Negative llh: 319.30261906859783
Dropout rate: 9.999999999999996e-11
Silencing rate: 1.0000000000000002e-10
Initial point 10. Random seed: 3331
Solving ML without ultrametric constraint
Optimal point found for initial point 10
Negative llh: 319.30261903528935
Dropout rate: 2.9875392941192976e-10
Silencing rate: 7.812640382137312e-10
Runtime (s): 18.507999333999997
