/Users/uym2/opt/anaconda3/lib/python3.9/site-packages/cvxpy/atoms/elementwise/log.py:35: RuntimeWarning: divide by zero encountered in log
  return np.log(values[0])
Launching Problin version 0.5b
Problin was called as follow: /Users/uym2/my_gits/problin/run_problin.py -c s15c6/k200_lin_character_matrix.csv -t s15c6/true_tree.nwk --delimiter comma -p s15c6/k200_lin_priors.csv -o s15c6/k200_lin_problin --nInitials 10 --ultrametric
Optimizing branch lengths, phi, and nu without topology search
Optimization by EM algorithm
Initial point 1. Random seed: 2322
Numerical optimization started with ultrametric constraint
Initial phi: 0.47161817291001457. Initial nu: 0.1546448313538756. Initial nllh: 82418.00477045987
EM finished after 9 iterations.
Optimal phi: 0. Optimal nu: 4.403911405385249e-08. Optimal nllh: 1053.6785039700019
Optimal point found for initial point 1
Initial point 2. Random seed: 7564
Numerical optimization started with ultrametric constraint
Initial phi: 0.8016584160709855. Initial nu: 0.24007601915616736. Initial nllh: 5161.417144071353
EM finished after 8 iterations.
Optimal phi: 0. Optimal nu: 0.0. Optimal nllh: 1053.678460422044
Optimal point found for initial point 2
Initial point 3. Random seed: 2819
Numerical optimization started with ultrametric constraint
Initial phi: 0.40135710746717584. Initial nu: 0.39820941494732753. Initial nllh: 2658.4699928539226
EM finished after 10 iterations.
Optimal phi: 0. Optimal nu: 4.3611422417265206e-08. Optimal nllh: 1053.678500348224
Optimal point found for initial point 3
Initial point 4. Random seed: 112
Numerical optimization started with ultrametric constraint
Initial phi: 0.3039076866513875. Initial nu: 0.6697328700181104. Initial nllh: 2551.100534496891
EM finished after 9 iterations.
Optimal phi: 0. Optimal nu: 4.496198577504677e-08. Optimal nllh: 1053.678503129838
Optimal point found for initial point 4
Initial point 5. Random seed: 6745
Numerical optimization started with ultrametric constraint
Initial phi: 0.14627767120238455. Initial nu: 0.3180884432372799. Initial nllh: 1731.4878937001404
EM finished after 13 iterations.
Optimal phi: 0. Optimal nu: 4.4934673302563004e-08. Optimal nllh: 1053.6785012474845
Optimal point found for initial point 5
Initial point 6. Random seed: 1476
Numerical optimization started with ultrametric constraint
Initial phi: 0.2763833261076276. Initial nu: 0.0682127317747703. Initial nllh: 1894.0217703046453
EM finished after 5 iterations.
Optimal phi: 0. Optimal nu: 4.349921894589805e-08. Optimal nllh: 1053.6785076952126
Optimal point found for initial point 6
Initial point 7. Random seed: 1910
Numerical optimization started with ultrametric constraint
Initial phi: 0.10064888097686672. Initial nu: 0.9139404355358912. Initial nllh: 2165.1831970445296
EM finished after 9 iterations.
Optimal phi: 0. Optimal nu: 4.818310922024463e-08. Optimal nllh: 1053.6785066539135
Optimal point found for initial point 7
Initial point 8. Random seed: 9524
Numerical optimization started with ultrametric constraint
Initial phi: 0.5244935128405999. Initial nu: 0.811423094097803. Initial nllh: 3598.598270808614
EM finished after 9 iterations.
Optimal phi: 0. Optimal nu: 4.413477345390231e-08. Optimal nllh: 1053.6785023619718
Optimal point found for initial point 8
Initial point 9. Random seed: 1273
Numerical optimization started with ultrametric constraint
Initial phi: 0.8270200100134588. Initial nu: 0.5412388482692214. Initial nllh: 5772.156163084138
EM finished after 7 iterations.
Optimal phi: 0. Optimal nu: 4.4430233078562286e-08. Optimal nllh: 1053.678515426694
Optimal point found for initial point 9
Initial point 10. Random seed: 9619
Numerical optimization started with ultrametric constraint
Initial phi: 0.5073261140678582. Initial nu: 0.8420143948682925. Initial nllh: 3542.15473534715
EM finished after 9 iterations.
Optimal phi: 0. Optimal nu: 4.343923047792428e-08. Optimal nllh: 1053.6785021018309
Optimal point found for initial point 10
Numerical optimization finished successfully
Runtime (s): 11.151969458
