Launching Problin version 0.5b
Problin was called as follow: /Users/uym2/my_gits/problin/run_problin.py -c s14c2/k10_exp_character_matrix.csv -t s14c2/true_tree.nwk --delimiter comma -p s14c2/k10_exp_priors.csv -o s14c2/k10_exp_problin --nInitials 10 --ultrametric
Optimizing branch lengths, phi, and nu without topology search
Optimization by EM algorithm
Initial point 1. Random seed: 9960
Numerical optimization started with ultrametric constraint
Initial phi: 0.7490740868038143. Initial nu: 0.7500850587105244. Initial nllh: 10217.41632411205
EM finished after 11 iterations.
Optimal phi: 0. Optimal nu: 1.0130881957442613e-06. Optimal nllh: 63.39979023451732
Optimal point found for initial point 1
Initial point 2. Random seed: 2805
Numerical optimization started with ultrametric constraint
Initial phi: 0.616242020702269. Initial nu: 0.12540215855606215. Initial nllh: 214.2853946975732
EM finished after 8 iterations.
Optimal phi: 0. Optimal nu: 1.0025858048372378e-06. Optimal nllh: 63.399789787029206
Optimal point found for initial point 2
Initial point 3. Random seed: 4388
Numerical optimization started with ultrametric constraint
Initial phi: 0.44522855694468605. Initial nu: 0.19390219646968304. Initial nllh: 162.90263479244098
EM finished after 10 iterations.
Optimal phi: 0. Optimal nu: 9.941441151997513e-07. Optimal nllh: 63.39978903761287
Optimal point found for initial point 3
Initial point 4. Random seed: 7093
Numerical optimization started with ultrametric constraint
Initial phi: 0.4856434279230339. Initial nu: 0.457758557409389. Initial nllh: 189.26727490761212
EM finished after 10 iterations.
Optimal phi: 0. Optimal nu: 1.0040241089824824e-06. Optimal nllh: 63.39978977199243
Optimal point found for initial point 4
Initial point 5. Random seed: 3500
Numerical optimization started with ultrametric constraint
Initial phi: 0.6550645382122314. Initial nu: 0.6934285146414976. Initial nllh: 262.6151404267586
EM finished after 10 iterations.
Optimal phi: 0. Optimal nu: 1.000493545808198e-06. Optimal nllh: 63.39978966377457
Optimal point found for initial point 5
Initial point 6. Random seed: 5525
Numerical optimization started with ultrametric constraint
Initial phi: 0.7357241941541892. Initial nu: 0.3599386194118729. Initial nllh: 283.58773739522786
EM finished after 11 iterations.
Optimal phi: 0. Optimal nu: 1.0095868842947445e-06. Optimal nllh: 63.39978995879593
Optimal point found for initial point 6
Initial point 7. Random seed: 1426
Numerical optimization started with ultrametric constraint
Initial phi: 0.8644993371801852. Initial nu: 0.2215718145099068. Initial nllh: 375.91471096194476
EM finished after 12 iterations.
Optimal phi: 0. Optimal nu: 1.0087872026425966e-06. Optimal nllh: 63.39978982370492
Optimal point found for initial point 7
Initial point 8. Random seed: 6556
Numerical optimization started with ultrametric constraint
Initial phi: 0.3943782808982695. Initial nu: 0.9336919335031276. Initial nllh: 191.85664400698303
EM finished after 11 iterations.
Optimal phi: 0. Optimal nu: 9.941515652265922e-07. Optimal nllh: 63.399789066236394
Optimal point found for initial point 8
Initial point 9. Random seed: 1431
Numerical optimization started with ultrametric constraint
Initial phi: 0.36616905202062117. Initial nu: 0.8181702674322189. Initial nllh: 178.45178630572696
EM finished after 11 iterations.
Optimal phi: 0. Optimal nu: 1.0001930632567479e-06. Optimal nllh: 63.399789400996674
Optimal point found for initial point 9
Initial point 10. Random seed: 2515
Numerical optimization started with ultrametric constraint
Initial phi: 0.8947853988681467. Initial nu: 0.26708692856084726. Initial nllh: 416.45152309026236
EM finished after 11 iterations.
Optimal phi: 0. Optimal nu: 1.0003951131534497e-06. Optimal nllh: 63.399789380371395
Optimal point found for initial point 10
Numerical optimization finished successfully
Runtime (s): 6.402435833
