Launching Problin version 0.5b
Problin was called as follow: /Users/uym2/my_gits/problin/run_problin.py -c s14c2/k10_lin_character_matrix.csv -t s14c2/true_tree.nwk --delimiter comma -p s14c2/k10_lin_priors.csv -o s14c2/k10_lin_problin --nInitials 10 --ultrametric
Optimizing branch lengths, phi, and nu without topology search
Optimization by EM algorithm
Initial point 1. Random seed: 2531
Numerical optimization started with ultrametric constraint
Initial phi: 0.0840866702747789. Initial nu: 0.5950385376639624. Initial nllh: 6992.224489227965
EM finished after 19 iterations.
Optimal phi: 0. Optimal nu: 8.199790251819264e-07. Optimal nllh: 33.349412087347226
Optimal point found for initial point 1
Initial point 2. Random seed: 6016
Numerical optimization started with ultrametric constraint
Initial phi: 0.18759198223851145. Initial nu: 0.6128163010731793. Initial nllh: 101.47897951715986
EM finished after 15 iterations.
Optimal phi: 0. Optimal nu: 8.173747426176489e-07. Optimal nllh: 33.34941200481245
Optimal point found for initial point 2
Initial point 3. Random seed: 6744
Numerical optimization started with ultrametric constraint
Initial phi: 0.9024102316645985. Initial nu: 0.7894796979271504. Initial nllh: 429.9924693518591
EM finished after 15 iterations.
Optimal phi: 0. Optimal nu: 8.156491849576645e-07. Optimal nllh: 33.349411920437156
Optimal point found for initial point 3
Initial point 4. Random seed: 3275
Numerical optimization started with ultrametric constraint
Initial phi: 0.7326061778320742. Initial nu: 0.5359834477020406. Initial nllh: 263.54752106527906
EM finished after 14 iterations.
Optimal phi: 0. Optimal nu: 8.203565350498324e-07. Optimal nllh: 33.34941228416132
Optimal point found for initial point 4
Initial point 5. Random seed: 7787
Numerical optimization started with ultrametric constraint
Initial phi: 0.9870735323734787. Initial nu: 0.4835039853531848. Initial nllh: 714.806570107397
EM finished after 15 iterations.
Optimal phi: 0. Optimal nu: 8.188759501842733e-07. Optimal nllh: 33.34941207252132
Optimal point found for initial point 5
Initial point 6. Random seed: 781
Numerical optimization started with ultrametric constraint
Initial phi: 0.6552766292284599. Initial nu: 0.36372231557737955. Initial nllh: 215.08011018841955
EM finished after 16 iterations.
Optimal phi: 0. Optimal nu: 8.201619387519265e-07. Optimal nllh: 33.34941210474854
Optimal point found for initial point 6
Initial point 7. Random seed: 9571
Numerical optimization started with ultrametric constraint
Initial phi: 0.05524095648567058. Initial nu: 0.48291536060724394. Initial nllh: 71.02385266124432
EM finished after 14 iterations.
Optimal phi: 0. Optimal nu: 8.174283692117722e-07. Optimal nllh: 33.34941207997152
Optimal point found for initial point 7
Initial point 8. Random seed: 2410
Numerical optimization started with ultrametric constraint
Initial phi: 0.5071478784664972. Initial nu: 0.6378751516406614. Initial nllh: 177.95490787704648
EM finished after 15 iterations.
Optimal phi: 0. Optimal nu: 8.20157606434776e-07. Optimal nllh: 33.349412169201536
Optimal point found for initial point 8
Initial point 9. Random seed: 5049
Numerical optimization started with ultrametric constraint
Initial phi: 0.8367504322393561. Initial nu: 0.6506884012565618. Initial nllh: 344.46553092993145
EM finished after 14 iterations.
Optimal phi: 0. Optimal nu: 8.218902805929731e-07. Optimal nllh: 33.3494124033085
Optimal point found for initial point 9
Initial point 10. Random seed: 8430
Numerical optimization started with ultrametric constraint
Initial phi: 0.72057597342835. Initial nu: 0.18128062949094195. Initial nllh: 235.60453311152102
EM finished after 13 iterations.
Optimal phi: 0. Optimal nu: 8.171974400623018e-07. Optimal nllh: 33.34941203448012
Optimal point found for initial point 10
Numerical optimization finished successfully
Runtime (s): 9.184482209
