dataset s3c3
Optimization using leaf locations
Initial point 1. Random seed: 1466
Solving with ultrametric constraint
Optimal point found for initial point 1
Negative llh: 145.0834205923094
Dropout rate: 0
Silencing rate: 0
Initial point 2. Random seed: 7274
Solving with ultrametric constraint
Optimal point found for initial point 2
Negative llh: 145.08395207565331
Dropout rate: 0
Silencing rate: 0
Initial point 3. Random seed: 1896
Solving with ultrametric constraint
Optimal point found for initial point 3
Negative llh: 145.0834387812583
Dropout rate: 0
Silencing rate: 0
Initial point 4. Random seed: 3346
Solving with ultrametric constraint
Optimal point found for initial point 4
Negative llh: 145.08342533995594
Dropout rate: 0
Silencing rate: 0
Initial point 5. Random seed: 7446
Solving with ultrametric constraint
Optimal point found for initial point 5
Negative llh: 145.08343771510076
Dropout rate: 0
Silencing rate: 0
Initial point 6. Random seed: 6465
Solving with ultrametric constraint
Optimal point found for initial point 6
Negative llh: 145.6147759156289
Dropout rate: 0
Silencing rate: 0
Initial point 7. Random seed: 8962
Solving with ultrametric constraint
Optimal point found for initial point 7
Negative llh: 145.08341959077305
Dropout rate: 0
Silencing rate: 0
Initial point 8. Random seed: 6622
Solving with ultrametric constraint
Optimal point found for initial point 8
Negative llh: 145.0834180308845
Dropout rate: 0
Silencing rate: 0
Initial point 9. Random seed: 1991
Solving with ultrametric constraint
Optimal point found for initial point 9
Negative llh: 145.08351230540643
Dropout rate: 0
Silencing rate: 0
Initial point 10. Random seed: 6274
Solving with ultrametric constraint
Optimal point found for initial point 10
Negative llh: 145.08346374854509
Dropout rate: 0
Silencing rate: 0
Initial point 11. Random seed: 7417
Solving with ultrametric constraint
Optimal point found for initial point 11
Negative llh: 145.08344273180262
Dropout rate: 0
Silencing rate: 0
Initial point 12. Random seed: 5469
Solving with ultrametric constraint
Optimal point found for initial point 12
Negative llh: 145.08343329085847
Dropout rate: 0
Silencing rate: 0
Initial point 13. Random seed: 8730
Solving with ultrametric constraint
Optimal point found for initial point 13
Negative llh: 145.0834421598413
Dropout rate: 0
Silencing rate: 0
Initial point 14. Random seed: 601
Solving with ultrametric constraint
Optimal point found for initial point 14
Negative llh: 145.0834283896608
Dropout rate: 0
Silencing rate: 0
Initial point 15. Random seed: 126
Solving with ultrametric constraint
Optimal point found for initial point 15
Negative llh: 145.08341891206982
Dropout rate: 0
Silencing rate: 0
Initial point 16. Random seed: 3060
Solving with ultrametric constraint
Optimal point found for initial point 16
Negative llh: 145.0834214959069
Dropout rate: 0
Silencing rate: 0
Initial point 17. Random seed: 4862
Solving with ultrametric constraint
Optimal point found for initial point 17
Negative llh: 145.08344063178467
Dropout rate: 0
Silencing rate: 0
Initial point 18. Random seed: 5349
Solving with ultrametric constraint
Optimal point found for initial point 18
Negative llh: 145.08342210742666
Dropout rate: 0
Silencing rate: 0
Initial point 19. Random seed: 3775
Solving with ultrametric constraint
Optimal point found for initial point 19
Negative llh: 145.08342100785512
Dropout rate: 0
Silencing rate: 0
Initial point 20. Random seed: 7152
Solving with ultrametric constraint
Optimal point found for initial point 20
Negative llh: 145.08342498513485
Dropout rate: 0
Silencing rate: 0
Optimal nllh: 145.0834180308845
