dataset s21c4
Optimization without using locations
Initial point 1. Random seed: 3030
Solving with ultrametric constraint
Optimal point found for initial point 1
Negative llh: 169.38174034954974
Dropout rate: 1e-08
Silencing rate: 1e-08
Initial point 2. Random seed: 1231
Solving with ultrametric constraint
Optimal point found for initial point 2
Negative llh: 169.38174034954974
Dropout rate: 1e-08
Silencing rate: 1e-08
Initial point 3. Random seed: 7733
Solving with ultrametric constraint
Optimal point found for initial point 3
Negative llh: 169.38174034954974
Dropout rate: 1e-08
Silencing rate: 1e-08
Initial point 4. Random seed: 4632
Solving with ultrametric constraint
Optimal point found for initial point 4
Negative llh: 169.38174034954974
Dropout rate: 1e-08
Silencing rate: 1e-08
Initial point 5. Random seed: 2415
Solving with ultrametric constraint
Optimal point found for initial point 5
Negative llh: 169.38174034954974
Dropout rate: 1e-08
Silencing rate: 1e-08
Initial point 6. Random seed: 6354
Solving with ultrametric constraint
Optimal point found for initial point 6
Negative llh: 169.38174034954974
Dropout rate: 1e-08
Silencing rate: 1e-08
Initial point 7. Random seed: 3976
Solving with ultrametric constraint
Optimal point found for initial point 7
Negative llh: 169.38174034954974
Dropout rate: 1e-08
Silencing rate: 1e-08
Initial point 8. Random seed: 4792
Solving with ultrametric constraint
Optimal point found for initial point 8
Negative llh: 169.38174034954974
Dropout rate: 1e-08
Silencing rate: 1e-08
Initial point 9. Random seed: 3334
Solving with ultrametric constraint
Optimal point found for initial point 9
Negative llh: 169.38174034954974
Dropout rate: 1e-08
Silencing rate: 1e-08
Initial point 10. Random seed: 2058
Solving with ultrametric constraint
Optimal point found for initial point 10
Negative llh: 169.38174034954974
Dropout rate: 1e-08
Silencing rate: 1e-08
Initial point 11. Random seed: 8188
Solving with ultrametric constraint
Optimal point found for initial point 11
Negative llh: 169.38174034954974
Dropout rate: 1e-08
Silencing rate: 1e-08
Initial point 12. Random seed: 9155
Solving with ultrametric constraint
Optimal point found for initial point 12
Negative llh: 169.38174034954974
Dropout rate: 1e-08
Silencing rate: 1e-08
Initial point 13. Random seed: 9266
Solving with ultrametric constraint
Optimal point found for initial point 13
Negative llh: 169.38174034954974
Dropout rate: 1e-08
Silencing rate: 1e-08
Initial point 14. Random seed: 763
Solving with ultrametric constraint
Optimal point found for initial point 14
Negative llh: 169.38174034954974
Dropout rate: 1e-08
Silencing rate: 1e-08
Initial point 15. Random seed: 9033
Solving with ultrametric constraint
Optimal point found for initial point 15
Negative llh: 169.38174034954974
Dropout rate: 1e-08
Silencing rate: 1e-08
Initial point 16. Random seed: 9581
Solving with ultrametric constraint
Optimal point found for initial point 16
Negative llh: 169.38174034954974
Dropout rate: 1e-08
Silencing rate: 1e-08
Initial point 17. Random seed: 2023
Solving with ultrametric constraint
Optimal point found for initial point 17
Negative llh: 169.38174034954974
Dropout rate: 1e-08
Silencing rate: 1e-08
Initial point 18. Random seed: 6114
Solving with ultrametric constraint
Optimal point found for initial point 18
Negative llh: 169.38174034954974
Dropout rate: 1e-08
Silencing rate: 1e-08
Initial point 19. Random seed: 8249
Solving with ultrametric constraint
Optimal point found for initial point 19
Negative llh: 169.38174034954974
Dropout rate: 1e-08
Silencing rate: 1e-08
Initial point 20. Random seed: 7761
Solving with ultrametric constraint
Optimal point found for initial point 20
Negative llh: 169.38174034954974
Dropout rate: 1e-08
Silencing rate: 1e-08
Optimization using locations
Optimization start with 1 initials
Initial point 1. Random seed: 8301
Solving with ultrametric constraint
  NIT    FC           OBJFUN            GNORM
    1    68     1.037236E+03     7.126755E+02
    2   136     2.494723E+03     3.772252E+01
    3   204     2.677063E+03     3.379289E+01
    4   272     2.615999E+03     3.318164E+01
    5   340     2.056518E+03     3.286488E+01
    6   408     1.882997E+03     3.222603E+01
    7   476     1.953677E+03     3.206276E+01
    8   544     1.755600E+03     3.142258E+01
    9   612     1.872216E+03     3.067015E+01
   10   680     2.156122E+03     3.032785E+01
   11   748     2.406741E+03     2.970753E+01
   12   816     1.718892E+03     3.102918E+01
   13   884     1.721119E+03     3.132647E+01
   14   952     1.782886E+03     3.154715E+01
   15  1020     1.377327E+03     3.205389E+01
   16  1088     1.163133E+03     3.295628E+01
   17  1156     1.618358E+03     3.553517E+01
   18  1224     1.670534E+03     3.612350E+01
   19  1292     1.299467E+03     3.827133E+01
   20  1360     1.001898E+03     3.848603E+01
   21  1428     1.314572E+03     3.875846E+01
   22  1496     1.223299E+03     3.626446E+01
   23  1564     9.989273E+02     3.584364E+01
   24  1632     9.123502E+02     3.605408E+01
   25  1700     9.787212E+02     3.272149E+01
   26  1768     1.142751E+03     3.488652E+01
   27  1836     8.206994E+02     3.646436E+01
   28  1904     8.316924E+02     4.039510E+01
   29  1973     1.038029E+03     4.136062E+01
   30  2041     7.262603E+02     3.630590E+01
   31  2109     7.475778E+02     3.770242E+01
   32  2177     7.133886E+02     3.957494E+01
   33  2245     8.717192E+02     3.515257E+01
   34  2313     6.283842E+02     3.785198E+01
   35  2381     6.141984E+02     3.784659E+01
   36  2449     6.763756E+02     4.015459E+01
   37  2518     6.150839E+02     4.028293E+01
   38  2586     6.348193E+02     3.953022E+01
   39  2654     6.185632E+02     4.180279E+01
   40  2722     5.603291E+02     4.173570E+01
   41  2790     5.617581E+02     4.172134E+01
   42  2858     5.607633E+02     4.061060E+01
   43  2926     5.594589E+02     4.048118E+01
   44  2993     5.592975E+02     4.344169E+01
   45  3060     5.592967E+02     4.430396E+01
   46  3128     5.592849E+02     4.283007E+01
   47  3195     5.592844E+02     4.292433E+01
   48  3262     5.592843E+02     4.325463E+01
   49  3329     5.592842E+02     4.295023E+01
   50  3396     5.592842E+02     4.304111E+01
   51  3462     5.592842E+02     4.304975E+01
Optimization terminated successfully    (Exit mode 0)
            Current function value: 559.2842306216983
            Iterations: 51
            Function evaluations: 3462
            Gradient evaluations: 51
Optimal point found for initial point 1
Negative llh: 559.2842306216983
Dropout rate: 0
Silencing rate: 0
