Launching Problin version 0.5b
Problin was called as follow: /Users/uym2/my_gits/problin/run_problin.py -c s7c1/k200_exp_character_matrix.csv -t s7c1/true_tree.nwk --delimiter comma -p s7c1/k200_exp_priors.csv -o s7c1/k200_exp_problin --nInitials 10 --ultrametric
Optimizing branch lengths, phi, and nu without topology search
Optimization by EM algorithm
Initial point 1. Random seed: 7882
Numerical optimization started with ultrametric constraint
Initial phi: 0.8362683925710015. Initial nu: 0.9629850729296249. Initial nllh: 359903.61039550655
EM finished after 20 iterations.
Optimal phi: 0. Optimal nu: 2.8016479312800028e-08. Optimal nllh: 1649.966041692726
Optimal point found for initial point 1
Initial point 2. Random seed: 4966
Numerical optimization started with ultrametric constraint
Initial phi: 0.2968447157259914. Initial nu: 0.3228266481152446. Initial nllh: 3362.2481711892083
EM finished after 12 iterations.
Optimal phi: 0. Optimal nu: 4.5843481875996756e-08. Optimal nllh: 1649.9660657386949
Optimal point found for initial point 2
Initial point 3. Random seed: 3525
Numerical optimization started with ultrametric constraint
Initial phi: 0.700735854373674. Initial nu: 0.41923955192523255. Initial nllh: 6570.255921342929
EM finished after 13 iterations.
Optimal phi: 0. Optimal nu: 3.903668053150624e-08. Optimal nllh: 1649.966056166294
Optimal point found for initial point 3
Initial point 4. Random seed: 3800
Numerical optimization started with ultrametric constraint
Initial phi: 0.09734021306912617. Initial nu: 0.9811304188433531. Initial nllh: 3369.183413720284
EM finished after 17 iterations.
Optimal phi: 0. Optimal nu: 4.592477822422266e-08. Optimal nllh: 1649.9660654962386
Optimal point found for initial point 4
Initial point 5. Random seed: 7817
Numerical optimization started with ultrametric constraint
Initial phi: 0.45162611371724226. Initial nu: 0.2438783832441151. Initial nllh: 4148.613719007005
EM finished after 11 iterations.
Optimal phi: 0. Optimal nu: 3.924750828418815e-08. Optimal nllh: 1649.9660570809206
Optimal point found for initial point 5
Initial point 6. Random seed: 3831
Numerical optimization started with ultrametric constraint
Initial phi: 0.7061057265110002. Initial nu: 0.5640412381307115. Initial nllh: 6834.749179474012
EM finished after 13 iterations.
Optimal phi: 0. Optimal nu: 4.4926058967449136e-08. Optimal nllh: 1649.9660646152572
Optimal point found for initial point 6
Initial point 7. Random seed: 6778
Numerical optimization started with ultrametric constraint
Initial phi: 0.7387275029425368. Initial nu: 0.745128439320467. Initial nllh: 7507.5626751077225
EM finished after 13 iterations.
Optimal phi: 0. Optimal nu: 4.595381989347279e-08. Optimal nllh: 1649.9660671316358
Optimal point found for initial point 7
Initial point 8. Random seed: 9146
Numerical optimization started with ultrametric constraint
Initial phi: 0.31973457118122844. Initial nu: 0.7843819031490613. Initial nllh: 4116.689467113511
EM finished after 14 iterations.
Optimal phi: 0. Optimal nu: 2.153081590933122e-08. Optimal nllh: 1649.9660323847547
Optimal point found for initial point 8
Initial point 9. Random seed: 9598
Numerical optimization started with ultrametric constraint
Initial phi: 0.6657622150782146. Initial nu: 0.7206742205758256. Initial nllh: 6587.263563077698
EM finished after 13 iterations.
Optimal phi: 0. Optimal nu: 3.878621945807454e-08. Optimal nllh: 1649.9660571228865
Optimal point found for initial point 9
Initial point 10. Random seed: 3151
Numerical optimization started with ultrametric constraint
Initial phi: 0.773735348956031. Initial nu: 0.9316828431195144. Initial nllh: 8282.237575351473
EM finished after 14 iterations.
Optimal phi: 0. Optimal nu: 4.629379852113421e-08. Optimal nllh: 1649.9660679532521
Optimal point found for initial point 10
Numerical optimization finished successfully
Runtime (s): 23.5989635
