Launching Problin version 0.5b
Problin was called as follow: /Users/uym2/my_gits/problin/run_problin.py -c s10c1/k10_exp2_character_matrix.csv -t s10c1/true_tree.nwk --delimiter comma -p s10c1/k10_exp2_priors.csv -o s10c1/k10_exp2_problin --nInitials 10 --ultrametric
Optimizing branch lengths, phi, and nu without topology search
Optimization by EM algorithm
Initial point 1. Random seed: 1214
Numerical optimization started with ultrametric constraint
Initial phi: 0.6258764078273505. Initial nu: 0.4311308199993408. Initial nllh: 8859.453871916478
EM finished after 12 iterations.
Optimal phi: 0. Optimal nu: 1.2380955662625123e-06. Optimal nllh: 53.746819495709
Optimal point found for initial point 1
Initial point 2. Random seed: 2495
Numerical optimization started with ultrametric constraint
Initial phi: 0.10132942833793172. Initial nu: 0.3267226045991572. Initial nllh: 78.49699443354442
EM finished after 10 iterations.
Optimal phi: 0. Optimal nu: 1.2407636568728928e-06. Optimal nllh: 53.746819681424554
Optimal point found for initial point 2
Initial point 3. Random seed: 175
Numerical optimization started with ultrametric constraint
Initial phi: 0.46747962074097676. Initial nu: 0.5947532045380083. Initial nllh: 150.85096196801564
EM finished after 10 iterations.
Optimal phi: 0. Optimal nu: 1.239614621809812e-06. Optimal nllh: 53.74681975982399
Optimal point found for initial point 3
Initial point 4. Random seed: 9342
Numerical optimization started with ultrametric constraint
Initial phi: 0.0063709710921113485. Initial nu: 0.7936946650312626. Initial nllh: 83.09633388936417
EM finished after 11 iterations.
Optimal phi: 0. Optimal nu: 1.2448785147878615e-06. Optimal nllh: 53.74681981547154
Optimal point found for initial point 4
Initial point 5. Random seed: 1595
Numerical optimization started with ultrametric constraint
Initial phi: 0.32664041739395316. Initial nu: 0.2642785314790123. Initial nllh: 110.9065208953189
EM finished after 9 iterations.
Optimal phi: 0. Optimal nu: 1.2392990057582351e-06. Optimal nllh: 53.746819775002294
Optimal point found for initial point 5
Initial point 6. Random seed: 1896
Numerical optimization started with ultrametric constraint
Initial phi: 0.44279906373652317. Initial nu: 0.3381270042395613. Initial nllh: 136.26241909030114
EM finished after 11 iterations.
Optimal phi: 0. Optimal nu: 1.240930878852567e-06. Optimal nllh: 53.74681953765966
Optimal point found for initial point 6
Initial point 7. Random seed: 8885
Numerical optimization started with ultrametric constraint
Initial phi: 0.9390021955438183. Initial nu: 0.8197876821515445. Initial nllh: 418.8903200538159
EM finished after 12 iterations.
Optimal phi: 0. Optimal nu: 1.2340866951494828e-06. Optimal nllh: 53.746819374861985
Optimal point found for initial point 7
Initial point 8. Random seed: 6202
Numerical optimization started with ultrametric constraint
Initial phi: 0.6219248372878009. Initial nu: 0.5763541902663378. Initial nllh: 191.29833590997933
EM finished after 11 iterations.
Optimal phi: 0. Optimal nu: 1.2374489753779053e-06. Optimal nllh: 53.746819528234624
Optimal point found for initial point 8
Initial point 9. Random seed: 8314
Numerical optimization started with ultrametric constraint
Initial phi: 0.8032015564467466. Initial nu: 0.6420519793756565. Initial nllh: 271.990745802963
EM finished after 11 iterations.
Optimal phi: 0. Optimal nu: 1.2395404992415867e-06. Optimal nllh: 53.746819609996706
Optimal point found for initial point 9
Initial point 10. Random seed: 242
Numerical optimization started with ultrametric constraint
Initial phi: 0.6079515942166389. Initial nu: 0.08302613614294019. Initial nllh: 169.3499572939199
EM finished after 9 iterations.
Optimal phi: 0. Optimal nu: 1.246562026797219e-06. Optimal nllh: 53.746819819295006
Optimal point found for initial point 10
Numerical optimization finished successfully
Runtime (s): 5.7987139160000005
