Launching Problin version 0.5b
Problin was called as follow: /Users/uym2/my_gits/problin/run_problin.py -c s20c4/k10_const_character_matrix.csv -t s20c4/true_tree.nwk --delimiter comma -p s20c4/k10_const_priors.csv -o s20c4/k10_const_problin --nInitials 10 --ultrametric
Optimizing branch lengths, phi, and nu without topology search
Optimization by EM algorithm
Initial point 1. Random seed: 4819
Numerical optimization started with ultrametric constraint
Initial phi: 0.79281328754476. Initial nu: 0.8900061129229928. Initial nllh: 8629.064069844935
EM finished after 13 iterations.
Optimal phi: 0. Optimal nu: 6.433325813309228e-07. Optimal nllh: 30.751826629304546
Optimal point found for initial point 1
Initial point 2. Random seed: 5223
Numerical optimization started with ultrametric constraint
Initial phi: 0.043274669844293984. Initial nu: 0.16593841018176966. Initial nllh: 42.7143287773671
EM finished after 11 iterations.
Optimal phi: 0. Optimal nu: 6.393896700273772e-07. Optimal nllh: 30.751826378993826
Optimal point found for initial point 2
Initial point 3. Random seed: 7621
Numerical optimization started with ultrametric constraint
Initial phi: 0.9219205977905365. Initial nu: 0.97123270023016. Initial nllh: 329.4418632850743
EM finished after 14 iterations.
Optimal phi: 0. Optimal nu: 6.390663269368017e-07. Optimal nllh: 30.751826297009693
Optimal point found for initial point 3
Initial point 4. Random seed: 4756
Numerical optimization started with ultrametric constraint
Initial phi: 0.6771035172748266. Initial nu: 0.2909245314995011. Initial nllh: 156.94339464510207
EM finished after 12 iterations.
Optimal phi: 0. Optimal nu: 6.474999096025264e-07. Optimal nllh: 30.751826717946273
Optimal point found for initial point 4
Initial point 5. Random seed: 9330
Numerical optimization started with ultrametric constraint
Initial phi: 0.35100010326439657. Initial nu: 0.9784349556517082. Initial nllh: 117.99464067935301
EM finished after 14 iterations.
Optimal phi: 0. Optimal nu: 6.443237632649235e-07. Optimal nllh: 30.751826536250512
Optimal point found for initial point 5
Initial point 6. Random seed: 2899
Numerical optimization started with ultrametric constraint
Initial phi: 0.06965080656752208. Initial nu: 0.7937957608520294. Initial nllh: 73.6939183020736
EM finished after 13 iterations.
Optimal phi: 0. Optimal nu: 6.387743333563548e-07. Optimal nllh: 30.751826333709296
Optimal point found for initial point 6
Initial point 7. Random seed: 1029
Numerical optimization started with ultrametric constraint
Initial phi: 0.19607585057984933. Initial nu: 0.8673662471397103. Initial nllh: 91.60167120570891
EM finished after 13 iterations.
Optimal phi: 0. Optimal nu: 6.45683503530155e-07. Optimal nllh: 30.75182664475126
Optimal point found for initial point 7
Initial point 8. Random seed: 2233
Numerical optimization started with ultrametric constraint
Initial phi: 0.4792065727385137. Initial nu: 0.5583700728611848. Initial nllh: 121.14637614675586
EM finished after 13 iterations.
Optimal phi: 0. Optimal nu: 6.394718188679979e-07. Optimal nllh: 30.751826343693327
Optimal point found for initial point 8
Initial point 9. Random seed: 3022
Numerical optimization started with ultrametric constraint
Initial phi: 0.8286560846777422. Initial nu: 0.27970976938027625. Initial nllh: 219.80582979646476
EM finished after 14 iterations.
Optimal phi: 0. Optimal nu: 6.447749487384262e-07. Optimal nllh: 30.751826533284223
Optimal point found for initial point 9
Initial point 10. Random seed: 1751
Numerical optimization started with ultrametric constraint
Initial phi: 0.17264682862703398. Initial nu: 0.22048526846007643. Initial nllh: 59.69151665198963
EM finished after 13 iterations.
Optimal phi: 0. Optimal nu: 6.397146204707766e-07. Optimal nllh: 30.75182631825313
Optimal point found for initial point 10
Numerical optimization finished successfully
Runtime (s): 6.999603125
