Launching Problin version 0.5b
Problin was called as follow: /Users/uym2/my_gits/problin/run_problin.py -c s20c4/k10_lin_character_matrix.csv -t s20c4/true_tree.nwk --delimiter comma -p s20c4/k10_lin_priors.csv -o s20c4/k10_lin_problin --nInitials 10 --ultrametric
Optimizing branch lengths, phi, and nu without topology search
Optimization by EM algorithm
Initial point 1. Random seed: 5769
Numerical optimization started with ultrametric constraint
Initial phi: 0.4473982705365275. Initial nu: 0.8333307736476869. Initial nllh: 9258.356168848652
EM finished after 12 iterations.
Optimal phi: 0. Optimal nu: 9.960471238062407e-07. Optimal nllh: 41.96538218011157
Optimal point found for initial point 1
Initial point 2. Random seed: 8273
Numerical optimization started with ultrametric constraint
Initial phi: 0.5729786180868804. Initial nu: 0.795740937827637. Initial nllh: 154.30843495232756
EM finished after 12 iterations.
Optimal phi: 0. Optimal nu: 1.0030567508926361e-06. Optimal nllh: 41.96538233700046
Optimal point found for initial point 2
Initial point 3. Random seed: 8722
Numerical optimization started with ultrametric constraint
Initial phi: 0.36357096538177475. Initial nu: 0.04690412113283389. Initial nllh: 88.88187585822382
EM finished after 6 iterations.
Optimal phi: 0. Optimal nu: 1.0565949516691488e-06. Optimal nllh: 41.965385081489686
Optimal point found for initial point 3
Initial point 4. Random seed: 8963
Numerical optimization started with ultrametric constraint
Initial phi: 0.9857687043289334. Initial nu: 0.7212186467193267. Initial nllh: 491.90642384850923
EM finished after 11 iterations.
Optimal phi: 0. Optimal nu: 1.0013096397318902e-06. Optimal nllh: 41.96538239902434
Optimal point found for initial point 4
Initial point 5. Random seed: 7271
Numerical optimization started with ultrametric constraint
Initial phi: 0.15466005762946236. Initial nu: 0.8574837407432916. Initial nllh: 88.12224554627963
EM finished after 12 iterations.
Optimal phi: 0. Optimal nu: 9.97425764608398e-07. Optimal nllh: 41.96538215140486
Optimal point found for initial point 5
Initial point 6. Random seed: 5452
Numerical optimization started with ultrametric constraint
Initial phi: 0.5613702060584916. Initial nu: 0.30720145029880885. Initial nllh: 134.97538041510526
EM finished after 10 iterations.
Optimal phi: 0. Optimal nu: 1.0022406334926772e-06. Optimal nllh: 41.965382478623866
Optimal point found for initial point 6
Initial point 7. Random seed: 4845
Numerical optimization started with ultrametric constraint
Initial phi: 0.13641282272952127. Initial nu: 0.9559150865232787. Initial nllh: 89.34134506768643
EM finished after 10 iterations.
Optimal phi: 0. Optimal nu: 1.0495507803062673e-06. Optimal nllh: 41.96538456849133
Optimal point found for initial point 7
Initial point 8. Random seed: 9488
Numerical optimization started with ultrametric constraint
Initial phi: 0.11266791253503876. Initial nu: 0.7336068890443183. Initial nllh: 79.05156715317003
EM finished after 12 iterations.
Optimal phi: 0. Optimal nu: 9.958621920556377e-07. Optimal nllh: 41.965382090657094
Optimal point found for initial point 8
Initial point 9. Random seed: 3853
Numerical optimization started with ultrametric constraint
Initial phi: 0.973460093438427. Initial nu: 0.1110202391516357. Initial nllh: 408.78950952476504
EM finished after 9 iterations.
Optimal phi: 0. Optimal nu: 1.0001356433783743e-06. Optimal nllh: 41.96538231927382
Optimal point found for initial point 9
Initial point 10. Random seed: 3531
Numerical optimization started with ultrametric constraint
Initial phi: 0.5919843152685628. Initial nu: 0.32504098965138795. Initial nllh: 142.81836012629557
EM finished after 11 iterations.
Optimal phi: 0. Optimal nu: 1.0028038307233152e-06. Optimal nllh: 41.96538234562375
Optimal point found for initial point 10
Numerical optimization finished successfully
Runtime (s): 5.822376875000001
