/Users/uym2/opt/anaconda3/lib/python3.9/site-packages/cvxpy/atoms/elementwise/log.py:35: RuntimeWarning: divide by zero encountered in log
  return np.log(values[0])
Launching Problin version 0.5b
Problin was called as follow: /Users/uym2/my_gits/problin/run_problin.py -c s20c4/k200_lin_character_matrix.csv -t s20c4/true_tree.nwk --delimiter comma -p s20c4/k200_lin_priors.csv -o s20c4/k200_lin_problin --nInitials 10 --ultrametric
Optimizing branch lengths, phi, and nu without topology search
Optimization by EM algorithm
Initial point 1. Random seed: 1272
Numerical optimization started with ultrametric constraint
Initial phi: 0.5394566547882407. Initial nu: 0.3379298886864794. Initial nllh: 102110.27389423069
EM finished after 9 iterations.
Optimal phi: 0. Optimal nu: 4.420010274703425e-08. Optimal nllh: 884.9216786685073
Optimal point found for initial point 1
Initial point 2. Random seed: 6577
Numerical optimization started with ultrametric constraint
Initial phi: 0.8526372671216844. Initial nu: 0.7866661368119091. Initial nllh: 5334.365215570761
EM finished after 9 iterations.
Optimal phi: 0. Optimal nu: 4.4332604465366496e-08. Optimal nllh: 884.921678543709
Optimal point found for initial point 2
Initial point 3. Random seed: 2529
Numerical optimization started with ultrametric constraint
Initial phi: 0.08297349401366583. Initial nu: 0.17058418007752962. Initial nllh: 1192.5437430517236
EM finished after 8 iterations.
Optimal phi: 0. Optimal nu: 4.549784453962905e-08. Optimal nllh: 884.9216794409426
Optimal point found for initial point 3
Initial point 4. Random seed: 6497
Numerical optimization started with ultrametric constraint
Initial phi: 0.3789488417284313. Initial nu: 0.8164190375200846. Initial nllh: 2480.7709317759736
EM finished after 9 iterations.
Optimal phi: 0. Optimal nu: 4.507190470683212e-08. Optimal nllh: 884.9216790371089
Optimal point found for initial point 4
Initial point 5. Random seed: 1353
Numerical optimization started with ultrametric constraint
Initial phi: 0.7969575866059224. Initial nu: 0.9789442515691561. Initial nllh: 4844.809443101486
EM finished after 9 iterations.
Optimal phi: 0. Optimal nu: 4.449589627386398e-08. Optimal nllh: 884.9216788118343
Optimal point found for initial point 5
Initial point 6. Random seed: 2544
Numerical optimization started with ultrametric constraint
Initial phi: 0.013026509417885638. Initial nu: 0.11513537987282431. Initial nllh: 1001.8482756229798
EM finished after 7 iterations.
Optimal phi: 0. Optimal nu: 4.5366606399451763e-08. Optimal nllh: 884.9216806649742
Optimal point found for initial point 6
Initial point 7. Random seed: 2265
Numerical optimization started with ultrametric constraint
Initial phi: 0.24376495119397243. Initial nu: 0.215994045204776. Initial nllh: 1613.8847261164763
EM finished after 8 iterations.
Optimal phi: 0. Optimal nu: 4.444825203919428e-08. Optimal nllh: 884.9216789852791
Optimal point found for initial point 7
Initial point 8. Random seed: 6262
Numerical optimization started with ultrametric constraint
Initial phi: 0.7174362028893267. Initial nu: 0.3320292199461896. Initial nllh: 3674.1921539388504
EM finished after 9 iterations.
Optimal phi: 0. Optimal nu: 4.5364162438192246e-08. Optimal nllh: 884.921678773113
Optimal point found for initial point 8
Initial point 9. Random seed: 1534
Numerical optimization started with ultrametric constraint
Initial phi: 0.5924562885499772. Initial nu: 0.751759419735913. Initial nllh: 3272.366456961758
EM finished after 9 iterations.
Optimal phi: 0. Optimal nu: 4.535444694777616e-08. Optimal nllh: 884.9216793162383
Optimal point found for initial point 9
Initial point 10. Random seed: 8697
Numerical optimization started with ultrametric constraint
Initial phi: 0.5863513902881025. Initial nu: 0.03000541185263767. Initial nllh: 2674.036440980013
EM finished after 6 iterations.
Optimal phi: 0. Optimal nu: 4.493604742783125e-08. Optimal nllh: 884.921679031756
Optimal point found for initial point 10
Numerical optimization finished successfully
Runtime (s): 9.326113666000001
