dataset s13c2
Optimization using leaf locations
Initial point 1. Random seed: 2215
Solving with ultrametric constraint
Optimal point found for initial point 1
Negative llh: 289.03643244079217
Dropout rate: 0
Silencing rate: 0
Initial point 2. Random seed: 3994
Solving with ultrametric constraint
Optimal point found for initial point 2
Negative llh: 289.7700863310584
Dropout rate: 0
Silencing rate: 0
Initial point 3. Random seed: 1808
Solving with ultrametric constraint
Optimal point found for initial point 3
Negative llh: 288.35350272377605
Dropout rate: 0
Silencing rate: 0
Initial point 4. Random seed: 6209
Solving with ultrametric constraint
Optimal point found for initial point 4
Negative llh: 292.35064156291185
Dropout rate: 0
Silencing rate: 0
Initial point 5. Random seed: 5789
Solving with ultrametric constraint
Optimal point found for initial point 5
Negative llh: 291.5259904974335
Dropout rate: 0
Silencing rate: 0
Initial point 6. Random seed: 551
Solving with ultrametric constraint
Optimal point found for initial point 6
Negative llh: 297.89076162288404
Dropout rate: 0
Silencing rate: 0
Initial point 7. Random seed: 4455
Solving with ultrametric constraint
Optimal point found for initial point 7
Negative llh: 293.02026075696676
Dropout rate: 0
Silencing rate: 0
Initial point 8. Random seed: 2846
Solving with ultrametric constraint
Optimal point found for initial point 8
Negative llh: 292.39892513708907
Dropout rate: 0
Silencing rate: 0
Initial point 9. Random seed: 9495
Solving with ultrametric constraint
Optimal point found for initial point 9
Negative llh: 288.57156321578884
Dropout rate: 0
Silencing rate: 0
Initial point 10. Random seed: 2801
Solving with ultrametric constraint
Optimal point found for initial point 10
Negative llh: 288.3534246214028
Dropout rate: 0
Silencing rate: 0
Initial point 11. Random seed: 4089
Solving with ultrametric constraint
Optimal point found for initial point 11
Negative llh: 293.21383183207985
Dropout rate: 0
Silencing rate: 0
Initial point 12. Random seed: 1612
Solving with ultrametric constraint
Optimal point found for initial point 12
Negative llh: 289.7702169825659
Dropout rate: 0
Silencing rate: 0
Initial point 13. Random seed: 2641
Solving with ultrametric constraint
Optimal point found for initial point 13
Negative llh: 289.7706931411675
Dropout rate: 0
Silencing rate: 0
Initial point 14. Random seed: 2489
Solving with ultrametric constraint
Optimal point found for initial point 14
Negative llh: 289.7700854826369
Dropout rate: 0
Silencing rate: 0
Initial point 15. Random seed: 7191
Solving with ultrametric constraint
Optimal point found for initial point 15
Negative llh: 292.3509733695848
Dropout rate: 0
Silencing rate: 0
Initial point 16. Random seed: 3287
Solving with ultrametric constraint
Optimal point found for initial point 16
Negative llh: 293.5122405916104
Dropout rate: 0
Silencing rate: 0
Initial point 17. Random seed: 8466
Solving with ultrametric constraint
Optimal point found for initial point 17
Negative llh: 289.77009353323245
Dropout rate: 0
Silencing rate: 0
Initial point 18. Random seed: 2496
Solving with ultrametric constraint
Optimal point found for initial point 18
Negative llh: 289.7704874435559
Dropout rate: 0
Silencing rate: 0
Initial point 19. Random seed: 7863
Solving with ultrametric constraint
Optimal point found for initial point 19
Negative llh: 289.7715381362135
Dropout rate: 0
Silencing rate: 0
Initial point 20. Random seed: 1448
Solving with ultrametric constraint
Optimal point found for initial point 20
Negative llh: 289.7701542141042
Dropout rate: 0
Silencing rate: 0
Optimal nllh: 288.3534246214028
