Launching Problin version 0.5p
Problin was called as follow: /Users/uym2/my_gits/problin/run_problin.py -c s2c8/k10_r1_character_matrix.csv -t s2c8/true_tree.nwk -S s2c8/true_locations.txt --delimiter comma -p s2c8/k10_priors.csv -o s2c8/k10_r1_spalin_all.txt --nInitials 10
Optimization by Spalin: Scipy-SLSQP using spatial information
Optimizing branch lengths, phi, and nu without topology search
Initial point 1. Random seed: 1581
Solving ML without ultrametric constraint
Optimal point found for initial point 1
Negative llh: 136.47348161350797
Dropout rate: 8.97937309099847e-10
Silencing rate: 8.403299939446003e-10
Initial point 2. Random seed: 6972
Solving ML without ultrametric constraint
Optimal point found for initial point 2
Negative llh: 136.47348153018018
Dropout rate: 7.992112195419728e-10
Silencing rate: 1.0704498044411525e-09
Initial point 3. Random seed: 9481
Solving ML without ultrametric constraint
Optimal point found for initial point 3
Negative llh: 136.47348171342358
Dropout rate: 2.275752912649306e-09
Silencing rate: 4.407143312738926e-09
Initial point 4. Random seed: 5298
Solving ML without ultrametric constraint
Optimal point found for initial point 4
Negative llh: 136.47348107790685
Dropout rate: 1e-10
Silencing rate: 1.0031601075723583e-10
Initial point 5. Random seed: 3113
Solving ML without ultrametric constraint
Optimal point found for initial point 5
Negative llh: 136.47348125748994
Dropout rate: 1e-10
Silencing rate: 1e-10
Initial point 6. Random seed: 146
Solving ML without ultrametric constraint
Optimal point found for initial point 6
Negative llh: 136.47348116791835
Dropout rate: 1e-10
Silencing rate: 1e-10
Initial point 7. Random seed: 1468
Solving ML without ultrametric constraint
Optimal point found for initial point 7
Negative llh: 136.4734811219958
Dropout rate: 2.2727203950661046e-10
Silencing rate: 1.800768303539178e-10
Initial point 8. Random seed: 5646
Solving ML without ultrametric constraint
Optimal point found for initial point 8
Negative llh: 136.47348115577813
Dropout rate: 1.788860495505411e-10
Silencing rate: 1.9021385676331864e-10
Initial point 9. Random seed: 9135
Solving ML without ultrametric constraint
Optimal point found for initial point 9
Negative llh: 136.4734816082297
Dropout rate: 2.8247393625060445e-10
Silencing rate: 8.097111450253971e-10
Initial point 10. Random seed: 3568
Solving ML without ultrametric constraint
Optimal point found for initial point 10
Negative llh: 136.4734815505163
Dropout rate: 1e-10
Silencing rate: 1e-10
Runtime (s): 7.338254666
