Launching Problin version 0.5p
Problin was called as follow: /Users/uym2/my_gits/problin/run_problin.py -c s19c2/k10_r1_character_matrix.csv -t s19c2/true_tree.nwk -S s19c2/true_locations.txt --delimiter comma -p s19c2/k10_priors.csv -o s19c2/k10_r1_spalin_all.txt --nInitials 10
Optimization by Spalin: Scipy-SLSQP using spatial information
Optimizing branch lengths, phi, and nu without topology search
Initial point 1. Random seed: 5243
Solving ML without ultrametric constraint
Optimal point found for initial point 1
Negative llh: 224.0622701341098
Dropout rate: 1e-10
Silencing rate: 1e-10
Initial point 2. Random seed: 1061
Solving ML without ultrametric constraint
Optimal point found for initial point 2
Negative llh: 224.06227071362486
Dropout rate: 1.0000000000000002e-10
Silencing rate: 1.0000000000000007e-10
Initial point 3. Random seed: 8482
Solving ML without ultrametric constraint
Optimal point found for initial point 3
Negative llh: 224.06227080142813
Dropout rate: 1.0000000000000002e-10
Silencing rate: 9.999999999999996e-11
Initial point 4. Random seed: 2974
Solving ML without ultrametric constraint
Optimal point found for initial point 4
Negative llh: 224.06227035925517
Dropout rate: 1.0000000000000002e-10
Silencing rate: 1.0000000000000002e-10
Initial point 5. Random seed: 4200
Solving ML without ultrametric constraint
Optimal point found for initial point 5
Negative llh: 224.06227065727222
Dropout rate: 1e-10
Silencing rate: 1e-10
Initial point 6. Random seed: 7248
Solving ML without ultrametric constraint
Optimal point found for initial point 6
Negative llh: 224.06227043997345
Dropout rate: 1.0000000000000007e-10
Silencing rate: 1.0000000000000007e-10
Initial point 7. Random seed: 4636
Solving ML without ultrametric constraint
Optimal point found for initial point 7
Negative llh: 224.06227057711595
Dropout rate: 1.0000000000000007e-10
Silencing rate: 1.000000000000009e-10
Initial point 8. Random seed: 4766
Solving ML without ultrametric constraint
Optimal point found for initial point 8
Negative llh: 224.06227043421654
Dropout rate: 1e-10
Silencing rate: 1e-10
Initial point 9. Random seed: 760
Solving ML without ultrametric constraint
Optimal point found for initial point 9
Negative llh: 224.06227015319513
Dropout rate: 1.551476845456147e-10
Silencing rate: 3.1124195810413926e-10
Initial point 10. Random seed: 3779
Solving ML without ultrametric constraint
Optimal point found for initial point 10
Negative llh: 224.06227027728343
Dropout rate: 6.34943694964196e-10
Silencing rate: 9.311665538085138e-10
Runtime (s): 15.008704375
