Launching Problin version 0.5b
Problin was called as follow: /Users/uym2/my_gits/problin/run_problin.py -c s13c4/k10_const_character_matrix.csv -t s13c4/true_tree.nwk --delimiter comma -p s13c4/k10_const_priors.csv -o s13c4/k10_const_problin --nInitials 10 --ultrametric
Optimizing branch lengths, phi, and nu without topology search
Optimization by EM algorithm
Initial point 1. Random seed: 7631
Numerical optimization started with ultrametric constraint
Initial phi: 0.878751964219678. Initial nu: 0.3159420419670083. Initial nllh: 10523.560374068476
EM finished after 14 iterations.
Optimal phi: 0. Optimal nu: 1.0387521009441798e-06. Optimal nllh: 85.88024343105424
Optimal point found for initial point 1
Initial point 2. Random seed: 1310
Numerical optimization started with ultrametric constraint
Initial phi: 0.0401279781151116. Initial nu: 0.8487636343404529. Initial nllh: 155.33510358944514
EM finished after 14 iterations.
Optimal phi: 0. Optimal nu: 1.0377445518175867e-06. Optimal nllh: 85.88024246268384
Optimal point found for initial point 2
Initial point 3. Random seed: 8603
Numerical optimization started with ultrametric constraint
Initial phi: 0.39954568552492725. Initial nu: 0.26357794641695936. Initial nllh: 202.09930491805906
EM finished after 11 iterations.
Optimal phi: 0. Optimal nu: 1.0387499125277836e-06. Optimal nllh: 85.88024295665949
Optimal point found for initial point 3
Initial point 4. Random seed: 3514
Numerical optimization started with ultrametric constraint
Initial phi: 0.6715312421686067. Initial nu: 0.33865920991438275. Initial nllh: 322.1515778348882
EM finished after 12 iterations.
Optimal phi: 0. Optimal nu: 1.0351802119793085e-06. Optimal nllh: 85.88024264534843
Optimal point found for initial point 4
Initial point 5. Random seed: 6744
Numerical optimization started with ultrametric constraint
Initial phi: 0.47236217521076623. Initial nu: 0.7680864709407211. Initial nllh: 263.18838696236355
EM finished after 14 iterations.
Optimal phi: 0. Optimal nu: 1.035246723795899e-06. Optimal nllh: 85.88024247936704
Optimal point found for initial point 5
Initial point 6. Random seed: 5495
Numerical optimization started with ultrametric constraint
Initial phi: 0.010898923725522114. Initial nu: 0.6833193252731922. Initial nllh: 137.65796809253695
EM finished after 13 iterations.
Optimal phi: 0. Optimal nu: 1.03271217063697e-06. Optimal nllh: 85.88024248937455
Optimal point found for initial point 6
Initial point 7. Random seed: 7614
Numerical optimization started with ultrametric constraint
Initial phi: 0.6762683663130998. Initial nu: 0.16123346694633925. Initial nllh: 312.0661813073343
EM finished after 10 iterations.
Optimal phi: 0. Optimal nu: 1.0336740506456094e-06. Optimal nllh: 85.88024273490056
Optimal point found for initial point 7
Initial point 8. Random seed: 8368
Numerical optimization started with ultrametric constraint
Initial phi: 0.09002002665741775. Initial nu: 0.2179819657652898. Initial nllh: 119.80826068128246
EM finished after 11 iterations.
Optimal phi: 0. Optimal nu: 1.037143047511773e-06. Optimal nllh: 85.88024280405688
Optimal point found for initial point 8
Initial point 9. Random seed: 7099
Numerical optimization started with ultrametric constraint
Initial phi: 0.34872584248709954. Initial nu: 0.794795454634643. Initial nllh: 225.12303215332167
EM finished after 13 iterations.
Optimal phi: 0. Optimal nu: 1.0354195617429809e-06. Optimal nllh: 85.88024285004467
Optimal point found for initial point 9
Initial point 10. Random seed: 895
Numerical optimization started with ultrametric constraint
Initial phi: 0.9533748854592052. Initial nu: 0.9655046208314931. Initial nllh: 738.4728093313189
EM finished after 12 iterations.
Optimal phi: 0. Optimal nu: 1.035919923871427e-06. Optimal nllh: 85.88024392027737
Optimal point found for initial point 10
Numerical optimization finished successfully
Runtime (s): 8.019529791
