/Users/uym2/opt/anaconda3/lib/python3.9/site-packages/cvxpy/atoms/elementwise/log.py:35: RuntimeWarning: divide by zero encountered in log
  return np.log(values[0])
Launching Problin version 0.5b
Problin was called as follow: /Users/uym2/my_gits/problin/run_problin.py -c s13c4/k200_exp_character_matrix.csv -t s13c4/true_tree.nwk --delimiter comma -p s13c4/k200_exp_priors.csv -o s13c4/k200_exp_problin --nInitials 10 --ultrametric
Optimizing branch lengths, phi, and nu without topology search
Optimization by EM algorithm
Initial point 1. Random seed: 3960
Numerical optimization started with ultrametric constraint
Initial phi: 0.6894195364026785. Initial nu: 0.11759367508956785. Initial nllh: 144793.3877610453
EM finished after 11 iterations.
Optimal phi: 0. Optimal nu: 3.8521995358324934e-08. Optimal nllh: 1925.5464555788005
Optimal point found for initial point 1
Initial point 2. Random seed: 9294
Numerical optimization started with ultrametric constraint
Initial phi: 0.8625417270299581. Initial nu: 0.32672711203268284. Initial nllh: 10002.287192813063
EM finished after 14 iterations.
Optimal phi: 0. Optimal nu: 3.7539699790906186e-08. Optimal nllh: 1925.546445077972
Optimal point found for initial point 2
Initial point 3. Random seed: 8435
Numerical optimization started with ultrametric constraint
Initial phi: 0.37446323800729087. Initial nu: 0.6623042657205435. Initial nllh: 4794.244071521416
EM finished after 17 iterations.
Optimal phi: 0. Optimal nu: 3.0203903339562905e-08. Optimal nllh: 1925.5464332808378
Optimal point found for initial point 3
Initial point 4. Random seed: 5150
Numerical optimization started with ultrametric constraint
Initial phi: 0.3279294937884086. Initial nu: 0.47109417023199607. Initial nllh: 4208.167531794966
EM finished after 15 iterations.
Optimal phi: 0. Optimal nu: 3.448554884207058e-08. Optimal nllh: 1925.5464400359556
Optimal point found for initial point 4
Initial point 5. Random seed: 6010
Numerical optimization started with ultrametric constraint
Initial phi: 0.7248940947743124. Initial nu: 0.09381917061225731. Initial nllh: 6983.955618204981
EM finished after 8 iterations.
Optimal phi: 0. Optimal nu: 3.8695326818666345e-08. Optimal nllh: 1925.546457662289
Optimal point found for initial point 5
Initial point 6. Random seed: 5040
Numerical optimization started with ultrametric constraint
Initial phi: 0.3695662860362749. Initial nu: 0.9896935127687092. Initial nllh: 5301.20710603485
EM finished after 12 iterations.
Optimal phi: 0. Optimal nu: 0.0. Optimal nllh: 1925.54638619651
Optimal point found for initial point 6
Initial point 7. Random seed: 6928
Numerical optimization started with ultrametric constraint
Initial phi: 0.9636568419946157. Initial nu: 0.5249053813256311. Initial nllh: 15382.320775860684
EM finished after 13 iterations.
Optimal phi: 0. Optimal nu: 3.8816137541546024e-08. Optimal nllh: 1925.546447577519
Optimal point found for initial point 7
Initial point 8. Random seed: 9815
Numerical optimization started with ultrametric constraint
Initial phi: 0.8021798502417916. Initial nu: 0.0003615708694413855. Initial nllh: 8083.999444334452
EM finished after 5 iterations.
Optimal phi: 0. Optimal nu: 3.828948887380031e-08. Optimal nllh: 1925.546447899039
Optimal point found for initial point 8
Initial point 9. Random seed: 1007
Numerical optimization started with ultrametric constraint
Initial phi: 0.8618535785014102. Initial nu: 0.2679538698813784. Initial nllh: 9886.983784066411
EM finished after 10 iterations.
Optimal phi: 0. Optimal nu: 2.9923895720796577e-08. Optimal nllh: 1925.5464381961042
Optimal point found for initial point 9
Initial point 10. Random seed: 8530
Numerical optimization started with ultrametric constraint
Initial phi: 0.18353760688445667. Initial nu: 0.25150792436261776. Initial nllh: 3108.686813054523
EM finished after 12 iterations.
Optimal phi: 0. Optimal nu: 1.7439142909759585e-08. Optimal nllh: 1925.5464126762845
Optimal point found for initial point 10
Numerical optimization finished successfully
Runtime (s): 20.586505291
