/Users/uym2/opt/anaconda3/lib/python3.9/site-packages/cvxpy/atoms/elementwise/log.py:35: RuntimeWarning: divide by zero encountered in log
  return np.log(values[0])
Launching Problin version 0.5b
Problin was called as follow: /Users/uym2/my_gits/problin/run_problin.py -c s13c4/k200_lin_character_matrix.csv -t s13c4/true_tree.nwk --delimiter comma -p s13c4/k200_lin_priors.csv -o s13c4/k200_lin_problin --nInitials 10 --ultrametric
Optimizing branch lengths, phi, and nu without topology search
Optimization by EM algorithm
Initial point 1. Random seed: 5781
Numerical optimization started with ultrametric constraint
Initial phi: 0.8293593609106709. Initial nu: 0.7783025437419363. Initial nllh: 337169.0814222444
EM finished after 20 iterations.
Optimal phi: 0. Optimal nu: 3.748598922999502e-08. Optimal nllh: 1844.1132697315566
Optimal point found for initial point 1
Initial point 2. Random seed: 4003
Numerical optimization started with ultrametric constraint
Initial phi: 0.47868015805612135. Initial nu: 0.6293978817283407. Initial nllh: 5387.652560497225
EM finished after 20 iterations.
Optimal phi: 0. Optimal nu: 3.6716684459538134e-08. Optimal nllh: 1844.1132713184847
Optimal point found for initial point 2
Initial point 3. Random seed: 6493
Numerical optimization started with ultrametric constraint
Initial phi: 0.02964898061433353. Initial nu: 0.29140286850157204. Initial nllh: 2453.0680277441684
EM finished after 18 iterations.
Optimal phi: 0. Optimal nu: 2.906557698049266e-08. Optimal nllh: 1844.1132486248798
Optimal point found for initial point 3
Initial point 4. Random seed: 3324
Numerical optimization started with ultrametric constraint
Initial phi: 0.6137446487083278. Initial nu: 0.1424309468563375. Initial nllh: 5700.628331156873
EM finished after 12 iterations.
Optimal phi: 0. Optimal nu: 4.021115374400375e-08. Optimal nllh: 1844.113325425279
Optimal point found for initial point 4
Initial point 5. Random seed: 6747
Numerical optimization started with ultrametric constraint
Initial phi: 0.6126509290467785. Initial nu: 0.675028981119464. Initial nllh: 6593.8246236334035
EM finished after 21 iterations.
Optimal phi: 0. Optimal nu: 0.0. Optimal nllh: 1844.1131995424917
Optimal point found for initial point 5
Initial point 6. Random seed: 4431
Numerical optimization started with ultrametric constraint
Initial phi: 0.3288009115671676. Initial nu: 0.30701278672014504. Initial nllh: 3880.2135894946696
EM finished after 15 iterations.
Optimal phi: 0. Optimal nu: 1.6466927406959647e-08. Optimal nllh: 1844.1132922217041
Optimal point found for initial point 6
Initial point 7. Random seed: 8818
Numerical optimization started with ultrametric constraint
Initial phi: 0.7146242898415369. Initial nu: 0.6989841594398589. Initial nllh: 7795.459535359276
EM finished after 19 iterations.
Optimal phi: 0. Optimal nu: 3.7857570886556374e-08. Optimal nllh: 1844.1132984148069
Optimal point found for initial point 7
Initial point 8. Random seed: 4629
Numerical optimization started with ultrametric constraint
Initial phi: 0.6348647537718728. Initial nu: 0.36658056161227126. Initial nllh: 6294.742001532815
EM finished after 17 iterations.
Optimal phi: 0. Optimal nu: 3.528717593511526e-08. Optimal nllh: 1844.1132882424217
Optimal point found for initial point 8
Initial point 9. Random seed: 323
Numerical optimization started with ultrametric constraint
Initial phi: 0.5460910789584121. Initial nu: 0.9693215098629934. Initial nllh: 6490.759145609701
EM finished after 23 iterations.
Optimal phi: 0. Optimal nu: 3.691518062103579e-08. Optimal nllh: 1844.1132538554618
Optimal point found for initial point 9
Initial point 10. Random seed: 1979
Numerical optimization started with ultrametric constraint
Initial phi: 0.8859311673682989. Initial nu: 0.543571006513964. Initial nllh: 11016.321859441647
EM finished after 18 iterations.
Optimal phi: 0. Optimal nu: 3.7353550093972085e-08. Optimal nllh: 1844.11329993176
Optimal point found for initial point 10
Numerical optimization finished successfully
Runtime (s): 31.683367999999998
