/Users/uym2/opt/anaconda3/lib/python3.9/site-packages/cvxpy/atoms/elementwise/log.py:35: RuntimeWarning: divide by zero encountered in log
  return np.log(values[0])
Launching Problin version 0.5b
Problin was called as follow: /Users/uym2/my_gits/problin/run_problin.py -c s10c4/k200_exp_character_matrix.csv -t s10c4/true_tree.nwk --delimiter comma -p s10c4/k200_exp_priors.csv -o s10c4/k200_exp_problin --nInitials 10 --ultrametric
Optimizing branch lengths, phi, and nu without topology search
Optimization by EM algorithm
Initial point 1. Random seed: 3568
Numerical optimization started with ultrametric constraint
Initial phi: 0.6227353657041099. Initial nu: 0.9263516105700575. Initial nllh: 185895.170052783
EM finished after 9 iterations.
Optimal phi: 0. Optimal nu: 4.093914270935469e-08. Optimal nllh: 873.2069946671877
Optimal point found for initial point 1
Initial point 2. Random seed: 3255
Numerical optimization started with ultrametric constraint
Initial phi: 0.07409522811100888. Initial nu: 0.8845032994144176. Initial nllh: 1706.9668670640033
EM finished after 9 iterations.
Optimal phi: 0. Optimal nu: 4.269682779132493e-08. Optimal nllh: 873.2069957364617
Optimal point found for initial point 2
Initial point 3. Random seed: 3284
Numerical optimization started with ultrametric constraint
Initial phi: 0.429588190210184. Initial nu: 0.5916538449832337. Initial nllh: 2450.7208910972877
EM finished after 8 iterations.
Optimal phi: 0. Optimal nu: 4.0462009424419406e-08. Optimal nllh: 873.2069948575966
Optimal point found for initial point 3
Initial point 4. Random seed: 1747
Numerical optimization started with ultrametric constraint
Initial phi: 0.40534856057193286. Initial nu: 0.36353872042838414. Initial nllh: 2192.166306221647
EM finished after 8 iterations.
Optimal phi: 0. Optimal nu: 4.578666577112495e-08. Optimal nllh: 873.2069983528831
Optimal point found for initial point 4
Initial point 5. Random seed: 7078
Numerical optimization started with ultrametric constraint
Initial phi: 0.5923726843961011. Initial nu: 0.9641660909941225. Initial nllh: 3409.027911709678
EM finished after 9 iterations.
Optimal phi: 0. Optimal nu: 4.107776626975901e-08. Optimal nllh: 873.2069945403624
Optimal point found for initial point 5
Initial point 6. Random seed: 8036
Numerical optimization started with ultrametric constraint
Initial phi: 0.1434789251640651. Initial nu: 0.7060404632276893. Initial nllh: 1725.5931360874727
EM finished after 8 iterations.
Optimal phi: 0. Optimal nu: 4.046103324401072e-08. Optimal nllh: 873.2069950557074
Optimal point found for initial point 6
Initial point 7. Random seed: 6201
Numerical optimization started with ultrametric constraint
Initial phi: 0.40768825473081205. Initial nu: 0.09943061558114481. Initial nllh: 1997.068763451581
EM finished after 7 iterations.
Optimal phi: 0. Optimal nu: 4.11653246483167e-08. Optimal nllh: 873.206994613284
Optimal point found for initial point 7
Initial point 8. Random seed: 4935
Numerical optimization started with ultrametric constraint
Initial phi: 0.4573038291516191. Initial nu: 0.7447998626570115. Initial nllh: 2668.039906172723
EM finished after 9 iterations.
Optimal phi: 0. Optimal nu: 4.0603969252006606e-08. Optimal nllh: 873.2069940877327
Optimal point found for initial point 8
Initial point 9. Random seed: 1200
Numerical optimization started with ultrametric constraint
Initial phi: 0.060780703518129114. Initial nu: 0.19027163023584867. Initial nllh: 1144.8541529722804
EM finished after 7 iterations.
Optimal phi: 0. Optimal nu: 3.980415524896807e-08. Optimal nllh: 873.2069944101548
Optimal point found for initial point 9
Initial point 10. Random seed: 7244
Numerical optimization started with ultrametric constraint
Initial phi: 0.7876350912091519. Initial nu: 0.32285148969908545. Initial nllh: 4220.234284905103
EM finished after 8 iterations.
Optimal phi: 0. Optimal nu: 4.057379592546595e-08. Optimal nllh: 873.2069942660734
Optimal point found for initial point 10
Numerical optimization finished successfully
Runtime (s): 9.254791584
