Launching Problin version 0.5b
Problin was called as follow: /Users/uym2/my_gits/problin/run_problin.py -c s10c4/k200_const_character_matrix.csv -t s10c4/true_tree.nwk --delimiter comma -p s10c4/k200_const_priors.csv -o s10c4/k200_const_problin --nInitials 10 --ultrametric
Optimizing branch lengths, phi, and nu without topology search
Optimization by EM algorithm
Initial point 1. Random seed: 4582
Numerical optimization started with ultrametric constraint
Initial phi: 0.5840536693920011. Initial nu: 0.05602520977257802. Initial nllh: 63958.92048592932
EM finished after 8 iterations.
Optimal phi: 0. Optimal nu: 3.8227432910622994e-08. Optimal nllh: 1024.7870121482956
Optimal point found for initial point 1
Initial point 2. Random seed: 3247
Numerical optimization started with ultrametric constraint
Initial phi: 0.7136221355087072. Initial nu: 0.778660637394251. Initial nllh: 4191.627221121946
EM finished after 8 iterations.
Optimal phi: 0. Optimal nu: 3.807991708197207e-08. Optimal nllh: 1024.7870122477766
Optimal point found for initial point 2
Initial point 3. Random seed: 6064
Numerical optimization started with ultrametric constraint
Initial phi: 0.2457173846608889. Initial nu: 0.4905290009647282. Initial nllh: 2008.290775343243
EM finished after 8 iterations.
Optimal phi: 0. Optimal nu: 3.7601140599933126e-08. Optimal nllh: 1024.787011010467
Optimal point found for initial point 3
Initial point 4. Random seed: 3381
Numerical optimization started with ultrametric constraint
Initial phi: 0.2862903251421021. Initial nu: 0.8521383941160776. Initial nllh: 2428.1422681473427
EM finished after 9 iterations.
Optimal phi: 0. Optimal nu: 4.122307861641077e-08. Optimal nllh: 1024.787013358226
Optimal point found for initial point 4
Initial point 5. Random seed: 8691
Numerical optimization started with ultrametric constraint
Initial phi: 0.7821427303657429. Initial nu: 0.059258482952230886. Initial nllh: 4123.29867373669
EM finished after 6 iterations.
Optimal phi: 0. Optimal nu: 3.755887520071623e-08. Optimal nllh: 1024.787010976151
Optimal point found for initial point 5
Initial point 6. Random seed: 128
Numerical optimization started with ultrametric constraint
Initial phi: 0.9089252127145732. Initial nu: 0.39547785740262703. Initial nllh: 6155.170190001548
EM finished after 8 iterations.
Optimal phi: 0. Optimal nu: 4.010719045370948e-08. Optimal nllh: 1024.7870128695265
Optimal point found for initial point 6
Initial point 7. Random seed: 2876
Numerical optimization started with ultrametric constraint
Initial phi: 0.9025904010847678. Initial nu: 0.21165410959897632. Initial nllh: 5863.466825747236
EM finished after 8 iterations.
Optimal phi: 0. Optimal nu: 3.748141992739958e-08. Optimal nllh: 1024.787010126176
Optimal point found for initial point 7
Initial point 8. Random seed: 9622
Numerical optimization started with ultrametric constraint
Initial phi: 0.9538695221417521. Initial nu: 0.5969497532711397. Initial nllh: 7687.896825203937
EM finished after 8 iterations.
Optimal phi: 0. Optimal nu: 4.0665631187614204e-08. Optimal nllh: 1024.787013945293
Optimal point found for initial point 8
Initial point 9. Random seed: 6614
Numerical optimization started with ultrametric constraint
Initial phi: 0.6280478048217292. Initial nu: 0.8968426485613692. Initial nllh: 3769.7970985650986
EM finished after 8 iterations.
Optimal phi: 0. Optimal nu: 4.3225286186380074e-08. Optimal nllh: 1024.7870169569485
Optimal point found for initial point 9
Initial point 10. Random seed: 145
Numerical optimization started with ultrametric constraint
Initial phi: 0.18424224226314428. Initial nu: 0.39572043723028394. Initial nllh: 1770.5043955060219
EM finished after 8 iterations.
Optimal phi: 0. Optimal nu: 3.7725039296904653e-08. Optimal nllh: 1024.7870108329644
Optimal point found for initial point 10
Numerical optimization finished successfully
Runtime (s): 8.865522417000001
