dataset s10c1
Optimization using leaf locations
Initial point 1. Random seed: 2982
Solving with ultrametric constraint
Optimal point found for initial point 1
Negative llh: 186.94946684722694
Dropout rate: 0
Silencing rate: 0
Initial point 2. Random seed: 6155
Solving with ultrametric constraint
Optimal point found for initial point 2
Negative llh: 186.29453129563615
Dropout rate: 0
Silencing rate: 0
Initial point 3. Random seed: 7743
Solving with ultrametric constraint
Optimal point found for initial point 3
Negative llh: 8705.156354755418
Dropout rate: 0
Silencing rate: 0
Initial point 4. Random seed: 2703
Solving with ultrametric constraint
Optimal point found for initial point 4
Negative llh: 185.75562377334364
Dropout rate: 0
Silencing rate: 0
Initial point 5. Random seed: 3363
Solving with ultrametric constraint
Optimal point found for initial point 5
Negative llh: 8990.573233882633
Dropout rate: 0
Silencing rate: 0
Initial point 6. Random seed: 4970
Solving with ultrametric constraint
Optimal point found for initial point 6
Negative llh: 7309.386346800582
Dropout rate: 0
Silencing rate: 0
Initial point 7. Random seed: 4738
Solving with ultrametric constraint
Optimal point found for initial point 7
Negative llh: 5336.894407267516
Dropout rate: 0
Silencing rate: 0
Initial point 8. Random seed: 897
Solving with ultrametric constraint
Optimal point found for initial point 8
Negative llh: 185.755623380649
Dropout rate: 0
Silencing rate: 0
Initial point 9. Random seed: 2294
Solving with ultrametric constraint
Optimal point found for initial point 9
Negative llh: 185.75566334218118
Dropout rate: 0
Silencing rate: 0
Initial point 10. Random seed: 2672
Solving with ultrametric constraint
Optimal point found for initial point 10
Negative llh: 185.75636022687127
Dropout rate: 0
Silencing rate: 0
Initial point 11. Random seed: 3508
Solving with ultrametric constraint
Optimal point found for initial point 11
Negative llh: 185.75564828357045
Dropout rate: 0
Silencing rate: 0
Initial point 12. Random seed: 8696
Solving with ultrametric constraint
Optimal point found for initial point 12
Negative llh: 185.7556708678719
Dropout rate: 0
Silencing rate: 0
Initial point 13. Random seed: 874
Solving with ultrametric constraint
Optimal point found for initial point 13
Negative llh: 191.70118673360508
Dropout rate: 0
Silencing rate: 0
Initial point 14. Random seed: 2135
Solving with ultrametric constraint
Optimal point found for initial point 14
Negative llh: 186.29454667247848
Dropout rate: 0
Silencing rate: 0
Initial point 15. Random seed: 3753
Solving with ultrametric constraint
Optimal point found for initial point 15
Negative llh: 186.29458622076268
Dropout rate: 0
Silencing rate: 0
Initial point 16. Random seed: 7755
Solving with ultrametric constraint
Optimal point found for initial point 16
Negative llh: 186.29449397387913
Dropout rate: 0
Silencing rate: 0
Initial point 17. Random seed: 6074
Solving with ultrametric constraint
Optimal point found for initial point 17
Negative llh: 185.75563980554517
Dropout rate: 0
Silencing rate: 0
Initial point 18. Random seed: 7758
Solving with ultrametric constraint
Optimal point found for initial point 18
Negative llh: 188.933749471111
Dropout rate: 0
Silencing rate: 0
Initial point 19. Random seed: 5722
Solving with ultrametric constraint
Optimal point found for initial point 19
Negative llh: 191.33754800540987
Dropout rate: 0
Silencing rate: 0
Initial point 20. Random seed: 5485
Solving with ultrametric constraint
Optimal point found for initial point 20
Negative llh: 189.29177018572065
Dropout rate: 0
Silencing rate: 0
Optimal nllh: 185.755623380649
