Launching Problin version 0.5p
Problin was called as follow: /Users/uym2/my_gits/problin/run_problin.py -c s9c1/k10_r1_character_matrix.csv -t s9c1/true_tree.nwk -S s9c1/leaf_locations.txt --delimiter comma -p s9c1/k10_priors.csv -o s9c1/k10_r1_spalin_leaves.txt --nInitials 10
Optimization by Spalin: Scipy-SLSQP using spatial information
Optimizing branch lengths, phi, and nu without topology search
Initial point 1. Random seed: 6494
Solving ML without ultrametric constraint
Optimal point found for initial point 1
Negative llh: 209.2782782758661
Dropout rate: 1e-10
Silencing rate: 1e-10
Initial point 2. Random seed: 3294
Solving ML without ultrametric constraint
Optimal point found for initial point 2
Negative llh: 211.9022933732973
Dropout rate: 1e-10
Silencing rate: 1e-10
Initial point 3. Random seed: 5078
Solving ML without ultrametric constraint
Optimal point found for initial point 3
Negative llh: 208.71255261142375
Dropout rate: 9.99240015072732e-10
Silencing rate: 6.332844636078882e-10
Initial point 4. Random seed: 5414
Solving ML without ultrametric constraint
Optimal point found for initial point 4
Negative llh: 208.24360881696094
Dropout rate: 1e-10
Silencing rate: 1e-10
Initial point 5. Random seed: 3575
Solving ML without ultrametric constraint
Optimal point found for initial point 5
Negative llh: 208.24435787848955
Dropout rate: 3.984513218103896e-10
Silencing rate: 1.452078572310836e-10
Initial point 6. Random seed: 4026
Solving ML without ultrametric constraint
Optimal point found for initial point 6
Negative llh: 207.72736798253567
Dropout rate: 5.23404460838457e-09
Silencing rate: 1e-10
Initial point 7. Random seed: 9411
Solving ML without ultrametric constraint
Optimal point found for initial point 7
Negative llh: 207.69736151760216
Dropout rate: 2.4153158266099815e-10
Silencing rate: 1.8622738088298072e-10
Initial point 8. Random seed: 6254
Solving ML without ultrametric constraint
Optimal point found for initial point 8
Negative llh: 206.1341568292359
Dropout rate: 1e-10
Silencing rate: 1e-10
Initial point 9. Random seed: 726
Solving ML without ultrametric constraint
Optimal point found for initial point 9
Negative llh: 206.13450766606678
Dropout rate: 1.343094562819743e-10
Silencing rate: 1.1982760445291951e-10
Initial point 10. Random seed: 3444
Solving ML without ultrametric constraint
Optimal point found for initial point 10
Negative llh: 209.27826842236695
Dropout rate: 1.3254770640651837e-09
Silencing rate: 8.261843042933926e-10
Runtime (s): 118.927255916
