Launching Problin version 0.5b
Problin was called as follow: /Users/uym2/my_gits/problin/run_problin.py -c s9c1/k10_r1_character_matrix.csv -t s9c1/true_tree.nwk --delimiter comma -p s9c1/k10_priors.csv -o s9c1/k10_r1_problin_ultrametric --nInitials 10 --ultrametric
Optimizing branch lengths, phi, and nu without topology search
Optimization by EM algorithm
Initial point 1. Random seed: 5908
Numerical optimization started with ultrametric constraint
Initial phi: 0.2288032809751671. Initial nu: 0.09162025512152448. Initial nllh: 5188.961064162921
EM finished after 29 iterations.
Optimal phi: 0. Optimal nu: 9.494961086617278e-07. Optimal nllh: 68.0904294512282
Optimal point found for initial point 1
Initial point 2. Random seed: 5871
Numerical optimization started with ultrametric constraint
Initial phi: 0.4162974234039764. Initial nu: 0.5486548282448506. Initial nllh: 198.2209204389835
EM finished after 30 iterations.
Optimal phi: 0. Optimal nu: 9.502016302338103e-07. Optimal nllh: 68.09041225165
Optimal point found for initial point 2
Initial point 3. Random seed: 8854
Numerical optimization started with ultrametric constraint
Initial phi: 0.30619542980050307. Initial nu: 0.567653555724392. Initial nllh: 170.1791039970817
EM finished after 20 iterations.
Optimal phi: 0. Optimal nu: 9.494794120031249e-07. Optimal nllh: 68.09042799797031
Optimal point found for initial point 3
Initial point 4. Random seed: 992
Numerical optimization started with ultrametric constraint
Initial phi: 0.48015108743791024. Initial nu: 0.04972622942843576. Initial nllh: 182.94504974823062
EM finished after 7 iterations.
Optimal phi: 0. Optimal nu: 9.506021102765337e-07. Optimal nllh: 68.09042620206333
Optimal point found for initial point 4
Initial point 5. Random seed: 8765
Numerical optimization started with ultrametric constraint
Initial phi: 0.8892923607263674. Initial nu: 0.23454120113624777. Initial nllh: 458.82801186400604
EM finished after 26 iterations.
Optimal phi: 0. Optimal nu: 9.50739484771734e-07. Optimal nllh: 68.09041171175133
Optimal point found for initial point 5
Initial point 6. Random seed: 8520
Numerical optimization started with ultrametric constraint
Initial phi: 0.5067234806607674. Initial nu: 0.15979138074000407. Initial nllh: 199.5800271769734
EM finished after 20 iterations.
Optimal phi: 0. Optimal nu: 9.498235303670059e-07. Optimal nllh: 68.09041285422254
Optimal point found for initial point 6
Initial point 7. Random seed: 2207
Numerical optimization started with ultrametric constraint
Initial phi: 0.32420712741792607. Initial nu: 0.5566980717907676. Initial nllh: 173.8826240574549
EM finished after 19 iterations.
Optimal phi: 0. Optimal nu: 9.493382966232756e-07. Optimal nllh: 68.09043177140619
Optimal point found for initial point 7
Initial point 8. Random seed: 4338
Numerical optimization started with ultrametric constraint
Initial phi: 0.8823935625062326. Initial nu: 0.6715808040581471. Initial nllh: 479.18493511515527
EM finished after 30 iterations.
Optimal phi: 0. Optimal nu: 9.503316606344238e-07. Optimal nllh: 68.09041281522181
Optimal point found for initial point 8
Initial point 9. Random seed: 9134
Numerical optimization started with ultrametric constraint
Initial phi: 0.32938851424784726. Initial nu: 0.11015460901645349. Initial nllh: 143.8901950383334
EM finished after 19 iterations.
Optimal phi: 0. Optimal nu: 8.967318510893253e-07. Optimal nllh: 68.09040801723546
Optimal point found for initial point 9
Initial point 10. Random seed: 3563
Numerical optimization started with ultrametric constraint
Initial phi: 0.02837211957090224. Initial nu: 0.6188150745991464. Initial nllh: 116.51243457302218
EM finished after 30 iterations.
Optimal phi: 0. Optimal nu: 9.497066088910498e-07. Optimal nllh: 68.09041229499768
Optimal point found for initial point 10
Numerical optimization finished successfully
Runtime (s): 14.21705625
