Launching Problin version 0.5b
Problin was called as follow: /Users/uym2/my_gits/problin/run_problin.py -c s9c1/k10_r2_character_matrix.csv -t s9c1/true_tree.nwk -S s9c1/leaf_locations.txt --delimiter comma -p s9c1/k10_priors.csv -o s9c1/k10_r2_spalin_leaves.txt --nInitials 10
Optimization by Spalin: Scipy-SLSQP using spatial information
Optimizing branch lengths, phi, and nu without topology search
Initial point 1. Random seed: 9213
Solving ML without ultrametric constraint
Optimal point found for initial point 1
Negative llh: 248.19849049888904
Dropout rate: 2.034151679726758e-09
Silencing rate: 1.2270137387715367e-09
Sigma: 21.236203644402995
Initial point 2. Random seed: 1407
Solving ML without ultrametric constraint
Optimal point found for initial point 2
Negative llh: 247.53029030186184
Dropout rate: 1.1835275043049478e-10
Silencing rate: 1.106155084722559e-10
Sigma: 19.990914945452452
Initial point 3. Random seed: 5605
Solving ML without ultrametric constraint
Optimal point found for initial point 3
Negative llh: 246.73519858459912
Dropout rate: 1e-10
Silencing rate: 1e-10
Sigma: 20.675429401562603
Initial point 4. Random seed: 6580
Solving ML without ultrametric constraint
Optimal point found for initial point 4
Negative llh: 248.4508213544736
Dropout rate: 8.579828428409719e-10
Silencing rate: 5.772511478557691e-10
Sigma: 19.952619032577015
Initial point 5. Random seed: 4367
Solving ML without ultrametric constraint
Optimal point found for initial point 5
Negative llh: 261.6163192514995
Dropout rate: 2.4009943500693714e-10
Silencing rate: 1.921263541751025e-10
Sigma: 21.864641105349463
Initial point 6. Random seed: 9404
Solving ML without ultrametric constraint
Optimal point found for initial point 6
Negative llh: 250.47611338279978
Dropout rate: 2.7947602413413063e-09
Silencing rate: 1.7436430900199265e-09
Sigma: 21.214085067251133
Initial point 7. Random seed: 74
Solving ML without ultrametric constraint
Optimal point found for initial point 7
Negative llh: 248.87463975226558
Dropout rate: 1e-10
Silencing rate: 1e-10
Sigma: 19.28002646234348
Initial point 8. Random seed: 4739
Solving ML without ultrametric constraint
Optimal point found for initial point 8
Negative llh: 246.73474534639405
Dropout rate: 1.000000000000009e-10
Silencing rate: 1.000000000000009e-10
Sigma: 20.677436398772368
Initial point 9. Random seed: 7937
Solving ML without ultrametric constraint
Optimal point found for initial point 9
Negative llh: 249.15251584950067
Dropout rate: 1e-10
Silencing rate: 1e-10
Sigma: 20.27773753877846
Initial point 10. Random seed: 1059
Solving ML without ultrametric constraint
Optimal point found for initial point 10
Negative llh: 248.39658212138792
Dropout rate: 1e-10
Silencing rate: 1e-10
Sigma: 20.555086588393717
Runtime (s): 134.171549833
