Launching Problin version 0.5p
Problin was called as follow: /Users/uym2/my_gits/problin/run_problin.py -c s10c1/k10_r2_character_matrix.csv -t s10c1/true_tree.nwk -S s10c1/leaf_locations.txt --delimiter comma -p s10c1/k10_priors.csv -o s10c1/k10_r2_spalin_leaves.txt --nInitials 10
Optimization by Spalin: Scipy-SLSQP using spatial information
Optimizing branch lengths, phi, and nu without topology search
Initial point 1. Random seed: 812
Solving ML without ultrametric constraint
Optimal point found for initial point 1
Negative llh: 158.7548674774548
Dropout rate: 1e-10
Silencing rate: 1e-10
Initial point 2. Random seed: 3777
Solving ML without ultrametric constraint
Optimal point found for initial point 2
Negative llh: 158.75512128013153
Dropout rate: 9.999999999999998e-11
Silencing rate: 1.0000000000000002e-10
Initial point 3. Random seed: 6629
Solving ML without ultrametric constraint
Optimal point found for initial point 3
Negative llh: 160.01069384601414
Dropout rate: 1.0000000000000007e-10
Silencing rate: 1.0000000000000007e-10
Initial point 4. Random seed: 5955
Solving ML without ultrametric constraint
Optimal point found for initial point 4
Negative llh: 160.00987577019225
Dropout rate: 1e-10
Silencing rate: 1e-10
Initial point 5. Random seed: 9153
Solving ML without ultrametric constraint
Optimal point found for initial point 5
Negative llh: 158.7548659483732
Dropout rate: 1e-10
Silencing rate: 1e-10
Initial point 6. Random seed: 9839
Solving ML without ultrametric constraint
Optimal point found for initial point 6
Negative llh: 166.3701870743989
Dropout rate: 1.0000000000000007e-10
Silencing rate: 1.0000000000000007e-10
Initial point 7. Random seed: 5353
Solving ML without ultrametric constraint
Optimal point found for initial point 7
Negative llh: 164.16261959246532
Dropout rate: 3.154407902846095e-09
Silencing rate: 2.7810103228930004e-09
Initial point 8. Random seed: 3472
Solving ML without ultrametric constraint
Optimal point found for initial point 8
Negative llh: 164.16260895220452
Dropout rate: 1e-10
Silencing rate: 1e-10
Initial point 9. Random seed: 2672
Solving ML without ultrametric constraint
Optimal point found for initial point 9
Negative llh: 166.37156321053078
Dropout rate: 3.5203620679854156e-09
Silencing rate: 3.1859132309599004e-09
Initial point 10. Random seed: 8440
Solving ML without ultrametric constraint
Optimal point found for initial point 10
Negative llh: 164.16342330136507
Dropout rate: 2.3720416374814975e-09
Silencing rate: 2.199779841718344e-09
Runtime (s): 42.266801292
