Launching Problin version 0.5b
Problin was called as follow: /Users/uym2/my_gits/problin/run_problin.py -c s10c1/k10_r3_character_matrix.csv -t s10c1/true_tree.nwk --delimiter comma -p s10c1/k10_priors.csv -o s10c1/k10_r3_problin.txt --nInitials 10
Optimization by EM algorithm
Optimizing branch lengths, phi, and nu without topology search
Initial point 1. Random seed: 2131
Solving ML without ultrametric constraint
Initial phi: 0.5488626311713031. Initial nu: 0.2585929232367371. Initial nllh: 5575.381327856977
EM finished after 62 iterations.
Optimal point found for initial point 1
Negative llh: 59.9252596630776
Dropout rate: 0
Silencing rate: 3.9738994863521135e-07
Initial point 2. Random seed: 3200
Solving ML without ultrametric constraint
Initial phi: 0.36275274961233933. Initial nu: 0.024753280992481863. Initial nllh: 115.98196505657543
EM finished after 8 iterations.
Optimal point found for initial point 2
Negative llh: 59.92525997411704
Dropout rate: 0
Silencing rate: 3.9983272263483343e-07
Initial point 3. Random seed: 3155
Solving ML without ultrametric constraint
Initial phi: 0.7442582162568862. Initial nu: 0.01480942918164172. Initial nllh: 224.74325996065522
EM finished after 7 iterations.
Optimal point found for initial point 3
Negative llh: 59.92525957032781
Dropout rate: 0
Silencing rate: 3.945706139177423e-07
Initial point 4. Random seed: 6338
Solving ML without ultrametric constraint
Initial phi: 0.5190085172335024. Initial nu: 0.1982540397942251. Initial nllh: 163.6522092759059
EM finished after 23 iterations.
Optimal point found for initial point 4
Negative llh: 59.92525940790906
Dropout rate: 0
Silencing rate: 3.942284555182766e-07
Initial point 5. Random seed: 9364
Solving ML without ultrametric constraint
Initial phi: 0.3210005752176258. Initial nu: 0.737866174263899. Initial nllh: 165.55287190214182
EM finished after 47 iterations.
Optimal point found for initial point 5
Negative llh: 59.92525949589774
Dropout rate: 0
Silencing rate: 3.953246627157249e-07
Initial point 6. Random seed: 7418
Solving ML without ultrametric constraint
Initial phi: 0.5057729391498603. Initial nu: 0.18232092099021024. Initial nllh: 159.11725365076077
EM finished after 22 iterations.
Optimal point found for initial point 6
Negative llh: 59.925259394372404
Dropout rate: 0
Silencing rate: 3.9405447048183827e-07
Initial point 7. Random seed: 8901
Solving ML without ultrametric constraint
Initial phi: 0.10523755275451625. Initial nu: 0.5961884493315858. Initial nllh: 121.07880156927348
EM finished after 41 iterations.
Optimal point found for initial point 7
Negative llh: 59.92525987864244
Dropout rate: 0
Silencing rate: 4.0009337047058125e-07
Initial point 8. Random seed: 7517
Solving ML without ultrametric constraint
Initial phi: 0.14680323330297795. Initial nu: 0.12571264002979918. Initial nllh: 89.0582672902859
EM finished after 16 iterations.
Optimal point found for initial point 8
Negative llh: 59.92525980830229
Dropout rate: 0
Silencing rate: 3.992116748630362e-07
Initial point 9. Random seed: 9510
Solving ML without ultrametric constraint
Initial phi: 0.34783339762944937. Initial nu: 0.9842757858968456. Initial nllh: 190.1514800485698
EM finished after 52 iterations.
Optimal point found for initial point 9
Negative llh: 59.92525952304612
Dropout rate: 0
Silencing rate: 3.9569146467433143e-07
Initial point 10. Random seed: 9007
Solving ML without ultrametric constraint
Initial phi: 0.6069872102490766. Initial nu: 0.36172936421016855. Initial nllh: 201.00284180140375
EM finished after 32 iterations.
Optimal point found for initial point 10
Negative llh: 59.92525939064062
Dropout rate: 0
Silencing rate: 3.9400810141787715e-07
Traceback (most recent call last):
  File "/Users/uym2/my_gits/problin/run_problin.py", line 193, in <module>
    main()
  File "/Users/uym2/my_gits/problin/run_problin.py", line 172, in main
    fout.write("Sigma: " + str(opt_params['sigma']) + "\n")
KeyError: 'sigma'
