Launching Problin version 0.5p
Problin was called as follow: /Users/uym2/my_gits/problin/run_problin.py -c s10c1/k10_r2_character_matrix.csv -t s10c1/true_tree.nwk -S s10c1/true_locations.txt --delimiter comma -p s10c1/k10_priors.csv -o s10c1/k10_r2_spalin_all.txt --nInitials 10
Optimization by Spalin: Scipy-SLSQP using spatial information
Optimizing branch lengths, phi, and nu without topology search
Initial point 1. Random seed: 7183
Solving ML without ultrametric constraint
Optimal point found for initial point 1
Negative llh: 198.10537908833493
Dropout rate: 1.0000000000000002e-10
Silencing rate: 9.999999999999996e-11
Initial point 2. Random seed: 1455
Solving ML without ultrametric constraint
Optimal point found for initial point 2
Negative llh: 198.10537945940916
Dropout rate: 1.0000000000000007e-10
Silencing rate: 9.999999999999924e-11
Initial point 3. Random seed: 5648
Solving ML without ultrametric constraint
Optimal point found for initial point 3
Negative llh: 198.10537915026111
Dropout rate: 1.8914969265330993e-10
Silencing rate: 5.573795284987509e-10
Initial point 4. Random seed: 4539
Solving ML without ultrametric constraint
Optimal point found for initial point 4
Negative llh: 198.10537934876714
Dropout rate: 5.459648464529447e-10
Silencing rate: 1.935651976855933e-09
Initial point 5. Random seed: 865
Solving ML without ultrametric constraint
Optimal point found for initial point 5
Negative llh: 198.10537920124835
Dropout rate: 1.0000000000000002e-10
Silencing rate: 1.0000000000000002e-10
Initial point 6. Random seed: 8339
Solving ML without ultrametric constraint
Optimal point found for initial point 6
Negative llh: 198.10537913746722
Dropout rate: 1.0000000000000007e-10
Silencing rate: 1.0000000000000007e-10
Initial point 7. Random seed: 911
Solving ML without ultrametric constraint
Optimal point found for initial point 7
Negative llh: 198.10537913349737
Dropout rate: 1e-10
Silencing rate: 1e-10
Initial point 8. Random seed: 7305
Solving ML without ultrametric constraint
Optimal point found for initial point 8
Negative llh: 198.105379107828
Dropout rate: 9.999999999999996e-11
Silencing rate: 1.0000000000000007e-10
Initial point 9. Random seed: 8848
Solving ML without ultrametric constraint
Optimal point found for initial point 9
Negative llh: 198.10537950100897
Dropout rate: 9.145679788108387e-10
Silencing rate: 3.170615460846536e-09
Initial point 10. Random seed: 2390
Solving ML without ultrametric constraint
Optimal point found for initial point 10
Negative llh: 198.10537955430993
Dropout rate: 2.5708458408483942e-09
Silencing rate: 1.4169668587356588e-09
Runtime (s): 7.470089958000001
