Launching Problin version 0.5b
Problin was called as follow: /Users/uym2/my_gits/problin/run_problin.py -c s7c3/k10_lin_character_matrix.csv -t s7c3/true_tree.nwk --delimiter comma -p s7c3/k10_lin_priors.csv -o s7c3/k10_lin_problin --nInitials 10 --ultrametric
Optimizing branch lengths, phi, and nu without topology search
Optimization by EM algorithm
Initial point 1. Random seed: 8159
Numerical optimization started with ultrametric constraint
Initial phi: 0.3790612188999881. Initial nu: 0.24442486730907553. Initial nllh: 10428.975318704273
EM finished after 15 iterations.
Optimal phi: 0. Optimal nu: 1.204266873668771e-06. Optimal nllh: 95.22842618148397
Optimal point found for initial point 1
Initial point 2. Random seed: 4164
Numerical optimization started with ultrametric constraint
Initial phi: 0.4156424895907019. Initial nu: 0.21925385262557923. Initial nllh: 259.87001002369567
EM finished after 8 iterations.
Optimal phi: 0. Optimal nu: 1.234947047709735e-06. Optimal nllh: 95.22842893559027
Optimal point found for initial point 2
Initial point 3. Random seed: 9520
Numerical optimization started with ultrametric constraint
Initial phi: 0.9665639862059063. Initial nu: 0.28766165667528476. Initial nllh: 1038.3151268190884
EM finished after 9 iterations.
Optimal phi: 0. Optimal nu: 1.205607727771619e-06. Optimal nllh: 95.22842601207009
Optimal point found for initial point 3
Initial point 4. Random seed: 6381
Numerical optimization started with ultrametric constraint
Initial phi: 0.26896187334318894. Initial nu: 0.023116129299886438. Initial nllh: 182.17650858775275
EM finished after 7 iterations.
Optimal phi: 0. Optimal nu: 1.2002537297900094e-06. Optimal nllh: 95.22842527027568
Optimal point found for initial point 4
Initial point 5. Random seed: 3903
Numerical optimization started with ultrametric constraint
Initial phi: 0.15860271726270642. Initial nu: 0.826710257229017. Initial nllh: 214.7925746113696
EM finished after 10 iterations.
Optimal phi: 0. Optimal nu: 1.2027060121587996e-06. Optimal nllh: 95.22842568072166
Optimal point found for initial point 5
Initial point 6. Random seed: 7864
Numerical optimization started with ultrametric constraint
Initial phi: 0.38466901059053776. Initial nu: 0.4994115117563849. Initial nllh: 270.5306999953959
EM finished after 9 iterations.
Optimal phi: 0. Optimal nu: 1.213129231447723e-06. Optimal nllh: 95.2284269210108
Optimal point found for initial point 6
Initial point 7. Random seed: 477
Numerical optimization started with ultrametric constraint
Initial phi: 0.38166648533271863. Initial nu: 0.8148393660820524. Initial nllh: 296.9191297685289
EM finished after 12 iterations.
Optimal phi: 0. Optimal nu: 1.2042651943109043e-06. Optimal nllh: 95.2284255944796
Optimal point found for initial point 7
Initial point 8. Random seed: 8650
Numerical optimization started with ultrametric constraint
Initial phi: 0.9228597141657799. Initial nu: 0.8244946348817592. Initial nllh: 859.7468410645386
EM finished after 11 iterations.
Optimal phi: 0. Optimal nu: 1.2029294251643467e-06. Optimal nllh: 95.22842555062287
Optimal point found for initial point 8
Initial point 9. Random seed: 7887
Numerical optimization started with ultrametric constraint
Initial phi: 0.5700959820233804. Initial nu: 0.8107380278607151. Initial nllh: 394.69562740719084
EM finished after 12 iterations.
Optimal phi: 0. Optimal nu: 1.2041636113318574e-06. Optimal nllh: 95.22842558125443
Optimal point found for initial point 9
Initial point 10. Random seed: 9266
Numerical optimization started with ultrametric constraint
Initial phi: 0.11775594140835065. Initial nu: 0.09688050497860815. Initial nllh: 137.89427102933283
EM finished after 9 iterations.
Optimal phi: 0. Optimal nu: 1.2030065824753889e-06. Optimal nllh: 95.22842545874812
Optimal point found for initial point 10
Numerical optimization finished successfully
Runtime (s): 8.342645
