Launching Problin version 0.5b
Problin was called as follow: /Users/uym2/my_gits/problin/run_problin.py -c s7c3/k10_exp2_character_matrix.csv -t s7c3/true_tree.nwk --delimiter comma -p s7c3/k10_exp2_priors.csv -o s7c3/k10_exp2_problin --nInitials 10 --ultrametric
Optimizing branch lengths, phi, and nu without topology search
Optimization by EM algorithm
Initial point 1. Random seed: 9338
Numerical optimization started with ultrametric constraint
Initial phi: 0.1689322618688123. Initial nu: 0.2234836612749442. Initial nllh: 9722.444789140955
EM finished after 7 iterations.
Optimal phi: 0. Optimal nu: 2.199029533067968e-06. Optimal nllh: 60.121085237332686
Optimal point found for initial point 1
Initial point 2. Random seed: 3729
Numerical optimization started with ultrametric constraint
Initial phi: 0.5586249989957117. Initial nu: 0.041751486577809235. Initial nllh: 283.3882134340164
EM finished after 10 iterations.
Optimal phi: 0. Optimal nu: 2.202854229062672e-06. Optimal nllh: 60.12108491584555
Optimal point found for initial point 2
Initial point 3. Random seed: 8603
Numerical optimization started with ultrametric constraint
Initial phi: 0.1432174300145811. Initial nu: 0.8222779708589382. Initial nllh: 142.91247181343584
EM finished after 12 iterations.
Optimal phi: 0. Optimal nu: 2.1981784589043296e-06. Optimal nllh: 60.12108526833863
Optimal point found for initial point 3
Initial point 4. Random seed: 9686
Numerical optimization started with ultrametric constraint
Initial phi: 0.864461852216573. Initial nu: 0.6720385233915398. Initial nllh: 633.3411069674789
EM finished after 12 iterations.
Optimal phi: 0. Optimal nu: 2.2019828670408207e-06. Optimal nllh: 60.12108543562995
Optimal point found for initial point 4
Initial point 5. Random seed: 6099
Numerical optimization started with ultrametric constraint
Initial phi: 0.975845416028503. Initial nu: 0.821038872920675. Initial nllh: 1106.4024113710852
EM finished after 16 iterations.
Optimal phi: 0. Optimal nu: 2.1946930292076827e-06. Optimal nllh: 60.12108497101339
Optimal point found for initial point 5
Initial point 6. Random seed: 472
Numerical optimization started with ultrametric constraint
Initial phi: 0.7371187275282699. Initial nu: 0.5461779931680876. Initial nllh: 448.2541093702556
EM finished after 14 iterations.
Optimal phi: 0. Optimal nu: 2.1983224416230624e-06. Optimal nllh: 60.12108515254503
Optimal point found for initial point 6
Initial point 7. Random seed: 6141
Numerical optimization started with ultrametric constraint
Initial phi: 0.25077358970662933. Initial nu: 0.01904004309324023. Initial nllh: 139.395189144963
EM finished after 7 iterations.
Optimal phi: 0. Optimal nu: 2.199043600703795e-06. Optimal nllh: 60.1210852578889
Optimal point found for initial point 7
Initial point 8. Random seed: 955
Numerical optimization started with ultrametric constraint
Initial phi: 0.13564929088472505. Initial nu: 0.11420664936562273. Initial nllh: 105.50988251043493
EM finished after 10 iterations.
Optimal phi: 0. Optimal nu: 2.1836763123651982e-06. Optimal nllh: 60.121084538729356
Optimal point found for initial point 8
Initial point 9. Random seed: 146
Numerical optimization started with ultrametric constraint
Initial phi: 0.7515540922897727. Initial nu: 0.5895397328321574. Initial nllh: 465.647640685044
EM finished after 11 iterations.
Optimal phi: 0. Optimal nu: 2.201639395450441e-06. Optimal nllh: 60.121085633290036
Optimal point found for initial point 9
Initial point 10. Random seed: 6933
Numerical optimization started with ultrametric constraint
Initial phi: 0.20287916412526977. Initial nu: 0.8263288521563653. Initial nllh: 162.599908648992
EM finished after 12 iterations.
Optimal phi: 0. Optimal nu: 2.2011553724620786e-06. Optimal nllh: 60.121085423655394
Optimal point found for initial point 10
Numerical optimization finished successfully
Runtime (s): 9.291716000000001
