Launching Problin version 0.5p
Problin was called as follow: /Users/uym2/my_gits/problin/run_problin.py -c s2c2/k10_r1_character_matrix.csv -t s2c2/true_tree.nwk -S s2c2/true_locations.txt --delimiter comma -p s2c2/k10_priors.csv -o s2c2/k10_r1_spalin_all.txt --nInitials 10
Optimization by Spalin: Scipy-SLSQP using spatial information
Optimizing branch lengths, phi, and nu without topology search
Initial point 1. Random seed: 248
Solving ML without ultrametric constraint
Optimal point found for initial point 1
Negative llh: 225.40602090278213
Dropout rate: 3.4991270685722007e-10
Silencing rate: 3.0474852949933986e-10
Initial point 2. Random seed: 3630
Solving ML without ultrametric constraint
Optimal point found for initial point 2
Negative llh: 225.4060208547465
Dropout rate: 1.0000000000000002e-10
Silencing rate: 1.0000000000000002e-10
Initial point 3. Random seed: 4839
Solving ML without ultrametric constraint
Optimal point found for initial point 3
Negative llh: 225.40602096166444
Dropout rate: 1e-10
Silencing rate: 1e-10
Initial point 4. Random seed: 6235
Solving ML without ultrametric constraint
Optimal point found for initial point 4
Negative llh: 225.40602170125993
Dropout rate: 1.7356806922148215e-10
Silencing rate: 5.701323264932317e-10
Initial point 5. Random seed: 3729
Solving ML without ultrametric constraint
Optimal point found for initial point 5
Negative llh: 225.4060207306994
Dropout rate: 1e-10
Silencing rate: 1e-10
Initial point 6. Random seed: 5951
Solving ML without ultrametric constraint
Optimal point found for initial point 6
Negative llh: 225.40602090108396
Dropout rate: 3.750988423857566e-10
Silencing rate: 1.282128368509118e-09
Initial point 7. Random seed: 7619
Solving ML without ultrametric constraint
Optimal point found for initial point 7
Negative llh: 225.4060209851454
Dropout rate: 1e-10
Silencing rate: 1e-10
Initial point 8. Random seed: 3936
Solving ML without ultrametric constraint
Optimal point found for initial point 8
Negative llh: 225.40602099974703
Dropout rate: 1.0000000000000002e-10
Silencing rate: 1.0000000000000007e-10
Initial point 9. Random seed: 6491
Solving ML without ultrametric constraint
Optimal point found for initial point 9
Negative llh: 225.40602086211794
Dropout rate: 1e-10
Silencing rate: 1e-10
Initial point 10. Random seed: 7795
Solving ML without ultrametric constraint
Optimal point found for initial point 10
Negative llh: 225.40602146584604
Dropout rate: 9.999999999999996e-11
Silencing rate: 1.0000000000000007e-10
Runtime (s): 8.194955667
