dataset s6c1
Optimization using leaf locations
Initial point 1. Random seed: 9635
Solving with ultrametric constraint
Optimal point found for initial point 1
Negative llh: 114.89785305537842
Dropout rate: 0
Silencing rate: 0
Initial point 2. Random seed: 1517
Solving with ultrametric constraint
Optimal point found for initial point 2
Negative llh: 114.89785638452173
Dropout rate: 0
Silencing rate: 0
Initial point 3. Random seed: 2340
Solving with ultrametric constraint
Optimal point found for initial point 3
Negative llh: 113.61931261532293
Dropout rate: 0
Silencing rate: 0
Initial point 4. Random seed: 5082
Solving with ultrametric constraint
Optimal point found for initial point 4
Negative llh: 113.61929195223847
Dropout rate: 0
Silencing rate: 0
Initial point 5. Random seed: 155
Solving with ultrametric constraint
Optimal point found for initial point 5
Negative llh: 113.61929181847782
Dropout rate: 0
Silencing rate: 0
Initial point 6. Random seed: 2505
Solving with ultrametric constraint
Optimal point found for initial point 6
Negative llh: 113.61929344331021
Dropout rate: 0
Silencing rate: 0
Initial point 7. Random seed: 7394
Solving with ultrametric constraint
Optimal point found for initial point 7
Negative llh: 113.2067288515932
Dropout rate: 0
Silencing rate: 0
Initial point 8. Random seed: 9901
Solving with ultrametric constraint
Optimal point found for initial point 8
Negative llh: 113.20672783510123
Dropout rate: 0
Silencing rate: 0
Initial point 9. Random seed: 1835
Solving with ultrametric constraint
Optimal point found for initial point 9
Negative llh: 113.20672762556453
Dropout rate: 0
Silencing rate: 0
Initial point 10. Random seed: 731
Solving with ultrametric constraint
Optimal point found for initial point 10
Negative llh: 114.46793243677826
Dropout rate: 0
Silencing rate: 0
Initial point 11. Random seed: 1450
Solving with ultrametric constraint
Optimal point found for initial point 11
Negative llh: 114.46793792883886
Dropout rate: 0
Silencing rate: 0
Initial point 12. Random seed: 981
Solving with ultrametric constraint
Optimal point found for initial point 12
Negative llh: 114.4679554091149
Dropout rate: 0
Silencing rate: 0
Initial point 13. Random seed: 7449
Solving with ultrametric constraint
Optimal point found for initial point 13
Negative llh: 114.89785274395949
Dropout rate: 0
Silencing rate: 0
Initial point 14. Random seed: 8330
Solving with ultrametric constraint
Optimal point found for initial point 14
Negative llh: 114.89785160663843
Dropout rate: 0
Silencing rate: 0
Initial point 15. Random seed: 9521
Solving with ultrametric constraint
Optimal point found for initial point 15
Negative llh: 114.89785177259017
Dropout rate: 0
Silencing rate: 0
Initial point 16. Random seed: 5309
Solving with ultrametric constraint
Optimal point found for initial point 16
Negative llh: 114.89790756530871
Dropout rate: 0
Silencing rate: 0
Initial point 17. Random seed: 7004
Solving with ultrametric constraint
Optimal point found for initial point 17
Negative llh: 114.8978955331606
Dropout rate: 0
Silencing rate: 0
Initial point 18. Random seed: 6716
Solving with ultrametric constraint
Optimal point found for initial point 18
Negative llh: 113.61932869837898
Dropout rate: 0
Silencing rate: 0
Initial point 19. Random seed: 1282
Solving with ultrametric constraint
Optimal point found for initial point 19
Negative llh: 114.89788265808883
Dropout rate: 0
Silencing rate: 0
Initial point 20. Random seed: 3831
Solving with ultrametric constraint
Optimal point found for initial point 20
Negative llh: 114.8978528515285
Dropout rate: 0
Silencing rate: 0
Optimal nllh: 113.20672762556453
