Launching Problin version 0.5p
Problin was called as follow: /Users/uym2/my_gits/problin/run_problin.py -c s16c1/k10_r1_character_matrix.csv -t s16c1/true_tree.nwk -S s16c1/leaf_locations.txt --delimiter comma -p s16c1/k10_priors.csv -o s16c1/k10_r1_spalin_leaves.txt --nInitials 10
Optimization by Spalin: Scipy-SLSQP using spatial information
Optimizing branch lengths, phi, and nu without topology search
Initial point 1. Random seed: 2865
Solving ML without ultrametric constraint
Optimal point found for initial point 1
Negative llh: 283.75785089433236
Dropout rate: 1.2468872536299001e-09
Silencing rate: 7.340857399339228e-10
Initial point 2. Random seed: 8680
Solving ML without ultrametric constraint
Optimal point found for initial point 2
Negative llh: 284.26591683729066
Dropout rate: 6.175504769455435e-09
Silencing rate: 3.3417360852319463e-09
Initial point 3. Random seed: 9684
Solving ML without ultrametric constraint
Optimal point found for initial point 3
Negative llh: 283.75380144729394
Dropout rate: 2.2525070338163796e-09
Silencing rate: 1.2888740109328163e-09
Initial point 4. Random seed: 5477
Solving ML without ultrametric constraint
Optimal point found for initial point 4
Negative llh: 283.7860494703314
Dropout rate: 1e-10
Silencing rate: 1e-10
Initial point 5. Random seed: 854
Solving ML without ultrametric constraint
Optimal point found for initial point 5
Negative llh: 291.5312234105386
Dropout rate: 1e-10
Silencing rate: 1e-10
Initial point 6. Random seed: 9964
Solving ML without ultrametric constraint
Optimal point found for initial point 6
Negative llh: 291.5414295865014
Dropout rate: 9.999999999999932e-11
Silencing rate: 1.0000000000000007e-10
Initial point 7. Random seed: 6903
Solving ML without ultrametric constraint
Optimal point found for initial point 7
Negative llh: 283.8119276544827
Dropout rate: 1e-10
Silencing rate: 1e-10
Initial point 8. Random seed: 9831
Solving ML without ultrametric constraint
Optimal point found for initial point 8
Negative llh: 292.49957783982273
Dropout rate: 9.530765073687332e-09
Silencing rate: 5.589597874953553e-09
Initial point 9. Random seed: 1491
Solving ML without ultrametric constraint
Optimal point found for initial point 9
Negative llh: 285.0418412053049
Dropout rate: 1.1075890411621734e-10
Silencing rate: 1.0604886449224651e-10
Initial point 10. Random seed: 1014
Solving ML without ultrametric constraint
Optimal point found for initial point 10
Negative llh: 284.41570056109197
Dropout rate: 1e-10
Silencing rate: 1e-10
Runtime (s): 179.560924167
