Launching Problin version 0.5p
Problin was called as follow: /Users/uym2/my_gits/problin/run_problin.py -c s16c1/k10_r1_character_matrix.csv -t s16c1/true_tree.nwk -S s16c1/true_locations.txt --delimiter comma -p s16c1/k10_priors.csv -o s16c1/k10_r1_spalin_all.txt --nInitials 10
Optimization by Spalin: Scipy-SLSQP using spatial information
Optimizing branch lengths, phi, and nu without topology search
Initial point 1. Random seed: 1319
Solving ML without ultrametric constraint
Optimal point found for initial point 1
Negative llh: 336.0228114648944
Dropout rate: 5.735413779479611e-09
Silencing rate: 6.144547533147518e-09
Initial point 2. Random seed: 3566
Solving ML without ultrametric constraint
Optimal point found for initial point 2
Negative llh: 336.0228080448727
Dropout rate: 3.104041549757706e-10
Silencing rate: 9.944672880524859e-10
Initial point 3. Random seed: 7227
Solving ML without ultrametric constraint
Optimal point found for initial point 3
Negative llh: 336.02280872160327
Dropout rate: 1.6498675370450871e-09
Silencing rate: 9.894480937240342e-10
Initial point 4. Random seed: 3085
Solving ML without ultrametric constraint
Optimal point found for initial point 4
Negative llh: 336.022807580575
Dropout rate: 1.0000000000000002e-10
Silencing rate: 1.0000000000000007e-10
Initial point 5. Random seed: 3555
Solving ML without ultrametric constraint
Optimal point found for initial point 5
Negative llh: 336.0228074098145
Dropout rate: 1e-10
Silencing rate: 1e-10
Initial point 6. Random seed: 4157
Solving ML without ultrametric constraint
Optimal point found for initial point 6
Negative llh: 336.02280777297227
Dropout rate: 1e-10
Silencing rate: 1e-10
Initial point 7. Random seed: 1239
Solving ML without ultrametric constraint
Optimal point found for initial point 7
Negative llh: 336.0228078021481
Dropout rate: 2.204888968888958e-10
Silencing rate: 1.695898887233962e-09
Initial point 8. Random seed: 7441
Solving ML without ultrametric constraint
Optimal point found for initial point 8
Negative llh: 336.02280746832156
Dropout rate: 1.0000000000000007e-10
Silencing rate: 9.999999999999924e-11
Initial point 9. Random seed: 984
Solving ML without ultrametric constraint
Optimal point found for initial point 9
Negative llh: 336.0228079090912
Dropout rate: 1.757878731639836e-10
Silencing rate: 3.250074241941994e-10
Initial point 10. Random seed: 6078
Solving ML without ultrametric constraint
Optimal point found for initial point 10
Negative llh: 336.02280767351317
Dropout rate: 1e-10
Silencing rate: 1e-10
Runtime (s): 29.358964458000003
