Launching Problin version 0.5p
Problin was called as follow: /Users/uym2/my_gits/problin/run_problin.py -c s16c1/k10_r1_character_matrix.csv -t s16c1/true_tree.nwk --delimiter comma -p s16c1/k10_priors.csv -o s16c1/k10_r1_problin.txt --nInitials 10
Optimization by EM algorithm
Optimizing branch lengths, phi, and nu without topology search
Initial point 1. Random seed: 3037
Solving ML without ultrametric constraint
Initial phi: 0.08957616501458829. Initial nu: 0.631299021871788. Initial nllh: 15814.99369962995
EM finished after 21 iterations.
Optimal point found for initial point 1
Negative llh: 98.54492084963877
Dropout rate: 0
Silencing rate: 8.799141517468025e-07
Initial point 2. Random seed: 6801
Solving ML without ultrametric constraint
Initial phi: 0.472339391768863. Initial nu: 0.9347285489642031. Initial nllh: 318.7734830158668
EM finished after 19 iterations.
Optimal point found for initial point 2
Negative llh: 98.5449208281731
Dropout rate: 0
Silencing rate: 8.801026500307617e-07
Initial point 3. Random seed: 6846
Solving ML without ultrametric constraint
Initial phi: 0.5839009118291268. Initial nu: 0.48638438717874566. Initial nllh: 327.41661070773415
EM finished after 15 iterations.
Optimal point found for initial point 3
Negative llh: 98.54492227871462
Dropout rate: 0
Silencing rate: 8.794906066721981e-07
Initial point 4. Random seed: 3583
Solving ML without ultrametric constraint
Initial phi: 0.9050795586984663. Initial nu: 0.4079223682279368. Initial nllh: 630.5548499559978
EM finished after 16 iterations.
Optimal point found for initial point 4
Negative llh: 98.54492128895329
Dropout rate: 0
Silencing rate: 8.813491091249634e-07
Initial point 5. Random seed: 3068
Solving ML without ultrametric constraint
Initial phi: 0.04847254562831919. Initial nu: 0.5937351569123206. Initial nllh: 163.58984166504268
EM finished after 14 iterations.
Optimal point found for initial point 5
Negative llh: 98.5449245024797
Dropout rate: 0
Silencing rate: 8.771817075162183e-07
Initial point 6. Random seed: 488
Solving ML without ultrametric constraint
Initial phi: 0.2884879432685904. Initial nu: 0.1691487798525586. Initial nllh: 185.57866337054514
EM finished after 11 iterations.
Optimal point found for initial point 6
Negative llh: 98.54492454260689
Dropout rate: 0
Silencing rate: 8.799903977563788e-07
Initial point 7. Random seed: 5578
Solving ML without ultrametric constraint
Initial phi: 0.8024434502460983. Initial nu: 0.0891716658229377. Initial nllh: 447.309801648104
EM finished after 12 iterations.
Optimal point found for initial point 7
Negative llh: 98.5449212228225
Dropout rate: 0
Silencing rate: 8.801958157489114e-07
Initial point 8. Random seed: 1550
Solving ML without ultrametric constraint
Initial phi: 0.3044427025186042. Initial nu: 0.31727416998160524. Initial nllh: 203.96584589334577
EM finished after 16 iterations.
Optimal point found for initial point 8
Negative llh: 98.5449207709075
Dropout rate: 0
Silencing rate: 8.776274188064588e-07
Initial point 9. Random seed: 2349
Solving ML without ultrametric constraint
Initial phi: 0.5287265576972972. Initial nu: 0.5546581148289569. Initial nllh: 307.54801649443414
EM finished after 16 iterations.
Optimal point found for initial point 9
Negative llh: 98.54492164721091
Dropout rate: 0
Silencing rate: 8.79565503309632e-07
Initial point 10. Random seed: 1307
Solving ML without ultrametric constraint
Initial phi: 0.23050356645310988. Initial nu: 0.722732079557768. Initial nllh: 220.04418694580775
EM finished after 17 iterations.
Optimal point found for initial point 10
Negative llh: 98.54492145317533
Dropout rate: 0
Silencing rate: 8.804423139979508e-07
Runtime (s): 7.364063000000001
