Launching Problin version 0.5p
Problin was called as follow: /Users/uym2/my_gits/problin/run_problin.py -c s8c3/k10_r1_character_matrix.csv -t s8c3/true_tree.nwk -S s8c3/true_locations.txt --delimiter comma -p s8c3/k10_priors.csv -o s8c3/k10_r1_spalin_all.txt --nInitials 10
Optimization by Spalin: Scipy-SLSQP using spatial information
Optimizing branch lengths, phi, and nu without topology search
Initial point 1. Random seed: 2183
Solving ML without ultrametric constraint
Optimal point found for initial point 1
Negative llh: 217.87695940114799
Dropout rate: 2.248424085474823e-09
Silencing rate: 2.3862039168314375e-09
Initial point 2. Random seed: 1135
Solving ML without ultrametric constraint
Optimal point found for initial point 2
Negative llh: 217.87695887348366
Dropout rate: 1.0000000000000007e-10
Silencing rate: 1.0000000000000007e-10
Initial point 3. Random seed: 2996
Solving ML without ultrametric constraint
Optimal point found for initial point 3
Negative llh: 217.87695897826688
Dropout rate: 1e-10
Silencing rate: 1.0000000000000002e-10
Initial point 4. Random seed: 5287
Solving ML without ultrametric constraint
Optimal point found for initial point 4
Negative llh: 217.8769591419951
Dropout rate: 4.54590420518459e-10
Silencing rate: 1.0720338459372837e-09
Initial point 5. Random seed: 8309
Solving ML without ultrametric constraint
Optimal point found for initial point 5
Negative llh: 217.8769589849095
Dropout rate: 1.097010224439496e-10
Silencing rate: 2.2645491411999486e-10
Initial point 6. Random seed: 7655
Solving ML without ultrametric constraint
Optimal point found for initial point 6
Negative llh: 217.87695891797503
Dropout rate: 1e-10
Silencing rate: 1e-10
Initial point 7. Random seed: 8769
Solving ML without ultrametric constraint
Optimal point found for initial point 7
Negative llh: 217.87695930021832
Dropout rate: 1.0729675458778523e-10
Silencing rate: 1e-10
Initial point 8. Random seed: 3071
Solving ML without ultrametric constraint
Optimal point found for initial point 8
Negative llh: 217.8769591095035
Dropout rate: 1e-10
Silencing rate: 1e-10
Initial point 9. Random seed: 4237
Solving ML without ultrametric constraint
Optimal point found for initial point 9
Negative llh: 217.87695950094658
Dropout rate: 5.363121872504506e-10
Silencing rate: 1.8387526058497095e-09
Initial point 10. Random seed: 1513
Solving ML without ultrametric constraint
Optimal point found for initial point 10
Negative llh: 217.87695954125306
Dropout rate: 2.848407320117027e-10
Silencing rate: 4.454500437771115e-10
Runtime (s): 14.286747167
