Launching Problin version 0.5b
Problin was called as follow: /Users/uym2/my_gits/problin/run_problin.py -c s8c3/k10_r2_character_matrix.csv -t s8c3/true_tree.nwk -S s8c3/true_locations.txt --delimiter comma -p s8c3/k10_priors.csv -o s8c3/k10_r2_spalin_all.txt --nInitials 10
Optimization by Spalin: Scipy-SLSQP using spatial information
Optimizing branch lengths, phi, and nu without topology search
Initial point 1. Random seed: 7034
Solving ML without ultrametric constraint
Optimal point found for initial point 1
Negative llh: 217.00751712438995
Dropout rate: 1.6949826464144311e-10
Silencing rate: 1.9438997130349448e-10
Sigma: 23.741362617144464
Initial point 2. Random seed: 5720
Solving ML without ultrametric constraint
Optimal point found for initial point 2
Negative llh: 217.0075176995262
Dropout rate: 1e-10
Silencing rate: 1.0000000000000002e-10
Sigma: 23.74152062711453
Initial point 3. Random seed: 1415
Solving ML without ultrametric constraint
Optimal point found for initial point 3
Negative llh: 217.00751720552137
Dropout rate: 1.0000000000000002e-10
Silencing rate: 1.0000000000000002e-10
Sigma: 23.74059256593076
Initial point 4. Random seed: 7240
Solving ML without ultrametric constraint
Optimal point found for initial point 4
Negative llh: 217.00751937868665
Dropout rate: 1.5167071660633753e-10
Silencing rate: 1.300379734720054e-10
Sigma: 23.732793571491754
Initial point 5. Random seed: 6530
Solving ML without ultrametric constraint
Optimal point found for initial point 5
Negative llh: 217.00751717103716
Dropout rate: 1e-10
Silencing rate: 1e-10
Sigma: 23.740171624498767
Initial point 6. Random seed: 5274
Solving ML without ultrametric constraint
Optimal point found for initial point 6
Negative llh: 217.00751724577538
Dropout rate: 1.0000000000000002e-10
Silencing rate: 1.0000000000000002e-10
Sigma: 23.74287736826288
Initial point 7. Random seed: 8629
Solving ML without ultrametric constraint
Optimal point found for initial point 7
Negative llh: 217.00751708641292
Dropout rate: 1.0444597835829538e-10
Silencing rate: 1.2249535191313264e-10
Sigma: 23.74124428205178
Initial point 8. Random seed: 9303
Solving ML without ultrametric constraint
Optimal point found for initial point 8
Negative llh: 217.00751844177498
Dropout rate: 1.8150320124423565e-10
Silencing rate: 5.357761507029102e-10
Sigma: 23.739029965506827
Initial point 9. Random seed: 6517
Solving ML without ultrametric constraint
Optimal point found for initial point 9
Negative llh: 217.00751731290123
Dropout rate: 1.0523747459977839e-10
Silencing rate: 1.4104315644473955e-10
Sigma: 23.741811842014442
Initial point 10. Random seed: 166
Solving ML without ultrametric constraint
Optimal point found for initial point 10
Negative llh: 217.0075174180825
Dropout rate: 1e-10
Silencing rate: 1e-10
Sigma: 23.741791329395127
Runtime (s): 14.288908583000001
