Launching Problin version 0.5b
Problin was called as follow: /Users/uym2/my_gits/problin/run_problin.py -c s8c3/k10_r2_character_matrix.csv -t s8c3/true_tree.nwk --delimiter comma -p s8c3/k10_priors.csv -o s8c3/k10_r2_problin.txt --nInitials 10
Optimization by EM algorithm
Optimizing branch lengths, phi, and nu without topology search
Initial point 1. Random seed: 1565
Solving ML without ultrametric constraint
Initial phi: 0.47856624382699625. Initial nu: 0.3410992985243739. Initial nllh: 6689.375158032458
EM finished after 13 iterations.
Optimal point found for initial point 1
Negative llh: 64.17063266779131
Dropout rate: 0
Silencing rate: 8.605180540876039e-07
Initial point 2. Random seed: 9523
Solving ML without ultrametric constraint
Initial phi: 0.43899261123429223. Initial nu: 0.561233180698014. Initial nllh: 184.074867568783
EM finished after 11 iterations.
Optimal point found for initial point 2
Negative llh: 64.17063271406217
Dropout rate: 0
Silencing rate: 8.614608280400313e-07
Initial point 3. Random seed: 2750
Solving ML without ultrametric constraint
Initial phi: 0.724440909384138. Initial nu: 0.39820739330034605. Initial nllh: 281.0703225523742
EM finished after 13 iterations.
Optimal point found for initial point 3
Negative llh: 64.17063237275394
Dropout rate: 0
Silencing rate: 8.591603424388843e-07
Initial point 4. Random seed: 7667
Solving ML without ultrametric constraint
Initial phi: 0.8749536117610079. Initial nu: 0.2475950961852653. Initial nllh: 390.6783889828075
EM finished after 12 iterations.
Optimal point found for initial point 4
Negative llh: 64.1706318995021
Dropout rate: 0
Silencing rate: 8.537916827828093e-07
Initial point 5. Random seed: 749
Solving ML without ultrametric constraint
Initial phi: 0.1078619415351001. Initial nu: 0.0969098140509688. Initial nllh: 87.02372046488017
EM finished after 10 iterations.
Optimal point found for initial point 5
Negative llh: 64.17063241480251
Dropout rate: 0
Silencing rate: 8.612749266305353e-07
Initial point 6. Random seed: 7437
Solving ML without ultrametric constraint
Initial phi: 0.20116350422452733. Initial nu: 0.900460265249782. Initial nllh: 151.12942345309344
EM finished after 12 iterations.
Optimal point found for initial point 6
Negative llh: 64.17063276569789
Dropout rate: 0
Silencing rate: 8.63131289742378e-07
Initial point 7. Random seed: 7112
Solving ML without ultrametric constraint
Initial phi: 0.11308600054057702. Initial nu: 0.5564396746066851. Initial nllh: 115.08913468686342
EM finished after 12 iterations.
Optimal point found for initial point 7
Negative llh: 64.17063264825642
Dropout rate: 0
Silencing rate: 8.65204182159625e-07
Initial point 8. Random seed: 2524
Solving ML without ultrametric constraint
Initial phi: 0.13927844608879578. Initial nu: 0.28338200341528713. Initial nllh: 103.43240426944533
EM finished after 11 iterations.
Optimal point found for initial point 8
Negative llh: 64.17063250397752
Dropout rate: 0
Silencing rate: 8.622908141861497e-07
Initial point 9. Random seed: 5469
Solving ML without ultrametric constraint
Initial phi: 0.9635204657051227. Initial nu: 0.16325837781154123. Initial nllh: 570.4791188015015
EM finished after 11 iterations.
Optimal point found for initial point 9
Negative llh: 64.17063187804325
Dropout rate: 0
Silencing rate: 8.533544536295498e-07
Initial point 10. Random seed: 6438
Solving ML without ultrametric constraint
Initial phi: 0.3899151860182315. Initial nu: 0.7787090153692817. Initial nllh: 184.3608357111395
EM finished after 12 iterations.
Optimal point found for initial point 10
Negative llh: 64.17063281875068
Dropout rate: 0
Silencing rate: 8.666703383883077e-07
Traceback (most recent call last):
  File "/Users/uym2/my_gits/problin/run_problin.py", line 193, in <module>
    main()
  File "/Users/uym2/my_gits/problin/run_problin.py", line 172, in main
    fout.write("Sigma: " + str(opt_params['sigma']) + "\n")
KeyError: 'sigma'
