dataset s5c4
Optimization without using locations
Initial point 1. Random seed: 8748
Solving with ultrametric constraint
Optimal point found for initial point 1
Negative llh: 37.175702038573505
Dropout rate: 1e-08
Silencing rate: 1e-08
Initial point 2. Random seed: 3926
Solving with ultrametric constraint
Optimal point found for initial point 2
Negative llh: 37.175702038573505
Dropout rate: 1e-08
Silencing rate: 1e-08
Initial point 3. Random seed: 6270
Solving with ultrametric constraint
Optimal point found for initial point 3
Negative llh: 37.175702038573505
Dropout rate: 1e-08
Silencing rate: 1e-08
Initial point 4. Random seed: 4005
Solving with ultrametric constraint
Optimal point found for initial point 4
Negative llh: 37.175702038573505
Dropout rate: 1e-08
Silencing rate: 1e-08
Initial point 5. Random seed: 2161
Solving with ultrametric constraint
Optimal point found for initial point 5
Negative llh: 37.175702038573505
Dropout rate: 1e-08
Silencing rate: 1e-08
Initial point 6. Random seed: 3454
Solving with ultrametric constraint
Optimal point found for initial point 6
Negative llh: 37.175702038573505
Dropout rate: 1e-08
Silencing rate: 1e-08
Initial point 7. Random seed: 8720
Solving with ultrametric constraint
Optimal point found for initial point 7
Negative llh: 37.175702038573505
Dropout rate: 1e-08
Silencing rate: 1e-08
Initial point 8. Random seed: 6752
Solving with ultrametric constraint
Optimal point found for initial point 8
Negative llh: 37.175702038573505
Dropout rate: 1e-08
Silencing rate: 1e-08
Initial point 9. Random seed: 7422
Solving with ultrametric constraint
Optimal point found for initial point 9
Negative llh: 37.175702038573505
Dropout rate: 1e-08
Silencing rate: 1e-08
Initial point 10. Random seed: 373
Solving with ultrametric constraint
Optimal point found for initial point 10
Negative llh: 37.175702038573505
Dropout rate: 1e-08
Silencing rate: 1e-08
Initial point 11. Random seed: 4590
Solving with ultrametric constraint
Optimal point found for initial point 11
Negative llh: 37.175702038573505
Dropout rate: 1e-08
Silencing rate: 1e-08
Initial point 12. Random seed: 5111
Solving with ultrametric constraint
Optimal point found for initial point 12
Negative llh: 37.175702038573505
Dropout rate: 1e-08
Silencing rate: 1e-08
Initial point 13. Random seed: 8863
Solving with ultrametric constraint
Optimal point found for initial point 13
Negative llh: 37.175702038573505
Dropout rate: 1e-08
Silencing rate: 1e-08
Initial point 14. Random seed: 3467
Solving with ultrametric constraint
Optimal point found for initial point 14
Negative llh: 37.175702038573505
Dropout rate: 1e-08
Silencing rate: 1e-08
Initial point 15. Random seed: 8603
Solving with ultrametric constraint
Optimal point found for initial point 15
Negative llh: 37.175702038573505
Dropout rate: 1e-08
Silencing rate: 1e-08
Initial point 16. Random seed: 8806
Solving with ultrametric constraint
Optimal point found for initial point 16
Negative llh: 37.175702038573505
Dropout rate: 1e-08
Silencing rate: 1e-08
Initial point 17. Random seed: 9321
Solving with ultrametric constraint
Optimal point found for initial point 17
Negative llh: 37.175702038573505
Dropout rate: 1e-08
Silencing rate: 1e-08
Initial point 18. Random seed: 8941
Solving with ultrametric constraint
Optimal point found for initial point 18
Negative llh: 37.175702038573505
Dropout rate: 1e-08
Silencing rate: 1e-08
Initial point 19. Random seed: 2082
Solving with ultrametric constraint
Optimal point found for initial point 19
Negative llh: 37.175702038573505
Dropout rate: 1e-08
Silencing rate: 1e-08
Initial point 20. Random seed: 9874
Solving with ultrametric constraint
Optimal point found for initial point 20
Negative llh: 37.175702038573505
Dropout rate: 1e-08
Silencing rate: 1e-08
Optimization using locations
Optimization start with 1 initials
Initial point 1. Random seed: 6143
Solving with ultrametric constraint
  NIT    FC           OBJFUN            GNORM
    1    22     5.690421E+02     1.987940E+03
    2    44     3.812722E+02     1.305069E+02
    3    66     2.219146E+02     3.607701E+01
    4    88     3.085066E+02     1.960773E+01
    5   110     4.154099E+02     1.905307E+01
    6   132     3.064935E+02     1.842394E+01
    7   154     2.223478E+02     1.791500E+01
    8   176     4.228856E+02     1.779332E+01
    9   198     3.046516E+02     1.846178E+01
   10   220     2.497101E+02     1.805030E+01
   11   242     1.526458E+02     1.839533E+01
   12   264     1.726798E+02     1.903599E+01
   13   286     2.497770E+02     1.992318E+01
   14   308     1.457906E+02     1.999898E+01
   15   329     1.457585E+02     1.901340E+01
   16   350     1.457432E+02     1.833391E+01
   17   371     1.457341E+02     1.860753E+01
   18   392     1.456969E+02     1.890662E+01
   19   413     1.456149E+02     1.862595E+01
   20   434     1.454780E+02     1.845553E+01
   21   455     1.454316E+02     1.812827E+01
   22   476     1.454177E+02     1.797634E+01
   23   497     1.454142E+02     1.809788E+01
   24   518     1.454141E+02     1.811220E+01
   25   539     1.454141E+02     1.810582E+01
   26   559     1.454141E+02     1.809730E+01
Optimization terminated successfully    (Exit mode 0)
            Current function value: 145.41409029166866
            Iterations: 26
            Function evaluations: 559
            Gradient evaluations: 26
Optimal point found for initial point 1
Negative llh: 145.41409029166866
Dropout rate: 0
Silencing rate: 0
