dataset s5c4
Optimization using leaf locations
Initial point 1. Random seed: 6930
Solving with ultrametric constraint
Optimal point found for initial point 1
Negative llh: 134.36099957401714
Dropout rate: 0
Silencing rate: 0
Initial point 2. Random seed: 3550
Solving with ultrametric constraint
Optimal point found for initial point 2
Negative llh: 134.3610000743924
Dropout rate: 0
Silencing rate: 0
Initial point 3. Random seed: 4545
Solving with ultrametric constraint
Optimal point found for initial point 3
Negative llh: 134.361011839673
Dropout rate: 0
Silencing rate: 0
Initial point 4. Random seed: 7916
Solving with ultrametric constraint
Optimal point found for initial point 4
Negative llh: 4073.4748577997443
Dropout rate: 0
Silencing rate: 0
Initial point 5. Random seed: 7738
Solving with ultrametric constraint
Optimal point found for initial point 5
Negative llh: 134.3610036030642
Dropout rate: 0
Silencing rate: 0
Initial point 6. Random seed: 3542
Solving with ultrametric constraint
Optimal point found for initial point 6
Negative llh: 136.78377762093916
Dropout rate: 0
Silencing rate: 0
Initial point 7. Random seed: 7972
Solving with ultrametric constraint
Optimal point found for initial point 7
Negative llh: 134.36100475724075
Dropout rate: 0
Silencing rate: 0
Initial point 8. Random seed: 7429
Solving with ultrametric constraint
Optimal point found for initial point 8
Negative llh: 134.3610472542515
Dropout rate: 0
Silencing rate: 0
Initial point 9. Random seed: 9442
Solving with ultrametric constraint
Optimal point found for initial point 9
Negative llh: 133.65629522227886
Dropout rate: 0
Silencing rate: 0
Initial point 10. Random seed: 3333
Solving with ultrametric constraint
Optimal point found for initial point 10
Negative llh: 134.36103935809683
Dropout rate: 0
Silencing rate: 0
Initial point 11. Random seed: 72
Solving with ultrametric constraint
Optimal point found for initial point 11
Negative llh: 134.36100975195436
Dropout rate: 0
Silencing rate: 0
Initial point 12. Random seed: 7203
Solving with ultrametric constraint
Optimal point found for initial point 12
Negative llh: 2117.488508850828
Dropout rate: 0
Silencing rate: 0
Initial point 13. Random seed: 5192
Solving with ultrametric constraint
Optimal point found for initial point 13
Negative llh: 134.3609990464647
Dropout rate: 0
Silencing rate: 0
Initial point 14. Random seed: 4673
Solving with ultrametric constraint
Optimal point found for initial point 14
Negative llh: 134.36142157774458
Dropout rate: 0
Silencing rate: 0
Initial point 15. Random seed: 7776
Solving with ultrametric constraint
Optimal point found for initial point 15
Negative llh: 134.36443854736964
Dropout rate: 0
Silencing rate: 0
Initial point 16. Random seed: 3617
Solving with ultrametric constraint
Optimal point found for initial point 16
Negative llh: 133.65628716157013
Dropout rate: 0
Silencing rate: 0
Initial point 17. Random seed: 1482
Solving with ultrametric constraint
Optimal point found for initial point 17
Negative llh: 133.65628910278002
Dropout rate: 0
Silencing rate: 0
Initial point 18. Random seed: 4445
Solving with ultrametric constraint
Optimal point found for initial point 18
Negative llh: 134.3245377018872
Dropout rate: 0
Silencing rate: 0
Initial point 19. Random seed: 8160
Solving with ultrametric constraint
Optimal point found for initial point 19
Negative llh: 3776.023572336258
Dropout rate: 0
Silencing rate: 0
Initial point 20. Random seed: 8152
Solving with ultrametric constraint
Optimal point found for initial point 20
Negative llh: 134.36099800332502
Dropout rate: 0
Silencing rate: 0
Optimal nllh: 133.65628716157013
