Launching Problin version 0.5p
Problin was called as follow: /Users/uym2/my_gits/problin/run_problin.py -c s18c1/k10_r1_character_matrix.csv -t s18c1/true_tree.nwk --delimiter comma -p s18c1/k10_priors.csv -o s18c1/k10_r1_problin.txt --nInitials 10
Optimization by EM algorithm
Optimizing branch lengths, phi, and nu without topology search
Initial point 1. Random seed: 9517
Solving ML without ultrametric constraint
Initial phi: 0.46637465438408127. Initial nu: 0.24780122761952408. Initial nllh: 9985.477063318509
EM finished after 10 iterations.
Optimal point found for initial point 1
Negative llh: 95.55042825783791
Dropout rate: 0
Silencing rate: 9.204308703259914e-07
Initial point 2. Random seed: 5358
Solving ML without ultrametric constraint
Initial phi: 0.2238610419618711. Initial nu: 0.9473670185245354. Initial nllh: 193.22222196669998
EM finished after 10 iterations.
Optimal point found for initial point 2
Negative llh: 95.55042318359409
Dropout rate: 0
Silencing rate: 8.407010115222503e-07
Initial point 3. Random seed: 5604
Solving ML without ultrametric constraint
Initial phi: 0.05516436392879628. Initial nu: 0.0853858907396687. Initial nllh: 109.4390078100294
EM finished after 9 iterations.
Optimal point found for initial point 3
Negative llh: 95.55042314596648
Dropout rate: 0
Silencing rate: 8.414444837397247e-07
Initial point 4. Random seed: 7599
Solving ML without ultrametric constraint
Initial phi: 0.6168664976523828. Initial nu: 0.1189979113749893. Initial nllh: 246.94982527738696
EM finished after 11 iterations.
Optimal point found for initial point 4
Negative llh: 95.55042349805062
Dropout rate: 0
Silencing rate: 8.474254255968676e-07
Initial point 5. Random seed: 7132
Solving ML without ultrametric constraint
Initial phi: 0.23066300991838115. Initial nu: 0.644970308109979. Initial nllh: 175.500327762676
EM finished after 8 iterations.
Optimal point found for initial point 5
Negative llh: 95.55042945716724
Dropout rate: 0
Silencing rate: 9.193216261097806e-07
Initial point 6. Random seed: 3625
Solving ML without ultrametric constraint
Initial phi: 0.18436979456516858. Initial nu: 0.9113155412107019. Initial nllh: 183.5059341009429
EM finished after 10 iterations.
Optimal point found for initial point 6
Negative llh: 95.55042381719689
Dropout rate: 0
Silencing rate: 8.504793982796452e-07
Initial point 7. Random seed: 5318
Solving ML without ultrametric constraint
Initial phi: 0.08694226821881577. Initial nu: 0.23187601398809682. Initial nllh: 123.79568578078106
EM finished after 9 iterations.
Optimal point found for initial point 7
Negative llh: 95.55042320168425
Dropout rate: 0
Silencing rate: 8.414712534807033e-07
Initial point 8. Random seed: 4913
Solving ML without ultrametric constraint
Initial phi: 0.16497470153515434. Initial nu: 0.5424937616867198. Initial nllh: 156.75679112384222
EM finished after 10 iterations.
Optimal point found for initial point 8
Negative llh: 95.55042364017899
Dropout rate: 0
Silencing rate: 8.475985739453334e-07
Initial point 9. Random seed: 6449
Solving ML without ultrametric constraint
Initial phi: 0.6200679325157278. Initial nu: 0.012765127870359164. Initial nllh: 241.51864988375826
EM finished after 6 iterations.
Optimal point found for initial point 9
Negative llh: 95.55042806668067
Dropout rate: 0
Silencing rate: 9.194980953241875e-07
Initial point 10. Random seed: 8286
Solving ML without ultrametric constraint
Initial phi: 0.8303781162942204. Initial nu: 0.5839002133075625. Initial nllh: 398.44793611641285
EM finished after 9 iterations.
Optimal point found for initial point 10
Negative llh: 95.55042362127122
Dropout rate: 0
Silencing rate: 8.438071248865032e-07
Runtime (s): 3.909424917
