Launching Problin version 0.5p
Problin was called as follow: /Users/uym2/my_gits/problin/run_problin.py -c s18c1/k10_r1_character_matrix.csv -t s18c1/true_tree.nwk -S s18c1/true_locations.txt --delimiter comma -p s18c1/k10_priors.csv -o s18c1/k10_r1_spalin_all.txt --nInitials 10
Optimization by Spalin: Scipy-SLSQP using spatial information
Optimizing branch lengths, phi, and nu without topology search
Initial point 1. Random seed: 6182
Solving ML without ultrametric constraint
Optimal point found for initial point 1
Negative llh: 267.5843124819614
Dropout rate: 2.3191180014307178e-10
Silencing rate: 1.8115362719281182e-10
Initial point 2. Random seed: 1740
Solving ML without ultrametric constraint
Optimal point found for initial point 2
Negative llh: 267.5843129989925
Dropout rate: 9.298071953788489e-10
Silencing rate: 6.251219749765506e-09
Initial point 3. Random seed: 9312
Solving ML without ultrametric constraint
Optimal point found for initial point 3
Negative llh: 267.5843126763897
Dropout rate: 1.0099768247892084e-10
Silencing rate: 1.2571731720844225e-10
Initial point 4. Random seed: 7877
Solving ML without ultrametric constraint
Optimal point found for initial point 4
Negative llh: 267.5843127029696
Dropout rate: 1e-10
Silencing rate: 1e-10
Initial point 5. Random seed: 546
Solving ML without ultrametric constraint
Optimal point found for initial point 5
Negative llh: 267.58431260943826
Dropout rate: 1.915180428779837e-10
Silencing rate: 2.2663940258056414e-10
Initial point 6. Random seed: 71
Solving ML without ultrametric constraint
Optimal point found for initial point 6
Negative llh: 267.5843125704956
Dropout rate: 1.0000000000000002e-10
Silencing rate: 9.999999999999996e-11
Initial point 7. Random seed: 3194
Solving ML without ultrametric constraint
Optimal point found for initial point 7
Negative llh: 267.58431242474967
Dropout rate: 1.0000000000000002e-10
Silencing rate: 9.999999999999996e-11
Initial point 8. Random seed: 1332
Solving ML without ultrametric constraint
Optimal point found for initial point 8
Negative llh: 267.5843123753941
Dropout rate: 1e-10
Silencing rate: 1e-10
Initial point 9. Random seed: 7152
Solving ML without ultrametric constraint
Optimal point found for initial point 9
Negative llh: 267.5843127549921
Dropout rate: 1e-10
Silencing rate: 1e-10
Initial point 10. Random seed: 6404
Solving ML without ultrametric constraint
Optimal point found for initial point 10
Negative llh: 267.5843123302062
Dropout rate: 1e-10
Silencing rate: 1.664111409429355e-10
Runtime (s): 10.429648499999999
