Launching Problin version 0.5b
Problin was called as follow: /Users/uym2/my_gits/problin/run_problin.py -c s18c1/k10_r2_character_matrix.csv -t s18c1/true_tree.nwk --delimiter comma -p s18c1/k10_priors.csv -o s18c1/k10_r2_problin.txt --nInitials 10
Optimization by EM algorithm
Optimizing branch lengths, phi, and nu without topology search
Initial point 1. Random seed: 8586
Solving ML without ultrametric constraint
Initial phi: 0.3037005433526454. Initial nu: 0.6275361119178157. Initial nllh: 10159.563127018
EM finished after 21 iterations.
Optimal point found for initial point 1
Negative llh: 60.49839907297438
Dropout rate: 0
Silencing rate: 5.407689631482079e-07
Initial point 2. Random seed: 2203
Solving ML without ultrametric constraint
Initial phi: 0.37352585943187216. Initial nu: 0.4302145077621527. Initial nllh: 172.18615027723354
EM finished after 17 iterations.
Optimal point found for initial point 2
Negative llh: 60.49840060006019
Dropout rate: 0
Silencing rate: 5.49077330381942e-07
Initial point 3. Random seed: 2472
Solving ML without ultrametric constraint
Initial phi: 0.3295547703182983. Initial nu: 0.6789621073433945. Initial nllh: 186.02828864627753
EM finished after 21 iterations.
Optimal point found for initial point 3
Negative llh: 60.4983989159631
Dropout rate: 0
Silencing rate: 5.428788584906567e-07
Initial point 4. Random seed: 8246
Solving ML without ultrametric constraint
Initial phi: 0.47020208997682394. Initial nu: 0.4252624404387259. Initial nllh: 196.85027876848807
EM finished after 18 iterations.
Optimal point found for initial point 4
Negative llh: 60.4983990368165
Dropout rate: 0
Silencing rate: 5.388475053511675e-07
Initial point 5. Random seed: 9302
Solving ML without ultrametric constraint
Initial phi: 0.7956061996586415. Initial nu: 0.8046901143452065. Initial nllh: 376.35310366295414
EM finished after 20 iterations.
Optimal point found for initial point 5
Negative llh: 60.4983993954215
Dropout rate: 0
Silencing rate: 5.454280004710271e-07
Initial point 6. Random seed: 433
Solving ML without ultrametric constraint
Initial phi: 0.6533097201958395. Initial nu: 0.9892508657967674. Initial nllh: 314.91716406386104
EM finished after 20 iterations.
Optimal point found for initial point 6
Negative llh: 60.498398881123876
Dropout rate: 0
Silencing rate: 5.393802819048992e-07
Initial point 7. Random seed: 3864
Solving ML without ultrametric constraint
Initial phi: 0.04706615545689029. Initial nu: 0.8924041331005804. Initial nllh: 153.8985828115028
EM finished after 18 iterations.
Optimal point found for initial point 7
Negative llh: 60.498400314636
Dropout rate: 0
Silencing rate: 5.444936952814579e-07
Initial point 8. Random seed: 7445
Solving ML without ultrametric constraint
Initial phi: 0.20367248006130567. Initial nu: 0.4582122167485798. Initial nllh: 138.90313594612567
EM finished after 17 iterations.
Optimal point found for initial point 8
Negative llh: 60.49840065890636
Dropout rate: 0
Silencing rate: 5.484775323782298e-07
Initial point 9. Random seed: 957
Solving ML without ultrametric constraint
Initial phi: 0.9351824806978748. Initial nu: 0.5882435081460642. Initial nllh: 527.7236045989049
EM finished after 19 iterations.
Optimal point found for initial point 9
Negative llh: 60.498399298571634
Dropout rate: 0
Silencing rate: 5.431478609350531e-07
Initial point 10. Random seed: 354
Solving ML without ultrametric constraint
Initial phi: 0.22817596577592314. Initial nu: 0.011619737079736814. Initial nllh: 100.47012735643123
EM finished after 12 iterations.
Optimal point found for initial point 10
Negative llh: 60.49839859486693
Dropout rate: 0
Silencing rate: 5.408709595886186e-07
Runtime (s): 7.741369499999999
