Launching Problin version 0.5b
Problin was called as follow: /Users/uym2/my_gits/problin/run_problin.py -c s9c3/k200_lin_character_matrix.csv -t s9c3/true_tree.nwk --delimiter comma -p s9c3/k200_lin_priors.csv -o s9c3/k200_lin_problin --nInitials 10 --ultrametric
Optimizing branch lengths, phi, and nu without topology search
Optimization by EM algorithm
Initial point 1. Random seed: 8171
Numerical optimization started with ultrametric constraint
Initial phi: 0.0849527929304216. Initial nu: 0.0867225789600696. Initial nllh: 172186.41372969266
EM finished after 10 iterations.
Optimal phi: 0. Optimal nu: 4.604960778562026e-08. Optimal nllh: 2419.4504178045736
Optimal point found for initial point 1
Initial point 2. Random seed: 2245
Numerical optimization started with ultrametric constraint
Initial phi: 0.3433705046143108. Initial nu: 0.7226006707491847. Initial nllh: 6080.495759446002
EM finished after 12 iterations.
Optimal phi: 0. Optimal nu: 4.846623244941823e-08. Optimal nllh: 2419.4504396616253
Optimal point found for initial point 2
Initial point 3. Random seed: 4568
Numerical optimization started with ultrametric constraint
Initial phi: 0.22681890958177175. Initial nu: 0.44845663899592914. Initial nllh: 4671.737624830706
EM finished after 12 iterations.
Optimal phi: 0. Optimal nu: 4.8928059588304936e-08. Optimal nllh: 2419.4504298294055
Optimal point found for initial point 3
Initial point 4. Random seed: 207
Numerical optimization started with ultrametric constraint
Initial phi: 0.34958389487409225. Initial nu: 0.6451869039936416. Initial nllh: 5972.0572388166765
EM finished after 12 iterations.
Optimal phi: 0. Optimal nu: 4.821313273803197e-08. Optimal nllh: 2419.4504368936146
Optimal point found for initial point 4
Initial point 5. Random seed: 4824
Numerical optimization started with ultrametric constraint
Initial phi: 0.6917649438475977. Initial nu: 0.07524113754591476. Initial nllh: 8692.746582194355
EM finished after 8 iterations.
Optimal phi: 0. Optimal nu: 4.814106496521254e-08. Optimal nllh: 2419.4504276913517
Optimal point found for initial point 5
Initial point 6. Random seed: 5727
Numerical optimization started with ultrametric constraint
Initial phi: 0.838101949356465. Initial nu: 0.37697853602190456. Initial nllh: 12656.396239367567
EM finished after 11 iterations.
Optimal phi: 0. Optimal nu: 4.892462032257372e-08. Optimal nllh: 2419.4504374208177
Optimal point found for initial point 6
Initial point 7. Random seed: 6629
Numerical optimization started with ultrametric constraint
Initial phi: 0.8377909033455727. Initial nu: 0.44574504688221994. Initial nllh: 12786.666450609051
EM finished after 11 iterations.
Optimal phi: 0. Optimal nu: 4.897461383102053e-08. Optimal nllh: 2419.450442942718
Optimal point found for initial point 7
Initial point 8. Random seed: 3879
Numerical optimization started with ultrametric constraint
Initial phi: 0.08946114149782082. Initial nu: 0.45264264296361745. Initial nllh: 3829.9511046310113
EM finished after 11 iterations.
Optimal phi: 0. Optimal nu: 4.8794892391616366e-08. Optimal nllh: 2419.450443458061
Optimal point found for initial point 8
Initial point 9. Random seed: 5460
Numerical optimization started with ultrametric constraint
Initial phi: 0.5626752612411821. Initial nu: 0.08694609709603833. Initial nllh: 6897.588790865582
EM finished after 8 iterations.
Optimal phi: 0. Optimal nu: 4.8599137432489416e-08. Optimal nllh: 2419.450432582383
Optimal point found for initial point 9
Initial point 10. Random seed: 7254
Numerical optimization started with ultrametric constraint
Initial phi: 0.40802546033054904. Initial nu: 0.6487903778427795. Initial nllh: 6468.969539477346
EM finished after 12 iterations.
Optimal phi: 0. Optimal nu: 4.87779147251648e-08. Optimal nllh: 2419.4504378367765
Optimal point found for initial point 10
Numerical optimization finished successfully
Runtime (s): 24.316359416999997
