dataset s13c1
Optimization using leaf locations
Initial point 1. Random seed: 7724
Solving with ultrametric constraint
Optimal point found for initial point 1
Negative llh: 707.5117373092085
Dropout rate: 0
Silencing rate: 0
Initial point 2. Random seed: 3653
Solving with ultrametric constraint
Optimal point found for initial point 2
Negative llh: 704.9381051580942
Dropout rate: 0
Silencing rate: 0
Initial point 3. Random seed: 1652
Solving with ultrametric constraint
Optimal point found for initial point 3
Negative llh: 44968.755774135854
Dropout rate: 0
Silencing rate: 0
Initial point 4. Random seed: 9484
Solving with ultrametric constraint
Optimal point found for initial point 4
Negative llh: 707.5771549379187
Dropout rate: 0
Silencing rate: 0
Initial point 5. Random seed: 5141
Solving with ultrametric constraint
Optimal point found for initial point 5
Negative llh: 35269.43052090849
Dropout rate: 0
Silencing rate: 0
Initial point 6. Random seed: 4446
Solving with ultrametric constraint
Optimal point found for initial point 6
Negative llh: 23545.032575269674
Dropout rate: 0
Silencing rate: 0
Initial point 7. Random seed: 4946
Solving with ultrametric constraint
Optimal point found for initial point 7
Negative llh: 705.3338360542868
Dropout rate: 0
Silencing rate: 0
Initial point 8. Random seed: 3001
Solving with ultrametric constraint
Optimal point found for initial point 8
Negative llh: 32350.586269861855
Dropout rate: 0
Silencing rate: 0
Initial point 9. Random seed: 484
Solving with ultrametric constraint
Optimal point found for initial point 9
Negative llh: 708.4351207070201
Dropout rate: 0
Silencing rate: 0
Initial point 10. Random seed: 5384
Solving with ultrametric constraint
Optimal point found for initial point 10
Negative llh: 708.0603607016994
Dropout rate: 0
Silencing rate: 0
Initial point 11. Random seed: 3730
Solving with ultrametric constraint
Optimal point found for initial point 11
Negative llh: 705.3403809784174
Dropout rate: 0
Silencing rate: 0
Initial point 12. Random seed: 8489
Solving with ultrametric constraint
Optimal point found for initial point 12
Negative llh: 707.2048854462471
Dropout rate: 0
Silencing rate: 0
Initial point 13. Random seed: 7528
Solving with ultrametric constraint
Optimal point found for initial point 13
Negative llh: 34716.1985753738
Dropout rate: 0
Silencing rate: 0
Initial point 14. Random seed: 8990
Solving with ultrametric constraint
Optimal point found for initial point 14
Negative llh: 43455.01842711747
Dropout rate: 0
Silencing rate: 0
Initial point 15. Random seed: 8813
Solving with ultrametric constraint
Optimal point found for initial point 15
Negative llh: 705.6713646134906
Dropout rate: 0
Silencing rate: 0
Initial point 16. Random seed: 6037
Solving with ultrametric constraint
Optimal point found for initial point 16
Negative llh: 705.1132712402473
Dropout rate: 0
Silencing rate: 0
Initial point 17. Random seed: 2375
Solving with ultrametric constraint
Optimal point found for initial point 17
Negative llh: 706.9106742937312
Dropout rate: 0
Silencing rate: 0
Initial point 18. Random seed: 2871
Solving with ultrametric constraint
Optimal point found for initial point 18
Negative llh: 705.4873719145944
Dropout rate: 0
Silencing rate: 0
Initial point 19. Random seed: 3602
Solving with ultrametric constraint
Optimal point found for initial point 19
Negative llh: 32841.26264369023
Dropout rate: 0
Silencing rate: 0
Initial point 20. Random seed: 8216
Solving with ultrametric constraint
Optimal point found for initial point 20
Negative llh: 30342.092998039065
Dropout rate: 0
Silencing rate: 0
Optimal nllh: 704.9381051580942
