dataset s20c5
Optimization using leaf locations
Initial point 1. Random seed: 6580
Solving with ultrametric constraint
Optimal point found for initial point 1
Negative llh: 270.1466906356894
Dropout rate: 0
Silencing rate: 0
Initial point 2. Random seed: 3487
Solving with ultrametric constraint
Optimal point found for initial point 2
Negative llh: 271.6649492800734
Dropout rate: 0
Silencing rate: 0
Initial point 3. Random seed: 3803
Solving with ultrametric constraint
Optimal point found for initial point 3
Negative llh: 270.14709868453576
Dropout rate: 0
Silencing rate: 0
Initial point 4. Random seed: 8947
Solving with ultrametric constraint
Optimal point found for initial point 4
Negative llh: 268.807792523002
Dropout rate: 0
Silencing rate: 0
Initial point 5. Random seed: 2428
Solving with ultrametric constraint
Optimal point found for initial point 5
Negative llh: 8543.5496005297
Dropout rate: 0
Silencing rate: 0
Initial point 6. Random seed: 6408
Solving with ultrametric constraint
Optimal point found for initial point 6
Negative llh: 268.8072558726657
Dropout rate: 0
Silencing rate: 0
Initial point 7. Random seed: 2072
Solving with ultrametric constraint
Optimal point found for initial point 7
Negative llh: 7388.257776085758
Dropout rate: 0
Silencing rate: 0
Initial point 8. Random seed: 6224
Solving with ultrametric constraint
Optimal point found for initial point 8
Negative llh: 268.8074804418008
Dropout rate: 0
Silencing rate: 0
Initial point 9. Random seed: 7079
Solving with ultrametric constraint
Optimal point found for initial point 9
Negative llh: 270.34177197236085
Dropout rate: 0
Silencing rate: 0
Initial point 10. Random seed: 817
Solving with ultrametric constraint
Optimal point found for initial point 10
Negative llh: 268.80726512883336
Dropout rate: 0
Silencing rate: 0
Initial point 11. Random seed: 7596
Solving with ultrametric constraint
Optimal point found for initial point 11
Negative llh: 5683.755183443834
Dropout rate: 0
Silencing rate: 0
Initial point 12. Random seed: 2880
Solving with ultrametric constraint
Optimal point found for initial point 12
Negative llh: 10953.09795663734
Dropout rate: 0
Silencing rate: 0
Initial point 13. Random seed: 6483
Solving with ultrametric constraint
Optimal point found for initial point 13
Negative llh: 268.8072680288317
Dropout rate: 0
Silencing rate: 0
Initial point 14. Random seed: 8522
Solving with ultrametric constraint
Optimal point found for initial point 14
Negative llh: 5886.891239144707
Dropout rate: 0
Silencing rate: 0
Initial point 15. Random seed: 7890
Solving with ultrametric constraint
Optimal point found for initial point 15
Negative llh: 7822.296128146147
Dropout rate: 0
Silencing rate: 0
Initial point 16. Random seed: 2526
Solving with ultrametric constraint
Optimal point found for initial point 16
Negative llh: 6511.152842557706
Dropout rate: 0
Silencing rate: 0
Initial point 17. Random seed: 8613
Solving with ultrametric constraint
Optimal point found for initial point 17
Negative llh: 270.1466900614871
Dropout rate: 0
Silencing rate: 0
Initial point 18. Random seed: 6553
Solving with ultrametric constraint
Optimal point found for initial point 18
Negative llh: 4260.755849805968
Dropout rate: 0
Silencing rate: 0
Initial point 19. Random seed: 9914
Solving with ultrametric constraint
Optimal point found for initial point 19
Negative llh: 8379.6754832985
Dropout rate: 0
Silencing rate: 0
Initial point 20. Random seed: 5272
Solving with ultrametric constraint
Optimal point found for initial point 20
Negative llh: 273.9337543088085
Dropout rate: 0
Silencing rate: 0
Optimal nllh: 268.8072558726657
