dataset s4c4
Optimization using leaf locations
Initial point 1. Random seed: 6819
Solving with ultrametric constraint
Optimal point found for initial point 1
Negative llh: 72.86203944177146
Dropout rate: 0
Silencing rate: 0
Initial point 2. Random seed: 276
Solving with ultrametric constraint
Optimal point found for initial point 2
Negative llh: 72.8620686561228
Dropout rate: 0
Silencing rate: 0
Initial point 3. Random seed: 4573
Solving with ultrametric constraint
Optimal point found for initial point 3
Negative llh: 72.86203467099561
Dropout rate: 0
Silencing rate: 0
Initial point 4. Random seed: 5564
Solving with ultrametric constraint
Optimal point found for initial point 4
Negative llh: 72.86202795295884
Dropout rate: 0
Silencing rate: 0
Initial point 5. Random seed: 3487
Solving with ultrametric constraint
Optimal point found for initial point 5
Negative llh: 72.86203427108734
Dropout rate: 0
Silencing rate: 0
Initial point 6. Random seed: 5453
Solving with ultrametric constraint
Optimal point found for initial point 6
Negative llh: 71.44947728109061
Dropout rate: 0
Silencing rate: 0
Initial point 7. Random seed: 3228
Solving with ultrametric constraint
Optimal point found for initial point 7
Negative llh: 71.44947639947654
Dropout rate: 0
Silencing rate: 0
Initial point 8. Random seed: 6682
Solving with ultrametric constraint
Optimal point found for initial point 8
Negative llh: 72.86208593726244
Dropout rate: 0
Silencing rate: 0
Initial point 9. Random seed: 9749
Solving with ultrametric constraint
Optimal point found for initial point 9
Negative llh: 72.86202772493081
Dropout rate: 0
Silencing rate: 0
Initial point 10. Random seed: 1778
Solving with ultrametric constraint
Optimal point found for initial point 10
Negative llh: 72.8620703573895
Dropout rate: 0
Silencing rate: 0
Initial point 11. Random seed: 21
Solving with ultrametric constraint
Optimal point found for initial point 11
Negative llh: 72.86202763257728
Dropout rate: 0
Silencing rate: 0
Initial point 12. Random seed: 3890
Solving with ultrametric constraint
Optimal point found for initial point 12
Negative llh: 72.86205404491477
Dropout rate: 0
Silencing rate: 0
Initial point 13. Random seed: 5055
Solving with ultrametric constraint
Optimal point found for initial point 13
Negative llh: 72.86202799720851
Dropout rate: 0
Silencing rate: 0
Initial point 14. Random seed: 2303
Solving with ultrametric constraint
Optimal point found for initial point 14
Negative llh: 72.86205881656123
Dropout rate: 0
Silencing rate: 0
Initial point 15. Random seed: 284
Solving with ultrametric constraint
Optimal point found for initial point 15
Negative llh: 72.86202819609571
Dropout rate: 0
Silencing rate: 0
Initial point 16. Random seed: 4749
Solving with ultrametric constraint
Optimal point found for initial point 16
Negative llh: 72.86204141834416
Dropout rate: 0
Silencing rate: 0
Initial point 17. Random seed: 669
Solving with ultrametric constraint
Optimal point found for initial point 17
Negative llh: 72.86203255314341
Dropout rate: 0
Silencing rate: 0
Initial point 18. Random seed: 7659
Solving with ultrametric constraint
Optimal point found for initial point 18
Negative llh: 71.44947637284204
Dropout rate: 0
Silencing rate: 0
Initial point 19. Random seed: 1509
Solving with ultrametric constraint
Optimal point found for initial point 19
Negative llh: 71.44947682971603
Dropout rate: 0
Silencing rate: 0
Initial point 20. Random seed: 5808
Solving with ultrametric constraint
Optimal point found for initial point 20
Negative llh: 72.86202790218691
Dropout rate: 0
Silencing rate: 0
Optimal nllh: 71.44947637284204
