/Users/uym2/opt/anaconda3/lib/python3.9/site-packages/cvxpy/atoms/elementwise/log.py:35: RuntimeWarning: divide by zero encountered in log
  return np.log(values[0])
Launching Problin version 0.5b
Problin was called as follow: /Users/uym2/my_gits/problin/run_problin.py -c s19c4/k200_exp2_character_matrix.csv -t s19c4/true_tree.nwk --delimiter comma -p s19c4/k200_exp2_priors.csv -o s19c4/k200_exp2_problin --nInitials 10 --ultrametric
Optimizing branch lengths, phi, and nu without topology search
Optimization by EM algorithm
Initial point 1. Random seed: 9120
Numerical optimization started with ultrametric constraint
Initial phi: 0.07040892826336158. Initial nu: 0.026944856773537664. Initial nllh: 96312.00462018161
EM finished after 8 iterations.
Optimal phi: 0. Optimal nu: 5.82906766017715e-08. Optimal nllh: 1172.6584699891841
Optimal point found for initial point 1
Initial point 2. Random seed: 960
Numerical optimization started with ultrametric constraint
Initial phi: 0.5457843783502887. Initial nu: 0.8023531663460509. Initial nllh: 3985.2120822983557
EM finished after 8 iterations.
Optimal phi: 0. Optimal nu: 6.75413168670261e-08. Optimal nllh: 1172.6584770429442
Optimal point found for initial point 2
Initial point 3. Random seed: 1716
Numerical optimization started with ultrametric constraint
Initial phi: 0.5031145954568207. Initial nu: 0.6293327282612663. Initial nllh: 3603.8098474840913
EM finished after 8 iterations.
Optimal phi: 0. Optimal nu: 0.0. Optimal nllh: 1172.6584258272237
Optimal point found for initial point 3
Initial point 4. Random seed: 2804
Numerical optimization started with ultrametric constraint
Initial phi: 0.8070614163648928. Initial nu: 0.76258808225827. Initial nllh: 6352.705190558015
EM finished after 10 iterations.
Optimal phi: 0. Optimal nu: 1.447152262585104e-08. Optimal nllh: 1172.6584362546664
Optimal point found for initial point 4
Initial point 5. Random seed: 6346
Numerical optimization started with ultrametric constraint
Initial phi: 0.4024069349289991. Initial nu: 0.7209829555625996. Initial nllh: 3155.9307007423904
EM finished after 8 iterations.
Optimal phi: 0. Optimal nu: 0.0. Optimal nllh: 1172.6584262177957
Optimal point found for initial point 5
Initial point 6. Random seed: 1230
Numerical optimization started with ultrametric constraint
Initial phi: 0.40652321100021954. Initial nu: 0.7265446583425773. Initial nllh: 3179.4609534301403
EM finished after 8 iterations.
Optimal phi: 0. Optimal nu: 6.511057538941247e-08. Optimal nllh: 1172.658475147684
Optimal point found for initial point 6
Initial point 7. Random seed: 2807
Numerical optimization started with ultrametric constraint
Initial phi: 0.28095988300914204. Initial nu: 0.00959875481811551. Initial nllh: 2103.41711501696
EM finished after 7 iterations.
Optimal phi: 0. Optimal nu: 5.8688579507979276e-08. Optimal nllh: 1172.6584693959608
Optimal point found for initial point 7
Initial point 8. Random seed: 5518
Numerical optimization started with ultrametric constraint
Initial phi: 0.720507175383962. Initial nu: 0.314105745319136. Initial nllh: 4978.040329441235
EM finished after 7 iterations.
Optimal phi: 0. Optimal nu: 0.0. Optimal nllh: 1172.658426785144
Optimal point found for initial point 8
Initial point 9. Random seed: 6223
Numerical optimization started with ultrametric constraint
Initial phi: 0.7570426141079692. Initial nu: 0.5219878688438664. Initial nllh: 5526.482202780202
EM finished after 8 iterations.
Optimal phi: 0. Optimal nu: 0.0. Optimal nllh: 1172.6584259508804
Optimal point found for initial point 9
Initial point 10. Random seed: 2309
Numerical optimization started with ultrametric constraint
Initial phi: 0.06470097964258902. Initial nu: 0.5714533845379176. Initial nllh: 1789.304024582952
EM finished after 8 iterations.
Optimal phi: 0. Optimal nu: 7.000727876415174e-08. Optimal nllh: 1172.6584785646114
Optimal point found for initial point 10
Numerical optimization finished successfully
Runtime (s): 10.638281375
