Launching Problin version 0.5p
Problin was called as follow: /Users/uym2/my_gits/problin/run_problin.py -c s8c4/k10_r1_character_matrix.csv -t s8c4/true_tree.nwk -S s8c4/true_locations.txt --delimiter comma -p s8c4/k10_priors.csv -o s8c4/k10_r1_spalin_all.txt --nInitials 10
Optimization by Spalin: Scipy-SLSQP using spatial information
Optimizing branch lengths, phi, and nu without topology search
Initial point 1. Random seed: 7486
Solving ML without ultrametric constraint
Optimal point found for initial point 1
Negative llh: 243.10507830567738
Dropout rate: 9.58171672515261e-10
Silencing rate: 1.0742937576123047e-09
Initial point 2. Random seed: 5139
Solving ML without ultrametric constraint
Optimal point found for initial point 2
Negative llh: 243.10507768136142
Dropout rate: 1e-10
Silencing rate: 1.0000000000000002e-10
Initial point 3. Random seed: 2789
Solving ML without ultrametric constraint
Optimal point found for initial point 3
Negative llh: 243.10507938585476
Dropout rate: 1.8034107832732718e-09
Silencing rate: 6.703738687807916e-09
Initial point 4. Random seed: 3087
Solving ML without ultrametric constraint
Optimal point found for initial point 4
Negative llh: 243.10507789721868
Dropout rate: 1.0000000000000002e-10
Silencing rate: 9.999999999999996e-11
Initial point 5. Random seed: 6857
Solving ML without ultrametric constraint
Optimal point found for initial point 5
Negative llh: 243.10507789016606
Dropout rate: 3.4890481512558794e-10
Silencing rate: 7.627354658304293e-10
Initial point 6. Random seed: 999
Solving ML without ultrametric constraint
Optimal point found for initial point 6
Negative llh: 243.10507986436903
Dropout rate: 1.939022189981604e-09
Silencing rate: 8.428218232558505e-09
Initial point 7. Random seed: 9471
Solving ML without ultrametric constraint
Optimal point found for initial point 7
Negative llh: 243.10507844780503
Dropout rate: 1.4395263825865815e-09
Silencing rate: 1.968517469933564e-09
Initial point 8. Random seed: 7273
Solving ML without ultrametric constraint
Optimal point found for initial point 8
Negative llh: 243.10507816186112
Dropout rate: 1.0000000000000007e-10
Silencing rate: 9.999999999999924e-11
Initial point 9. Random seed: 7264
Solving ML without ultrametric constraint
Optimal point found for initial point 9
Negative llh: 243.10507773249634
Dropout rate: 1e-10
Silencing rate: 1e-10
Initial point 10. Random seed: 1064
Solving ML without ultrametric constraint
Optimal point found for initial point 10
Negative llh: 243.1050781403597
Dropout rate: 1.0000000000000007e-10
Silencing rate: 1.000000000000009e-10
Runtime (s): 16.475288333
