Launching Problin version 0.5p
Problin was called as follow: /Users/uym2/my_gits/problin/run_problin.py -c s8c4/k10_r1_character_matrix.csv -t s8c4/true_tree.nwk -S s8c4/leaf_locations.txt --delimiter comma -p s8c4/k10_priors.csv -o s8c4/k10_r1_spalin_leaves.txt --nInitials 10
Optimization by Spalin: Scipy-SLSQP using spatial information
Optimizing branch lengths, phi, and nu without topology search
Initial point 1. Random seed: 3397
Solving ML without ultrametric constraint
Optimal point found for initial point 1
Negative llh: 194.6186823289001
Dropout rate: 1e-10
Silencing rate: 1e-10
Initial point 2. Random seed: 6034
Solving ML without ultrametric constraint
Optimal point found for initial point 2
Negative llh: 194.61925628558285
Dropout rate: 2.3788629780042926e-09
Silencing rate: 1.877181910768769e-09
Initial point 3. Random seed: 3509
Solving ML without ultrametric constraint
Optimal point found for initial point 3
Negative llh: 194.61863403050023
Dropout rate: 1e-10
Silencing rate: 1e-10
Initial point 4. Random seed: 7058
Solving ML without ultrametric constraint
Optimal point found for initial point 4
Negative llh: 194.6192862168476
Dropout rate: 1.0000000000000007e-10
Silencing rate: 1.0000000000000007e-10
Initial point 5. Random seed: 9510
Solving ML without ultrametric constraint
Optimal point found for initial point 5
Negative llh: 194.6186219887839
Dropout rate: 9.999999999999996e-11
Silencing rate: 1.0000000000000002e-10
Initial point 6. Random seed: 1411
Solving ML without ultrametric constraint
Optimal point found for initial point 6
Negative llh: 192.7810995107837
Dropout rate: 1e-10
Silencing rate: 1e-10
Initial point 7. Random seed: 4140
Solving ML without ultrametric constraint
Optimal point found for initial point 7
Negative llh: 193.6661508050425
Dropout rate: 1e-10
Silencing rate: 1e-10
Initial point 8. Random seed: 5677
Solving ML without ultrametric constraint
Optimal point found for initial point 8
Negative llh: 194.61862021803591
Dropout rate: 1.0000000000000007e-10
Silencing rate: 1.0000000000000007e-10
Initial point 9. Random seed: 411
Solving ML without ultrametric constraint
Optimal point found for initial point 9
Negative llh: 195.40212696127904
Dropout rate: 1.000000000000009e-10
Silencing rate: 9.999999999999924e-11
Initial point 10. Random seed: 1775
Solving ML without ultrametric constraint
Optimal point found for initial point 10
Negative llh: 194.61862641682245
Dropout rate: 1e-10
Silencing rate: 1e-10
Runtime (s): 114.5289725
