dataset s5c5
Optimization using leaf locations
Initial point 1. Random seed: 5922
Solving with ultrametric constraint
Optimal point found for initial point 1
Negative llh: 216.30459036545048
Dropout rate: 0
Silencing rate: 0
Initial point 2. Random seed: 2387
Solving with ultrametric constraint
Optimal point found for initial point 2
Negative llh: 214.5548647494628
Dropout rate: 0
Silencing rate: 0
Initial point 3. Random seed: 3343
Solving with ultrametric constraint
Optimal point found for initial point 3
Negative llh: 215.2801649082857
Dropout rate: 0
Silencing rate: 0
Initial point 4. Random seed: 8869
Solving with ultrametric constraint
Optimal point found for initial point 4
Negative llh: 215.28018063056652
Dropout rate: 0
Silencing rate: 0
Initial point 5. Random seed: 2456
Solving with ultrametric constraint
Optimal point found for initial point 5
Negative llh: 214.55449969038247
Dropout rate: 0
Silencing rate: 0
Initial point 6. Random seed: 526
Solving with ultrametric constraint
Optimal point found for initial point 6
Negative llh: 214.55474637764266
Dropout rate: 0
Silencing rate: 0
Initial point 7. Random seed: 8033
Solving with ultrametric constraint
Optimal point found for initial point 7
Negative llh: 6881.540304745671
Dropout rate: 0
Silencing rate: 0
Initial point 8. Random seed: 5373
Solving with ultrametric constraint
Optimal point found for initial point 8
Negative llh: 6280.5831233708805
Dropout rate: 0
Silencing rate: 0
Initial point 9. Random seed: 6716
Solving with ultrametric constraint
Optimal point found for initial point 9
Negative llh: 215.37576657477132
Dropout rate: 0
Silencing rate: 0
Initial point 10. Random seed: 8128
Solving with ultrametric constraint
Optimal point found for initial point 10
Negative llh: 216.02064131806958
Dropout rate: 0
Silencing rate: 0
Initial point 11. Random seed: 6525
Solving with ultrametric constraint
Optimal point found for initial point 11
Negative llh: 6458.62802216419
Dropout rate: 0
Silencing rate: 0
Initial point 12. Random seed: 2095
Solving with ultrametric constraint
Optimal point found for initial point 12
Negative llh: 216.0207073229926
Dropout rate: 0
Silencing rate: 0
Initial point 13. Random seed: 9143
Solving with ultrametric constraint
Optimal point found for initial point 13
Negative llh: 216.02061457259043
Dropout rate: 0
Silencing rate: 0
Initial point 14. Random seed: 9559
Solving with ultrametric constraint
Optimal point found for initial point 14
Negative llh: 216.02059225706248
Dropout rate: 0
Silencing rate: 0
Initial point 15. Random seed: 674
Solving with ultrametric constraint
Optimal point found for initial point 15
Negative llh: 216.02063582830706
Dropout rate: 0
Silencing rate: 0
Initial point 16. Random seed: 9582
Solving with ultrametric constraint
Optimal point found for initial point 16
Negative llh: 214.5552749652427
Dropout rate: 0
Silencing rate: 0
Initial point 17. Random seed: 4199
Solving with ultrametric constraint
Optimal point found for initial point 17
Negative llh: 5362.597085088337
Dropout rate: 0
Silencing rate: 0
Initial point 18. Random seed: 3486
Solving with ultrametric constraint
Optimal point found for initial point 18
Negative llh: 215.20977027630613
Dropout rate: 0
Silencing rate: 0
Initial point 19. Random seed: 7655
Solving with ultrametric constraint
Optimal point found for initial point 19
Negative llh: 215.20977870349188
Dropout rate: 0
Silencing rate: 0
Initial point 20. Random seed: 6816
Solving with ultrametric constraint
Optimal point found for initial point 20
Negative llh: 215.2100375674645
Dropout rate: 0
Silencing rate: 0
Optimal nllh: 214.55449969038247
