/Users/uym2/opt/anaconda3/lib/python3.9/site-packages/cvxpy/atoms/elementwise/log.py:35: RuntimeWarning: divide by zero encountered in log
  return np.log(values[0])
Launching Problin version 0.5b
Problin was called as follow: /Users/uym2/my_gits/problin/run_problin.py -c s10c3/k200_exp2_character_matrix.csv -t s10c3/true_tree.nwk --delimiter comma -p s10c3/k200_exp2_priors.csv -o s10c3/k200_exp2_problin --nInitials 10 --ultrametric
Optimizing branch lengths, phi, and nu without topology search
Optimization by EM algorithm
Initial point 1. Random seed: 6603
Numerical optimization started with ultrametric constraint
Initial phi: 0.4474393525277137. Initial nu: 0.1786979124997572. Initial nllh: 174212.38228001498
EM finished after 26 iterations.
Optimal phi: 0. Optimal nu: 4.981348554757747e-08. Optimal nllh: 1641.0653257862277
Optimal point found for initial point 1
Initial point 2. Random seed: 5462
Numerical optimization started with ultrametric constraint
Initial phi: 0.17494140219555637. Initial nu: 0.27474123874756207. Initial nllh: 2730.57863052406
EM finished after 19 iterations.
Optimal phi: 0. Optimal nu: 5.1941330171336323e-08. Optimal nllh: 1641.0653203494683
Optimal point found for initial point 2
Initial point 3. Random seed: 7931
Numerical optimization started with ultrametric constraint
Initial phi: 0.22139835858832654. Initial nu: 0.461800391348721. Initial nllh: 3180.0265913534013
EM finished after 22 iterations.
Optimal phi: 0. Optimal nu: 2.2622466051995196e-08. Optimal nllh: 1641.0652801253118
Optimal point found for initial point 3
Initial point 4. Random seed: 1464
Numerical optimization started with ultrametric constraint
Initial phi: 0.12121553159854948. Initial nu: 0.8308476518574928. Initial nllh: 3125.2228873747968
EM finished after 24 iterations.
Optimal phi: 0. Optimal nu: 5.2680399854609264e-08. Optimal nllh: 1641.0653273261835
Optimal point found for initial point 4
Initial point 5. Random seed: 4721
Numerical optimization started with ultrametric constraint
Initial phi: 0.16045582843693046. Initial nu: 0.6540308848798058. Initial nllh: 3102.230614702765
EM finished after 22 iterations.
Optimal phi: 0. Optimal nu: 5.061961537236872e-08. Optimal nllh: 1641.0653512278163
Optimal point found for initial point 5
Initial point 6. Random seed: 4920
Numerical optimization started with ultrametric constraint
Initial phi: 0.9292259393344577. Initial nu: 0.6675123938985048. Initial nllh: 13011.375503239451
EM finished after 23 iterations.
Optimal phi: 0. Optimal nu: 4.101252226819259e-08. Optimal nllh: 1641.065316258177
Optimal point found for initial point 6
Initial point 7. Random seed: 296
Numerical optimization started with ultrametric constraint
Initial phi: 0.33508480451712885. Initial nu: 0.5100730334999898. Initial nllh: 3867.5462670019556
EM finished after 26 iterations.
Optimal phi: 0. Optimal nu: 5.095153022830725e-08. Optimal nllh: 1641.0652704941258
Optimal point found for initial point 7
Initial point 8. Random seed: 1882
Numerical optimization started with ultrametric constraint
Initial phi: 0.7618023991700396. Initial nu: 0.13149360911219685. Initial nllh: 7533.341425399848
EM finished after 12 iterations.
Optimal phi: 0. Optimal nu: 5.0370653434025684e-08. Optimal nllh: 1641.0653904398662
Optimal point found for initial point 8
Initial point 9. Random seed: 3989
Numerical optimization started with ultrametric constraint
Initial phi: 0.24148170097342506. Initial nu: 0.8802781575978859. Initial nllh: 3771.4003037657913
EM finished after 22 iterations.
Optimal phi: 0. Optimal nu: 5.6830913146907485e-08. Optimal nllh: 1641.0654013609187
Optimal point found for initial point 9
Initial point 10. Random seed: 7486
Numerical optimization started with ultrametric constraint
Initial phi: 0.18538560998924333. Initial nu: 0.30503896936668984. Initial nllh: 2816.7796169912776
EM finished after 27 iterations.
Optimal phi: 0. Optimal nu: 5.387600146143682e-08. Optimal nllh: 1641.0652583872395
Optimal point found for initial point 10
Numerical optimization finished successfully
Runtime (s): 38.747367541
