Launching Problin version 0.5b
Problin was called as follow: /Users/uym2/my_gits/problin/run_problin.py -c s10c3/k200_const_character_matrix.csv -t s10c3/true_tree.nwk --delimiter comma -p s10c3/k200_const_priors.csv -o s10c3/k200_const_problin --nInitials 10 --ultrametric
Optimizing branch lengths, phi, and nu without topology search
Optimization by EM algorithm
Initial point 1. Random seed: 1766
Numerical optimization started with ultrametric constraint
Initial phi: 0.7323260698909682. Initial nu: 0.34994952362569437. Initial nllh: 223906.66859880078
EM finished after 15 iterations.
Optimal phi: 0. Optimal nu: 3.1334577946280595e-08. Optimal nllh: 2144.734010179352
Optimal point found for initial point 1
Initial point 2. Random seed: 2611
Numerical optimization started with ultrametric constraint
Initial phi: 0.9458268445618351. Initial nu: 0.6965612946541103. Initial nllh: 15121.816750404834
EM finished after 13 iterations.
Optimal phi: 0. Optimal nu: 2.5350279387352208e-08. Optimal nllh: 2144.7340017302813
Optimal point found for initial point 2
Initial point 3. Random seed: 344
Numerical optimization started with ultrametric constraint
Initial phi: 0.9083035482583086. Initial nu: 0.08305584076073626. Initial nllh: 11858.840867964916
EM finished after 10 iterations.
Optimal phi: 0. Optimal nu: 3.4551376647151817e-08. Optimal nllh: 2144.7340182707476
Optimal point found for initial point 3
Initial point 4. Random seed: 1623
Numerical optimization started with ultrametric constraint
Initial phi: 0.4607912491164976. Initial nu: 0.012770888750752758. Initial nllh: 4639.725886510606
EM finished after 6 iterations.
Optimal phi: 0. Optimal nu: 3.193199504428158e-08. Optimal nllh: 2144.734018121867
Optimal point found for initial point 4
Initial point 5. Random seed: 5481
Numerical optimization started with ultrametric constraint
Initial phi: 0.7003950607803683. Initial nu: 0.8460357836570296. Initial nllh: 8562.760363255036
EM finished after 12 iterations.
Optimal phi: 0. Optimal nu: 3.134045242967943e-08. Optimal nllh: 2144.734025367511
Optimal point found for initial point 5
Initial point 6. Random seed: 9483
Numerical optimization started with ultrametric constraint
Initial phi: 0.4086080140221634. Initial nu: 0.5473169909415321. Initial nllh: 5278.97709455041
EM finished after 14 iterations.
Optimal phi: 0. Optimal nu: 3.1291720913991024e-08. Optimal nllh: 2144.734009549966
Optimal point found for initial point 6
Initial point 7. Random seed: 2097
Numerical optimization started with ultrametric constraint
Initial phi: 0.02334263060063468. Initial nu: 0.35883475218847916. Initial nllh: 2916.6720406071763
EM finished after 12 iterations.
Optimal phi: 0. Optimal nu: 2.9692416663113774e-08. Optimal nllh: 2144.7340109164766
Optimal point found for initial point 7
Initial point 8. Random seed: 2611
Numerical optimization started with ultrametric constraint
Initial phi: 0.9458268445618351. Initial nu: 0.6965612946541103. Initial nllh: 15121.807728304344
EM finished after 13 iterations.
Optimal phi: 0. Optimal nu: 3.096435472086219e-08. Optimal nllh: 2144.7340123476797
Optimal point found for initial point 8
Initial point 9. Random seed: 2626
Numerical optimization started with ultrametric constraint
Initial phi: 0.3600496412977951. Initial nu: 0.5162569234549681. Initial nllh: 4904.729029564243
EM finished after 12 iterations.
Optimal phi: 0. Optimal nu: 3.551237247995308e-08. Optimal nllh: 2144.7340255233657
Optimal point found for initial point 9
Initial point 10. Random seed: 8583
Numerical optimization started with ultrametric constraint
Initial phi: 0.5702986914789979. Initial nu: 0.5129089221674825. Initial nllh: 6491.605499494177
EM finished after 14 iterations.
Optimal phi: 0. Optimal nu: 2.5273409657234197e-08. Optimal nllh: 2144.7339977082047
Optimal point found for initial point 10
Numerical optimization finished successfully
Runtime (s): 21.882074208
