Launching Problin version 0.5b
Problin was called as follow: /Users/uym2/my_gits/problin/run_problin.py -c s16c1/k10_lin_character_matrix.csv -t s16c1/true_tree.nwk --delimiter comma -p s16c1/k10_lin_priors.csv -o s16c1/k10_lin_problin --nInitials 10 --ultrametric
Optimizing branch lengths, phi, and nu without topology search
Optimization by EM algorithm
Initial point 1. Random seed: 744
Numerical optimization started with ultrametric constraint
Initial phi: 0.9601508650600349. Initial nu: 0.024482541817170883. Initial nllh: 6702.88747685443
EM finished after 20 iterations.
Optimal phi: 0. Optimal nu: 1.0247613400150703e-06. Optimal nllh: 94.94004603849673
Optimal point found for initial point 1
Initial point 2. Random seed: 9879
Numerical optimization started with ultrametric constraint
Initial phi: 0.09473543104506714. Initial nu: 0.1229507209551608. Initial nllh: 125.57173391300805
EM finished after 13 iterations.
Optimal phi: 0. Optimal nu: 1.0275391588061544e-06. Optimal nllh: 94.94004652444663
Optimal point found for initial point 2
Initial point 3. Random seed: 4745
Numerical optimization started with ultrametric constraint
Initial phi: 0.9430592709851982. Initial nu: 0.6188361319651804. Initial nllh: 744.9030000562076
EM finished after 15 iterations.
Optimal phi: 0. Optimal nu: 1.0671614840392665e-06. Optimal nllh: 94.94005121926236
Optimal point found for initial point 3
Initial point 4. Random seed: 1868
Numerical optimization started with ultrametric constraint
Initial phi: 0.9080696147389259. Initial nu: 0.5214297930577748. Initial nllh: 636.759738374785
EM finished after 19 iterations.
Optimal phi: 0. Optimal nu: 1.0676977924021117e-06. Optimal nllh: 94.94004940166805
Optimal point found for initial point 4
Initial point 5. Random seed: 2620
Numerical optimization started with ultrametric constraint
Initial phi: 0.36236692865720443. Initial nu: 0.8577180991706219. Initial nllh: 256.1076126335554
EM finished after 19 iterations.
Optimal phi: 0. Optimal nu: 1.0244280836439678e-06. Optimal nllh: 94.94004585094332
Optimal point found for initial point 5
Initial point 6. Random seed: 9476
Numerical optimization started with ultrametric constraint
Initial phi: 0.38155653388181504. Initial nu: 0.38240469565842394. Initial nllh: 225.69168199705518
EM finished after 17 iterations.
Optimal phi: 0. Optimal nu: 1.023844901798404e-06. Optimal nllh: 94.94004591034505
Optimal point found for initial point 6
Initial point 7. Random seed: 8577
Numerical optimization started with ultrametric constraint
Initial phi: 0.7581632450809825. Initial nu: 0.09789416046936207. Initial nllh: 400.82257199985844
EM finished after 13 iterations.
Optimal phi: 0. Optimal nu: 1.0277567613594294e-06. Optimal nllh: 94.94004634373141
Optimal point found for initial point 7
Initial point 8. Random seed: 2318
Numerical optimization started with ultrametric constraint
Initial phi: 0.44342486849671947. Initial nu: 0.020120298223580985. Initial nllh: 219.75254545162903
EM finished after 9 iterations.
Optimal phi: 0. Optimal nu: 1.0243215483776135e-06. Optimal nllh: 94.94004595690961
Optimal point found for initial point 8
Initial point 9. Random seed: 1737
Numerical optimization started with ultrametric constraint
Initial phi: 0.7376641558558656. Initial nu: 0.45699086136602013. Initial nllh: 411.5626682321644
EM finished after 17 iterations.
Optimal phi: 0. Optimal nu: 1.0299211592046686e-06. Optimal nllh: 94.94004644801821
Optimal point found for initial point 9
Initial point 10. Random seed: 8237
Numerical optimization started with ultrametric constraint
Initial phi: 0.38876456838724355. Initial nu: 0.7218478597380366. Initial nllh: 254.4571487564835
EM finished after 15 iterations.
Optimal phi: 0. Optimal nu: 1.067434604683267e-06. Optimal nllh: 94.9400516551537
Optimal point found for initial point 10
Numerical optimization finished successfully
Runtime (s): 10.584810957999998
