Launching Problin version 0.5b
Problin was called as follow: /Users/uym2/my_gits/problin/run_problin.py -c s12c4/k10_exp2_character_matrix.csv -t s12c4/true_tree.nwk --delimiter comma -p s12c4/k10_exp2_priors.csv -o s12c4/k10_exp2_problin --nInitials 10 --ultrametric
Optimizing branch lengths, phi, and nu without topology search
Optimization by EM algorithm
Initial point 1. Random seed: 2773
Numerical optimization started with ultrametric constraint
Initial phi: 0.16162362363037727. Initial nu: 0.8462606564593914. Initial nllh: 17619.785949195364
EM finished after 6 iterations.
Optimal phi: 0. Optimal nu: 1.224625913240446e-06. Optimal nllh: 66.58507151086475
Optimal point found for initial point 1
Initial point 2. Random seed: 8110
Numerical optimization started with ultrametric constraint
Initial phi: 0.33668240261291943. Initial nu: 0.32678292442021817. Initial nllh: 169.93025723525744
EM finished after 6 iterations.
Optimal phi: 0. Optimal nu: 1.2257557135796053e-06. Optimal nllh: 66.58507156939379
Optimal point found for initial point 2
Initial point 3. Random seed: 517
Numerical optimization started with ultrametric constraint
Initial phi: 0.41188715782678575. Initial nu: 0.23067966673691134. Initial nllh: 187.84440753454822
EM finished after 6 iterations.
Optimal phi: 0. Optimal nu: 1.2240818645889299e-06. Optimal nllh: 66.58507148483696
Optimal point found for initial point 3
Initial point 4. Random seed: 939
Numerical optimization started with ultrametric constraint
Initial phi: 0.9117604928008385. Initial nu: 0.20938097875636374. Initial nllh: 565.8536130525204
EM finished after 6 iterations.
Optimal phi: 0. Optimal nu: 1.2185078871398985e-06. Optimal nllh: 66.58507112325711
Optimal point found for initial point 4
Initial point 5. Random seed: 6984
Numerical optimization started with ultrametric constraint
Initial phi: 0.6075218915967716. Initial nu: 0.2978633308517468. Initial nllh: 273.03339516460625
EM finished after 6 iterations.
Optimal phi: 0. Optimal nu: 1.2233015226292049e-06. Optimal nllh: 66.58507142699757
Optimal point found for initial point 5
Initial point 6. Random seed: 3015
Numerical optimization started with ultrametric constraint
Initial phi: 0.14575547285119414. Initial nu: 0.2629278586171381. Initial nllh: 115.2493320860959
EM finished after 7 iterations.
Optimal phi: 0. Optimal nu: 1.2261086657214715e-06. Optimal nllh: 66.58507160739126
Optimal point found for initial point 6
Initial point 7. Random seed: 4697
Numerical optimization started with ultrametric constraint
Initial phi: 0.5755038984407421. Initial nu: 0.9058393931483931. Initial nllh: 296.27415575357713
EM finished after 6 iterations.
Optimal phi: 0. Optimal nu: 1.22767985861417e-06. Optimal nllh: 66.58507168365084
Optimal point found for initial point 7
Initial point 8. Random seed: 917
Numerical optimization started with ultrametric constraint
Initial phi: 0.2838713335851042. Initial nu: 0.6732266044143371. Initial nllh: 176.78969227064877
Warning: EM failed to optimize parameters in one Mstep.
EM finished after 7 iterations.
Optimal phi: 0. Optimal nu: 1.2213759483691527e-06. Optimal nllh: 66.58507129714621
Optimal point found for initial point 8
Initial point 9. Random seed: 3878
Numerical optimization started with ultrametric constraint
Initial phi: 0.10117279889508998. Initial nu: 0.8853954589451803. Initial nllh: 144.92775218624462
EM finished after 6 iterations.
Optimal phi: 0. Optimal nu: 1.2271563083781881e-06. Optimal nllh: 66.58507168676093
Optimal point found for initial point 9
Initial point 10. Random seed: 8796
Numerical optimization started with ultrametric constraint
Initial phi: 0.5705566642135884. Initial nu: 0.045282940487565454. Initial nllh: 238.86040146147008
EM finished after 7 iterations.
Optimal phi: 0. Optimal nu: 1.224348677182402e-06. Optimal nllh: 66.58507149603278
Optimal point found for initial point 10
Numerical optimization finished successfully
Runtime (s): 4.438961125
