Launching Problin version 0.5p
Problin was called as follow: /Users/uym2/my_gits/problin/run_problin.py -c s20c2/k10_r1_character_matrix.csv -t s20c2/true_tree.nwk -S s20c2/true_locations.txt --delimiter comma -p s20c2/k10_priors.csv -o s20c2/k10_r1_spalin_all.txt --nInitials 10
Optimization by Spalin: Scipy-SLSQP using spatial information
Optimizing branch lengths, phi, and nu without topology search
Initial point 1. Random seed: 2139
Solving ML without ultrametric constraint
Optimal point found for initial point 1
Negative llh: 326.72202793330695
Dropout rate: 4.989007020917274e-10
Silencing rate: 1.0874541883113228e-09
Initial point 2. Random seed: 6412
Solving ML without ultrametric constraint
Optimal point found for initial point 2
Negative llh: 326.7220277658021
Dropout rate: 1e-10
Silencing rate: 1e-10
Initial point 3. Random seed: 9279
Solving ML without ultrametric constraint
Optimal point found for initial point 3
Negative llh: 326.7220308069029
Dropout rate: 1.5501204219188006e-08
Silencing rate: 2.1164503651769057e-09
Initial point 4. Random seed: 9799
Solving ML without ultrametric constraint
Optimal point found for initial point 4
Negative llh: 326.7220276619674
Dropout rate: 1e-10
Silencing rate: 1e-10
Initial point 5. Random seed: 8051
Solving ML without ultrametric constraint
Optimal point found for initial point 5
Negative llh: 326.72202805838765
Dropout rate: 1.7082680688121114e-10
Silencing rate: 5.50681159576923e-10
Initial point 6. Random seed: 5712
Solving ML without ultrametric constraint
Optimal point found for initial point 6
Negative llh: 326.7220278022676
Dropout rate: 1e-10
Silencing rate: 1e-10
Initial point 7. Random seed: 6504
Solving ML without ultrametric constraint
Optimal point found for initial point 7
Negative llh: 326.7220279428317
Dropout rate: 1e-10
Silencing rate: 1.0000000000000002e-10
Initial point 8. Random seed: 6190
Solving ML without ultrametric constraint
Optimal point found for initial point 8
Negative llh: 326.7220277891813
Dropout rate: 1.0000000000000007e-10
Silencing rate: 1.0000000000000007e-10
Initial point 9. Random seed: 4895
Solving ML without ultrametric constraint
Optimal point found for initial point 9
Negative llh: 326.72202853327735
Dropout rate: 1.5553643986845806e-09
Silencing rate: 5.60657480176639e-09
Initial point 10. Random seed: 1015
Solving ML without ultrametric constraint
Optimal point found for initial point 10
Negative llh: 326.7220282043105
Dropout rate: 1.3103116523177764e-10
Silencing rate: 3.912575488463489e-10
Runtime (s): 21.793862584
