Launching Problin version 0.5b
Problin was called as follow: /Users/uym2/my_gits/problin/run_problin.py -c s20c2/k10_r2_character_matrix.csv -t s20c2/true_tree.nwk -S s20c2/true_locations.txt --delimiter comma -p s20c2/k10_priors.csv -o s20c2/k10_r2_spalin_all.txt --nInitials 10
Optimization by Spalin: Scipy-SLSQP using spatial information
Optimizing branch lengths, phi, and nu without topology search
Initial point 1. Random seed: 2488
Solving ML without ultrametric constraint
Optimal point found for initial point 1
Negative llh: 325.6367529730727
Dropout rate: 1e-10
Silencing rate: 1e-10
Initial point 2. Random seed: 1115
Solving ML without ultrametric constraint
Optimal point found for initial point 2
Negative llh: 325.6367531595063
Dropout rate: 2.345609640274343e-10
Silencing rate: 4.1570488858277945e-10
Initial point 3. Random seed: 1668
Solving ML without ultrametric constraint
Optimal point found for initial point 3
Negative llh: 325.63675317106504
Dropout rate: 1.0000000000000007e-10
Silencing rate: 1.0000000000000007e-10
Initial point 4. Random seed: 7104
Solving ML without ultrametric constraint
Optimal point found for initial point 4
Negative llh: 325.63675302548404
Dropout rate: 1e-10
Silencing rate: 1e-10
Initial point 5. Random seed: 4278
Solving ML without ultrametric constraint
Optimal point found for initial point 5
Negative llh: 325.63675312391723
Dropout rate: 1.2457062960266403e-10
Silencing rate: 1.3144139639769848e-10
Initial point 6. Random seed: 2362
Solving ML without ultrametric constraint
Optimal point found for initial point 6
Negative llh: 325.63675303648256
Dropout rate: 9.999999999999996e-11
Silencing rate: 9.999999999999996e-11
Initial point 7. Random seed: 9327
Solving ML without ultrametric constraint
Optimal point found for initial point 7
Negative llh: 325.6367533002803
Dropout rate: 3.528323064107491e-10
Silencing rate: 2.3623724325619002e-09
Initial point 8. Random seed: 5890
Solving ML without ultrametric constraint
Optimal point found for initial point 8
Negative llh: 325.6367529848413
Dropout rate: 1.0508712651667641e-10
Silencing rate: 1.321259394437899e-10
Initial point 9. Random seed: 5495
Solving ML without ultrametric constraint
Optimal point found for initial point 9
Negative llh: 325.636753550751
Dropout rate: 7.010610662504988e-10
Silencing rate: 6.483415743103171e-10
Initial point 10. Random seed: 4874
Solving ML without ultrametric constraint
Optimal point found for initial point 10
Negative llh: 325.6367530102346
Dropout rate: 1e-10
Silencing rate: 1.0000000000000002e-10
Runtime (s): 21.717496792
