/Users/uym2/opt/anaconda3/lib/python3.9/site-packages/cvxpy/atoms/elementwise/log.py:35: RuntimeWarning: divide by zero encountered in log
  return np.log(values[0])
Launching Problin version 0.5b
Problin was called as follow: /Users/uym2/my_gits/problin/run_problin.py -c s10c5/k200_exp_character_matrix.csv -t s10c5/true_tree.nwk --delimiter comma -p s10c5/k200_exp_priors.csv -o s10c5/k200_exp_problin --nInitials 10 --ultrametric
Optimizing branch lengths, phi, and nu without topology search
Optimization by EM algorithm
Initial point 1. Random seed: 5917
Numerical optimization started with ultrametric constraint
Initial phi: 0.6548739407982862. Initial nu: 0.555056654229043. Initial nllh: 114758.71199658097
EM finished after 10 iterations.
Optimal phi: 0. Optimal nu: 4.531864323891968e-08. Optimal nllh: 742.1312115967115
Optimal point found for initial point 1
Initial point 2. Random seed: 3590
Numerical optimization started with ultrametric constraint
Initial phi: 0.09338647669446407. Initial nu: 0.10203986995917828. Initial nllh: 1007.4568057982333
EM finished after 8 iterations.
Optimal phi: 0. Optimal nu: 4.516999064774747e-08. Optimal nllh: 742.1312115231867
Optimal point found for initial point 2
Initial point 3. Random seed: 2647
Numerical optimization started with ultrametric constraint
Initial phi: 0.004964075770532104. Initial nu: 0.26174305340002835. Initial nllh: 928.0263921455912
EM finished after 8 iterations.
Optimal phi: 0. Optimal nu: 4.5335015372372694e-08. Optimal nllh: 742.131212932957
Optimal point found for initial point 3
Initial point 4. Random seed: 604
Numerical optimization started with ultrametric constraint
Initial phi: 0.4693191018552485. Initial nu: 0.03280606662810074. Initial nllh: 2032.3136852769835
EM finished after 7 iterations.
Optimal phi: 0. Optimal nu: 4.571117820840908e-08. Optimal nllh: 742.1312117464588
Optimal point found for initial point 4
Initial point 5. Random seed: 2704
Numerical optimization started with ultrametric constraint
Initial phi: 0.1977392316644508. Initial nu: 0.13279647423299573. Initial nllh: 1272.5700237731464
EM finished after 8 iterations.
Optimal phi: 0. Optimal nu: 4.5284327531962584e-08. Optimal nllh: 742.1312118234554
Optimal point found for initial point 5
Initial point 6. Random seed: 8448
Numerical optimization started with ultrametric constraint
Initial phi: 0.8552878813531317. Initial nu: 0.35035620737190865. Initial nllh: 4843.291977991272
EM finished after 9 iterations.
Optimal phi: 0. Optimal nu: 4.522916416953065e-08. Optimal nllh: 742.1312117006516
Optimal point found for initial point 6
Initial point 7. Random seed: 2389
Numerical optimization started with ultrametric constraint
Initial phi: 0.13012325269273467. Initial nu: 0.5428299904631438. Initial nllh: 1384.6696284371626
EM finished after 9 iterations.
Optimal phi: 0. Optimal nu: 4.5259697759996403e-08. Optimal nllh: 742.1312120405139
Optimal point found for initial point 7
Initial point 8. Random seed: 4311
Numerical optimization started with ultrametric constraint
Initial phi: 0.9100847744325808. Initial nu: 0.8133366887900666. Initial nllh: 6104.357086423224
EM finished after 11 iterations.
Optimal phi: 0. Optimal nu: 5.2398915393529364e-08. Optimal nllh: 742.131216006919
Optimal point found for initial point 8
Initial point 9. Random seed: 3291
Numerical optimization started with ultrametric constraint
Initial phi: 0.6948347933214801. Initial nu: 0.9119032998544644. Initial nllh: 3726.23963661632
EM finished after 10 iterations.
Optimal phi: 0. Optimal nu: 3.7024906020061226e-08. Optimal nllh: 742.1312059686495
Optimal point found for initial point 9
Initial point 10. Random seed: 4139
Numerical optimization started with ultrametric constraint
Initial phi: 0.40126398499949145. Initial nu: 0.44522381585375576. Initial nllh: 2066.522338213203
EM finished after 9 iterations.
Optimal phi: 0. Optimal nu: 4.5280408162830064e-08. Optimal nllh: 742.1312118404174
Optimal point found for initial point 10
Numerical optimization finished successfully
Runtime (s): 10.244707167000001
