Launching Problin version 0.5b
Problin was called as follow: /Users/uym2/my_gits/problin/run_problin.py -c s10c5/k10_r3_character_matrix.csv -t s10c5/true_tree.nwk -S s10c5/true_locations.txt --delimiter comma -p s10c5/k10_priors.csv -o s10c5/k10_r3_spalin_all.txt --nInitials 10
Optimization by Spalin: Scipy-SLSQP using spatial information
Optimizing branch lengths, phi, and nu without topology search
Initial point 1. Random seed: 7822
Solving ML without ultrametric constraint
Optimal point found for initial point 1
Negative llh: 147.1062517359464
Dropout rate: 1.778357000759061e-10
Silencing rate: 1.3908360669641804e-10
Sigma: 28.516895938915187
Initial point 2. Random seed: 4036
Solving ML without ultrametric constraint
Optimal point found for initial point 2
Negative llh: 147.10625151574737
Dropout rate: 1.0000000000000002e-10
Silencing rate: 1e-10
Sigma: 28.51911390217063
Initial point 3. Random seed: 5516
Solving ML without ultrametric constraint
Optimal point found for initial point 3
Negative llh: 147.1062516949558
Dropout rate: 1.8074413423590703e-10
Silencing rate: 1.935929213305609e-10
Sigma: 28.519119839653346
Initial point 4. Random seed: 676
Solving ML without ultrametric constraint
Optimal point found for initial point 4
Negative llh: 147.10625162626906
Dropout rate: 1e-10
Silencing rate: 1e-10
Sigma: 28.51989425207521
Initial point 5. Random seed: 3293
Solving ML without ultrametric constraint
Optimal point found for initial point 5
Negative llh: 147.10625179579296
Dropout rate: 1e-10
Silencing rate: 1e-10
Sigma: 28.52004531278482
Initial point 6. Random seed: 8154
Solving ML without ultrametric constraint
Optimal point found for initial point 6
Negative llh: 147.10625173676675
Dropout rate: 1e-10
Silencing rate: 1e-10
Sigma: 28.52005364256911
Initial point 7. Random seed: 7134
Solving ML without ultrametric constraint
Optimal point found for initial point 7
Negative llh: 147.1062515383289
Dropout rate: 1.6072534922268032e-10
Silencing rate: 1.3519661406149367e-10
Sigma: 28.520031109683472
Initial point 8. Random seed: 605
Solving ML without ultrametric constraint
Optimal point found for initial point 8
Negative llh: 147.10625158094794
Dropout rate: 1.594200550271766e-10
Silencing rate: 2.098415046575933e-10
Sigma: 28.519710989835797
Initial point 9. Random seed: 1978
Solving ML without ultrametric constraint
Optimal point found for initial point 9
Negative llh: 147.10625177185216
Dropout rate: 8.934490908542158e-10
Silencing rate: 1.6892930799808058e-09
Sigma: 28.520092286726815
Initial point 10. Random seed: 4191
Solving ML without ultrametric constraint
Optimal point found for initial point 10
Negative llh: 147.10625171011156
Dropout rate: 1e-10
Silencing rate: 1e-10
Sigma: 28.519615196250967
Runtime (s): 5.7168188749999995
