Launching Problin version 0.5p
Problin was called as follow: /Users/uym2/my_gits/problin/run_problin.py -c s10c5/k10_r2_character_matrix.csv -t s10c5/true_tree.nwk -S s10c5/true_locations.txt --delimiter comma -p s10c5/k10_priors.csv -o s10c5/k10_r2_spalin_all.txt --nInitials 10
Optimization by Spalin: Scipy-SLSQP using spatial information
Optimizing branch lengths, phi, and nu without topology search
Initial point 1. Random seed: 1601
Solving ML without ultrametric constraint
Optimal point found for initial point 1
Negative llh: 146.36456932819027
Dropout rate: 1.0000000000000002e-10
Silencing rate: 1.0000000000000002e-10
Initial point 2. Random seed: 3993
Solving ML without ultrametric constraint
Optimal point found for initial point 2
Negative llh: 146.36456921633916
Dropout rate: 1.3858719315812753e-10
Silencing rate: 2.988941220324918e-10
Initial point 3. Random seed: 2232
Solving ML without ultrametric constraint
Optimal point found for initial point 3
Negative llh: 146.3645692230494
Dropout rate: 1e-10
Silencing rate: 1e-10
Initial point 4. Random seed: 3490
Solving ML without ultrametric constraint
Optimal point found for initial point 4
Negative llh: 146.364569373859
Dropout rate: 1e-10
Silencing rate: 1e-10
Initial point 5. Random seed: 9707
Solving ML without ultrametric constraint
Optimal point found for initial point 5
Negative llh: 146.36456961086301
Dropout rate: 1.0000000000000007e-10
Silencing rate: 9.999999999999924e-11
Initial point 6. Random seed: 3894
Solving ML without ultrametric constraint
Optimal point found for initial point 6
Negative llh: 146.36456920657167
Dropout rate: 1e-10
Silencing rate: 1e-10
Initial point 7. Random seed: 2325
Solving ML without ultrametric constraint
Optimal point found for initial point 7
Negative llh: 146.3645693668903
Dropout rate: 1e-10
Silencing rate: 1e-10
Initial point 8. Random seed: 4950
Solving ML without ultrametric constraint
Optimal point found for initial point 8
Negative llh: 146.36456919153918
Dropout rate: 1e-10
Silencing rate: 1e-10
Initial point 9. Random seed: 6613
Solving ML without ultrametric constraint
Optimal point found for initial point 9
Negative llh: 146.36456981311187
Dropout rate: 7.069614374283661e-10
Silencing rate: 1.5359589939512542e-09
Initial point 10. Random seed: 6292
Solving ML without ultrametric constraint
Optimal point found for initial point 10
Negative llh: 146.36456918226457
Dropout rate: 1.0000000000000007e-10
Silencing rate: 1.0000000000000007e-10
Runtime (s): 5.268305833
