Launching Problin version 0.5p
Problin was called as follow: /Users/uym2/my_gits/problin/run_problin.py -c s10c5/k10_r2_character_matrix.csv -t s10c5/true_tree.nwk -S s10c5/leaf_locations.txt --delimiter comma -p s10c5/k10_priors.csv -o s10c5/k10_r2_spalin_leaves.txt --nInitials 10
Optimization by Spalin: Scipy-SLSQP using spatial information
Optimizing branch lengths, phi, and nu without topology search
Initial point 1. Random seed: 9
Solving ML without ultrametric constraint
Optimal point found for initial point 1
Negative llh: 114.16768845914689
Dropout rate: 1e-10
Silencing rate: 1e-10
Initial point 2. Random seed: 9622
Solving ML without ultrametric constraint
Optimal point found for initial point 2
Negative llh: 114.16754003670536
Dropout rate: 1.0000000000000007e-10
Silencing rate: 1.0000000000000007e-10
Initial point 3. Random seed: 4746
Solving ML without ultrametric constraint
Optimal point found for initial point 3
Negative llh: 115.23440689254352
Dropout rate: 9.999999999999998e-11
Silencing rate: 1.0000000000000002e-10
Initial point 4. Random seed: 2453
Solving ML without ultrametric constraint
Optimal point found for initial point 4
Negative llh: 114.167544347549
Dropout rate: 1.0630143233839098e-10
Silencing rate: 1.0412411667507599e-10
Initial point 5. Random seed: 5140
Solving ML without ultrametric constraint
Optimal point found for initial point 5
Negative llh: 115.50811318614146
Dropout rate: 1e-10
Silencing rate: 1e-10
Initial point 6. Random seed: 9266
Solving ML without ultrametric constraint
Optimal point found for initial point 6
Negative llh: 115.50811219702366
Dropout rate: 1.0000000000000007e-10
Silencing rate: 1.0000000000000007e-10
Initial point 7. Random seed: 5796
Solving ML without ultrametric constraint
Optimal point found for initial point 7
Negative llh: 119.45877053639374
Dropout rate: 9.99999999997978e-11
Silencing rate: 1.0000000000000744e-10
Initial point 8. Random seed: 4074
Solving ML without ultrametric constraint
Optimal point found for initial point 8
Negative llh: 116.0285652383703
Dropout rate: 9.625678263806284e-10
Silencing rate: 6.685683685181144e-10
Initial point 9. Random seed: 6534
Solving ML without ultrametric constraint
Optimal point found for initial point 9
Negative llh: 114.19497600481249
Dropout rate: 1e-10
Silencing rate: 1e-10
Initial point 10. Random seed: 4405
Solving ML without ultrametric constraint
Optimal point found for initial point 10
Negative llh: 114.1952713466803
Dropout rate: 1e-10
Silencing rate: 1e-10
Runtime (s): 25.331542792
