Launching Problin version 0.5p
Problin was called as follow: /Users/uym2/my_gits/problin/run_problin.py -c s10c3/k10_r2_character_matrix.csv -t s10c3/true_tree.nwk -S s10c3/leaf_locations.txt --delimiter comma -p s10c3/k10_priors.csv -o s10c3/k10_r2_spalin_leaves.txt --nInitials 10
Optimization by Spalin: Scipy-SLSQP using spatial information
Optimizing branch lengths, phi, and nu without topology search
Initial point 1. Random seed: 3523
Solving ML without ultrametric constraint
Optimal point found for initial point 1
Negative llh: 283.61708478558785
Dropout rate: 5.907344077263837e-09
Silencing rate: 2.941773143453111e-09
Initial point 2. Random seed: 7130
Solving ML without ultrametric constraint
Optimal point found for initial point 2
Negative llh: 279.07140057266224
Dropout rate: 9.999999999999428e-11
Silencing rate: 1.000000000000009e-10
Initial point 3. Random seed: 354
Solving ML without ultrametric constraint
Optimal point found for initial point 3
Negative llh: 280.1376128013768
Dropout rate: 1.0000000000000007e-10
Silencing rate: 1.0000000000000007e-10
Initial point 4. Random seed: 8191
Solving ML without ultrametric constraint
Optimal point found for initial point 4
Negative llh: 280.2722187361959
Dropout rate: 1.2243041308247485e-10
Silencing rate: 1.1079456524166745e-10
Initial point 5. Random seed: 866
Solving ML without ultrametric constraint
Optimal point found for initial point 5
Negative llh: 279.74190378856815
Dropout rate: 3.5621527775613364e-09
Silencing rate: 1.7885314038125963e-09
Initial point 6. Random seed: 8588
Solving ML without ultrametric constraint
Optimal point found for initial point 6
Negative llh: 280.70802568430315
Dropout rate: 1e-10
Silencing rate: 1e-10
Initial point 7. Random seed: 7486
Solving ML without ultrametric constraint
Optimal point found for initial point 7
Negative llh: 280.87576661051196
Dropout rate: 1.6322409262793378e-10
Silencing rate: 1.3064712927880471e-10
Initial point 8. Random seed: 5396
Solving ML without ultrametric constraint
Optimal point found for initial point 8
Negative llh: 280.2722235693486
Dropout rate: 1e-10
Silencing rate: 1e-10
Initial point 9. Random seed: 4149
Solving ML without ultrametric constraint
Optimal point found for initial point 9
Negative llh: 282.8552695124597
Dropout rate: 1.000000000000009e-10
Silencing rate: 9.999999999999924e-11
Initial point 10. Random seed: 6227
Solving ML without ultrametric constraint
Optimal point found for initial point 10
Negative llh: 280.122236272736
Dropout rate: 7.1602022932090664e-09
Silencing rate: 3.428384568600042e-09
Runtime (s): 180.534278792
