Launching Problin version 0.5p
Problin was called as follow: /Users/uym2/my_gits/problin/run_problin.py -c s15c8/k10_r1_character_matrix.csv -t s15c8/true_tree.nwk --delimiter comma -p s15c8/k10_priors.csv -o s15c8/k10_r1_problin.txt --nInitials 10
Optimization by EM algorithm
Optimizing branch lengths, phi, and nu without topology search
Initial point 1. Random seed: 8078
Solving ML without ultrametric constraint
Initial phi: 0.677013869821319. Initial nu: 0.4770199443704978. Initial nllh: 9834.142129014177
EM finished after 19 iterations.
Optimal point found for initial point 1
Negative llh: 62.54263007591694
Dropout rate: 0
Silencing rate: 8.029415304726627e-07
Initial point 2. Random seed: 4697
Solving ML without ultrametric constraint
Initial phi: 0.5755038984407421. Initial nu: 0.9058393931483931. Initial nllh: 315.44682161471684
EM finished after 18 iterations.
Optimal point found for initial point 2
Negative llh: 62.542630071429734
Dropout rate: 0
Silencing rate: 8.026881206072702e-07
Initial point 3. Random seed: 3278
Solving ML without ultrametric constraint
Initial phi: 0.23566783443363323. Initial nu: 0.3248038321993934. Initial nllh: 145.5283290936602
EM finished after 11 iterations.
Optimal point found for initial point 3
Negative llh: 62.54263151860095
Dropout rate: 0
Silencing rate: 8.133106620416214e-07
Initial point 4. Random seed: 1447
Solving ML without ultrametric constraint
Initial phi: 0.5355049227987221. Initial nu: 0.7317435416715181. Initial nllh: 281.7668204555066
EM finished after 13 iterations.
Optimal point found for initial point 4
Negative llh: 62.54263031542235
Dropout rate: 0
Silencing rate: 8.047374957016725e-07
Initial point 5. Random seed: 4645
Solving ML without ultrametric constraint
Initial phi: 0.20279094880725726. Initial nu: 0.8896292121258756. Initial nllh: 187.94470683359128
EM finished after 12 iterations.
Optimal point found for initial point 5
Negative llh: 62.54263152846224
Dropout rate: 0
Silencing rate: 8.153846996312514e-07
Initial point 6. Random seed: 5475
Solving ML without ultrametric constraint
Initial phi: 0.10985834034916434. Initial nu: 0.21210232112683294. Initial nllh: 104.90862788694871
EM finished after 10 iterations.
Optimal point found for initial point 6
Negative llh: 62.542631687522636
Dropout rate: 0
Silencing rate: 8.144141249062413e-07
Initial point 7. Random seed: 5025
Solving ML without ultrametric constraint
Initial phi: 0.21173136503391424. Initial nu: 0.8026680961724926. Initial nllh: 182.37300373372807
EM finished after 14 iterations.
Optimal point found for initial point 7
Negative llh: 62.54262969142666
Dropout rate: 0
Silencing rate: 7.983770593254744e-07
Initial point 8. Random seed: 740
Solving ML without ultrametric constraint
Initial phi: 0.8541000503007921. Initial nu: 0.14290099555991298. Initial nllh: 460.3717410494366
EM finished after 10 iterations.
Optimal point found for initial point 8
Negative llh: 62.54263047118147
Dropout rate: 0
Silencing rate: 8.038643218249524e-07
Initial point 9. Random seed: 7191
Solving ML without ultrametric constraint
Initial phi: 0.5608862349574747. Initial nu: 0.8714013795730692. Initial nllh: 305.5756881384662
EM finished after 12 iterations.
Optimal point found for initial point 9
Negative llh: 62.54263129225262
Dropout rate: 0
Silencing rate: 8.13080073229568e-07
Initial point 10. Random seed: 4665
Solving ML without ultrametric constraint
Initial phi: 0.12836110317072086. Initial nu: 0.7449721753679598. Initial nllh: 157.0728014658659
EM finished after 12 iterations.
Optimal point found for initial point 10
Negative llh: 62.54263053555418
Dropout rate: 0
Silencing rate: 8.051590428767233e-07
Runtime (s): 6.1939175
