dataset s20c1
Optimization using leaf locations
Initial point 1. Random seed: 4405
Solving with ultrametric constraint
Optimal point found for initial point 1
Negative llh: 171.46606813720933
Dropout rate: 0
Silencing rate: 0
Initial point 2. Random seed: 2434
Solving with ultrametric constraint
Optimal point found for initial point 2
Negative llh: 171.4660981224493
Dropout rate: 0
Silencing rate: 0
Initial point 3. Random seed: 9312
Solving with ultrametric constraint
Optimal point found for initial point 3
Negative llh: 171.46605859591727
Dropout rate: 0
Silencing rate: 0
Initial point 4. Random seed: 9727
Solving with ultrametric constraint
Optimal point found for initial point 4
Negative llh: 3130.3311117946787
Dropout rate: 0
Silencing rate: 0
Initial point 5. Random seed: 3910
Solving with ultrametric constraint
Optimal point found for initial point 5
Negative llh: 171.46609537202625
Dropout rate: 0
Silencing rate: 0
Initial point 6. Random seed: 117
Solving with ultrametric constraint
Optimal point found for initial point 6
Negative llh: 171.46606811684683
Dropout rate: 0
Silencing rate: 0
Initial point 7. Random seed: 7268
Solving with ultrametric constraint
Optimal point found for initial point 7
Negative llh: 171.7083407949687
Dropout rate: 0
Silencing rate: 0
Initial point 8. Random seed: 4221
Solving with ultrametric constraint
Optimal point found for initial point 8
Negative llh: 171.46605652381785
Dropout rate: 0
Silencing rate: 0
Initial point 9. Random seed: 2729
Solving with ultrametric constraint
Optimal point found for initial point 9
Negative llh: 171.46617331631063
Dropout rate: 0
Silencing rate: 0
Initial point 10. Random seed: 4982
Solving with ultrametric constraint
Optimal point found for initial point 10
Negative llh: 171.46606170460387
Dropout rate: 0
Silencing rate: 0
Initial point 11. Random seed: 3324
Solving with ultrametric constraint
Optimal point found for initial point 11
Negative llh: 171.46606521815494
Dropout rate: 0
Silencing rate: 0
Initial point 12. Random seed: 5982
Solving with ultrametric constraint
Optimal point found for initial point 12
Negative llh: 171.46608722603958
Dropout rate: 0
Silencing rate: 0
Initial point 13. Random seed: 3831
Solving with ultrametric constraint
Optimal point found for initial point 13
Negative llh: 172.8710671325928
Dropout rate: 0
Silencing rate: 0
Initial point 14. Random seed: 1443
Solving with ultrametric constraint
Optimal point found for initial point 14
Negative llh: 171.46607820260664
Dropout rate: 0
Silencing rate: 0
Initial point 15. Random seed: 7839
Solving with ultrametric constraint
Optimal point found for initial point 15
Negative llh: 171.46612722028928
Dropout rate: 0
Silencing rate: 0
Initial point 16. Random seed: 1566
Solving with ultrametric constraint
Optimal point found for initial point 16
Negative llh: 171.46608771925077
Dropout rate: 0
Silencing rate: 0
Initial point 17. Random seed: 5447
Solving with ultrametric constraint
Optimal point found for initial point 17
Negative llh: 171.46605853677266
Dropout rate: 0
Silencing rate: 0
Initial point 18. Random seed: 909
Solving with ultrametric constraint
Optimal point found for initial point 18
Negative llh: 171.46615290772831
Dropout rate: 0
Silencing rate: 0
Initial point 19. Random seed: 5881
Solving with ultrametric constraint
Optimal point found for initial point 19
Negative llh: 171.4660601090765
Dropout rate: 0
Silencing rate: 0
Initial point 20. Random seed: 5868
Solving with ultrametric constraint
Optimal point found for initial point 20
Negative llh: 171.4662242530908
Dropout rate: 0
Silencing rate: 0
Optimal nllh: 171.46605652381785
