dataset s16c7
Optimization using leaf locations
Initial point 1. Random seed: 1055
Solving with ultrametric constraint
Optimal point found for initial point 1
Negative llh: 167.5712410553873
Dropout rate: 0
Silencing rate: 0
Initial point 2. Random seed: 8005
Solving with ultrametric constraint
Optimal point found for initial point 2
Negative llh: 167.5712407719428
Dropout rate: 0
Silencing rate: 0
Initial point 3. Random seed: 4692
Solving with ultrametric constraint
Optimal point found for initial point 3
Negative llh: 167.5712420464131
Dropout rate: 0
Silencing rate: 0
Initial point 4. Random seed: 6474
Solving with ultrametric constraint
Optimal point found for initial point 4
Negative llh: 167.57124058485283
Dropout rate: 0
Silencing rate: 0
Initial point 5. Random seed: 7597
Solving with ultrametric constraint
Optimal point found for initial point 5
Negative llh: 2700.285499802623
Dropout rate: 0
Silencing rate: 0
Initial point 6. Random seed: 4772
Solving with ultrametric constraint
Optimal point found for initial point 6
Negative llh: 167.57125081469064
Dropout rate: 0
Silencing rate: 0
Initial point 7. Random seed: 9983
Solving with ultrametric constraint
Optimal point found for initial point 7
Negative llh: 2331.1551629083015
Dropout rate: 0
Silencing rate: 0
Initial point 8. Random seed: 2392
Solving with ultrametric constraint
Optimal point found for initial point 8
Negative llh: 167.57124414193532
Dropout rate: 0
Silencing rate: 0
Initial point 9. Random seed: 9781
Solving with ultrametric constraint
Optimal point found for initial point 9
Negative llh: 167.57124092364813
Dropout rate: 0
Silencing rate: 0
Initial point 10. Random seed: 9510
Solving with ultrametric constraint
Optimal point found for initial point 10
Negative llh: 2960.3813381844766
Dropout rate: 0
Silencing rate: 0
Initial point 11. Random seed: 9712
Solving with ultrametric constraint
Optimal point found for initial point 11
Negative llh: 3245.2388853344964
Dropout rate: 0
Silencing rate: 0
Initial point 12. Random seed: 8938
Solving with ultrametric constraint
Optimal point found for initial point 12
Negative llh: 167.5712420254023
Dropout rate: 0
Silencing rate: 0
Initial point 13. Random seed: 9828
Solving with ultrametric constraint
Optimal point found for initial point 13
Negative llh: 4751.635365101084
Dropout rate: 0
Silencing rate: 0
Initial point 14. Random seed: 3391
Solving with ultrametric constraint
Optimal point found for initial point 14
Negative llh: 167.571240920918
Dropout rate: 0
Silencing rate: 0
Initial point 15. Random seed: 4860
Solving with ultrametric constraint
Optimal point found for initial point 15
Negative llh: 3337.643611344947
Dropout rate: 0
Silencing rate: 0
Initial point 16. Random seed: 8489
Solving with ultrametric constraint
Optimal point found for initial point 16
Negative llh: 167.57124007240404
Dropout rate: 0
Silencing rate: 0
Initial point 17. Random seed: 7757
Solving with ultrametric constraint
Optimal point found for initial point 17
Negative llh: 167.57125996974287
Dropout rate: 0
Silencing rate: 0
Initial point 18. Random seed: 5204
Solving with ultrametric constraint
Optimal point found for initial point 18
Negative llh: 167.57124068920612
Dropout rate: 0
Silencing rate: 0
Initial point 19. Random seed: 919
Solving with ultrametric constraint
Optimal point found for initial point 19
Negative llh: 3515.3956173058777
Dropout rate: 0
Silencing rate: 0
Initial point 20. Random seed: 4499
Solving with ultrametric constraint
Optimal point found for initial point 20
Negative llh: 167.57124132091337
Dropout rate: 0
Silencing rate: 0
Optimal nllh: 167.57124007240404
