dataset s2c2
Optimization without using locations
Initial point 1. Random seed: 903
Solving with ultrametric constraint
Optimal point found for initial point 1
Negative llh: 69.04345534410676
Dropout rate: 1e-08
Silencing rate: 1e-08
Initial point 2. Random seed: 8191
Solving with ultrametric constraint
Optimal point found for initial point 2
Negative llh: 69.04345529735814
Dropout rate: 1e-08
Silencing rate: 1e-08
Initial point 3. Random seed: 899
Solving with ultrametric constraint
Optimal point found for initial point 3
Negative llh: 69.04345529735814
Dropout rate: 1e-08
Silencing rate: 1e-08
Initial point 4. Random seed: 7435
Solving with ultrametric constraint
Optimal point found for initial point 4
Negative llh: 69.04345529735814
Dropout rate: 1e-08
Silencing rate: 1e-08
Initial point 5. Random seed: 2625
Solving with ultrametric constraint
Optimal point found for initial point 5
Negative llh: 69.04345529735814
Dropout rate: 1e-08
Silencing rate: 1e-08
Initial point 6. Random seed: 4107
Solving with ultrametric constraint
Optimal point found for initial point 6
Negative llh: 69.04345529735814
Dropout rate: 1e-08
Silencing rate: 1e-08
Initial point 7. Random seed: 6226
Solving with ultrametric constraint
Optimal point found for initial point 7
Negative llh: 69.04345529735814
Dropout rate: 1e-08
Silencing rate: 1e-08
Initial point 8. Random seed: 8885
Solving with ultrametric constraint
Optimal point found for initial point 8
Negative llh: 69.04345529735814
Dropout rate: 1e-08
Silencing rate: 1e-08
Initial point 9. Random seed: 3542
Solving with ultrametric constraint
Optimal point found for initial point 9
Negative llh: 69.04345529735814
Dropout rate: 1e-08
Silencing rate: 1e-08
Initial point 10. Random seed: 2388
Solving with ultrametric constraint
Optimal point found for initial point 10
Negative llh: 69.04345529735814
Dropout rate: 1e-08
Silencing rate: 1e-08
Initial point 11. Random seed: 675
Solving with ultrametric constraint
Optimal point found for initial point 11
Negative llh: 69.04345529735814
Dropout rate: 1e-08
Silencing rate: 1e-08
Initial point 12. Random seed: 205
Solving with ultrametric constraint
Optimal point found for initial point 12
Negative llh: 69.04345529735814
Dropout rate: 1e-08
Silencing rate: 1e-08
Initial point 13. Random seed: 4578
Solving with ultrametric constraint
Optimal point found for initial point 13
Negative llh: 69.04345529735814
Dropout rate: 1e-08
Silencing rate: 1e-08
Initial point 14. Random seed: 743
Solving with ultrametric constraint
Optimal point found for initial point 14
Negative llh: 69.04345529735814
Dropout rate: 1e-08
Silencing rate: 1e-08
Initial point 15. Random seed: 1778
Solving with ultrametric constraint
Optimal point found for initial point 15
Negative llh: 69.04345529735814
Dropout rate: 1e-08
Silencing rate: 1e-08
Initial point 16. Random seed: 8356
Solving with ultrametric constraint
Optimal point found for initial point 16
Negative llh: 69.04345529735814
Dropout rate: 1e-08
Silencing rate: 1e-08
Initial point 17. Random seed: 486
Solving with ultrametric constraint
Optimal point found for initial point 17
Negative llh: 69.04345529735814
Dropout rate: 1e-08
Silencing rate: 1e-08
Initial point 18. Random seed: 3458
Solving with ultrametric constraint
Optimal point found for initial point 18
Negative llh: 69.04345529735814
Dropout rate: 1e-08
Silencing rate: 1e-08
Initial point 19. Random seed: 2999
Solving with ultrametric constraint
Optimal point found for initial point 19
Negative llh: 69.04345529735814
Dropout rate: 1e-08
Silencing rate: 1e-08
Initial point 20. Random seed: 8414
Solving with ultrametric constraint
Optimal point found for initial point 20
Negative llh: 69.04345529735814
Dropout rate: 1e-08
Silencing rate: 1e-08
Optimization using locations
Optimization start with 1 initials
Initial point 1. Random seed: 7104
Solving with ultrametric constraint
  NIT    FC           OBJFUN            GNORM
    1    30     1.003975E+03     1.626038E+01
    2    60     7.902682E+02     1.247788E+01
    3    90     8.311655E+02     1.633516E+01
    4   120     9.937202E+02     1.653842E+01
    5   150     7.572258E+02     1.632079E+01
    6   180     7.717407E+02     1.625978E+01
    7   210     5.837678E+02     1.649761E+01
    8   240     4.071124E+02     1.618430E+01
    9   270     5.204432E+02     1.636254E+01
   10   300     4.575009E+02     1.662217E+01
   11   330     3.603909E+02     1.769910E+01
   12   360     2.870911E+02     1.771622E+01
   13   390     2.302919E+02     1.846211E+01
   14   420     2.297880E+02     1.895908E+01
   15   450     2.298006E+02     1.861367E+01
   16   480     2.320802E+02     1.847492E+01
   17   510     2.289793E+02     1.829502E+01
   18   540     2.288881E+02     1.827550E+01
   19   570     2.158410E+02     1.814224E+01
   20   599     2.153014E+02     6.008208E+01
   21   628     2.152514E+02     1.764262E+01
   22   657     2.152199E+02     1.786393E+01
   23   686     2.151860E+02     1.761101E+01
   24   715     2.151795E+02     1.744137E+01
   25   744     2.151781E+02     1.758049E+01
   26   773     2.151779E+02     1.753385E+01
   27   802     2.151779E+02     1.751818E+01
   28   830     2.151779E+02     1.751955E+01
Optimization terminated successfully    (Exit mode 0)
            Current function value: 215.1779272101535
            Iterations: 28
            Function evaluations: 830
            Gradient evaluations: 28
Optimal point found for initial point 1
Negative llh: 215.1779272101535
Dropout rate: 0
Silencing rate: 0
