Launching Problin version 0.5b
Problin was called as follow: /Users/uym2/my_gits/problin/run_problin.py -c s16c6/k10_r1_character_matrix.csv -t s16c6/true_tree.nwk --delimiter comma -p s16c6/k10_priors.csv -o s16c6/k10_r1_problin_ultrametric --nInitials 10 --ultrametric
Optimizing branch lengths, phi, and nu without topology search
Optimization by EM algorithm
Initial point 1. Random seed: 4832
Numerical optimization started with ultrametric constraint
Initial phi: 0.1531745212796381. Initial nu: 0.8407656404079409. Initial nllh: 14923.495592046744
EM finished after 26 iterations.
Optimal phi: 0. Optimal nu: 9.71477354452102e-07. Optimal nllh: 67.88109859899257
Optimal point found for initial point 1
Initial point 2. Random seed: 7645
Numerical optimization started with ultrametric constraint
Initial phi: 0.5450960357889387. Initial nu: 0.30308451931775415. Initial nllh: 250.22833481292204
EM finished after 20 iterations.
Optimal phi: 0. Optimal nu: 9.7233847881186e-07. Optimal nllh: 67.88109892469372
Optimal point found for initial point 2
Initial point 3. Random seed: 4855
Numerical optimization started with ultrametric constraint
Initial phi: 0.0373547226688115. Initial nu: 0.6088274311088651. Initial nllh: 125.16103494551795
EM finished after 22 iterations.
Optimal phi: 0. Optimal nu: 9.71752354609692e-07. Optimal nllh: 67.881098956236
Optimal point found for initial point 3
Initial point 4. Random seed: 8680
Numerical optimization started with ultrametric constraint
Initial phi: 0.8301427640620318. Initial nu: 0.7017198663260152. Initial nllh: 479.657160545644
EM finished after 23 iterations.
Optimal phi: 0. Optimal nu: 9.748611372476048e-07. Optimal nllh: 67.8810988932229
Optimal point found for initial point 4
Initial point 5. Random seed: 9163
Numerical optimization started with ultrametric constraint
Initial phi: 0.3640985335538721. Initial nu: 0.23197105401173493. Initial nllh: 177.45634001022802
EM finished after 18 iterations.
Optimal phi: 0. Optimal nu: 9.756074538062581e-07. Optimal nllh: 67.88109987134618
Optimal point found for initial point 5
Initial point 6. Random seed: 8143
Numerical optimization started with ultrametric constraint
Initial phi: 0.059994894805075034. Initial nu: 0.9135417896527628. Initial nllh: 154.68925834402208
EM finished after 23 iterations.
Optimal phi: 0. Optimal nu: 9.719722283963092e-07. Optimal nllh: 67.88109895574081
Optimal point found for initial point 6
Initial point 7. Random seed: 6240
Numerical optimization started with ultrametric constraint
Initial phi: 0.35829854360534175. Initial nu: 0.1616201000932958. Initial nllh: 169.92182323773727
EM finished after 13 iterations.
Optimal phi: 0. Optimal nu: 9.719828909370354e-07. Optimal nllh: 67.88110615052389
Optimal point found for initial point 7
Initial point 8. Random seed: 8725
Numerical optimization started with ultrametric constraint
Initial phi: 0.21146370066644196. Initial nu: 0.8104547982463581. Initial nllh: 181.44803950159877
EM finished after 23 iterations.
Optimal phi: 0. Optimal nu: 9.718444293608774e-07. Optimal nllh: 67.88109882467555
Optimal point found for initial point 8
Initial point 9. Random seed: 9166
Numerical optimization started with ultrametric constraint
Initial phi: 0.22585878943211316. Initial nu: 0.8527201578920468. Initial nllh: 188.57223391561416
EM finished after 23 iterations.
Optimal phi: 0. Optimal nu: 9.725558647155055e-07. Optimal nllh: 67.8810989236336
Optimal point found for initial point 9
Initial point 10. Random seed: 5411
Numerical optimization started with ultrametric constraint
Initial phi: 0.11875675438654199. Initial nu: 0.5366412797914389. Initial nllh: 136.9636264744354
EM finished after 22 iterations.
Optimal phi: 0. Optimal nu: 9.752224932449661e-07. Optimal nllh: 67.88109905601294
Optimal point found for initial point 10
Numerical optimization finished successfully
Runtime (s): 13.73021975
