Launching Problin version 0.5p
Problin was called as follow: /Users/uym2/my_gits/problin/run_problin.py -c s16c6/k10_r1_character_matrix.csv -t s16c6/true_tree.nwk -S s16c6/leaf_locations.txt --delimiter comma -p s16c6/k10_priors.csv -o s16c6/k10_r1_spalin_leaves.txt --nInitials 10
Optimization by Spalin: Scipy-SLSQP using spatial information
Optimizing branch lengths, phi, and nu without topology search
Initial point 1. Random seed: 6367
Solving ML without ultrametric constraint
Optimal point found for initial point 1
Negative llh: 245.42092669103113
Dropout rate: 1.000000000000009e-10
Silencing rate: 1.000000000000009e-10
Initial point 2. Random seed: 6096
Solving ML without ultrametric constraint
Optimal point found for initial point 2
Negative llh: 245.91712274396508
Dropout rate: 3.500488545838901e-09
Silencing rate: 2.3986308271763993e-09
Initial point 3. Random seed: 9812
Solving ML without ultrametric constraint
Optimal point found for initial point 3
Negative llh: 248.89736560235286
Dropout rate: 1.8603996019239625e-10
Silencing rate: 1.5335582150036937e-10
Initial point 4. Random seed: 8389
Solving ML without ultrametric constraint
Optimal point found for initial point 4
Negative llh: 250.30326559489984
Dropout rate: 1.0000000000000007e-10
Silencing rate: 1.0000000000000007e-10
Initial point 5. Random seed: 8051
Solving ML without ultrametric constraint
Optimal point found for initial point 5
Negative llh: 250.0006107027605
Dropout rate: 2.1983787662016577e-10
Silencing rate: 1.7597889538089003e-10
Initial point 6. Random seed: 3449
Solving ML without ultrametric constraint
Optimal point found for initial point 6
Negative llh: 255.06376417851965
Dropout rate: 2.6920190441571565e-09
Silencing rate: 1.8796288857200036e-09
Initial point 7. Random seed: 9521
Solving ML without ultrametric constraint
Optimal point found for initial point 7
Negative llh: 246.42168194986158
Dropout rate: 5.75280279361875e-09
Silencing rate: 3.877627733372933e-09
Initial point 8. Random seed: 1647
Solving ML without ultrametric constraint
Optimal point found for initial point 8
Negative llh: 253.33026900882072
Dropout rate: 5.613812860743004e-09
Silencing rate: 3.457633384691796e-09
Initial point 9. Random seed: 3691
Solving ML without ultrametric constraint
Optimal point found for initial point 9
Negative llh: 250.73353501511573
Dropout rate: 1e-10
Silencing rate: 1e-10
Initial point 10. Random seed: 5782
Solving ML without ultrametric constraint
Optimal point found for initial point 10
Negative llh: 244.25106109723916
Dropout rate: 9.999999999999925e-11
Silencing rate: 9.999999999999925e-11
Runtime (s): 224.0041395
