/Users/uym2/opt/anaconda3/lib/python3.9/site-packages/cvxpy/atoms/elementwise/log.py:35: RuntimeWarning: divide by zero encountered in log
  return np.log(values[0])
Launching Problin version 0.5b
Problin was called as follow: /Users/uym2/my_gits/problin/run_problin.py -c s2c4/k200_exp2_character_matrix.csv -t s2c4/true_tree.nwk --delimiter comma -p s2c4/k200_exp2_priors.csv -o s2c4/k200_exp2_problin --nInitials 10 --ultrametric
Optimizing branch lengths, phi, and nu without topology search
Optimization by EM algorithm
Initial point 1. Random seed: 759
Numerical optimization started with ultrametric constraint
Initial phi: 0.3229992858943346. Initial nu: 0.9496858649599165. Initial nllh: 272017.9577940431
EM finished after 16 iterations.
Optimal phi: 0. Optimal nu: 4.970853479262141e-08. Optimal nllh: 1073.8468934325692
Optimal point found for initial point 1
Initial point 2. Random seed: 7184
Numerical optimization started with ultrametric constraint
Initial phi: 0.418449041123032. Initial nu: 0.3924012521770793. Initial nllh: 2443.7859798368054
EM finished after 13 iterations.
Optimal phi: 0. Optimal nu: 5.0344316009169355e-08. Optimal nllh: 1073.8468961475469
Optimal point found for initial point 2
Initial point 3. Random seed: 642
Numerical optimization started with ultrametric constraint
Initial phi: 0.6085293162892894. Initial nu: 0.061931680757803496. Initial nllh: 2994.6470327275097
EM finished after 9 iterations.
Optimal phi: 0. Optimal nu: 5.038518295934651e-08. Optimal nllh: 1073.8468982734798
Optimal point found for initial point 3
Initial point 4. Random seed: 3034
Numerical optimization started with ultrametric constraint
Initial phi: 0.5854551046239506. Initial nu: 0.3157179729861465. Initial nllh: 3064.9634814793044
EM finished after 13 iterations.
Optimal phi: 0. Optimal nu: 4.991059872691086e-08. Optimal nllh: 1073.846893831524
Optimal point found for initial point 4
Initial point 5. Random seed: 6030
Numerical optimization started with ultrametric constraint
Initial phi: 0.6589239672256504. Initial nu: 0.13754275963376572. Initial nllh: 3325.3329191750076
EM finished after 12 iterations.
Optimal phi: 0. Optimal nu: 5.01016594018294e-08. Optimal nllh: 1073.8468929572741
Optimal point found for initial point 5
Initial point 6. Random seed: 6813
Numerical optimization started with ultrametric constraint
Initial phi: 0.46766943567551433. Initial nu: 0.030706728592637615. Initial nllh: 2357.1950646590253
EM finished after 6 iterations.
Optimal phi: 0. Optimal nu: 4.979091672361452e-08. Optimal nllh: 1073.846918206208
Optimal point found for initial point 6
Initial point 7. Random seed: 9316
Numerical optimization started with ultrametric constraint
Initial phi: 0.193896104014345. Initial nu: 0.3903410306847318. Initial nllh: 1789.246618714338
EM finished after 13 iterations.
Optimal phi: 0. Optimal nu: 4.4267860155676104e-08. Optimal nllh: 1073.8468912634185
Optimal point found for initial point 7
Initial point 8. Random seed: 9416
Numerical optimization started with ultrametric constraint
Initial phi: 0.8877865709681192. Initial nu: 0.8050319117211276. Initial nllh: 6034.935453591069
EM finished after 14 iterations.
Optimal phi: 0. Optimal nu: 5.032924628623108e-08. Optimal nllh: 1073.846896464511
Optimal point found for initial point 8
Initial point 9. Random seed: 7522
Numerical optimization started with ultrametric constraint
Initial phi: 0.953447763433246. Initial nu: 0.1931818091922108. Initial nllh: 7348.921193519657
EM finished after 12 iterations.
Optimal phi: 0. Optimal nu: 4.593164340196403e-08. Optimal nllh: 1073.846891728844
Optimal point found for initial point 9
Initial point 10. Random seed: 7418
Numerical optimization started with ultrametric constraint
Initial phi: 0.1792221572865171. Initial nu: 0.5557652706957694. Initial nllh: 1873.6745081226395
EM finished after 14 iterations.
Optimal phi: 0. Optimal nu: 4.973932264639422e-08. Optimal nllh: 1073.8468934158511
Optimal point found for initial point 10
Numerical optimization finished successfully
Runtime (s): 12.856012957999999
