Launching Problin version 0.5p
Problin was called as follow: /Users/uym2/my_gits/problin/run_problin.py -c s7c5/k10_r1_character_matrix.csv -t s7c5/true_tree.nwk -S s7c5/true_locations.txt --delimiter comma -p s7c5/k10_priors.csv -o s7c5/k10_r1_spalin_all.txt --nInitials 10
Optimization by Spalin: Scipy-SLSQP using spatial information
Optimizing branch lengths, phi, and nu without topology search
Initial point 1. Random seed: 6243
Solving ML without ultrametric constraint
Optimal point found for initial point 1
Negative llh: 201.60777960584255
Dropout rate: 2.2990143830333092e-10
Silencing rate: 2.210444603575085e-10
Initial point 2. Random seed: 2745
Solving ML without ultrametric constraint
Optimal point found for initial point 2
Negative llh: 201.6077797708968
Dropout rate: 1.0000000000000002e-10
Silencing rate: 9.999999999999996e-11
Initial point 3. Random seed: 8736
Solving ML without ultrametric constraint
Optimal point found for initial point 3
Negative llh: 201.60777958225557
Dropout rate: 1e-10
Silencing rate: 1e-10
Initial point 4. Random seed: 6196
Solving ML without ultrametric constraint
Optimal point found for initial point 4
Negative llh: 201.60777972947642
Dropout rate: 4.758458072557122e-10
Silencing rate: 1.0064524961997473e-09
Initial point 5. Random seed: 6757
Solving ML without ultrametric constraint
Optimal point found for initial point 5
Negative llh: 201.60777956578644
Dropout rate: 1.0000000000000007e-10
Silencing rate: 1.0000000000000007e-10
Initial point 6. Random seed: 5149
Solving ML without ultrametric constraint
Optimal point found for initial point 6
Negative llh: 201.60777962592405
Dropout rate: 1e-10
Silencing rate: 1e-10
Initial point 7. Random seed: 9201
Solving ML without ultrametric constraint
Optimal point found for initial point 7
Negative llh: 201.60777971892293
Dropout rate: 2.4213075524800873e-10
Silencing rate: 4.3371836108790387e-10
Initial point 8. Random seed: 6146
Solving ML without ultrametric constraint
Optimal point found for initial point 8
Negative llh: 201.6077803796108
Dropout rate: 3.311131086438811e-10
Silencing rate: 1.081256766100898e-09
Initial point 9. Random seed: 3380
Solving ML without ultrametric constraint
Optimal point found for initial point 9
Negative llh: 201.6077802055636
Dropout rate: 6.979221613778859e-10
Silencing rate: 2.1954416048586618e-09
Initial point 10. Random seed: 8804
Solving ML without ultrametric constraint
Optimal point found for initial point 10
Negative llh: 201.60778005387573
Dropout rate: 4.4908962442471e-10
Silencing rate: 8.600844668279597e-10
Runtime (s): 14.338114458
