Launching Problin version 0.5b
Problin was called as follow: /Users/uym2/my_gits/problin/run_problin.py -c s7c5/k10_r1_character_matrix.csv -t s7c5/true_tree.nwk --delimiter comma -p s7c5/k10_priors.csv -o s7c5/k10_r1_problin_ultrametric --nInitials 10 --ultrametric
Optimizing branch lengths, phi, and nu without topology search
Optimization by EM algorithm
Initial point 1. Random seed: 1074
Numerical optimization started with ultrametric constraint
Initial phi: 0.4593325465523799. Initial nu: 0.32227660270506625. Initial nllh: 5553.747521396006
EM finished after 17 iterations.
Optimal phi: 0. Optimal nu: 6.171370076365498e-07. Optimal nllh: 49.857885593015915
Optimal point found for initial point 1
Initial point 2. Random seed: 7548
Numerical optimization started with ultrametric constraint
Initial phi: 0.7794174505480237. Initial nu: 0.5299901137940827. Initial nllh: 280.1783183526418
EM finished after 21 iterations.
Optimal phi: 0. Optimal nu: 6.145726892467422e-07. Optimal nllh: 49.85788488405052
Optimal point found for initial point 2
Initial point 3. Random seed: 6555
Numerical optimization started with ultrametric constraint
Initial phi: 0.2524346381389316. Initial nu: 0.7394541228873815. Initial nllh: 134.84053956663823
EM finished after 29 iterations.
Optimal phi: 0. Optimal nu: 6.124828443130637e-07. Optimal nllh: 49.85788425193668
Optimal point found for initial point 3
Initial point 4. Random seed: 3129
Numerical optimization started with ultrametric constraint
Initial phi: 0.6572467004998847. Initial nu: 0.18661961151918646. Initial nllh: 201.0198949573655
EM finished after 21 iterations.
Optimal phi: 0. Optimal nu: 6.184590566270653e-07. Optimal nllh: 49.857884723109336
Optimal point found for initial point 4
Initial point 5. Random seed: 7708
Numerical optimization started with ultrametric constraint
Initial phi: 0.2589442313012044. Initial nu: 0.39597235272663855. Initial nllh: 114.1100447173183
EM finished after 14 iterations.
Optimal phi: 0. Optimal nu: 7.269104087877865e-07. Optimal nllh: 49.857901904043445
Optimal point found for initial point 5
Initial point 6. Random seed: 9258
Numerical optimization started with ultrametric constraint
Initial phi: 0.13670943352222237. Initial nu: 0.2844285825564123. Initial nllh: 87.15818410263498
EM finished after 19 iterations.
Optimal phi: 0. Optimal nu: 6.154157496003365e-07. Optimal nllh: 49.8578850404353
Optimal point found for initial point 6
Initial point 7. Random seed: 3329
Numerical optimization started with ultrametric constraint
Initial phi: 0.2566555682833798. Initial nu: 0.7032213984889546. Initial nllh: 133.26970951815116
EM finished after 25 iterations.
Optimal phi: 0. Optimal nu: 6.156935882649852e-07. Optimal nllh: 49.85788454433999
Optimal point found for initial point 7
Initial point 8. Random seed: 981
Numerical optimization started with ultrametric constraint
Initial phi: 0.5859824826569772. Initial nu: 0.3843006225947687. Initial nllh: 189.04876046716802
EM finished after 14 iterations.
Optimal phi: 0. Optimal nu: 7.269964442094544e-07. Optimal nllh: 49.857901454168875
Optimal point found for initial point 8
Initial point 9. Random seed: 8543
Numerical optimization started with ultrametric constraint
Initial phi: 0.8917701670606883. Initial nu: 0.42077077745692987. Initial nllh: 365.78173610799047
EM finished after 19 iterations.
Optimal phi: 0. Optimal nu: 6.207546464233795e-07. Optimal nllh: 49.85788578884724
Optimal point found for initial point 9
Initial point 10. Random seed: 5049
Numerical optimization started with ultrametric constraint
Initial phi: 0.11294571413530899. Initial nu: 0.03131181784960692. Initial nllh: 67.51549987553499
EM finished after 10 iterations.
Optimal phi: 0. Optimal nu: 7.31987841304955e-07. Optimal nllh: 49.85789294497138
Optimal point found for initial point 10
Numerical optimization finished successfully
Runtime (s): 10.729489040999999
