dataset s4c3
Optimization without using locations
Initial point 1. Random seed: 6628
Solving with ultrametric constraint
Optimal point found for initial point 1
Negative llh: 65.32756480562344
Dropout rate: 1e-08
Silencing rate: 1e-08
Initial point 2. Random seed: 3319
Solving with ultrametric constraint
Optimal point found for initial point 2
Negative llh: 65.32756471831212
Dropout rate: 1e-08
Silencing rate: 1e-08
Initial point 3. Random seed: 2324
Solving with ultrametric constraint
Optimal point found for initial point 3
Negative llh: 65.32756471831212
Dropout rate: 1e-08
Silencing rate: 1e-08
Initial point 4. Random seed: 2352
Solving with ultrametric constraint
Optimal point found for initial point 4
Negative llh: 65.32756471831212
Dropout rate: 1e-08
Silencing rate: 1e-08
Initial point 5. Random seed: 7001
Solving with ultrametric constraint
Optimal point found for initial point 5
Negative llh: 65.32756471831212
Dropout rate: 1e-08
Silencing rate: 1e-08
Initial point 6. Random seed: 567
Solving with ultrametric constraint
Optimal point found for initial point 6
Negative llh: 65.32756471831212
Dropout rate: 1e-08
Silencing rate: 1e-08
Initial point 7. Random seed: 3295
Solving with ultrametric constraint
Optimal point found for initial point 7
Negative llh: 65.32756471831212
Dropout rate: 1e-08
Silencing rate: 1e-08
Initial point 8. Random seed: 9009
Solving with ultrametric constraint
Optimal point found for initial point 8
Negative llh: 65.32756471831212
Dropout rate: 1e-08
Silencing rate: 1e-08
Initial point 9. Random seed: 9185
Solving with ultrametric constraint
Optimal point found for initial point 9
Negative llh: 65.32756471831212
Dropout rate: 1e-08
Silencing rate: 1e-08
Initial point 10. Random seed: 911
Solving with ultrametric constraint
Optimal point found for initial point 10
Negative llh: 65.32756471831212
Dropout rate: 1e-08
Silencing rate: 1e-08
Initial point 11. Random seed: 53
Solving with ultrametric constraint
Optimal point found for initial point 11
Negative llh: 65.32756471831212
Dropout rate: 1e-08
Silencing rate: 1e-08
Initial point 12. Random seed: 5361
Solving with ultrametric constraint
Optimal point found for initial point 12
Negative llh: 65.32756471831212
Dropout rate: 1e-08
Silencing rate: 1e-08
Initial point 13. Random seed: 3694
Solving with ultrametric constraint
Optimal point found for initial point 13
Negative llh: 65.32756471831212
Dropout rate: 1e-08
Silencing rate: 1e-08
Initial point 14. Random seed: 8653
Solving with ultrametric constraint
Optimal point found for initial point 14
Negative llh: 65.32756471831212
Dropout rate: 1e-08
Silencing rate: 1e-08
Initial point 15. Random seed: 5207
Solving with ultrametric constraint
Optimal point found for initial point 15
Negative llh: 65.32756471831212
Dropout rate: 1e-08
Silencing rate: 1e-08
Initial point 16. Random seed: 8226
Solving with ultrametric constraint
Optimal point found for initial point 16
Negative llh: 65.32756471831212
Dropout rate: 1e-08
Silencing rate: 1e-08
Initial point 17. Random seed: 1099
Solving with ultrametric constraint
Optimal point found for initial point 17
Negative llh: 65.32756471831212
Dropout rate: 1e-08
Silencing rate: 1e-08
Initial point 18. Random seed: 8894
Solving with ultrametric constraint
Optimal point found for initial point 18
Negative llh: 65.32756471831212
Dropout rate: 1e-08
Silencing rate: 1e-08
Initial point 19. Random seed: 4435
Solving with ultrametric constraint
Optimal point found for initial point 19
Negative llh: 65.32756471831212
Dropout rate: 1e-08
Silencing rate: 1e-08
Initial point 20. Random seed: 2901
Solving with ultrametric constraint
Optimal point found for initial point 20
Negative llh: 65.32756471831212
Dropout rate: 1e-08
Silencing rate: 1e-08
Optimization using locations
Optimization start with 1 initials
Initial point 1. Random seed: 1196
Solving with ultrametric constraint
  NIT    FC           OBJFUN            GNORM
    1    34     5.580160E+02     1.793671E+03
    2    68     1.419286E+03     1.459241E+02
    3   102     1.228721E+03     1.194423E+02
    4   136     1.193517E+03     1.101505E+02
    5   170     1.106177E+03     1.028167E+02
    6   204     8.456070E+02     9.673217E+01
    7   238     1.195824E+03     9.221316E+01
    8   272     8.422282E+02     8.747166E+01
    9   306     1.238768E+03     8.433743E+01
   10   340     7.482286E+02     8.050525E+01
   11   374     1.113708E+03     7.789412E+01
   12   408     1.164037E+03     7.515634E+01
   13   442     6.771637E+02     7.252068E+01
   14   476     7.202373E+02     6.850241E+01
   15   510     1.004855E+03     6.187454E+01
   16   544     6.426159E+02     4.978980E+01
   17   578     5.151635E+02     3.415008E+01
   18   612     6.538419E+02     2.810710E+01
   19   646     5.333012E+02     2.607222E+01
   20   680     3.562773E+02     2.460413E+01
   21   714     8.420912E+02     2.307918E+01
   22   748     5.624953E+02     2.332961E+01
   23   785     6.588256E+02     3.186464E+01
   24   819     4.072412E+02     3.069564E+01
   25   853     3.353109E+02     2.892764E+01
   26   887     3.013818E+02     2.650191E+01
   27   921     3.580398E+02     2.418296E+01
   28   955     2.603650E+02     2.150827E+01
   29   989     6.485297E+02     1.898193E+01
   30  1023     2.849292E+02     1.801643E+01
   31  1057     2.586954E+02     1.738317E+01
   32  1091     2.598803E+02     1.654568E+01
   33  1125     2.566382E+02     1.583248E+01
   34  1159     2.391560E+02     1.527140E+01
   35  1192     2.412449E+02     1.198829E+02
   36  1226     2.371838E+02     1.183181E+02
   37  1259     2.356493E+02     3.683689E+01
   38  1292     2.478583E+02     3.291611E+01
   39  1326     2.602947E+02     3.301786E+01
   40  1360     2.608773E+02     3.291747E+01
   41  1394     2.616693E+02     3.236081E+01
   42  1428     2.685572E+02     3.132075E+01
   43  1462     3.035699E+02     2.997865E+01
   44  1496     3.018241E+02     2.839260E+01
   45  1530     3.008122E+02     2.682295E+01
   46  1564     2.629938E+02     2.581406E+01
   47  1598     2.599374E+02     2.563784E+01
   48  1632     2.579663E+02     2.594316E+01
   49  1666     2.605205E+02     2.653583E+01
   50  1700     2.724763E+02     2.779064E+01
   51  1734     2.604082E+02     3.039347E+01
   52  1768     2.617624E+02     3.297788E+01
   53  1802     2.551880E+02     3.998141E+01
   54  1836     2.557303E+02     3.846645E+01
   55  1870     2.532021E+02     4.178463E+01
   56  1904     2.533703E+02     3.995646E+01
   57  1938     2.567508E+02     4.090096E+01
   58  1972     2.475927E+02     3.937801E+01
   59  2006     2.848687E+02     3.823961E+01
   60  2040     2.477205E+02     3.603856E+01
   61  2074     2.572171E+02     3.385503E+01
   62  2108     2.534119E+02     3.241443E+01
   63  2142     2.565867E+02     3.099495E+01
   64  2176     2.551587E+02     2.988671E+01
   65  2210     2.219165E+02     2.895537E+01
   66  2244     2.764665E+02     2.839953E+01
   67  2278     2.208706E+02     2.939310E+01
   68  2312     2.195394E+02     4.838638E+01
   69  2345     2.193544E+02     1.573640E+02
   70  2378     2.193814E+02     1.733664E+02
   71  2412     2.190957E+02     1.655434E+02
   72  2445     2.190649E+02     1.736236E+02
   73  2478     2.190581E+02     1.799459E+02
   74  2511     2.190484E+02     1.808071E+02
   75  2544     2.190460E+02     1.814795E+02
   76  2577     2.190438E+02     1.806827E+02
   77  2610     2.190431E+02     1.791479E+02
   78  2643     2.190428E+02     1.788332E+02
   80  2676     2.216770E+02     1.789593E+02
   81  2712     2.511432E+02     1.789719E+02
   82  2748     2.190585E+02     1.789641E+02
   83  2783     2.190601E+02     1.789698E+02
   84  2818     2.190515E+02     1.789797E+02
   85  2853     2.190435E+02     1.789951E+02
   86  2887     2.190435E+02     1.790093E+02
   87  2921     2.190427E+02     1.790320E+02
   88  2954     2.190492E+02     1.791917E+02
   89  2989     2.190432E+02     1.792180E+02
   90  3023     2.190429E+02     1.792324E+02
   91  3057     2.190427E+02     1.792276E+02
   92  3091     2.190427E+02     1.792202E+02
   93  3125     2.190427E+02     1.792078E+02
Optimization terminated successfully    (Exit mode 0)
            Current function value: 219.04263410606467
            Iterations: 93
            Function evaluations: 3126
            Gradient evaluations: 92
Optimal point found for initial point 1
Negative llh: 219.04263410606467
Dropout rate: 0
Silencing rate: 0
