dataset s10c3
Optimization using leaf locations
Initial point 1. Random seed: 9027
Solving with ultrametric constraint
Optimal point found for initial point 1
Negative llh: 292.6154609683803
Dropout rate: 0
Silencing rate: 0
Initial point 2. Random seed: 2654
Solving with ultrametric constraint
Optimal point found for initial point 2
Negative llh: 290.69190647616415
Dropout rate: 0
Silencing rate: 0
Initial point 3. Random seed: 7353
Solving with ultrametric constraint
Optimal point found for initial point 3
Negative llh: 9727.037845857265
Dropout rate: 0
Silencing rate: 0
Initial point 4. Random seed: 5927
Solving with ultrametric constraint
Optimal point found for initial point 4
Negative llh: 289.1934371821269
Dropout rate: 0
Silencing rate: 0
Initial point 5. Random seed: 4880
Solving with ultrametric constraint
Optimal point found for initial point 5
Negative llh: 12352.982280427563
Dropout rate: 0
Silencing rate: 0
Initial point 6. Random seed: 6554
Solving with ultrametric constraint
Optimal point found for initial point 6
Negative llh: 11977.088505193344
Dropout rate: 0
Silencing rate: 0
Initial point 7. Random seed: 5568
Solving with ultrametric constraint
Optimal point found for initial point 7
Negative llh: 294.8234751914245
Dropout rate: 0
Silencing rate: 0
Initial point 8. Random seed: 1009
Solving with ultrametric constraint
Optimal point found for initial point 8
Negative llh: 12103.917483764217
Dropout rate: 0
Silencing rate: 0
Initial point 9. Random seed: 4789
Solving with ultrametric constraint
Optimal point found for initial point 9
Negative llh: 291.7633317674739
Dropout rate: 0
Silencing rate: 0
Initial point 10. Random seed: 9500
Solving with ultrametric constraint
Optimal point found for initial point 10
Negative llh: 291.82889016195463
Dropout rate: 0
Silencing rate: 0
Initial point 11. Random seed: 4718
Solving with ultrametric constraint
Optimal point found for initial point 11
Negative llh: 8907.089499566915
Dropout rate: 0
Silencing rate: 0
Initial point 12. Random seed: 2089
Solving with ultrametric constraint
Optimal point found for initial point 12
Negative llh: 291.8288253124279
Dropout rate: 0
Silencing rate: 0
Initial point 13. Random seed: 8484
Solving with ultrametric constraint
Optimal point found for initial point 13
Negative llh: 8314.192926386819
Dropout rate: 0
Silencing rate: 0
Initial point 14. Random seed: 2114
Solving with ultrametric constraint
Optimal point found for initial point 14
Negative llh: 291.82882752048044
Dropout rate: 0
Silencing rate: 0
Initial point 15. Random seed: 9228
Solving with ultrametric constraint
Optimal point found for initial point 15
Negative llh: 6953.168167035789
Dropout rate: 0
Silencing rate: 0
Initial point 16. Random seed: 8759
Solving with ultrametric constraint
Optimal point found for initial point 16
Negative llh: 289.8522984378938
Dropout rate: 0
Silencing rate: 0
Initial point 17. Random seed: 7335
Solving with ultrametric constraint
Optimal point found for initial point 17
Negative llh: 290.42783058844634
Dropout rate: 0
Silencing rate: 0
Initial point 18. Random seed: 6244
Solving with ultrametric constraint
Optimal point found for initial point 18
Negative llh: 289.37675592325434
Dropout rate: 0
Silencing rate: 0
Initial point 19. Random seed: 8774
Solving with ultrametric constraint
Optimal point found for initial point 19
Negative llh: 9357.077482627172
Dropout rate: 0
Silencing rate: 0
Initial point 20. Random seed: 3517
Solving with ultrametric constraint
Optimal point found for initial point 20
Negative llh: 10915.166097677833
Dropout rate: 0
Silencing rate: 0
Optimal nllh: 289.1934371821269
