Launching Problin version 0.5p
Problin was called as follow: /Users/uym2/my_gits/problin/run_problin.py -c s12c4/k10_r1_character_matrix.csv -t s12c4/true_tree.nwk -S s12c4/leaf_locations.txt --delimiter comma -p s12c4/k10_priors.csv -o s12c4/k10_r1_spalin_leaves.txt --nInitials 10
Optimization by Spalin: Scipy-SLSQP using spatial information
Optimizing branch lengths, phi, and nu without topology search
Initial point 1. Random seed: 2566
Solving ML without ultrametric constraint
Optimal point found for initial point 1
Negative llh: 269.26777889717573
Dropout rate: 9.999999999999924e-11
Silencing rate: 9.999999999999924e-11
Initial point 2. Random seed: 8762
Solving ML without ultrametric constraint
Optimal point found for initial point 2
Negative llh: 287.6420709343269
Dropout rate: 5.061583131729459e-10
Silencing rate: 3.430841025415877e-10
Initial point 3. Random seed: 7453
Solving ML without ultrametric constraint
Optimal point found for initial point 3
Negative llh: 273.5485901947919
Dropout rate: 1e-10
Silencing rate: 1e-10
Initial point 4. Random seed: 3046
Solving ML without ultrametric constraint
Optimal point found for initial point 4
Negative llh: 274.06945433142664
Dropout rate: 1.0000000000000007e-10
Silencing rate: 1.0000000000000007e-10
Initial point 5. Random seed: 4947
Solving ML without ultrametric constraint
Optimal point found for initial point 5
Negative llh: 265.64591848391757
Dropout rate: 5.319112444993675e-10
Silencing rate: 3.565062086342743e-10
Initial point 6. Random seed: 2731
Solving ML without ultrametric constraint
Optimal point found for initial point 6
Negative llh: 268.1927966750451
Dropout rate: 1.0000000000000007e-10
Silencing rate: 1.0000000000000007e-10
Initial point 7. Random seed: 6245
Solving ML without ultrametric constraint
Optimal point found for initial point 7
Negative llh: 268.1533336162936
Dropout rate: 1e-10
Silencing rate: 1e-10
Initial point 8. Random seed: 5582
Solving ML without ultrametric constraint
Optimal point found for initial point 8
Negative llh: 269.38514135491084
Dropout rate: 1.000000000000009e-10
Silencing rate: 1.000000000000009e-10
Initial point 9. Random seed: 4548
Solving ML without ultrametric constraint
Optimal point found for initial point 9
Negative llh: 269.3849577273564
Dropout rate: 1.6272777134432922e-09
Silencing rate: 9.538655037953647e-10
Initial point 10. Random seed: 3546
Solving ML without ultrametric constraint
Optimal point found for initial point 10
Negative llh: 266.54394621875525
Dropout rate: 1e-10
Silencing rate: 1e-10
Runtime (s): 161.962418542
