Launching Problin version 0.5b
Problin was called as follow: /Users/uym2/my_gits/problin/run_problin.py -c s16c5/k10_r1_character_matrix.csv -t s16c5/true_tree.nwk --delimiter comma -p s16c5/k10_priors.csv -o s16c5/k10_r1_problin_ultrametric --nInitials 10 --ultrametric
Optimizing branch lengths, phi, and nu without topology search
Optimization by EM algorithm
Initial point 1. Random seed: 5269
Numerical optimization started with ultrametric constraint
Initial phi: 0.5746430090008605. Initial nu: 0.18631912375434845. Initial nllh: 3381.3866513216135
EM finished after 14 iterations.
Optimal phi: 0. Optimal nu: 6.400048949016026e-07. Optimal nllh: 39.597898084028294
Optimal point found for initial point 1
Initial point 2. Random seed: 5928
Numerical optimization started with ultrametric constraint
Initial phi: 0.8589352549187195. Initial nu: 0.1686499258987657. Initial nllh: 244.06717213084568
EM finished after 12 iterations.
Optimal phi: 0. Optimal nu: 6.374228546037415e-07. Optimal nllh: 39.59789787492972
Optimal point found for initial point 2
Initial point 3. Random seed: 6066
Numerical optimization started with ultrametric constraint
Initial phi: 0.7461378780598149. Initial nu: 0.8304269864401893. Initial nllh: 218.9218912732419
EM finished after 13 iterations.
Optimal phi: 0. Optimal nu: 6.376836810690291e-07. Optimal nllh: 39.597897988899994
Optimal point found for initial point 3
Initial point 4. Random seed: 3251
Numerical optimization started with ultrametric constraint
Initial phi: 0.9414838116702093. Initial nu: 0.448547780575681. Initial nllh: 346.2746382564467
EM finished after 12 iterations.
Optimal phi: 0. Optimal nu: 6.41753028843501e-07. Optimal nllh: 39.5978983259047
Optimal point found for initial point 4
Initial point 5. Random seed: 4286
Numerical optimization started with ultrametric constraint
Initial phi: 0.9693999512800715. Initial nu: 0.031990401287259135. Initial nllh: 389.94779131276243
EM finished after 9 iterations.
Optimal phi: 0. Optimal nu: 6.393459412765065e-07. Optimal nllh: 39.59789799293499
Optimal point found for initial point 5
Initial point 6. Random seed: 5288
Numerical optimization started with ultrametric constraint
Initial phi: 0.9564225824894287. Initial nu: 0.8788562570728482. Initial nllh: 397.60672617490695
EM finished after 15 iterations.
Optimal phi: 0. Optimal nu: 6.390472725241249e-07. Optimal nllh: 39.59789788306737
Optimal point found for initial point 6
Initial point 7. Random seed: 9995
Numerical optimization started with ultrametric constraint
Initial phi: 0.489431149617437. Initial nu: 0.046630514362944006. Initial nllh: 109.23902878460746
EM finished after 9 iterations.
Optimal phi: 0. Optimal nu: 6.372772221912229e-07. Optimal nllh: 39.59789800597386
Optimal point found for initial point 7
Initial point 8. Random seed: 3721
Numerical optimization started with ultrametric constraint
Initial phi: 0.02517865797391271. Initial nu: 0.49475100594966365. Initial nllh: 67.32613682414856
EM finished after 13 iterations.
Optimal phi: 0. Optimal nu: 6.407357547019714e-07. Optimal nllh: 39.59789807575655
Optimal point found for initial point 8
Initial point 9. Random seed: 8482
Numerical optimization started with ultrametric constraint
Initial phi: 0.10688634458968883. Initial nu: 0.10953607997764833. Initial nllh: 56.51516497472404
EM finished after 11 iterations.
Optimal phi: 0. Optimal nu: 6.412265773134499e-07. Optimal nllh: 39.59789810592537
Optimal point found for initial point 9
Initial point 10. Random seed: 9409
Numerical optimization started with ultrametric constraint
Initial phi: 0.9498687409557317. Initial nu: 0.18415896214438054. Initial nllh: 348.3121897624663
EM finished after 12 iterations.
Optimal phi: 0. Optimal nu: 6.419225385714886e-07. Optimal nllh: 39.59789811565116
Optimal point found for initial point 10
Numerical optimization finished successfully
Runtime (s): 6.346876875
