Launching Problin version 0.5p
Problin was called as follow: /Users/uym2/my_gits/problin/run_problin.py -c s16c5/k10_r1_character_matrix.csv -t s16c5/true_tree.nwk -S s16c5/leaf_locations.txt --delimiter comma -p s16c5/k10_priors.csv -o s16c5/k10_r1_spalin_leaves.txt --nInitials 10
Optimization by Spalin: Scipy-SLSQP using spatial information
Optimizing branch lengths, phi, and nu without topology search
Initial point 1. Random seed: 3132
Solving ML without ultrametric constraint
Optimal point found for initial point 1
Negative llh: 120.0904833465848
Dropout rate: 2.5130951484574565e-10
Silencing rate: 2.2839811179204964e-10
Initial point 2. Random seed: 8177
Solving ML without ultrametric constraint
Optimal point found for initial point 2
Negative llh: 120.09075513379173
Dropout rate: 1e-10
Silencing rate: 1e-10
Initial point 3. Random seed: 1840
Solving ML without ultrametric constraint
Optimal point found for initial point 3
Negative llh: 120.09047759034337
Dropout rate: 1e-10
Silencing rate: 1e-10
Initial point 4. Random seed: 8100
Solving ML without ultrametric constraint
Optimal point found for initial point 4
Negative llh: 120.09047741736165
Dropout rate: 1e-10
Silencing rate: 1e-10
Initial point 5. Random seed: 7335
Solving ML without ultrametric constraint
Optimal point found for initial point 5
Negative llh: 120.48850625426758
Dropout rate: 1.0000000000000007e-10
Silencing rate: 1.0000000000000007e-10
Initial point 6. Random seed: 4161
Solving ML without ultrametric constraint
Optimal point found for initial point 6
Negative llh: 127.4887498128607
Dropout rate: 1e-10
Silencing rate: 1e-10
Initial point 7. Random seed: 6395
Solving ML without ultrametric constraint
Optimal point found for initial point 7
Negative llh: 122.09997659824003
Dropout rate: 1e-10
Silencing rate: 1e-10
Initial point 8. Random seed: 3093
Solving ML without ultrametric constraint
Optimal point found for initial point 8
Negative llh: 121.18104199744263
Dropout rate: 3.3797974511609698e-09
Silencing rate: 3.52625384047699e-09
Initial point 9. Random seed: 2114
Solving ML without ultrametric constraint
Optimal point found for initial point 9
Negative llh: 124.7517204624391
Dropout rate: 1.9632685760152527e-10
Silencing rate: 1.8476206403429387e-10
Initial point 10. Random seed: 2020
Solving ML without ultrametric constraint
Optimal point found for initial point 10
Negative llh: 121.58975050067525
Dropout rate: 1.0000000000000002e-10
Silencing rate: 1.0000000000000007e-10
Runtime (s): 33.150849416999996
