Launching Problin version 0.5b
Problin was called as follow: /Users/uym2/my_gits/problin/run_problin.py -c s16c5/k10_r2_character_matrix.csv -t s16c5/true_tree.nwk -S s16c5/leaf_locations.txt --delimiter comma -p s16c5/k10_priors.csv -o s16c5/k10_r2_spalin_leaves.txt --nInitials 10
Optimization by Spalin: Scipy-SLSQP using spatial information
Optimizing branch lengths, phi, and nu without topology search
Initial point 1. Random seed: 7234
Solving ML without ultrametric constraint
Optimal point found for initial point 1
Negative llh: 128.18793428072036
Dropout rate: 1.0000000000000007e-10
Silencing rate: 1.0000000000000007e-10
Initial point 2. Random seed: 5049
Solving ML without ultrametric constraint
Optimal point found for initial point 2
Negative llh: 127.98045209319659
Dropout rate: 1.0000000000000007e-10
Silencing rate: 1.0000000000000007e-10
Initial point 3. Random seed: 9520
Solving ML without ultrametric constraint
Optimal point found for initial point 3
Negative llh: 130.00433905658582
Dropout rate: 2.40770777490168e-10
Silencing rate: 2.1697336161158798e-10
Initial point 4. Random seed: 4295
Solving ML without ultrametric constraint
Optimal point found for initial point 4
Negative llh: 129.73281181253128
Dropout rate: 1e-10
Silencing rate: 1e-10
Initial point 5. Random seed: 7636
Solving ML without ultrametric constraint
Optimal point found for initial point 5
Negative llh: 127.20900651112903
Dropout rate: 1.0000000000000007e-10
Silencing rate: 1.0000000000000007e-10
Initial point 6. Random seed: 9535
Solving ML without ultrametric constraint
Optimal point found for initial point 6
Negative llh: 127.1224048787954
Dropout rate: 1e-10
Silencing rate: 1e-10
Initial point 7. Random seed: 1494
Solving ML without ultrametric constraint
Optimal point found for initial point 7
Negative llh: 125.01134950541011
Dropout rate: 1e-10
Silencing rate: 1e-10
Initial point 8. Random seed: 8589
Solving ML without ultrametric constraint
Optimal point found for initial point 8
Negative llh: 131.07432737788815
Dropout rate: 1e-10
Silencing rate: 1e-10
Initial point 9. Random seed: 2808
Solving ML without ultrametric constraint
Optimal point found for initial point 9
Negative llh: 126.31063552081456
Dropout rate: 1e-10
Silencing rate: 1e-10
Initial point 10. Random seed: 4825
Solving ML without ultrametric constraint
Optimal point found for initial point 10
Negative llh: 126.3106566092997
Dropout rate: 1.0000000000000007e-10
Silencing rate: 1.0000000000000007e-10
Runtime (s): 35.095300334
