Launching Problin version 0.5p
Problin was called as follow: /Users/uym2/my_gits/problin/run_problin.py -c s16c5/k10_r1_character_matrix.csv -t s16c5/true_tree.nwk -S s16c5/true_locations.txt --delimiter comma -p s16c5/k10_priors.csv -o s16c5/k10_r1_spalin_all.txt --nInitials 10
Optimization by Spalin: Scipy-SLSQP using spatial information
Optimizing branch lengths, phi, and nu without topology search
Initial point 1. Random seed: 2078
Solving ML without ultrametric constraint
Optimal point found for initial point 1
Negative llh: 161.29749085847803
Dropout rate: 2.5658278261075224e-10
Silencing rate: 3.385882773931773e-10
Initial point 2. Random seed: 8979
Solving ML without ultrametric constraint
Optimal point found for initial point 2
Negative llh: 161.29749091505246
Dropout rate: 1e-10
Silencing rate: 1e-10
Initial point 3. Random seed: 7041
Solving ML without ultrametric constraint
Optimal point found for initial point 3
Negative llh: 161.2974918444758
Dropout rate: 8.248351095021851e-10
Silencing rate: 4.2921124687272946e-09
Initial point 4. Random seed: 7701
Solving ML without ultrametric constraint
Optimal point found for initial point 4
Negative llh: 161.29749081632707
Dropout rate: 1e-10
Silencing rate: 1e-10
Initial point 5. Random seed: 2140
Solving ML without ultrametric constraint
Optimal point found for initial point 5
Negative llh: 161.29749084371812
Dropout rate: 1.547817772262796e-10
Silencing rate: 1.890358505050715e-10
Initial point 6. Random seed: 844
Solving ML without ultrametric constraint
Optimal point found for initial point 6
Negative llh: 161.2974910698328
Dropout rate: 9.999999999999996e-11
Silencing rate: 1.0000000000000007e-10
Initial point 7. Random seed: 8909
Solving ML without ultrametric constraint
Optimal point found for initial point 7
Negative llh: 161.2974915856566
Dropout rate: 1.6424280933240154e-09
Silencing rate: 2.4747000200838338e-09
Initial point 8. Random seed: 5581
Solving ML without ultrametric constraint
Optimal point found for initial point 8
Negative llh: 161.29749104041485
Dropout rate: 2.615783965298984e-10
Silencing rate: 7.001272833785557e-10
Initial point 9. Random seed: 1181
Solving ML without ultrametric constraint
Optimal point found for initial point 9
Negative llh: 161.29749203967862
Dropout rate: 1.0000000000000002e-10
Silencing rate: 1.0000000000000007e-10
Initial point 10. Random seed: 637
Solving ML without ultrametric constraint
Optimal point found for initial point 10
Negative llh: 161.29749088517414
Dropout rate: 1e-10
Silencing rate: 1e-10
Runtime (s): 5.239413542
