Launching Problin version 0.5b
Problin was called as follow: /Users/uym2/my_gits/problin/run_problin.py -c s16c5/k10_r3_character_matrix.csv -t s16c5/true_tree.nwk -S s16c5/true_locations.txt --delimiter comma -p s16c5/k10_priors.csv -o s16c5/k10_r3_spalin_all.txt --nInitials 10
Optimization by Spalin: Scipy-SLSQP using spatial information
Optimizing branch lengths, phi, and nu without topology search
Initial point 1. Random seed: 1612
Solving ML without ultrametric constraint
Optimal point found for initial point 1
Negative llh: 159.4186505149711
Dropout rate: 1e-10
Silencing rate: 1e-10
Sigma: 51.044126140108176
Initial point 2. Random seed: 2904
Solving ML without ultrametric constraint
Optimal point found for initial point 2
Negative llh: 159.41865048785016
Dropout rate: 1.3566320996963736e-10
Silencing rate: 1.1082564723318044e-10
Sigma: 51.0468417863343
Initial point 3. Random seed: 4808
Solving ML without ultrametric constraint
Optimal point found for initial point 3
Negative llh: 159.41865066318678
Dropout rate: 2.3682556720386836e-10
Silencing rate: 1.4187551537196656e-10
Sigma: 51.040753223165176
Initial point 4. Random seed: 7429
Solving ML without ultrametric constraint
Optimal point found for initial point 4
Negative llh: 159.41865072636813
Dropout rate: 1.1863991857897637e-10
Silencing rate: 1e-10
Sigma: 51.03965091299821
Initial point 5. Random seed: 7556
Solving ML without ultrametric constraint
Optimal point found for initial point 5
Negative llh: 159.4186505005486
Dropout rate: 4.169754917023847e-10
Silencing rate: 2.2094560115898446e-10
Sigma: 51.042250510151916
Initial point 6. Random seed: 2928
Solving ML without ultrametric constraint
Optimal point found for initial point 6
Negative llh: 159.41865029055384
Dropout rate: 2.0088193985450383e-10
Silencing rate: 5.550282601509817e-10
Sigma: 51.04528145668421
Initial point 7. Random seed: 2712
Solving ML without ultrametric constraint
Optimal point found for initial point 7
Negative llh: 159.418650221792
Dropout rate: 1e-10
Silencing rate: 1e-10
Sigma: 51.04535884778064
Initial point 8. Random seed: 2089
Solving ML without ultrametric constraint
Optimal point found for initial point 8
Negative llh: 159.4186506206989
Dropout rate: 1.0020420183418363e-10
Silencing rate: 1e-10
Sigma: 51.04869806111288
Initial point 9. Random seed: 9412
Solving ML without ultrametric constraint
Optimal point found for initial point 9
Negative llh: 159.41865026294346
Dropout rate: 1.5057994336893006e-10
Silencing rate: 1.0813530034612128e-10
Sigma: 51.045139720611154
Initial point 10. Random seed: 7871
Solving ML without ultrametric constraint
Optimal point found for initial point 10
Negative llh: 159.41865103051632
Dropout rate: 1.1941040793862848e-10
Silencing rate: 1.2503621590809248e-10
Sigma: 51.05167790085596
Runtime (s): 6.1790160830000005
