dataset s16c8
Optimization using leaf locations
Initial point 1. Random seed: 7318
Solving with ultrametric constraint
Optimal point found for initial point 1
Negative llh: 164.79467710407513
Dropout rate: 0
Silencing rate: 0
Initial point 2. Random seed: 5259
Solving with ultrametric constraint
Optimal point found for initial point 2
Negative llh: 164.79468322425674
Dropout rate: 0
Silencing rate: 0
Initial point 3. Random seed: 1014
Solving with ultrametric constraint
Optimal point found for initial point 3
Negative llh: 165.59990763273365
Dropout rate: 0
Silencing rate: 0
Initial point 4. Random seed: 1088
Solving with ultrametric constraint
Optimal point found for initial point 4
Negative llh: 5934.084608809625
Dropout rate: 0
Silencing rate: 0
Initial point 5. Random seed: 5222
Solving with ultrametric constraint
Optimal point found for initial point 5
Negative llh: 165.59985915624168
Dropout rate: 0
Silencing rate: 0
Initial point 6. Random seed: 7761
Solving with ultrametric constraint
Optimal point found for initial point 6
Negative llh: 164.7946777315248
Dropout rate: 0
Silencing rate: 0
Initial point 7. Random seed: 9485
Solving with ultrametric constraint
Optimal point found for initial point 7
Negative llh: 4551.2582204040455
Dropout rate: 0
Silencing rate: 0
Initial point 8. Random seed: 1763
Solving with ultrametric constraint
Optimal point found for initial point 8
Negative llh: 6180.701642040606
Dropout rate: 0
Silencing rate: 0
Initial point 9. Random seed: 7132
Solving with ultrametric constraint
Optimal point found for initial point 9
Negative llh: 164.7947600980324
Dropout rate: 0
Silencing rate: 0
Initial point 10. Random seed: 1345
Solving with ultrametric constraint
Optimal point found for initial point 10
Negative llh: 165.60067367523752
Dropout rate: 0
Silencing rate: 0
Initial point 11. Random seed: 5885
Solving with ultrametric constraint
Optimal point found for initial point 11
Negative llh: 168.00693250424212
Dropout rate: 0
Silencing rate: 0
Initial point 12. Random seed: 8990
Solving with ultrametric constraint
Optimal point found for initial point 12
Negative llh: 168.00695095119076
Dropout rate: 0
Silencing rate: 0
Initial point 13. Random seed: 8002
Solving with ultrametric constraint
Optimal point found for initial point 13
Negative llh: 164.79467693813783
Dropout rate: 0
Silencing rate: 0
Initial point 14. Random seed: 2546
Solving with ultrametric constraint
Optimal point found for initial point 14
Negative llh: 164.7946848042368
Dropout rate: 0
Silencing rate: 0
Initial point 15. Random seed: 3845
Solving with ultrametric constraint
Optimal point found for initial point 15
Negative llh: 164.79506533417492
Dropout rate: 0
Silencing rate: 0
Initial point 16. Random seed: 126
Solving with ultrametric constraint
Optimal point found for initial point 16
Negative llh: 164.79468036627043
Dropout rate: 0
Silencing rate: 0
Initial point 17. Random seed: 7423
Solving with ultrametric constraint
Optimal point found for initial point 17
Negative llh: 165.6005739230555
Dropout rate: 0
Silencing rate: 0
Initial point 18. Random seed: 8455
Solving with ultrametric constraint
Optimal point found for initial point 18
Negative llh: 165.59986016104614
Dropout rate: 0
Silencing rate: 0
Initial point 19. Random seed: 1819
Solving with ultrametric constraint
Optimal point found for initial point 19
Negative llh: 165.59998012138846
Dropout rate: 0
Silencing rate: 0
Initial point 20. Random seed: 3839
Solving with ultrametric constraint
Optimal point found for initial point 20
Negative llh: 165.5998899474232
Dropout rate: 0
Silencing rate: 0
Optimal nllh: 164.79467693813783
