Launching Problin version 0.5p
Problin was called as follow: /Users/uym2/my_gits/problin/run_problin.py -c s15c7/k10_r1_character_matrix.csv -t s15c7/true_tree.nwk -S s15c7/true_locations.txt --delimiter comma -p s15c7/k10_priors.csv -o s15c7/k10_r1_spalin_all.txt --nInitials 10
Optimization by Spalin: Scipy-SLSQP using spatial information
Optimizing branch lengths, phi, and nu without topology search
Initial point 1. Random seed: 1939
Solving ML without ultrametric constraint
Optimal point found for initial point 1
Negative llh: 468.4376182778128
Dropout rate: 6.247710958034652e-10
Silencing rate: 3.8940396867466095e-10
Initial point 2. Random seed: 7491
Solving ML without ultrametric constraint
Optimal point found for initial point 2
Negative llh: 468.4376186166576
Dropout rate: 7.465811125506368e-10
Silencing rate: 2.8941950843594393e-09
Initial point 3. Random seed: 6029
Solving ML without ultrametric constraint
Optimal point found for initial point 3
Negative llh: 468.4376178464599
Dropout rate: 9.999999999999996e-11
Silencing rate: 1.0000000000000007e-10
Initial point 4. Random seed: 8026
Solving ML without ultrametric constraint
Optimal point found for initial point 4
Negative llh: 468.43762294702617
Dropout rate: 3.5258290339123757e-10
Silencing rate: 2.264406850682353e-09
Initial point 5. Random seed: 9345
Solving ML without ultrametric constraint
Optimal point found for initial point 5
Negative llh: 468.43761811548796
Dropout rate: 1.0000000000000007e-10
Silencing rate: 9.999999999999924e-11
Initial point 6. Random seed: 1931
Solving ML without ultrametric constraint
Optimal point found for initial point 6
Negative llh: 468.4376189586849
Dropout rate: 2.030912965737858e-09
Silencing rate: 3.772096752098675e-09
Initial point 7. Random seed: 2914
Solving ML without ultrametric constraint
Optimal point found for initial point 7
Negative llh: 468.43761821390945
Dropout rate: 1e-10
Silencing rate: 1e-10
Initial point 8. Random seed: 6761
Solving ML without ultrametric constraint
Optimal point found for initial point 8
Negative llh: 468.43762057058575
Dropout rate: 2.973484247827949e-09
Silencing rate: 2.3102679596001323e-09
Initial point 9. Random seed: 5011
Solving ML without ultrametric constraint
Optimal point found for initial point 9
Negative llh: 468.4376230558231
Dropout rate: 1.4520725830358394e-08
Silencing rate: 1.9552675153740012e-09
Initial point 10. Random seed: 3539
Solving ML without ultrametric constraint
Optimal point found for initial point 10
Negative llh: 468.43761802000733
Dropout rate: 6.588915329389633e-10
Silencing rate: 5.028308357334906e-10
Runtime (s): 93.771098375
