Launching Problin version 0.5b
Problin was called as follow: /Users/uym2/my_gits/problin/run_problin.py -c s15c7/k10_r3_character_matrix.csv -t s15c7/true_tree.nwk -S s15c7/leaf_locations.txt --delimiter comma -p s15c7/k10_priors.csv -o s15c7/k10_r3_spalin_leaves.txt --nInitials 10
Optimization by Spalin: Scipy-SLSQP using spatial information
Optimizing branch lengths, phi, and nu without topology search
Initial point 1. Random seed: 4653
Solving ML without ultrametric constraint
Optimal point found for initial point 1
Negative llh: 348.99739809826673
Dropout rate: 1.8556683948808972e-07
Silencing rate: 1.4687183786656484e-06
Sigma: 16.038104051208133
Initial point 2. Random seed: 6689
Solving ML without ultrametric constraint
Optimal point found for initial point 2
Negative llh: 346.59724390274505
Dropout rate: 1e-10
Silencing rate: 1e-10
Sigma: 16.174522673463827
Initial point 3. Random seed: 3108
Solving ML without ultrametric constraint
Optimal point found for initial point 3
Negative llh: 351.6856127622857
Dropout rate: 1e-10
Silencing rate: 1e-10
Sigma: 17.253794699491543
Initial point 4. Random seed: 8257
Solving ML without ultrametric constraint
Optimal point found for initial point 4
Negative llh: 350.6529468817756
Dropout rate: 1e-10
Silencing rate: 1e-10
Sigma: 16.186356964687345
Initial point 5. Random seed: 2474
Solving ML without ultrametric constraint
Optimal point found for initial point 5
Negative llh: 350.7848107721646
Dropout rate: 3.717871437829227e-09
Silencing rate: 3.326867780406607e-09
Sigma: 16.354455244728985
Initial point 6. Random seed: 1923
Solving ML without ultrametric constraint
Optimal point found for initial point 6
Negative llh: 343.07408594957315
Dropout rate: 1.0000000000000065e-10
Silencing rate: 1.0000000000000065e-10
Sigma: 15.483770418066642
Initial point 7. Random seed: 1658
Solving ML without ultrametric constraint
Optimal point found for initial point 7
Negative llh: 356.9244627086576
Dropout rate: 1e-10
Silencing rate: 1e-10
Sigma: 15.601536630039421
Initial point 8. Random seed: 1306
Solving ML without ultrametric constraint
Optimal point found for initial point 8
Negative llh: 350.181294476634
Dropout rate: 1.0000000000000044e-10
Silencing rate: 1.0000000000000044e-10
Sigma: 16.204057567869487
Initial point 9. Random seed: 3965
Solving ML without ultrametric constraint
Optimal point found for initial point 9
Negative llh: 349.2710325695248
Dropout rate: 1.4908530058517164e-09
Silencing rate: 1.466641255606253e-09
Sigma: 15.980748796477695
Initial point 10. Random seed: 5239
Solving ML without ultrametric constraint
Optimal point found for initial point 10
Negative llh: 346.1835107674613
Dropout rate: 1e-10
Silencing rate: 1e-10
Sigma: 16.12632165156037
Runtime (s): 603.603180375
