Launching Problin version 0.5b
Problin was called as follow: /Users/uym2/my_gits/problin/run_problin.py -c s15c7/k10_r2_character_matrix.csv -t s15c7/true_tree.nwk -S s15c7/true_locations.txt --delimiter comma -p s15c7/k10_priors.csv -o s15c7/k10_r2_spalin_all.txt --nInitials 10
Optimization by Spalin: Scipy-SLSQP using spatial information
Optimizing branch lengths, phi, and nu without topology search
Initial point 1. Random seed: 6814
Solving ML without ultrametric constraint
Optimal point found for initial point 1
Negative llh: 478.4224889491776
Dropout rate: 1.3903415014753445e-10
Silencing rate: 1.9344221126560684e-10
Initial point 2. Random seed: 6103
Solving ML without ultrametric constraint
Optimal point found for initial point 2
Negative llh: 479.220964999129
Dropout rate: 1e-10
Silencing rate: 1e-10
Initial point 3. Random seed: 5701
Solving ML without ultrametric constraint
Optimal point found for initial point 3
Negative llh: 478.42248930484396
Dropout rate: 1e-10
Silencing rate: 1e-10
Initial point 4. Random seed: 3092
Solving ML without ultrametric constraint
Optimal point found for initial point 4
Negative llh: 478.4224894163689
Dropout rate: 2.8030717934508863e-10
Silencing rate: 1.6093390812723967e-09
Initial point 5. Random seed: 9617
Solving ML without ultrametric constraint
Optimal point found for initial point 5
Negative llh: 479.2209646956486
Dropout rate: 1.0096252961157008e-10
Silencing rate: 1.005054801022198e-10
Initial point 6. Random seed: 2705
Solving ML without ultrametric constraint
Optimal point found for initial point 6
Negative llh: 478.42249109664453
Dropout rate: 2.797000440488657e-09
Silencing rate: 1.5150687377835096e-09
Initial point 7. Random seed: 4157
Solving ML without ultrametric constraint
Optimal point found for initial point 7
Negative llh: 478.42248882393966
Dropout rate: 1e-10
Silencing rate: 1e-10
Initial point 8. Random seed: 2740
Solving ML without ultrametric constraint
Optimal point found for initial point 8
Negative llh: 478.4224890054511
Dropout rate: 1.0707864287477193e-10
Silencing rate: 1.0371466387536262e-10
Initial point 9. Random seed: 8294
Solving ML without ultrametric constraint
Optimal point found for initial point 9
Negative llh: 478.4224888996872
Dropout rate: 1.0000000000000007e-10
Silencing rate: 1.0000000000000007e-10
Initial point 10. Random seed: 3460
Solving ML without ultrametric constraint
Optimal point found for initial point 10
Negative llh: 478.42248932237027
Dropout rate: 2.0063328208180897e-10
Silencing rate: 8.238015923401873e-10
Runtime (s): 97.98919733400001
