Launching Problin version 0.5b
Problin was called as follow: /Users/uym2/my_gits/problin/run_problin.py -c s15c7/k10_r3_character_matrix.csv -t s15c7/true_tree.nwk -S s15c7/true_locations.txt --delimiter comma -p s15c7/k10_priors.csv -o s15c7/k10_r3_spalin_all.txt --nInitials 10
Optimization by Spalin: Scipy-SLSQP using spatial information
Optimizing branch lengths, phi, and nu without topology search
Initial point 1. Random seed: 988
Solving ML without ultrametric constraint
Optimal point found for initial point 1
Negative llh: 436.01316207608113
Dropout rate: 1.8454461419931584e-10
Silencing rate: 9.999999999999996e-11
Sigma: 24.38303840985904
Initial point 2. Random seed: 5920
Solving ML without ultrametric constraint
Optimal point found for initial point 2
Negative llh: 436.01316238440285
Dropout rate: 1.0000000000000007e-10
Silencing rate: 1.0000000000000007e-10
Sigma: 24.383118807992574
Initial point 3. Random seed: 3475
Solving ML without ultrametric constraint
Optimal point found for initial point 3
Negative llh: 436.01317149527483
Dropout rate: 8.903175730904037e-10
Silencing rate: 5.758537191459896e-10
Sigma: 24.393827910148723
Initial point 4. Random seed: 191
Solving ML without ultrametric constraint
Optimal point found for initial point 4
Negative llh: 436.01316798632377
Dropout rate: 1e-10
Silencing rate: 1e-10
Sigma: 24.383328644084692
Initial point 5. Random seed: 3291
Solving ML without ultrametric constraint
Optimal point found for initial point 5
Negative llh: 436.0131671164969
Dropout rate: 1e-10
Silencing rate: 2.4951767864443725e-08
Sigma: 24.384583552611314
Initial point 6. Random seed: 5378
Solving ML without ultrametric constraint
Optimal point found for initial point 6
Negative llh: 436.01316295343315
Dropout rate: 1e-10
Silencing rate: 1.7243046469697975e-10
Sigma: 24.383523377401513
Initial point 7. Random seed: 2378
Solving ML without ultrametric constraint
Optimal point found for initial point 7
Negative llh: 436.0131640227978
Dropout rate: 1e-10
Silencing rate: 1e-10
Sigma: 24.38315170501004
Initial point 8. Random seed: 7578
Solving ML without ultrametric constraint
Optimal point found for initial point 8
Negative llh: 436.01316704627703
Dropout rate: 1.5441393025344675e-09
Silencing rate: 9.730582964072459e-10
Sigma: 24.383779455809425
Initial point 9. Random seed: 4300
Solving ML without ultrametric constraint
Optimal point found for initial point 9
Negative llh: 436.01316343628855
Dropout rate: 1e-10
Silencing rate: 7.364241083213339e-09
Sigma: 24.383369543911858
Initial point 10. Random seed: 7974
Solving ML without ultrametric constraint
Optimal point found for initial point 10
Negative llh: 436.01316326398285
Dropout rate: 1.1450727578823324e-10
Silencing rate: 7.127502808006508e-09
Sigma: 24.383273859332142
Runtime (s): 198.19777620800002
