Launching Problin version 0.5p
Problin was called as follow: /Users/uym2/my_gits/problin/run_problin.py -c s19c4/k10_r1_character_matrix.csv -t s19c4/true_tree.nwk -S s19c4/true_locations.txt --delimiter comma -p s19c4/k10_priors.csv -o s19c4/k10_r1_spalin_all.txt --nInitials 10
Optimization by Spalin: Scipy-SLSQP using spatial information
Optimizing branch lengths, phi, and nu without topology search
Initial point 1. Random seed: 2484
Solving ML without ultrametric constraint
Optimal point found for initial point 1
Negative llh: 209.64268129164142
Dropout rate: 6.32442856746841e-10
Silencing rate: 6.600300051480057e-10
Initial point 2. Random seed: 3366
Solving ML without ultrametric constraint
Optimal point found for initial point 2
Negative llh: 209.64268090392528
Dropout rate: 9.999999999999996e-11
Silencing rate: 1.0000000000000007e-10
Initial point 3. Random seed: 653
Solving ML without ultrametric constraint
Optimal point found for initial point 3
Negative llh: 209.6426804515173
Dropout rate: 1.0000000000000007e-10
Silencing rate: 1.0000000000000007e-10
Initial point 4. Random seed: 4179
Solving ML without ultrametric constraint
Optimal point found for initial point 4
Negative llh: 209.64268073530457
Dropout rate: 4.763359724461992e-10
Silencing rate: 1.2044523245913408e-09
Initial point 5. Random seed: 1553
Solving ML without ultrametric constraint
Optimal point found for initial point 5
Negative llh: 209.64268052046634
Dropout rate: 1e-10
Silencing rate: 1e-10
Initial point 6. Random seed: 4732
Solving ML without ultrametric constraint
Optimal point found for initial point 6
Negative llh: 209.64268059669791
Dropout rate: 1e-10
Silencing rate: 2.264770550913867e-10
Initial point 7. Random seed: 8931
Solving ML without ultrametric constraint
Optimal point found for initial point 7
Negative llh: 209.64268055229653
Dropout rate: 3.0313846336375624e-10
Silencing rate: 6.154200722327618e-10
Initial point 8. Random seed: 5458
Solving ML without ultrametric constraint
Optimal point found for initial point 8
Negative llh: 209.6426818206208
Dropout rate: 6.140913672417712e-09
Silencing rate: 2.5951920868515616e-09
Initial point 9. Random seed: 1197
Solving ML without ultrametric constraint
Optimal point found for initial point 9
Negative llh: 209.64268056200189
Dropout rate: 1e-10
Silencing rate: 1e-10
Initial point 10. Random seed: 8154
Solving ML without ultrametric constraint
Optimal point found for initial point 10
Negative llh: 209.64268077584018
Dropout rate: 1.0000000000000002e-10
Silencing rate: 9.999999999999996e-11
Runtime (s): 12.895095750000001
