Launching Problin version 0.5b
Problin was called as follow: /Users/uym2/my_gits/problin/run_problin.py -c s19c4/k10_r2_character_matrix.csv -t s19c4/true_tree.nwk --delimiter comma -p s19c4/k10_priors.csv -o s19c4/k10_r2_problin.txt --nInitials 10
Optimization by EM algorithm
Optimizing branch lengths, phi, and nu without topology search
Initial point 1. Random seed: 6190
Solving ML without ultrametric constraint
Initial phi: 0.4797742448412193. Initial nu: 0.3801581145102386. Initial nllh: 8194.458979758574
EM finished after 15 iterations.
Optimal point found for initial point 1
Negative llh: 67.9014371667914
Dropout rate: 0
Silencing rate: 4.938505151742538e-07
Initial point 2. Random seed: 6442
Solving ML without ultrametric constraint
Initial phi: 0.22110954531586327. Initial nu: 0.3188363429935971. Initial nllh: 130.11006766092945
EM finished after 17 iterations.
Optimal point found for initial point 2
Negative llh: 67.90143672184371
Dropout rate: 0
Silencing rate: 4.908487700903046e-07
Initial point 3. Random seed: 8740
Solving ML without ultrametric constraint
Initial phi: 0.8349088199165815. Initial nu: 0.20416202390089705. Initial nllh: 337.51039386745316
EM finished after 11 iterations.
Optimal point found for initial point 3
Negative llh: 67.90143743243313
Dropout rate: 0
Silencing rate: 4.960041977746879e-07
Initial point 4. Random seed: 2173
Solving ML without ultrametric constraint
Initial phi: 0.45786138007624644. Initial nu: 0.5776461892064981. Initial nllh: 202.93808707676317
EM finished after 14 iterations.
Optimal point found for initial point 4
Negative llh: 67.90143688612156
Dropout rate: 0
Silencing rate: 4.91374450921773e-07
Initial point 5. Random seed: 7357
Solving ML without ultrametric constraint
Initial phi: 0.1424601842205347. Initial nu: 0.9471875053730175. Initial nllh: 170.2960612473158
EM finished after 22 iterations.
Optimal point found for initial point 5
Negative llh: 67.90143701823801
Dropout rate: 0
Silencing rate: 4.94347641064539e-07
Initial point 6. Random seed: 7580
Solving ML without ultrametric constraint
Initial phi: 0.04219415942125799. Initial nu: 0.5668809147755427. Initial nllh: 122.34159560212531
EM finished after 13 iterations.
Optimal point found for initial point 6
Negative llh: 67.90143713554183
Dropout rate: 0
Silencing rate: 4.920827265322288e-07
Initial point 7. Random seed: 8038
Solving ML without ultrametric constraint
Initial phi: 0.3267446121526306. Initial nu: 0.03002572728659776. Initial nllh: 125.85350811807945
EM finished after 7 iterations.
Optimal point found for initial point 7
Negative llh: 67.90143681109593
Dropout rate: 0
Silencing rate: 4.91036342731789e-07
Initial point 8. Random seed: 6017
Solving ML without ultrametric constraint
Initial phi: 0.8087038737352211. Initial nu: 0.17478461091989747. Initial nllh: 314.3763659231696
EM finished after 10 iterations.
Optimal point found for initial point 8
Negative llh: 67.90143854982401
Dropout rate: 0
Silencing rate: 5.071371326387808e-07
Initial point 9. Random seed: 3240
Solving ML without ultrametric constraint
Initial phi: 0.9402033508594329. Initial nu: 0.1261911207039506. Initial nllh: 473.0293701742254
EM finished after 9 iterations.
Optimal point found for initial point 9
Negative llh: 67.90143709881988
Dropout rate: 0
Silencing rate: 4.916304713234708e-07
Initial point 10. Random seed: 5351
Solving ML without ultrametric constraint
Initial phi: 0.041818960867935635. Initial nu: 0.18973683446530024. Initial nllh: 90.08317098478204
EM finished after 11 iterations.
Optimal point found for initial point 10
Negative llh: 67.90143723532023
Dropout rate: 0
Silencing rate: 4.943171726135389e-07
Runtime (s): 5.359459665999999
