Launching Problin version 0.5b
Problin was called as follow: /Users/uym2/my_gits/problin/run_problin.py -c s15c2/k200_lin_character_matrix.csv -t s15c2/true_tree.nwk --delimiter comma -p s15c2/k200_lin_priors.csv -o s15c2/k200_lin_problin --nInitials 10 --ultrametric
Optimizing branch lengths, phi, and nu without topology search
Optimization by EM algorithm
Initial point 1. Random seed: 7295
Numerical optimization started with ultrametric constraint
Initial phi: 0.4238717212053558. Initial nu: 0.2055209594778767. Initial nllh: 155150.00891175092
EM finished after 22 iterations.
Optimal phi: 0. Optimal nu: 2.7242779019632424e-08. Optimal nllh: 1793.5818627251645
Optimal point found for initial point 1
Initial point 2. Random seed: 962
Numerical optimization started with ultrametric constraint
Initial phi: 0.3932142663708781. Initial nu: 0.026508040268018656. Initial nllh: 3736.1093857770857
EM finished after 8 iterations.
Optimal phi: 0. Optimal nu: 2.7588758116788458e-08. Optimal nllh: 1793.581850951287
Optimal point found for initial point 2
Initial point 3. Random seed: 2014
Numerical optimization started with ultrametric constraint
Initial phi: 0.14727287473506606. Initial nu: 0.3332042618314231. Initial nllh: 2953.6358349028696
EM finished after 17 iterations.
Optimal phi: 0. Optimal nu: 1.92562195549114e-08. Optimal nllh: 1793.5818424379097
Optimal point found for initial point 3
Initial point 4. Random seed: 9254
Numerical optimization started with ultrametric constraint
Initial phi: 0.8888834852025549. Initial nu: 0.8740172689739732. Initial nllh: 11597.743434570368
EM finished after 17 iterations.
Optimal phi: 0. Optimal nu: 3.7653563711934326e-08. Optimal nllh: 1793.581930581924
Optimal point found for initial point 4
Initial point 5. Random seed: 3959
Numerical optimization started with ultrametric constraint
Initial phi: 0.596955725064855. Initial nu: 0.05128151572215021. Initial nllh: 5332.037791316389
EM finished after 10 iterations.
Optimal phi: 0. Optimal nu: 1.849625434967763e-08. Optimal nllh: 1793.5818430084619
Optimal point found for initial point 5
Initial point 6. Random seed: 3367
Numerical optimization started with ultrametric constraint
Initial phi: 0.1247669192221214. Initial nu: 0.4838217416221784. Initial nllh: 3105.360144799955
EM finished after 16 iterations.
Optimal phi: 0. Optimal nu: 3.163044926801222e-08. Optimal nllh: 1793.5819004115576
Optimal point found for initial point 6
Initial point 7. Random seed: 9371
Numerical optimization started with ultrametric constraint
Initial phi: 0.9093228450304055. Initial nu: 0.7988091712714963. Initial nllh: 12244.980758543676
EM finished after 18 iterations.
Optimal phi: 0. Optimal nu: 3.866058195262325e-08. Optimal nllh: 1793.5819009356512
Optimal point found for initial point 7
Initial point 8. Random seed: 1790
Numerical optimization started with ultrametric constraint
Initial phi: 0.5033456723322136. Initial nu: 0.8927811553416071. Initial nllh: 5939.169765683148
EM finished after 20 iterations.
Optimal phi: 0. Optimal nu: 3.401006426811263e-08. Optimal nllh: 1793.581866087969
Optimal point found for initial point 8
Initial point 9. Random seed: 7386
Numerical optimization started with ultrametric constraint
Initial phi: 0.24829897722849092. Initial nu: 0.45537601077788875. Initial nllh: 3636.1861296351562
EM finished after 17 iterations.
Optimal phi: 0. Optimal nu: 3.341194832575863e-08. Optimal nllh: 1793.58187775649
Optimal point found for initial point 9
Initial point 10. Random seed: 9165
Numerical optimization started with ultrametric constraint
Initial phi: 0.5786619156528862. Initial nu: 0.46370175740795105. Initial nllh: 5849.873980634418
EM finished after 18 iterations.
Optimal phi: 0. Optimal nu: 3.177008681019705e-08. Optimal nllh: 1793.5818632353432
Optimal point found for initial point 10
Numerical optimization finished successfully
Runtime (s): 29.031569375
