/Users/uym2/opt/anaconda3/lib/python3.9/site-packages/cvxpy/atoms/elementwise/log.py:35: RuntimeWarning: divide by zero encountered in log
  return np.log(values[0])
Launching Problin version 0.5b
Problin was called as follow: /Users/uym2/my_gits/problin/run_problin.py -c s15c5/k200_lin_character_matrix.csv -t s15c5/true_tree.nwk --delimiter comma -p s15c5/k200_lin_priors.csv -o s15c5/k200_lin_problin --nInitials 10 --ultrametric
Optimizing branch lengths, phi, and nu without topology search
Optimization by EM algorithm
Initial point 1. Random seed: 7711
Numerical optimization started with ultrametric constraint
Initial phi: 0.016785388863251288. Initial nu: 0.8063780029005646. Initial nllh: 142841.13216699936
EM finished after 10 iterations.
Optimal phi: 0. Optimal nu: 0.0. Optimal nllh: 763.2025812732223
Optimal point found for initial point 1
Initial point 2. Random seed: 1923
Numerical optimization started with ultrametric constraint
Initial phi: 0.3756329206055508. Initial nu: 0.390750572988688. Initial nllh: 1965.3545890978407
EM finished after 9 iterations.
Optimal phi: 0. Optimal nu: 0.0. Optimal nllh: 763.2025810286394
Optimal point found for initial point 2
Initial point 3. Random seed: 4432
Numerical optimization started with ultrametric constraint
Initial phi: 0.008357675853930064. Initial nu: 0.7088693011934534. Initial nllh: 1251.8814258309737
EM finished after 9 iterations.
Optimal phi: 0. Optimal nu: 0.0. Optimal nllh: 763.2025819579185
Optimal point found for initial point 3
Initial point 4. Random seed: 3708
Numerical optimization started with ultrametric constraint
Initial phi: 0.3836306603512373. Initial nu: 0.19997221572438212. Initial nllh: 1864.1408791872489
EM finished after 7 iterations.
Optimal phi: 0. Optimal nu: 5.2863149506657e-08. Optimal nllh: 763.2026253343695
Optimal point found for initial point 4
Initial point 5. Random seed: 1687
Numerical optimization started with ultrametric constraint
Initial phi: 0.6617811948402371. Initial nu: 0.16164836668668897. Initial nllh: 3038.9326040185756
EM finished after 8 iterations.
Optimal phi: 0. Optimal nu: 0.0. Optimal nllh: 763.2025814875304
Optimal point found for initial point 5
Initial point 6. Random seed: 368
Numerical optimization started with ultrametric constraint
Initial phi: 0.134609021407694. Initial nu: 0.4716066970651178. Initial nllh: 1366.2972623562825
EM finished after 11 iterations.
Optimal phi: 0. Optimal nu: 0.0. Optimal nllh: 763.2025800821972
Optimal point found for initial point 6
Initial point 7. Random seed: 2116
Numerical optimization started with ultrametric constraint
Initial phi: 0.19593674884045995. Initial nu: 0.2423241424835484. Initial nllh: 1360.6725429174323
EM finished after 9 iterations.
Optimal phi: 0. Optimal nu: 0.0. Optimal nllh: 763.2025805382482
Optimal point found for initial point 7
Initial point 8. Random seed: 3740
Numerical optimization started with ultrametric constraint
Initial phi: 0.37460891572347754. Initial nu: 0.10131539533006066. Initial nllh: 1769.4045334796306
EM finished after 8 iterations.
Optimal phi: 0. Optimal nu: 0.0. Optimal nllh: 763.2025806990855
Optimal point found for initial point 8
Initial point 9. Random seed: 5834
Numerical optimization started with ultrametric constraint
Initial phi: 0.5939867076620299. Initial nu: 0.5302502505742572. Initial nllh: 2918.9290159295547
EM finished after 9 iterations.
Optimal phi: 0. Optimal nu: 0.0. Optimal nllh: 763.2025814492258
Optimal point found for initial point 9
Initial point 10. Random seed: 5698
Numerical optimization started with ultrametric constraint
Initial phi: 0.4183900052238842. Initial nu: 0.7581852490817207. Initial nllh: 2351.834322821256
EM finished after 10 iterations.
Optimal phi: 0. Optimal nu: 0.0. Optimal nllh: 763.2025803980084
Optimal point found for initial point 10
Numerical optimization finished successfully
Runtime (s): 10.116936875
