Launching Problin version 0.5b
Problin was called as follow: /Users/uym2/my_gits/problin/run_problin.py -c s5c10/k10_r2_character_matrix.csv -t s5c10/true_tree.nwk --delimiter comma -p s5c10/k10_priors.csv -o s5c10/k10_r2_problin.txt --nInitials 10
Optimization by EM algorithm
Optimizing branch lengths, phi, and nu without topology search
Initial point 1. Random seed: 8188
Solving ML without ultrametric constraint
Initial phi: 0.6869410610853374. Initial nu: 0.39779305473853527. Initial nllh: 14292.326202731752
EM finished after 33 iterations.
Optimal point found for initial point 1
Negative llh: 119.23965064046321
Dropout rate: 0
Silencing rate: 6.337851032657258e-07
Initial point 2. Random seed: 9202
Solving ML without ultrametric constraint
Initial phi: 0.6523594810623915. Initial nu: 0.0019913115904861968. Initial nllh: 394.2658790756824
EM finished after 4 iterations.
Optimal point found for initial point 2
Negative llh: 119.23964808785419
Dropout rate: 0
Silencing rate: 6.353340323456966e-07
Initial point 3. Random seed: 4204
Solving ML without ultrametric constraint
Initial phi: 0.7312373866267942. Initial nu: 0.452321813126472. Initial nllh: 532.1572825633962
EM finished after 19 iterations.
Optimal point found for initial point 3
Negative llh: 119.23965875483842
Dropout rate: 0
Silencing rate: 6.460682754869625e-07
Initial point 4. Random seed: 3954
Solving ML without ultrametric constraint
Initial phi: 0.4026333613594065. Initial nu: 0.6148113678181409. Initial nllh: 350.1094496007828
EM finished after 27 iterations.
Optimal point found for initial point 4
Negative llh: 119.23964935309449
Dropout rate: 0
Silencing rate: 6.336486182783276e-07
Initial point 5. Random seed: 3105
Solving ML without ultrametric constraint
Initial phi: 0.4029942057366874. Initial nu: 0.26839012377720983. Initial nllh: 295.66024676445335
EM finished after 19 iterations.
Optimal point found for initial point 5
Negative llh: 119.23964953812231
Dropout rate: 0
Silencing rate: 6.332187600333934e-07
Initial point 6. Random seed: 9223
Solving ML without ultrametric constraint
Initial phi: 0.37746560504737536. Initial nu: 0.04751710737709137. Initial nllh: 249.95816160858317
EM finished after 8 iterations.
Optimal point found for initial point 6
Negative llh: 119.23964714028261
Dropout rate: 0
Silencing rate: 6.335277584958723e-07
Initial point 7. Random seed: 7037
Solving ML without ultrametric constraint
Initial phi: 0.1380742230511129. Initial nu: 0.1903126416168801. Initial nllh: 187.86917496590507
EM finished after 13 iterations.
Optimal point found for initial point 7
Negative llh: 119.2396497036666
Dropout rate: 0
Silencing rate: 6.337199133820603e-07
Initial point 8. Random seed: 1914
Solving ML without ultrametric constraint
Initial phi: 0.6205870780277094. Initial nu: 0.15190752932972898. Initial nllh: 395.157977171166
EM finished after 11 iterations.
Optimal point found for initial point 8
Negative llh: 119.239650595849
Dropout rate: 0
Silencing rate: 6.348051798829445e-07
Initial point 9. Random seed: 2495
Solving ML without ultrametric constraint
Initial phi: 0.8602711002718038. Initial nu: 0.6876552325222197. Initial nllh: 739.3248564983905
EM finished after 26 iterations.
Optimal point found for initial point 9
Negative llh: 119.23965056333898
Dropout rate: 0
Silencing rate: 6.335520464467605e-07
Initial point 10. Random seed: 3758
Solving ML without ultrametric constraint
Initial phi: 0.5216965892004168. Initial nu: 0.22615797556275233. Initial nllh: 346.64065485762416
EM finished after 16 iterations.
Optimal point found for initial point 10
Negative llh: 119.23965132722883
Dropout rate: 0
Silencing rate: 6.343276096075047e-07
Traceback (most recent call last):
  File "/Users/uym2/my_gits/problin/run_problin.py", line 193, in <module>
    main()
  File "/Users/uym2/my_gits/problin/run_problin.py", line 172, in main
    fout.write("Sigma: " + str(opt_params['sigma']) + "\n")
KeyError: 'sigma'
