Launching Problin version 0.5p
Problin was called as follow: /Users/uym2/my_gits/problin/run_problin.py -c s5c10/k10_r1_character_matrix.csv -t s5c10/true_tree.nwk --delimiter comma -p s5c10/k10_priors.csv -o s5c10/k10_r1_problin.txt --nInitials 10
Optimization by EM algorithm
Optimizing branch lengths, phi, and nu without topology search
Initial point 1. Random seed: 5546
Solving ML without ultrametric constraint
Initial phi: 0.9092226984209297. Initial nu: 0.16387633282400546. Initial nllh: 7900.265718067363
EM finished after 19 iterations.
Optimal point found for initial point 1
Negative llh: 70.5539990454815
Dropout rate: 0
Silencing rate: 9.136573901744304e-07
Initial point 2. Random seed: 1875
Solving ML without ultrametric constraint
Initial phi: 0.5820514012250181. Initial nu: 0.9279261344134977. Initial nllh: 397.7820888502776
EM finished after 18 iterations.
Optimal point found for initial point 2
Negative llh: 70.55399413120209
Dropout rate: 0
Silencing rate: 8.69940744292836e-07
Initial point 3. Random seed: 5389
Solving ML without ultrametric constraint
Initial phi: 0.04217704971033092. Initial nu: 0.09372869159090237. Initial nllh: 91.89972816734307
EM finished after 14 iterations.
Optimal point found for initial point 3
Negative llh: 70.55399725429618
Dropout rate: 0
Silencing rate: 9.010833164350222e-07
Initial point 4. Random seed: 5434
Solving ML without ultrametric constraint
Initial phi: 0.23222891966922754. Initial nu: 0.14075831744537673. Initial nllh: 154.49321292960707
EM finished after 14 iterations.
Optimal point found for initial point 4
Negative llh: 70.55399783993016
Dropout rate: 0
Silencing rate: 9.08547867410903e-07
Initial point 5. Random seed: 8236
Solving ML without ultrametric constraint
Initial phi: 0.9465715316527819. Initial nu: 0.06726526041486196. Initial nllh: 839.4792896770871
EM finished after 12 iterations.
Optimal point found for initial point 5
Negative llh: 70.55399767607446
Dropout rate: 0
Silencing rate: 9.03240898598788e-07
Initial point 6. Random seed: 9569
Solving ML without ultrametric constraint
Initial phi: 0.36145361667185255. Initial nu: 0.20698004500469588. Initial nllh: 209.57587956754935
EM finished after 15 iterations.
Optimal point found for initial point 6
Negative llh: 70.55399737950616
Dropout rate: 0
Silencing rate: 9.027052706702361e-07
Initial point 7. Random seed: 4959
Solving ML without ultrametric constraint
Initial phi: 0.5154487718275506. Initial nu: 0.5454683001943322. Initial nllh: 317.9542012093008
EM finished after 17 iterations.
Optimal point found for initial point 7
Negative llh: 70.55399753184389
Dropout rate: 0
Silencing rate: 9.032361263564074e-07
Initial point 8. Random seed: 8320
Solving ML without ultrametric constraint
Initial phi: 0.6679938258649106. Initial nu: 0.3991189891296913. Initial nllh: 400.4166087071312
EM finished after 22 iterations.
Optimal point found for initial point 8
Negative llh: 70.5539965338253
Dropout rate: 0
Silencing rate: 9.024639370394179e-07
Initial point 9. Random seed: 7026
Solving ML without ultrametric constraint
Initial phi: 0.519181087629249. Initial nu: 0.3350369952089662. Initial nllh: 297.1957212608558
EM finished after 17 iterations.
Optimal point found for initial point 9
Negative llh: 70.55399705900236
Dropout rate: 0
Silencing rate: 9.023151870144302e-07
Initial point 10. Random seed: 7893
Solving ML without ultrametric constraint
Initial phi: 0.2600645809627719. Initial nu: 0.9773689486447391. Initial nllh: 254.61987621987853
EM finished after 19 iterations.
Optimal point found for initial point 10
Negative llh: 70.55399710265276
Dropout rate: 0
Silencing rate: 9.028087957306193e-07
Runtime (s): 8.824003833999999
