Launching Problin version 0.5p
Problin was called as follow: /Users/uym2/my_gits/problin/run_problin.py -c s5c10/k10_r1_character_matrix.csv -t s5c10/true_tree.nwk -S s5c10/leaf_locations.txt --delimiter comma -p s5c10/k10_priors.csv -o s5c10/k10_r1_spalin_leaves.txt --nInitials 10
Optimization by Spalin: Scipy-SLSQP using spatial information
Optimizing branch lengths, phi, and nu without topology search
Initial point 1. Random seed: 8567
Solving ML without ultrametric constraint
Optimal point found for initial point 1
Negative llh: 290.28406308668707
Dropout rate: 1e-10
Silencing rate: 1e-10
Initial point 2. Random seed: 6968
Solving ML without ultrametric constraint
Optimal point found for initial point 2
Negative llh: 290.5247460833291
Dropout rate: 4.507691168977947e-09
Silencing rate: 2.5401094557966738e-09
Initial point 3. Random seed: 6054
Solving ML without ultrametric constraint
Optimal point found for initial point 3
Negative llh: 291.1940425955571
Dropout rate: 7.122413260694133e-09
Silencing rate: 4.021673170813646e-09
Initial point 4. Random seed: 3566
Solving ML without ultrametric constraint
Optimal point found for initial point 4
Negative llh: 291.13536869489155
Dropout rate: 1e-10
Silencing rate: 1e-10
Initial point 5. Random seed: 6536
Solving ML without ultrametric constraint
Optimal point found for initial point 5
Negative llh: 292.9312766780443
Dropout rate: 2.9829684614601735e-08
Silencing rate: 1.8319771024104894e-08
Initial point 6. Random seed: 7637
Solving ML without ultrametric constraint
Optimal point found for initial point 6
Negative llh: 291.72142058383474
Dropout rate: 1e-10
Silencing rate: 1e-10
Initial point 7. Random seed: 7622
Solving ML without ultrametric constraint
Optimal point found for initial point 7
Negative llh: 289.5752668728503
Dropout rate: 1.6058797499784164e-08
Silencing rate: 8.64556017036796e-09
Initial point 8. Random seed: 2405
Solving ML without ultrametric constraint
Optimal point found for initial point 8
Negative llh: 289.534564366847
Dropout rate: 3.0606968640705687e-10
Silencing rate: 2.0912869281802204e-10
Initial point 9. Random seed: 9890
Solving ML without ultrametric constraint
Optimal point found for initial point 9
Negative llh: 290.014287328607
Dropout rate: 9.999999999999428e-11
Silencing rate: 1.000000000000009e-10
Initial point 10. Random seed: 6898
Solving ML without ultrametric constraint
Optimal point found for initial point 10
Negative llh: 290.11252020514985
Dropout rate: 1.0000000000000086e-10
Silencing rate: 1.0000000000000086e-10
Runtime (s): 346.778925125
