Launching Problin version 0.5p
Problin was called as follow: /Users/uym2/my_gits/problin/run_problin.py -c s5c10/k10_r1_character_matrix.csv -t s5c10/true_tree.nwk -S s5c10/true_locations.txt --delimiter comma -p s5c10/k10_priors.csv -o s5c10/k10_r1_spalin_all.txt --nInitials 10
Optimization by Spalin: Scipy-SLSQP using spatial information
Optimizing branch lengths, phi, and nu without topology search
Initial point 1. Random seed: 9410
Solving ML without ultrametric constraint
Optimal point found for initial point 1
Negative llh: 379.59479849523245
Dropout rate: 1e-10
Silencing rate: 1e-10
Initial point 2. Random seed: 4312
Solving ML without ultrametric constraint
Optimal point found for initial point 2
Negative llh: 379.5947984916044
Dropout rate: 1.0000000000000002e-10
Silencing rate: 1.0000000000000007e-10
Initial point 3. Random seed: 6739
Solving ML without ultrametric constraint
Optimal point found for initial point 3
Negative llh: 379.59480297024254
Dropout rate: 6.914735195252454e-09
Silencing rate: 1.585952865029875e-08
Initial point 4. Random seed: 8964
Solving ML without ultrametric constraint
Optimal point found for initial point 4
Negative llh: 379.59480731042436
Dropout rate: 1.006370993225181e-10
Silencing rate: 1.003693126788013e-10
Initial point 5. Random seed: 3521
Solving ML without ultrametric constraint
Optimal point found for initial point 5
Negative llh: 379.5947992100997
Dropout rate: 5.526545791801642e-10
Silencing rate: 2.610199275622033e-09
Initial point 6. Random seed: 7373
Solving ML without ultrametric constraint
Optimal point found for initial point 6
Negative llh: 379.59483365957385
Dropout rate: 9.60869962281478e-08
Silencing rate: 5.36775132813913e-08
Initial point 7. Random seed: 9814
Solving ML without ultrametric constraint
Optimal point found for initial point 7
Negative llh: 379.59480138199757
Dropout rate: 1.8013189991558527e-09
Silencing rate: 9.202766545694722e-09
Initial point 8. Random seed: 4780
Solving ML without ultrametric constraint
Optimal point found for initial point 8
Negative llh: 379.5947991477001
Dropout rate: 1.4879000819623776e-10
Silencing rate: 3.6095548810199607e-10
Initial point 9. Random seed: 8422
Solving ML without ultrametric constraint
Optimal point found for initial point 9
Negative llh: 379.59480067365297
Dropout rate: 8.348988838134549e-10
Silencing rate: 9.74901287842249e-09
Initial point 10. Random seed: 2701
Solving ML without ultrametric constraint
Optimal point found for initial point 10
Negative llh: 379.594804287202
Dropout rate: 4.4874474946528673e-10
Silencing rate: 3.0217786445752455e-10
Runtime (s): 63.8124275
