Launching Problin version 0.5b
Problin was called as follow: /Users/uym2/my_gits/problin/run_problin.py -c s21c5/k10_lin_character_matrix.csv -t s21c5/true_tree.nwk --delimiter comma -p s21c5/k10_lin_priors.csv -o s21c5/k10_lin_problin --nInitials 10 --ultrametric
Optimizing branch lengths, phi, and nu without topology search
Optimization by EM algorithm
Initial point 1. Random seed: 8589
Numerical optimization started with ultrametric constraint
Initial phi: 0.6541059640984911. Initial nu: 0.7268480221383564. Initial nllh: 14202.515254105314
EM finished after 15 iterations.
Optimal phi: 0. Optimal nu: 1.024627255702706e-06. Optimal nllh: 71.5541375693915
Optimal point found for initial point 1
Initial point 2. Random seed: 1545
Numerical optimization started with ultrametric constraint
Initial phi: 0.14925570391605222. Initial nu: 0.19750586376891718. Initial nllh: 102.1737114832069
EM finished after 11 iterations.
Optimal phi: 0. Optimal nu: 1.0248088587765493e-06. Optimal nllh: 71.55413782287647
Optimal point found for initial point 2
Initial point 3. Random seed: 3309
Numerical optimization started with ultrametric constraint
Initial phi: 0.19969041409253718. Initial nu: 0.6500453402598573. Initial nllh: 131.99003006626927
EM finished after 14 iterations.
Optimal phi: 0. Optimal nu: 1.0264509157513442e-06. Optimal nllh: 71.55413776943787
Optimal point found for initial point 3
Initial point 4. Random seed: 9033
Numerical optimization started with ultrametric constraint
Initial phi: 0.6399758665611915. Initial nu: 0.632291254694875. Initial nllh: 234.97961287613563
EM finished after 13 iterations.
Optimal phi: 0. Optimal nu: 1.0298037406902292e-06. Optimal nllh: 71.55413838067648
Optimal point found for initial point 4
Initial point 5. Random seed: 8529
Numerical optimization started with ultrametric constraint
Initial phi: 0.2624262465527662. Initial nu: 0.8010886511075084. Initial nllh: 149.90219205820523
EM finished after 15 iterations.
Optimal phi: 0. Optimal nu: 1.0294702388086766e-06. Optimal nllh: 71.55413775744452
Optimal point found for initial point 5
Initial point 6. Random seed: 915
Numerical optimization started with ultrametric constraint
Initial phi: 0.17655107857740318. Initial nu: 0.8727538673126422. Initial nllh: 139.04857291676785
EM finished after 16 iterations.
Optimal phi: 0. Optimal nu: 1.0298148183598529e-06. Optimal nllh: 71.55413762955905
Optimal point found for initial point 6
Initial point 7. Random seed: 628
Numerical optimization started with ultrametric constraint
Initial phi: 0.6321592986183175. Initial nu: 0.7444481981520787. Initial nllh: 237.60808241288944
EM finished after 14 iterations.
Optimal phi: 0. Optimal nu: 1.0255900192529106e-06. Optimal nllh: 71.55413783363466
Optimal point found for initial point 7
Initial point 8. Random seed: 3543
Numerical optimization started with ultrametric constraint
Initial phi: 0.3602710087991498. Initial nu: 0.9857440211767547. Initial nllh: 177.32873679757054
EM finished after 15 iterations.
Optimal phi: 0. Optimal nu: 1.0246399871984151e-06. Optimal nllh: 71.55413758796553
Optimal point found for initial point 8
Initial point 9. Random seed: 5882
Numerical optimization started with ultrametric constraint
Initial phi: 0.3676235730379831. Initial nu: 0.15963477274617832. Initial nllh: 138.9048091102591
EM finished after 9 iterations.
Optimal phi: 0. Optimal nu: 1.0294749950771157e-06. Optimal nllh: 71.55413910208111
Optimal point found for initial point 9
Initial point 10. Random seed: 7310
Numerical optimization started with ultrametric constraint
Initial phi: 0.18816078607365322. Initial nu: 0.6579900512385157. Initial nllh: 130.51420297527514
EM finished after 14 iterations.
Optimal phi: 0. Optimal nu: 1.0254178209609947e-06. Optimal nllh: 71.55413774257435
Optimal point found for initial point 10
Numerical optimization finished successfully
Runtime (s): 7.711367
