dataset s17c1
Optimization using leaf locations
Initial point 1. Random seed: 1286
Solving with ultrametric constraint
Optimal point found for initial point 1
Negative llh: 378.26193485795613
Dropout rate: 0
Silencing rate: 0
Initial point 2. Random seed: 9615
Solving with ultrametric constraint
Optimal point found for initial point 2
Negative llh: 378.2619178693834
Dropout rate: 0
Silencing rate: 0
Initial point 3. Random seed: 1471
Solving with ultrametric constraint
Optimal point found for initial point 3
Negative llh: 378.26205736819713
Dropout rate: 0
Silencing rate: 0
Initial point 4. Random seed: 6523
Solving with ultrametric constraint
Optimal point found for initial point 4
Negative llh: 378.2619393565018
Dropout rate: 0
Silencing rate: 0
Initial point 5. Random seed: 1746
Solving with ultrametric constraint
Optimal point found for initial point 5
Negative llh: 378.26198564629817
Dropout rate: 0
Silencing rate: 0
Initial point 6. Random seed: 3249
Solving with ultrametric constraint
Optimal point found for initial point 6
Negative llh: 378.26278378493714
Dropout rate: 0
Silencing rate: 0
Initial point 7. Random seed: 342
Solving with ultrametric constraint
Optimal point found for initial point 7
Negative llh: 376.56763126128055
Dropout rate: 0
Silencing rate: 0
Initial point 8. Random seed: 7986
Solving with ultrametric constraint
Optimal point found for initial point 8
Negative llh: 375.25474728261474
Dropout rate: 0
Silencing rate: 0
Initial point 9. Random seed: 3561
Solving with ultrametric constraint
Optimal point found for initial point 9
Negative llh: 376.56776342402134
Dropout rate: 0
Silencing rate: 0
Initial point 10. Random seed: 9233
Solving with ultrametric constraint
Optimal point found for initial point 10
Negative llh: 376.5676483431587
Dropout rate: 0
Silencing rate: 0
Initial point 11. Random seed: 8727
Solving with ultrametric constraint
Optimal point found for initial point 11
Negative llh: 376.56759162187336
Dropout rate: 0
Silencing rate: 0
Initial point 12. Random seed: 2911
Solving with ultrametric constraint
Optimal point found for initial point 12
Negative llh: 378.2619149670851
Dropout rate: 0
Silencing rate: 0
Initial point 13. Random seed: 4182
Solving with ultrametric constraint
Optimal point found for initial point 13
Negative llh: 375.254902200114
Dropout rate: 0
Silencing rate: 0
Initial point 14. Random seed: 1621
Solving with ultrametric constraint
Optimal point found for initial point 14
Negative llh: 375.2547619636721
Dropout rate: 0
Silencing rate: 0
Initial point 15. Random seed: 7462
Solving with ultrametric constraint
Optimal point found for initial point 15
Negative llh: 376.5676716247465
Dropout rate: 0
Silencing rate: 0
Initial point 16. Random seed: 6969
Solving with ultrametric constraint
Optimal point found for initial point 16
Negative llh: 378.26197855423777
Dropout rate: 0
Silencing rate: 0
Initial point 17. Random seed: 7446
Solving with ultrametric constraint
Optimal point found for initial point 17
Negative llh: 378.26193054730516
Dropout rate: 0
Silencing rate: 0
Initial point 18. Random seed: 6167
Solving with ultrametric constraint
Optimal point found for initial point 18
Negative llh: 378.26204550511557
Dropout rate: 0
Silencing rate: 0
Initial point 19. Random seed: 7683
Solving with ultrametric constraint
Optimal point found for initial point 19
Negative llh: 378.26195297955894
Dropout rate: 0
Silencing rate: 0
Initial point 20. Random seed: 4968
Solving with ultrametric constraint
Optimal point found for initial point 20
Negative llh: 378.26200024309946
Dropout rate: 0
Silencing rate: 0
Optimal nllh: 375.25474728261474
