Launching Problin version 0.5b
Problin was called as follow: /Users/uym2/my_gits/problin/run_problin.py -c s19c1/k10_r1_character_matrix.csv -t s19c1/true_tree.nwk --delimiter comma -p s19c1/k10_priors.csv -o s19c1/k10_r1_problin_ultrametric --nInitials 10 --ultrametric
Optimizing branch lengths, phi, and nu without topology search
Optimization by EM algorithm
Initial point 1. Random seed: 7051
Numerical optimization started with ultrametric constraint
Initial phi: 0.973061712207785. Initial nu: 0.7455333876815209. Initial nllh: 10218.391814523446
EM finished after 11 iterations.
Optimal phi: 0. Optimal nu: 5.946308341984867e-07. Optimal nllh: 56.16741757833209
Optimal point found for initial point 1
Initial point 2. Random seed: 4554
Numerical optimization started with ultrametric constraint
Initial phi: 0.37016904221348784. Initial nu: 0.7992295201448546. Initial nllh: 167.60309918655642
EM finished after 10 iterations.
Optimal phi: 0. Optimal nu: 5.935020336541732e-07. Optimal nllh: 56.16741757710783
Optimal point found for initial point 2
Initial point 3. Random seed: 5740
Numerical optimization started with ultrametric constraint
Initial phi: 0.9857217629056519. Initial nu: 0.8463576328019892. Initial nllh: 625.3026972407384
EM finished after 11 iterations.
Optimal phi: 0. Optimal nu: 5.966796107513975e-07. Optimal nllh: 56.16741766485521
Optimal point found for initial point 3
Initial point 4. Random seed: 7591
Numerical optimization started with ultrametric constraint
Initial phi: 0.8984872646834015. Initial nu: 0.01800281003448187. Initial nllh: 332.03028979006694
EM finished after 8 iterations.
Optimal phi: 0. Optimal nu: 5.948770052413295e-07. Optimal nllh: 56.16741750686761
Optimal point found for initial point 4
Initial point 5. Random seed: 4566
Numerical optimization started with ultrametric constraint
Initial phi: 0.9179333776952161. Initial nu: 0.3977781978338991. Initial nllh: 384.0937113232479
EM finished after 11 iterations.
Optimal phi: 0. Optimal nu: 5.950327268272277e-07. Optimal nllh: 56.167417523878854
Optimal point found for initial point 5
Initial point 6. Random seed: 3831
Numerical optimization started with ultrametric constraint
Initial phi: 0.7952141019760887. Initial nu: 0.29892217557793344. Initial nllh: 267.45193980034975
EM finished after 10 iterations.
Optimal phi: 0. Optimal nu: 5.943786358511368e-07. Optimal nllh: 56.16741751783597
Optimal point found for initial point 6
Initial point 7. Random seed: 4790
Numerical optimization started with ultrametric constraint
Initial phi: 0.6475703929864153. Initial nu: 0.736590958457063. Initial nllh: 232.89703883984146
EM finished after 10 iterations.
Optimal phi: 0. Optimal nu: 5.93161763781159e-07. Optimal nllh: 56.16741753918557
Optimal point found for initial point 7
Initial point 8. Random seed: 6127
Numerical optimization started with ultrametric constraint
Initial phi: 0.7345637434516809. Initial nu: 0.751040914717409. Initial nllh: 267.92389652016857
EM finished after 11 iterations.
Optimal phi: 0. Optimal nu: 5.942395492348291e-07. Optimal nllh: 56.16741749105559
Optimal point found for initial point 8
Initial point 9. Random seed: 8967
Numerical optimization started with ultrametric constraint
Initial phi: 0.43368701844429947. Initial nu: 0.24843289825565287. Initial nllh: 141.86104063038619
EM finished after 9 iterations.
Optimal phi: 0. Optimal nu: 5.972658843985268e-07. Optimal nllh: 56.16741784638228
Optimal point found for initial point 9
Initial point 10. Random seed: 2066
Numerical optimization started with ultrametric constraint
Initial phi: 0.7425637215429104. Initial nu: 0.19475512140223394. Initial nllh: 232.71396197343626
EM finished after 9 iterations.
Optimal phi: 0. Optimal nu: 5.975318016539392e-07. Optimal nllh: 56.16741780978579
Optimal point found for initial point 10
Numerical optimization finished successfully
Runtime (s): 5.563562958
