Launching Problin version 0.5b
Problin was called as follow: /Users/uym2/my_gits/problin/run_problin.py -c s19c1/k10_r2_character_matrix.csv -t s19c1/true_tree.nwk -S s19c1/true_locations.txt --delimiter comma -p s19c1/k10_priors.csv -o s19c1/k10_r2_spalin_all.txt --nInitials 10
Optimization by Spalin: Scipy-SLSQP using spatial information
Optimizing branch lengths, phi, and nu without topology search
Initial point 1. Random seed: 4163
Solving ML without ultrametric constraint
Optimal point found for initial point 1
Negative llh: 186.97003000979305
Dropout rate: 1.6779217868536707e-09
Silencing rate: 1.7548667154540697e-09
Initial point 2. Random seed: 3856
Solving ML without ultrametric constraint
Optimal point found for initial point 2
Negative llh: 186.9700298414206
Dropout rate: 1e-10
Silencing rate: 1e-10
Initial point 3. Random seed: 8472
Solving ML without ultrametric constraint
Optimal point found for initial point 3
Negative llh: 186.97002961455738
Dropout rate: 1e-10
Silencing rate: 2.1232516773045155e-10
Initial point 4. Random seed: 239
Solving ML without ultrametric constraint
Optimal point found for initial point 4
Negative llh: 186.97002989716282
Dropout rate: 7.315557747710173e-10
Silencing rate: 2.6749199971264938e-09
Initial point 5. Random seed: 2221
Solving ML without ultrametric constraint
Optimal point found for initial point 5
Negative llh: 186.9700296968629
Dropout rate: 1e-10
Silencing rate: 1e-10
Initial point 6. Random seed: 7398
Solving ML without ultrametric constraint
Optimal point found for initial point 6
Negative llh: 186.9700295914231
Dropout rate: 1.0000000000000007e-10
Silencing rate: 9.999999999999924e-11
Initial point 7. Random seed: 2093
Solving ML without ultrametric constraint
Optimal point found for initial point 7
Negative llh: 186.97002968936317
Dropout rate: 2.1652849080308967e-10
Silencing rate: 2.559774498688413e-10
Initial point 8. Random seed: 5734
Solving ML without ultrametric constraint
Optimal point found for initial point 8
Negative llh: 186.97002947160672
Dropout rate: 9.999999999999996e-11
Silencing rate: 1.0000000000000007e-10
Initial point 9. Random seed: 2305
Solving ML without ultrametric constraint
Optimal point found for initial point 9
Negative llh: 186.9700297162889
Dropout rate: 1e-10
Silencing rate: 1e-10
Initial point 10. Random seed: 7731
Solving ML without ultrametric constraint
Optimal point found for initial point 10
Negative llh: 186.97002941320207
Dropout rate: 1e-10
Silencing rate: 1e-10
Runtime (s): 8.057283416
