Launching Problin version 0.5b
Problin was called as follow: /Users/uym2/my_gits/problin/run_problin.py -c s19c1/k10_r2_character_matrix.csv -t s19c1/true_tree.nwk -S s19c1/leaf_locations.txt --delimiter comma -p s19c1/k10_priors.csv -o s19c1/k10_r2_spalin_leaves.txt --nInitials 10
Optimization by Spalin: Scipy-SLSQP using spatial information
Optimizing branch lengths, phi, and nu without topology search
Initial point 1. Random seed: 392
Solving ML without ultrametric constraint
Optimal point found for initial point 1
Negative llh: 153.5803089503932
Dropout rate: 1.0000000000000006e-10
Silencing rate: 1.0000000000000006e-10
Initial point 2. Random seed: 3476
Solving ML without ultrametric constraint
Optimal point found for initial point 2
Negative llh: 154.5549706175036
Dropout rate: 5.270161945267523e-10
Silencing rate: 1.0776015265984945e-08
Initial point 3. Random seed: 3920
Solving ML without ultrametric constraint
Optimal point found for initial point 3
Negative llh: 148.93409172163254
Dropout rate: 1e-10
Silencing rate: 1e-10
Initial point 4. Random seed: 4411
Solving ML without ultrametric constraint
Optimal point found for initial point 4
Negative llh: 148.80620729366984
Dropout rate: 1e-10
Silencing rate: 1e-10
Initial point 5. Random seed: 144
Solving ML without ultrametric constraint
Optimal point found for initial point 5
Negative llh: 148.9338297796739
Dropout rate: 1e-10
Silencing rate: 1e-10
Initial point 6. Random seed: 3381
Solving ML without ultrametric constraint
Optimal point found for initial point 6
Negative llh: 149.90330713281642
Dropout rate: 1.0000000000000007e-10
Silencing rate: 1.0000000000000007e-10
Initial point 7. Random seed: 7162
Solving ML without ultrametric constraint
Optimal point found for initial point 7
Negative llh: 148.59175835466152
Dropout rate: 1.0000000000000007e-10
Silencing rate: 9.999999999999996e-11
Initial point 8. Random seed: 3406
Solving ML without ultrametric constraint
Optimal point found for initial point 8
Negative llh: 148.59175818508209
Dropout rate: 1e-10
Silencing rate: 1e-10
Initial point 9. Random seed: 4037
Solving ML without ultrametric constraint
Optimal point found for initial point 9
Negative llh: 152.21177242187264
Dropout rate: 1.0000000000000004e-10
Silencing rate: 1.0000000000000004e-10
Initial point 10. Random seed: 7696
Solving ML without ultrametric constraint
Optimal point found for initial point 10
Negative llh: 147.62465799280878
Dropout rate: 1e-10
Silencing rate: 1e-10
Runtime (s): 46.443829041
