Launching Problin version 0.5p
Problin was called as follow: /Users/uym2/my_gits/problin/run_problin.py -c s21c1/k10_r1_character_matrix.csv -t s21c1/true_tree.nwk -S s21c1/true_locations.txt --delimiter comma -p s21c1/k10_priors.csv -o s21c1/k10_r1_spalin_all.txt --nInitials 10
Optimization by Spalin: Scipy-SLSQP using spatial information
Optimizing branch lengths, phi, and nu without topology search
Initial point 1. Random seed: 7645
Solving ML without ultrametric constraint
Optimal point found for initial point 1
Negative llh: 235.6945978033112
Dropout rate: 1.214829287476479e-09
Silencing rate: 1.8029796489357058e-09
Initial point 2. Random seed: 6456
Solving ML without ultrametric constraint
Optimal point found for initial point 2
Negative llh: 235.69459734295094
Dropout rate: 9.999999999999924e-11
Silencing rate: 9.999999999999924e-11
Initial point 3. Random seed: 143
Solving ML without ultrametric constraint
Optimal point found for initial point 3
Negative llh: 235.69459775067145
Dropout rate: 1.0000000000000002e-10
Silencing rate: 1.0000000000000007e-10
Initial point 4. Random seed: 891
Solving ML without ultrametric constraint
Optimal point found for initial point 4
Negative llh: 235.69459746725846
Dropout rate: 1e-10
Silencing rate: 1e-10
Initial point 5. Random seed: 5040
Solving ML without ultrametric constraint
Optimal point found for initial point 5
Negative llh: 235.694597653968
Dropout rate: 7.669341609795523e-10
Silencing rate: 1.2098169568623546e-09
Initial point 6. Random seed: 9560
Solving ML without ultrametric constraint
Optimal point found for initial point 6
Negative llh: 235.69459745209937
Dropout rate: 1e-10
Silencing rate: 1e-10
Initial point 7. Random seed: 1329
Solving ML without ultrametric constraint
Optimal point found for initial point 7
Negative llh: 235.69459735241762
Dropout rate: 1e-10
Silencing rate: 1e-10
Initial point 8. Random seed: 9953
Solving ML without ultrametric constraint
Optimal point found for initial point 8
Negative llh: 235.69459746830876
Dropout rate: 1e-10
Silencing rate: 1e-10
Initial point 9. Random seed: 7944
Solving ML without ultrametric constraint
Optimal point found for initial point 9
Negative llh: 235.69459738103728
Dropout rate: 1.4224190150815075e-10
Silencing rate: 1.3711183775210236e-10
Initial point 10. Random seed: 5554
Solving ML without ultrametric constraint
Optimal point found for initial point 10
Negative llh: 235.69459771235262
Dropout rate: 9.334179560902831e-10
Silencing rate: 1.58366277529839e-09
Runtime (s): 9.168437583
