Launching Problin version 0.5b
Problin was called as follow: /Users/uym2/my_gits/problin/run_problin.py -c s21c1/k10_r2_character_matrix.csv -t s21c1/true_tree.nwk -S s21c1/true_locations.txt --delimiter comma -p s21c1/k10_priors.csv -o s21c1/k10_r2_spalin_all.txt --nInitials 10
Optimization by Spalin: Scipy-SLSQP using spatial information
Optimizing branch lengths, phi, and nu without topology search
Initial point 1. Random seed: 5480
Solving ML without ultrametric constraint
Optimal point found for initial point 1
Negative llh: 234.2173617789128
Dropout rate: 1e-10
Silencing rate: 1e-10
Initial point 2. Random seed: 4885
Solving ML without ultrametric constraint
Optimal point found for initial point 2
Negative llh: 234.21736171251382
Dropout rate: 1e-10
Silencing rate: 1e-10
Initial point 3. Random seed: 5377
Solving ML without ultrametric constraint
Optimal point found for initial point 3
Negative llh: 234.217361304996
Dropout rate: 1e-10
Silencing rate: 1e-10
Initial point 4. Random seed: 6046
Solving ML without ultrametric constraint
Optimal point found for initial point 4
Negative llh: 234.2173613470762
Dropout rate: 1e-10
Silencing rate: 1.0000000000000002e-10
Initial point 5. Random seed: 3579
Solving ML without ultrametric constraint
Optimal point found for initial point 5
Negative llh: 234.21736162964305
Dropout rate: 6.475795802663916e-10
Silencing rate: 3.1567057494123223e-09
Initial point 6. Random seed: 6228
Solving ML without ultrametric constraint
Optimal point found for initial point 6
Negative llh: 234.2173615251664
Dropout rate: 2.902430504879786e-10
Silencing rate: 6.841463063017405e-10
Initial point 7. Random seed: 4578
Solving ML without ultrametric constraint
Optimal point found for initial point 7
Negative llh: 234.21736113031744
Dropout rate: 9.999999999999996e-11
Silencing rate: 1.0000000000000007e-10
Initial point 8. Random seed: 6788
Solving ML without ultrametric constraint
Optimal point found for initial point 8
Negative llh: 234.21736127273448
Dropout rate: 1e-10
Silencing rate: 1e-10
Initial point 9. Random seed: 3877
Solving ML without ultrametric constraint
Optimal point found for initial point 9
Negative llh: 234.21736111382313
Dropout rate: 1e-10
Silencing rate: 1e-10
Initial point 10. Random seed: 6921
Solving ML without ultrametric constraint
Optimal point found for initial point 10
Negative llh: 234.2173614906921
Dropout rate: 1.04033038775817e-10
Silencing rate: 1e-10
Runtime (s): 8.311888167
