Launching Problin version 0.5p
Problin was called as follow: /Users/uym2/my_gits/problin/run_problin.py -c s21c1/k10_r1_character_matrix.csv -t s21c1/true_tree.nwk -S s21c1/leaf_locations.txt --delimiter comma -p s21c1/k10_priors.csv -o s21c1/k10_r1_spalin_leaves.txt --nInitials 10
Optimization by Spalin: Scipy-SLSQP using spatial information
Optimizing branch lengths, phi, and nu without topology search
Initial point 1. Random seed: 7720
Solving ML without ultrametric constraint
Optimal point found for initial point 1
Negative llh: 199.31985167927064
Dropout rate: 1.0000000000000007e-10
Silencing rate: 9.999999999999996e-11
Initial point 2. Random seed: 2231
Solving ML without ultrametric constraint
Optimal point found for initial point 2
Negative llh: 196.38015685802338
Dropout rate: 9.871339897660943e-10
Silencing rate: 8.953732076928505e-10
Initial point 3. Random seed: 7120
Solving ML without ultrametric constraint
Optimal point found for initial point 3
Negative llh: 203.1532003571603
Dropout rate: 1.0000000000000007e-10
Silencing rate: 1.0000000000000007e-10
Initial point 4. Random seed: 5585
Solving ML without ultrametric constraint
Optimal point found for initial point 4
Negative llh: 201.434325723559
Dropout rate: 3.0016732465435605e-10
Silencing rate: 2.684702648729131e-10
Initial point 5. Random seed: 6759
Solving ML without ultrametric constraint
Optimal point found for initial point 5
Negative llh: 201.43407936500125
Dropout rate: 1.0000000000000007e-10
Silencing rate: 1.0000000000000007e-10
Initial point 6. Random seed: 8042
Solving ML without ultrametric constraint
Optimal point found for initial point 6
Negative llh: 201.43401519698403
Dropout rate: 9.999999999999924e-11
Silencing rate: 9.999999999999924e-11
Initial point 7. Random seed: 7634
Solving ML without ultrametric constraint
Optimal point found for initial point 7
Negative llh: 200.15229230147565
Dropout rate: 1.4787333351072967e-09
Silencing rate: 1.32773541005105e-09
Initial point 8. Random seed: 2598
Solving ML without ultrametric constraint
Optimal point found for initial point 8
Negative llh: 200.9619350425736
Dropout rate: 1e-10
Silencing rate: 1e-10
Initial point 9. Random seed: 3285
Solving ML without ultrametric constraint
Optimal point found for initial point 9
Negative llh: 199.47374019215954
Dropout rate: 3.3673040068316427e-09
Silencing rate: 3.0522784193049207e-09
Initial point 10. Random seed: 7150
Solving ML without ultrametric constraint
Optimal point found for initial point 10
Negative llh: 199.47366836883134
Dropout rate: 1.812743934374062e-10
Silencing rate: 1.7357344402228282e-10
Runtime (s): 57.002827083
