dataset s18c1
Optimization without using locations
Initial point 1. Random seed: 7048
Solving with ultrametric constraint
Optimal point found for initial point 1
Negative llh: 102.86882106455867
Dropout rate: 1e-08
Silencing rate: 1e-08
Initial point 2. Random seed: 3393
Solving with ultrametric constraint
Optimal point found for initial point 2
Negative llh: 102.86882066787173
Dropout rate: 1e-08
Silencing rate: 1e-08
Initial point 3. Random seed: 4422
Solving with ultrametric constraint
Optimal point found for initial point 3
Negative llh: 102.86882066787173
Dropout rate: 1e-08
Silencing rate: 1e-08
Initial point 4. Random seed: 9285
Solving with ultrametric constraint
Optimal point found for initial point 4
Negative llh: 102.86882066787173
Dropout rate: 1e-08
Silencing rate: 1e-08
Initial point 5. Random seed: 9677
Solving with ultrametric constraint
Optimal point found for initial point 5
Negative llh: 102.86882066787173
Dropout rate: 1e-08
Silencing rate: 1e-08
Initial point 6. Random seed: 6527
Solving with ultrametric constraint
Optimal point found for initial point 6
Negative llh: 102.86882066787173
Dropout rate: 1e-08
Silencing rate: 1e-08
Initial point 7. Random seed: 3409
Solving with ultrametric constraint
Optimal point found for initial point 7
Negative llh: 102.86882066787173
Dropout rate: 1e-08
Silencing rate: 1e-08
Initial point 8. Random seed: 8497
Solving with ultrametric constraint
Optimal point found for initial point 8
Negative llh: 102.86882066787173
Dropout rate: 1e-08
Silencing rate: 1e-08
Initial point 9. Random seed: 162
Solving with ultrametric constraint
Optimal point found for initial point 9
Negative llh: 102.86882066787173
Dropout rate: 1e-08
Silencing rate: 1e-08
Initial point 10. Random seed: 7905
Solving with ultrametric constraint
Optimal point found for initial point 10
Negative llh: 102.86882066787173
Dropout rate: 1e-08
Silencing rate: 1e-08
Initial point 11. Random seed: 2928
Solving with ultrametric constraint
Optimal point found for initial point 11
Negative llh: 102.86882066787173
Dropout rate: 1e-08
Silencing rate: 1e-08
Initial point 12. Random seed: 8053
Solving with ultrametric constraint
Optimal point found for initial point 12
Negative llh: 102.86882066787173
Dropout rate: 1e-08
Silencing rate: 1e-08
Initial point 13. Random seed: 4888
Solving with ultrametric constraint
Optimal point found for initial point 13
Negative llh: 102.86882066787173
Dropout rate: 1e-08
Silencing rate: 1e-08
Initial point 14. Random seed: 6097
Solving with ultrametric constraint
Optimal point found for initial point 14
Negative llh: 102.86882066787173
Dropout rate: 1e-08
Silencing rate: 1e-08
Initial point 15. Random seed: 6961
Solving with ultrametric constraint
Optimal point found for initial point 15
Negative llh: 102.86882066787173
Dropout rate: 1e-08
Silencing rate: 1e-08
Initial point 16. Random seed: 4729
Solving with ultrametric constraint
Optimal point found for initial point 16
Negative llh: 102.86882066787173
Dropout rate: 1e-08
Silencing rate: 1e-08
Initial point 17. Random seed: 2701
Solving with ultrametric constraint
Optimal point found for initial point 17
Negative llh: 102.86882066787173
Dropout rate: 1e-08
Silencing rate: 1e-08
Initial point 18. Random seed: 6565
Solving with ultrametric constraint
Optimal point found for initial point 18
Negative llh: 102.86882066787173
Dropout rate: 1e-08
Silencing rate: 1e-08
Initial point 19. Random seed: 8105
Solving with ultrametric constraint
Optimal point found for initial point 19
Negative llh: 102.86882066787173
Dropout rate: 1e-08
Silencing rate: 1e-08
Initial point 20. Random seed: 140
Solving with ultrametric constraint
Optimal point found for initial point 20
Negative llh: 102.86882066787173
Dropout rate: 1e-08
Silencing rate: 1e-08
Optimization using locations
Optimization start with 1 initials
Initial point 1. Random seed: 3733
Solving with ultrametric constraint
  NIT    FC           OBJFUN            GNORM
    1    34     5.044814E+02     6.976398E+02
    2    69     1.142435E+03     3.866360E+01
    3   103     8.338274E+02     3.584749E+01
    4   137     1.057330E+03     3.648183E+01
    5   171     7.295432E+02     3.723175E+01
    6   205     6.973101E+02     3.824405E+01
    7   239     5.328273E+02     3.928114E+01
    8   273     6.529673E+02     4.026407E+01
    9   307     3.950466E+02     4.107741E+01
   10   341     6.676875E+02     4.175035E+01
   11   375     3.570113E+02     4.275871E+01
   12   409     3.239109E+02     4.314888E+01
   13   443     3.448418E+02     4.382441E+01
   14   477     3.824535E+02     4.496003E+01
   15   511     3.097382E+02     4.550090E+01
   16   545     2.781356E+02     4.481827E+01
   17   578     2.923214E+02     4.513995E+02
   18   613     3.943381E+02     1.502761E+02
   19   652     3.541204E+02     3.230627E+01
   20   686     3.497130E+02     3.044380E+01
   21   720     2.772064E+02     3.025943E+01
   22   754     2.768138E+02     2.804288E+01
   23   787     2.768354E+02     2.389561E+01
   24   821     2.768025E+02     2.143859E+01
   25   854     2.767981E+02     1.877868E+01
   26   887     2.767949E+02     1.845338E+01
   27   920     2.767903E+02     1.825388E+01
   28   953     2.767864E+02     1.788757E+01
   29   986     2.767842E+02     1.796140E+01
   30  1019     2.767833E+02     1.818695E+01
   31  1052     2.767827E+02     1.822696E+01
   32  1085     2.767822E+02     1.820791E+01
   33  1118     2.767819E+02     1.818319E+01
   34  1151     2.767818E+02     1.816275E+01
   35  1184     2.767818E+02     1.813040E+01
   36  1216     2.767818E+02     1.810938E+01
Optimization terminated successfully    (Exit mode 0)
            Current function value: 276.7818453256251
            Iterations: 36
            Function evaluations: 1216
            Gradient evaluations: 36
Optimal point found for initial point 1
Negative llh: 276.7818453256251
Dropout rate: 0
Silencing rate: 0
