dataset s18c1
Optimization using leaf locations
Initial point 1. Random seed: 6509
Solving with ultrametric constraint
Optimal point found for initial point 1
Negative llh: 244.94287324547454
Dropout rate: 0
Silencing rate: 0
Initial point 2. Random seed: 2091
Solving with ultrametric constraint
Optimal point found for initial point 2
Negative llh: 244.94331694949688
Dropout rate: 0
Silencing rate: 0
Initial point 3. Random seed: 3040
Solving with ultrametric constraint
Optimal point found for initial point 3
Negative llh: 244.56008702466508
Dropout rate: 0
Silencing rate: 0
Initial point 4. Random seed: 9100
Solving with ultrametric constraint
Optimal point found for initial point 4
Negative llh: 244.56011535923113
Dropout rate: 0
Silencing rate: 0
Initial point 5. Random seed: 4042
Solving with ultrametric constraint
Optimal point found for initial point 5
Negative llh: 244.94289621720776
Dropout rate: 0
Silencing rate: 0
Initial point 6. Random seed: 4572
Solving with ultrametric constraint
Optimal point found for initial point 6
Negative llh: 244.9428582773575
Dropout rate: 0
Silencing rate: 0
Initial point 7. Random seed: 2342
Solving with ultrametric constraint
Optimal point found for initial point 7
Negative llh: 244.94293968204667
Dropout rate: 0
Silencing rate: 0
Initial point 8. Random seed: 2258
Solving with ultrametric constraint
Optimal point found for initial point 8
Negative llh: 244.9428457959341
Dropout rate: 0
Silencing rate: 0
Initial point 9. Random seed: 8925
Solving with ultrametric constraint
Optimal point found for initial point 9
Negative llh: 244.94284718845913
Dropout rate: 0
Silencing rate: 0
Initial point 10. Random seed: 2933
Solving with ultrametric constraint
Optimal point found for initial point 10
Negative llh: 244.94286633927283
Dropout rate: 0
Silencing rate: 0
Initial point 11. Random seed: 1523
Solving with ultrametric constraint
Optimal point found for initial point 11
Negative llh: 244.9428474313016
Dropout rate: 0
Silencing rate: 0
Initial point 12. Random seed: 8540
Solving with ultrametric constraint
Optimal point found for initial point 12
Negative llh: 244.9428414052205
Dropout rate: 0
Silencing rate: 0
Initial point 13. Random seed: 6112
Solving with ultrametric constraint
Optimal point found for initial point 13
Negative llh: 244.94284559918646
Dropout rate: 0
Silencing rate: 0
Initial point 14. Random seed: 2684
Solving with ultrametric constraint
Optimal point found for initial point 14
Negative llh: 244.9428531885768
Dropout rate: 0
Silencing rate: 0
Initial point 15. Random seed: 8955
Solving with ultrametric constraint
Optimal point found for initial point 15
Negative llh: 4150.128537459011
Dropout rate: 0
Silencing rate: 0
Initial point 16. Random seed: 4238
Solving with ultrametric constraint
Optimal point found for initial point 16
Negative llh: 244.94286453748902
Dropout rate: 0
Silencing rate: 0
Initial point 17. Random seed: 1098
Solving with ultrametric constraint
Optimal point found for initial point 17
Negative llh: 244.94290006677696
Dropout rate: 0
Silencing rate: 0
Initial point 18. Random seed: 8448
Solving with ultrametric constraint
Optimal point found for initial point 18
Negative llh: 244.94301763530066
Dropout rate: 0
Silencing rate: 0
Initial point 19. Random seed: 9747
Solving with ultrametric constraint
Optimal point found for initial point 19
Negative llh: 244.9429831245699
Dropout rate: 0
Silencing rate: 0
Initial point 20. Random seed: 4171
Solving with ultrametric constraint
Optimal point found for initial point 20
Negative llh: 244.94285347910778
Dropout rate: 0
Silencing rate: 0
Optimal nllh: 244.56008702466508
