/Users/uym2/opt/anaconda3/lib/python3.9/site-packages/cvxpy/atoms/elementwise/log.py:35: RuntimeWarning: divide by zero encountered in log
  return np.log(values[0])
Launching Problin version 0.5b
Problin was called as follow: /Users/uym2/my_gits/problin/run_problin.py -c s15c4/k200_exp_character_matrix.csv -t s15c4/true_tree.nwk --delimiter comma -p s15c4/k200_exp_priors.csv -o s15c4/k200_exp_problin --nInitials 10 --ultrametric
Optimizing branch lengths, phi, and nu without topology search
Optimization by EM algorithm
Initial point 1. Random seed: 2024
Numerical optimization started with ultrametric constraint
Initial phi: 0.41240495287792783. Initial nu: 0.3459504664121898. Initial nllh: 136899.3119180309
EM finished after 8 iterations.
Optimal phi: 0. Optimal nu: 5.719261855741266e-08. Optimal nllh: 1153.8196672051029
Optimal point found for initial point 1
Initial point 2. Random seed: 4948
Numerical optimization started with ultrametric constraint
Initial phi: 0.02086673815612229. Initial nu: 0.5266851284336306. Initial nllh: 1698.644388433899
EM finished after 8 iterations.
Optimal phi: 0. Optimal nu: 5.7124604892416215e-08. Optimal nllh: 1153.8196666661765
Optimal point found for initial point 2
Initial point 3. Random seed: 2851
Numerical optimization started with ultrametric constraint
Initial phi: 0.615199640769569. Initial nu: 0.322082361285775. Initial nllh: 4124.973099505325
EM finished after 8 iterations.
Optimal phi: 0. Optimal nu: 5.31263717477993e-08. Optimal nllh: 1153.8196627466111
Optimal point found for initial point 3
Initial point 4. Random seed: 9740
Numerical optimization started with ultrametric constraint
Initial phi: 0.10632920163704669. Initial nu: 0.6359066621103634. Initial nllh: 2055.1090233309847
EM finished after 8 iterations.
Optimal phi: 0. Optimal nu: 5.2247431010050244e-08. Optimal nllh: 1153.8196622723929
Optimal point found for initial point 4
Initial point 5. Random seed: 1109
Numerical optimization started with ultrametric constraint
Initial phi: 0.18592565411933845. Initial nu: 0.8211332463385835. Initial nllh: 2487.1489428642426
EM finished after 8 iterations.
Optimal phi: 0. Optimal nu: 5.622148595340949e-08. Optimal nllh: 1153.8196660965875
Optimal point found for initial point 5
Initial point 6. Random seed: 2072
Numerical optimization started with ultrametric constraint
Initial phi: 0.9805260799709486. Initial nu: 0.626786512825292. Initial nllh: 12760.227481723032
EM finished after 8 iterations.
Optimal phi: 0. Optimal nu: 5.6971442145103033e-08. Optimal nllh: 1153.8196666210538
Optimal point found for initial point 6
Initial point 7. Random seed: 6525
Numerical optimization started with ultrametric constraint
Initial phi: 0.21144331417446166. Initial nu: 0.25878500989769465. Initial nllh: 2057.6486515799124
EM finished after 7 iterations.
Optimal phi: 0. Optimal nu: 5.720129048362927e-08. Optimal nllh: 1153.819667851529
Optimal point found for initial point 7
Initial point 8. Random seed: 6197
Numerical optimization started with ultrametric constraint
Initial phi: 0.7909454758048118. Initial nu: 0.7412498598392012. Initial nllh: 6219.944443860698
EM finished after 8 iterations.
Optimal phi: 0. Optimal nu: 5.0184028911046374e-08. Optimal nllh: 1153.8196604618151
Optimal point found for initial point 8
Initial point 9. Random seed: 687
Numerical optimization started with ultrametric constraint
Initial phi: 0.12550534872734914. Initial nu: 0.7747977570979341. Initial nllh: 2243.9472991715575
EM finished after 8 iterations.
Optimal phi: 0. Optimal nu: 5.691073503838902e-08. Optimal nllh: 1153.8196666942747
Optimal point found for initial point 9
Initial point 10. Random seed: 6292
Numerical optimization started with ultrametric constraint
Initial phi: 0.3388690011125184. Initial nu: 0.0026820704758422765. Initial nllh: 2314.942550763968
EM finished after 4 iterations.
Optimal phi: 0. Optimal nu: 5.7298970530110494e-08. Optimal nllh: 1153.819666582792
Optimal point found for initial point 10
Numerical optimization finished successfully
Runtime (s): 10.408156375
