Launching Problin version 0.5b
Problin was called as follow: /Users/uym2/my_gits/problin/run_problin.py -c s9c2/k10_r2_character_matrix.csv -t s9c2/true_tree.nwk -S s9c2/true_locations.txt --delimiter comma -p s9c2/k10_priors.csv -o s9c2/k10_r2_spalin_all.txt --nInitials 10
Optimization by Spalin: Scipy-SLSQP using spatial information
Optimizing branch lengths, phi, and nu without topology search
Initial point 1. Random seed: 8135
Solving ML without ultrametric constraint
Optimal point found for initial point 1
Negative llh: 263.71820807529014
Dropout rate: 1.0000000000000002e-10
Silencing rate: 1.0000000000000002e-10
Sigma: 24.393435621565764
Initial point 2. Random seed: 6789
Solving ML without ultrametric constraint
Optimal point found for initial point 2
Negative llh: 263.7182084104116
Dropout rate: 1.0000000000000007e-10
Silencing rate: 1.0000000000000007e-10
Sigma: 24.395798583777996
Initial point 3. Random seed: 683
Solving ML without ultrametric constraint
Optimal point found for initial point 3
Negative llh: 263.71820799006576
Dropout rate: 1.0007324392724077e-10
Silencing rate: 1.0004577205942216e-10
Sigma: 24.39418086124811
Initial point 4. Random seed: 9887
Solving ML without ultrametric constraint
Optimal point found for initial point 4
Negative llh: 263.71820845205883
Dropout rate: 1.0076261356105342e-10
Silencing rate: 1.0047614073031633e-10
Sigma: 24.39669552929571
Initial point 5. Random seed: 1069
Solving ML without ultrametric constraint
Optimal point found for initial point 5
Negative llh: 263.71820804652907
Dropout rate: 1.1858000817334603e-10
Silencing rate: 3.713402415798463e-10
Sigma: 24.394355350260238
Initial point 6. Random seed: 7457
Solving ML without ultrametric constraint
Optimal point found for initial point 6
Negative llh: 263.71820820048856
Dropout rate: 1.1993604458994854e-09
Silencing rate: 2.322434750436284e-09
Sigma: 24.395044558079153
Initial point 7. Random seed: 5855
Solving ML without ultrametric constraint
Optimal point found for initial point 7
Negative llh: 263.7182079506891
Dropout rate: 9.999999999999996e-11
Silencing rate: 1.0000000000000007e-10
Sigma: 24.395098182047782
Initial point 8. Random seed: 6769
Solving ML without ultrametric constraint
Optimal point found for initial point 8
Negative llh: 263.7182079244427
Dropout rate: 1.2252655326161744e-10
Silencing rate: 2.851419154745931e-10
Sigma: 24.39391422949403
Initial point 9. Random seed: 7338
Solving ML without ultrametric constraint
Optimal point found for initial point 9
Negative llh: 263.7182087515308
Dropout rate: 1e-10
Silencing rate: 1e-10
Sigma: 24.393710419868277
Initial point 10. Random seed: 7065
Solving ML without ultrametric constraint
Optimal point found for initial point 10
Negative llh: 263.71820807754636
Dropout rate: 1.0596971957051559e-10
Silencing rate: 1.284092182748792e-10
Sigma: 24.394427955451448
Runtime (s): 13.106331417
