Launching Problin version 0.5p
Problin was called as follow: /Users/uym2/my_gits/problin/run_problin.py -c s9c2/k10_r1_character_matrix.csv -t s9c2/true_tree.nwk -S s9c2/true_locations.txt --delimiter comma -p s9c2/k10_priors.csv -o s9c2/k10_r1_spalin_all.txt --nInitials 10
Optimization by Spalin: Scipy-SLSQP using spatial information
Optimizing branch lengths, phi, and nu without topology search
Initial point 1. Random seed: 4406
Solving ML without ultrametric constraint
Optimal point found for initial point 1
Negative llh: 238.5491498550502
Dropout rate: 1.1682540471604017e-09
Silencing rate: 7.83551997527156e-10
Initial point 2. Random seed: 5364
Solving ML without ultrametric constraint
Optimal point found for initial point 2
Negative llh: 238.5491494865855
Dropout rate: 1.1890225453401043e-10
Silencing rate: 1.6475495299879602e-10
Initial point 3. Random seed: 445
Solving ML without ultrametric constraint
Optimal point found for initial point 3
Negative llh: 238.5491493369857
Dropout rate: 1.0000000000000002e-10
Silencing rate: 1.0000000000000002e-10
Initial point 4. Random seed: 3223
Solving ML without ultrametric constraint
Optimal point found for initial point 4
Negative llh: 238.549149566057
Dropout rate: 1.0000000000000007e-10
Silencing rate: 1.0000000000000007e-10
Initial point 5. Random seed: 4788
Solving ML without ultrametric constraint
Optimal point found for initial point 5
Negative llh: 238.54915013831643
Dropout rate: 1e-10
Silencing rate: 1e-10
Initial point 6. Random seed: 4825
Solving ML without ultrametric constraint
Optimal point found for initial point 6
Negative llh: 238.54914952474968
Dropout rate: 2.7804185375930176e-10
Silencing rate: 8.22680101252522e-10
Initial point 7. Random seed: 4425
Solving ML without ultrametric constraint
Optimal point found for initial point 7
Negative llh: 238.54914944951855
Dropout rate: 1.0228770352433908e-10
Silencing rate: 1.431073909492564e-10
Initial point 8. Random seed: 5484
Solving ML without ultrametric constraint
Optimal point found for initial point 8
Negative llh: 238.54914958856546
Dropout rate: 1.0000000000000007e-10
Silencing rate: 9.999999999999924e-11
Initial point 9. Random seed: 8117
Solving ML without ultrametric constraint
Optimal point found for initial point 9
Negative llh: 238.54914998120984
Dropout rate: 2.3193386600792448e-10
Silencing rate: 1e-10
Initial point 10. Random seed: 4687
Solving ML without ultrametric constraint
Optimal point found for initial point 10
Negative llh: 238.549149497655
Dropout rate: 2.335526209581981e-10
Silencing rate: 3.316773488474566e-10
Runtime (s): 13.515418333
