Launching Problin version 0.5p
Problin was called as follow: /Users/uym2/my_gits/problin/run_problin.py -c s10c4/k10_r1_character_matrix.csv -t s10c4/true_tree.nwk -S s10c4/true_locations.txt --delimiter comma -p s10c4/k10_priors.csv -o s10c4/k10_r1_spalin_all.txt --nInitials 10
Optimization by Spalin: Scipy-SLSQP using spatial information
Optimizing branch lengths, phi, and nu without topology search
Initial point 1. Random seed: 6689
Solving ML without ultrametric constraint
Optimal point found for initial point 1
Negative llh: 161.3064217815862
Dropout rate: 1.0000000000000002e-10
Silencing rate: 1.0000000000000002e-10
Initial point 2. Random seed: 4032
Solving ML without ultrametric constraint
Optimal point found for initial point 2
Negative llh: 161.30642181727526
Dropout rate: 1e-10
Silencing rate: 1e-10
Initial point 3. Random seed: 4489
Solving ML without ultrametric constraint
Optimal point found for initial point 3
Negative llh: 161.306421948426
Dropout rate: 4.464427052085205e-10
Silencing rate: 1.755361537375087e-09
Initial point 4. Random seed: 5119
Solving ML without ultrametric constraint
Optimal point found for initial point 4
Negative llh: 161.30642171739902
Dropout rate: 1e-10
Silencing rate: 1.0617628508317073e-10
Initial point 5. Random seed: 5401
Solving ML without ultrametric constraint
Optimal point found for initial point 5
Negative llh: 161.30642218987666
Dropout rate: 1e-10
Silencing rate: 1e-10
Initial point 6. Random seed: 3193
Solving ML without ultrametric constraint
Optimal point found for initial point 6
Negative llh: 161.30642161306804
Dropout rate: 1.1698281153042274e-10
Silencing rate: 1.3726080298650277e-10
Initial point 7. Random seed: 3132
Solving ML without ultrametric constraint
Optimal point found for initial point 7
Negative llh: 161.30642179325494
Dropout rate: 1e-10
Silencing rate: 1e-10
Initial point 8. Random seed: 9163
Solving ML without ultrametric constraint
Optimal point found for initial point 8
Negative llh: 161.3064216138009
Dropout rate: 1e-10
Silencing rate: 1.0000000000000002e-10
Initial point 9. Random seed: 8791
Solving ML without ultrametric constraint
Optimal point found for initial point 9
Negative llh: 161.30642213340266
Dropout rate: 1.5011630448500746e-09
Silencing rate: 5.648788639266665e-09
Initial point 10. Random seed: 8193
Solving ML without ultrametric constraint
Optimal point found for initial point 10
Negative llh: 161.30642202545758
Dropout rate: 1e-10
Silencing rate: 1e-10
Runtime (s): 4.2241395829999995
