Launching Problin version 0.5p
Problin was called as follow: /Users/uym2/my_gits/problin/run_problin.py -c s10c4/k10_r1_character_matrix.csv -t s10c4/true_tree.nwk --delimiter comma -p s10c4/k10_priors.csv -o s10c4/k10_r1_problin.txt --nInitials 10
Optimization by EM algorithm
Optimizing branch lengths, phi, and nu without topology search
Initial point 1. Random seed: 1313
Solving ML without ultrametric constraint
Initial phi: 0.8861497850881861. Initial nu: 0.15401138515882654. Initial nllh: 4455.51422901521
EM finished after 13 iterations.
Optimal point found for initial point 1
Negative llh: 42.18814119498502
Dropout rate: 0
Silencing rate: 7.375832652654611e-07
Initial point 2. Random seed: 1579
Solving ML without ultrametric constraint
Initial phi: 0.09592746209026554. Initial nu: 0.9555654247485444. Initial nllh: 90.7007460044301
EM finished after 12 iterations.
Optimal point found for initial point 2
Negative llh: 42.18814160342555
Dropout rate: 0
Silencing rate: 7.423007847089478e-07
Initial point 3. Random seed: 6734
Solving ML without ultrametric constraint
Initial phi: 0.6745674383131355. Initial nu: 0.38374397868419685. Initial nllh: 169.88020542514982
EM finished after 12 iterations.
Optimal point found for initial point 3
Negative llh: 42.188141216712175
Dropout rate: 0
Silencing rate: 7.39744321864075e-07
Initial point 4. Random seed: 2712
Solving ML without ultrametric constraint
Initial phi: 0.24380777161438555. Initial nu: 0.4462415395245025. Initial nllh: 88.07975365552899
EM finished after 12 iterations.
Optimal point found for initial point 4
Negative llh: 42.18814128944477
Dropout rate: 0
Silencing rate: 7.398947121420657e-07
Initial point 5. Random seed: 1283
Solving ML without ultrametric constraint
Initial phi: 0.06460955405835221. Initial nu: 0.4401896121221565. Initial nllh: 66.56949492908053
EM finished after 12 iterations.
Optimal point found for initial point 5
Negative llh: 42.188141209081074
Dropout rate: 0
Silencing rate: 7.389149441519594e-07
Initial point 6. Random seed: 7940
Solving ML without ultrametric constraint
Initial phi: 0.5977753526943804. Initial nu: 0.558080576290383. Initial nllh: 155.70581707223
EM finished after 13 iterations.
Optimal point found for initial point 6
Negative llh: 42.18814115188904
Dropout rate: 0
Silencing rate: 7.394147804981441e-07
Initial point 7. Random seed: 5789
Solving ML without ultrametric constraint
Initial phi: 0.7910290059212599. Initial nu: 0.6122119114156085. Initial nllh: 223.36442413848332
EM finished after 12 iterations.
Optimal point found for initial point 7
Negative llh: 42.18814137319204
Dropout rate: 0
Silencing rate: 7.404163234370613e-07
Initial point 8. Random seed: 7505
Solving ML without ultrametric constraint
Initial phi: 0.17856330455701125. Initial nu: 0.6677692184637363. Initial nllh: 88.71240626891881
EM finished after 13 iterations.
Optimal point found for initial point 8
Negative llh: 42.18814122420543
Dropout rate: 0
Silencing rate: 7.409339412279554e-07
Initial point 9. Random seed: 329
Solving ML without ultrametric constraint
Initial phi: 0.8015054702444621. Initial nu: 0.12908032500335634. Initial nllh: 209.07849134551003
EM finished after 11 iterations.
Optimal point found for initial point 9
Negative llh: 42.188141144994965
Dropout rate: 0
Silencing rate: 7.383764887827466e-07
Initial point 10. Random seed: 5304
Solving ML without ultrametric constraint
Initial phi: 0.8989335660281896. Initial nu: 0.3154224435108082. Initial nllh: 284.07066941985255
EM finished after 12 iterations.
Optimal point found for initial point 10
Negative llh: 42.18814118052767
Dropout rate: 0
Silencing rate: 7.396624650471205e-07
Runtime (s): 4.682863791
