dataset s20c2
Optimization using leaf locations
Initial point 1. Random seed: 8706
Solving with ultrametric constraint
Optimal point found for initial point 1
Negative llh: 264.2211791321895
Dropout rate: 0
Silencing rate: 0
Initial point 2. Random seed: 1747
Solving with ultrametric constraint
Optimal point found for initial point 2
Negative llh: 264.22115333544
Dropout rate: 0
Silencing rate: 0
Initial point 3. Random seed: 6889
Solving with ultrametric constraint
Optimal point found for initial point 3
Negative llh: 267.2750043986259
Dropout rate: 0
Silencing rate: 0
Initial point 4. Random seed: 8232
Solving with ultrametric constraint
Optimal point found for initial point 4
Negative llh: 264.2211527734223
Dropout rate: 0
Silencing rate: 0
Initial point 5. Random seed: 8151
Solving with ultrametric constraint
Optimal point found for initial point 5
Negative llh: 264.306409837414
Dropout rate: 0
Silencing rate: 0
Initial point 6. Random seed: 3003
Solving with ultrametric constraint
Optimal point found for initial point 6
Negative llh: 264.30600985980794
Dropout rate: 0
Silencing rate: 0
Initial point 7. Random seed: 3414
Solving with ultrametric constraint
Optimal point found for initial point 7
Negative llh: 7415.793540215675
Dropout rate: 0
Silencing rate: 0
Initial point 8. Random seed: 1499
Solving with ultrametric constraint
Optimal point found for initial point 8
Negative llh: 264.22115369892884
Dropout rate: 0
Silencing rate: 0
Initial point 9. Random seed: 9904
Solving with ultrametric constraint
Optimal point found for initial point 9
Negative llh: 11787.033079848492
Dropout rate: 0
Silencing rate: 0
Initial point 10. Random seed: 9580
Solving with ultrametric constraint
Optimal point found for initial point 10
Negative llh: 263.3782467066155
Dropout rate: 0
Silencing rate: 0
Initial point 11. Random seed: 6936
Solving with ultrametric constraint
Optimal point found for initial point 11
Negative llh: 264.3061755004393
Dropout rate: 0
Silencing rate: 0
Initial point 12. Random seed: 9439
Solving with ultrametric constraint
Optimal point found for initial point 12
Negative llh: 263.378243607737
Dropout rate: 0
Silencing rate: 0
Initial point 13. Random seed: 361
Solving with ultrametric constraint
Optimal point found for initial point 13
Negative llh: 264.2213014762846
Dropout rate: 0
Silencing rate: 0
Initial point 14. Random seed: 5565
Solving with ultrametric constraint
Optimal point found for initial point 14
Negative llh: 12088.076682456807
Dropout rate: 0
Silencing rate: 0
Initial point 15. Random seed: 247
Solving with ultrametric constraint
Optimal point found for initial point 15
Negative llh: 7811.639036424234
Dropout rate: 0
Silencing rate: 0
Initial point 16. Random seed: 7194
Solving with ultrametric constraint
Optimal point found for initial point 16
Negative llh: 10703.379831778915
Dropout rate: 0
Silencing rate: 0
Initial point 17. Random seed: 6895
Solving with ultrametric constraint
Optimal point found for initial point 17
Negative llh: 265.91211509969867
Dropout rate: 0
Silencing rate: 0
Initial point 18. Random seed: 9555
Solving with ultrametric constraint
Optimal point found for initial point 18
Negative llh: 265.76528474746686
Dropout rate: 0
Silencing rate: 0
Initial point 19. Random seed: 1523
Solving with ultrametric constraint
Optimal point found for initial point 19
Negative llh: 12916.377495385253
Dropout rate: 0
Silencing rate: 0
Initial point 20. Random seed: 554
Solving with ultrametric constraint
Optimal point found for initial point 20
Negative llh: 264.8905075808653
Dropout rate: 0
Silencing rate: 0
Optimal nllh: 263.378243607737
