Launching Problin version 0.5b
Problin was called as follow: /Users/uym2/my_gits/problin/run_problin.py -c s16c8/k10_r2_character_matrix.csv -t s16c8/true_tree.nwk -S s16c8/true_locations.txt --delimiter comma -p s16c8/k10_priors.csv -o s16c8/k10_r2_spalin_all.txt --nInitials 10
Optimization by Spalin: Scipy-SLSQP using spatial information
Optimizing branch lengths, phi, and nu without topology search
Initial point 1. Random seed: 3368
Solving ML without ultrametric constraint
Optimal point found for initial point 1
Negative llh: 185.67351970359164
Dropout rate: 1e-10
Silencing rate: 1.0000000000000002e-10
Initial point 2. Random seed: 3728
Solving ML without ultrametric constraint
Optimal point found for initial point 2
Negative llh: 185.67351948768163
Dropout rate: 1.0000000000000002e-10
Silencing rate: 1e-10
Initial point 3. Random seed: 5590
Solving ML without ultrametric constraint
Optimal point found for initial point 3
Negative llh: 185.6735196550663
Dropout rate: 1.0000000000000002e-10
Silencing rate: 1.0000000000000002e-10
Initial point 4. Random seed: 967
Solving ML without ultrametric constraint
Optimal point found for initial point 4
Negative llh: 185.67351982632067
Dropout rate: 1e-10
Silencing rate: 1e-10
Initial point 5. Random seed: 9059
Solving ML without ultrametric constraint
Optimal point found for initial point 5
Negative llh: 185.6735197080911
Dropout rate: 1.0419729819203177e-10
Silencing rate: 1e-10
Initial point 6. Random seed: 302
Solving ML without ultrametric constraint
Optimal point found for initial point 6
Negative llh: 185.6735195219027
Dropout rate: 1e-10
Silencing rate: 1e-10
Initial point 7. Random seed: 8493
Solving ML without ultrametric constraint
Optimal point found for initial point 7
Negative llh: 185.6735201521423
Dropout rate: 1e-10
Silencing rate: 1e-10
Initial point 8. Random seed: 7253
Solving ML without ultrametric constraint
Optimal point found for initial point 8
Negative llh: 185.67351957478465
Dropout rate: 1.0000000000000002e-10
Silencing rate: 9.999999999999996e-11
Initial point 9. Random seed: 3560
Solving ML without ultrametric constraint
Optimal point found for initial point 9
Negative llh: 185.67351967914635
Dropout rate: 1.0000000000000002e-10
Silencing rate: 9.999999999999996e-11
Initial point 10. Random seed: 457
Solving ML without ultrametric constraint
Optimal point found for initial point 10
Negative llh: 185.6735197943717
Dropout rate: 1e-10
Silencing rate: 1e-10
Runtime (s): 6.375848583000001
