Launching Problin version 0.5b
Problin was called as follow: /Users/uym2/my_gits/problin/run_problin.py -c s21c4/k10_r2_character_matrix.csv -t s21c4/true_tree.nwk -S s21c4/true_locations.txt --delimiter comma -p s21c4/k10_priors.csv -o s21c4/k10_r2_spalin_all.txt --nInitials 10
Optimization by Spalin: Scipy-SLSQP using spatial information
Optimizing branch lengths, phi, and nu without topology search
Initial point 1. Random seed: 4778
Solving ML without ultrametric constraint
Optimal point found for initial point 1
Negative llh: 496.5681536072181
Dropout rate: 9.999999999999924e-11
Silencing rate: 1.0000000000000007e-10
Initial point 2. Random seed: 3347
Solving ML without ultrametric constraint
Optimal point found for initial point 2
Negative llh: 496.56815381725573
Dropout rate: 1.1844584337770488e-10
Silencing rate: 2.439945442506617e-10
Initial point 3. Random seed: 605
Solving ML without ultrametric constraint
Optimal point found for initial point 3
Negative llh: 496.5681538886271
Dropout rate: 1.0000000000000007e-10
Silencing rate: 9.999999999999924e-11
Initial point 4. Random seed: 3421
Solving ML without ultrametric constraint
Optimal point found for initial point 4
Negative llh: 496.56815425393177
Dropout rate: 3.855775222889275e-10
Silencing rate: 2.12599799218128e-09
Initial point 5. Random seed: 6378
Solving ML without ultrametric constraint
Optimal point found for initial point 5
Negative llh: 496.56815363428944
Dropout rate: 1e-10
Silencing rate: 1e-10
Initial point 6. Random seed: 7949
Solving ML without ultrametric constraint
Optimal point found for initial point 6
Negative llh: 496.56815397043346
Dropout rate: 2.6609327232166044e-10
Silencing rate: 1.9984375105653906e-09
Initial point 7. Random seed: 7484
Solving ML without ultrametric constraint
Optimal point found for initial point 7
Negative llh: 496.5681539127372
Dropout rate: 4.43805386145038e-10
Silencing rate: 9.027857860835576e-10
Initial point 8. Random seed: 1773
Solving ML without ultrametric constraint
Optimal point found for initial point 8
Negative llh: 496.5681544252956
Dropout rate: 6.273480278275559e-10
Silencing rate: 3.901178205316395e-09
Initial point 9. Random seed: 1830
Solving ML without ultrametric constraint
Optimal point found for initial point 9
Negative llh: 496.5681535802016
Dropout rate: 1.1494292716699785e-10
Silencing rate: 2.2668606686421655e-10
Initial point 10. Random seed: 3884
Solving ML without ultrametric constraint
Optimal point found for initial point 10
Negative llh: 496.56815414144035
Dropout rate: 1e-10
Silencing rate: 1e-10
Runtime (s): 102.355736667
