Launching Problin version 0.5b
Problin was called as follow: /Users/uym2/my_gits/problin/run_problin.py -c s21c4/k10_r2_character_matrix.csv -t s21c4/true_tree.nwk --delimiter comma -p s21c4/k10_priors.csv -o s21c4/k10_r2_problin.txt --nInitials 10
Optimization by EM algorithm
Optimizing branch lengths, phi, and nu without topology search
Initial point 1. Random seed: 6190
Solving ML without ultrametric constraint
Initial phi: 0.22328406634721232. Initial nu: 0.19760295136633022. Initial nllh: 10446.486424267361
EM finished after 14 iterations.
Optimal point found for initial point 1
Negative llh: 113.59814426605058
Dropout rate: 0
Silencing rate: 8.635204335182319e-07
Initial point 2. Random seed: 9868
Solving ML without ultrametric constraint
Initial phi: 0.5313332224703134. Initial nu: 0.4125688508043685. Initial nllh: 416.0753275056334
EM finished after 13 iterations.
Optimal point found for initial point 2
Negative llh: 113.59814408062178
Dropout rate: 0
Silencing rate: 8.613849489889248e-07
Initial point 3. Random seed: 8423
Solving ML without ultrametric constraint
Initial phi: 0.48877702231969833. Initial nu: 0.011922661305716852. Initial nllh: 330.0346230883829
EM finished after 7 iterations.
Optimal point found for initial point 3
Negative llh: 113.59814419953699
Dropout rate: 0
Silencing rate: 8.631931580186518e-07
Initial point 4. Random seed: 2752
Solving ML without ultrametric constraint
Initial phi: 0.7743405956124244. Initial nu: 0.35720002965832787. Initial nllh: 641.9048387953967
EM finished after 12 iterations.
Optimal point found for initial point 4
Negative llh: 113.59814448663899
Dropout rate: 0
Silencing rate: 8.621204945423033e-07
Initial point 5. Random seed: 4462
Solving ML without ultrametric constraint
Initial phi: 0.22310143447396802. Initial nu: 0.7224120369409832. Initial nllh: 299.37184359585837
EM finished after 14 iterations.
Optimal point found for initial point 5
Negative llh: 113.59814373357769
Dropout rate: 0
Silencing rate: 8.612262255185339e-07
Initial point 6. Random seed: 3844
Solving ML without ultrametric constraint
Initial phi: 0.7352665138103891. Initial nu: 0.22873945695475323. Initial nllh: 572.1322747916415
EM finished after 12 iterations.
Optimal point found for initial point 6
Negative llh: 113.59814414005098
Dropout rate: 0
Silencing rate: 8.60737352591204e-07
Initial point 7. Random seed: 2015
Solving ML without ultrametric constraint
Initial phi: 0.25462021474202623. Initial nu: 0.7131401540412244. Initial nllh: 311.2779679300889
EM finished after 14 iterations.
Optimal point found for initial point 7
Negative llh: 113.59814401190826
Dropout rate: 0
Silencing rate: 8.612389781210345e-07
Initial point 8. Random seed: 5884
Solving ML without ultrametric constraint
Initial phi: 0.7468421570629883. Initial nu: 0.9830955188444224. Initial nllh: 696.0748522849082
EM finished after 13 iterations.
Optimal point found for initial point 8
Negative llh: 113.5981448749901
Dropout rate: 0
Silencing rate: 8.660341427355416e-07
Initial point 9. Random seed: 7520
Solving ML without ultrametric constraint
Initial phi: 0.5467469214817109. Initial nu: 0.6591680194239786. Initial nllh: 462.6155567942882
EM finished after 13 iterations.
Optimal point found for initial point 9
Negative llh: 113.59814487139859
Dropout rate: 0
Silencing rate: 8.666141016926014e-07
Initial point 10. Random seed: 2149
Solving ML without ultrametric constraint
Initial phi: 0.463234969184818. Initial nu: 0.44234895763062804. Initial nllh: 376.9892210907242
EM finished after 13 iterations.
Optimal point found for initial point 10
Negative llh: 113.59814405216204
Dropout rate: 0
Silencing rate: 8.613976808930214e-07
Runtime (s): 7.3192775
