Launching Problin version 0.5b
Problin was called as follow: /Users/uym2/my_gits/problin/run_problin.py -c s18c2/k10_r2_character_matrix.csv -t s18c2/true_tree.nwk -S s18c2/true_locations.txt --delimiter comma -p s18c2/k10_priors.csv -o s18c2/k10_r2_spalin_all.txt --nInitials 10
Optimization by Spalin: Scipy-SLSQP using spatial information
Optimizing branch lengths, phi, and nu without topology search
Initial point 1. Random seed: 718
Solving ML without ultrametric constraint
Optimal point found for initial point 1
Negative llh: 369.0481658259272
Dropout rate: 1.1459794434653615e-10
Silencing rate: 1.0925051088528502e-10
Initial point 2. Random seed: 8637
Solving ML without ultrametric constraint
Optimal point found for initial point 2
Negative llh: 369.04815896526713
Dropout rate: 9.999999999999996e-11
Silencing rate: 1.0000000000000007e-10
Initial point 3. Random seed: 2905
Solving ML without ultrametric constraint
Optimal point found for initial point 3
Negative llh: 369.0481627587182
Dropout rate: 1.754140084881029e-10
Silencing rate: 1.477919482839838e-10
Initial point 4. Random seed: 6596
Solving ML without ultrametric constraint
Optimal point found for initial point 4
Negative llh: 369.04816773044837
Dropout rate: 1.6732183225699465e-09
Silencing rate: 1.0969351322540642e-09
Initial point 5. Random seed: 9935
Solving ML without ultrametric constraint
Optimal point found for initial point 5
Negative llh: 369.0481591511962
Dropout rate: 9.999999999999996e-11
Silencing rate: 9.999999999999996e-11
Initial point 6. Random seed: 5471
Solving ML without ultrametric constraint
Optimal point found for initial point 6
Negative llh: 369.04815933620114
Dropout rate: 1.3391988911971567e-10
Silencing rate: 1.2149505462512026e-10
Initial point 7. Random seed: 2323
Solving ML without ultrametric constraint
Optimal point found for initial point 7
Negative llh: 369.04815988981784
Dropout rate: 2.403758956788222e-09
Silencing rate: 9.91179045299876e-10
Initial point 8. Random seed: 7034
Solving ML without ultrametric constraint
Optimal point found for initial point 8
Negative llh: 369.04815966728324
Dropout rate: 7.380909382195476e-10
Silencing rate: 1.944208061111139e-09
Initial point 9. Random seed: 675
Solving ML without ultrametric constraint
Optimal point found for initial point 9
Negative llh: 369.0481590207498
Dropout rate: 1e-10
Silencing rate: 1e-10
Initial point 10. Random seed: 3943
Solving ML without ultrametric constraint
Optimal point found for initial point 10
Negative llh: 369.04815906867225
Dropout rate: 1e-10
Silencing rate: 1e-10
Runtime (s): 38.533786291
