Launching Problin version 0.5b
Problin was called as follow: /Users/uym2/my_gits/problin/run_problin.py -c s2c1/k10_r2_character_matrix.csv -t s2c1/true_tree.nwk -S s2c1/leaf_locations.txt --delimiter comma -p s2c1/k10_priors.csv -o s2c1/k10_r2_spalin_leaves.txt --nInitials 10
Optimization by Spalin: Scipy-SLSQP using spatial information
Optimizing branch lengths, phi, and nu without topology search
Initial point 1. Random seed: 7554
Solving ML without ultrametric constraint
Optimal point found for initial point 1
Negative llh: 446.81458405612324
Dropout rate: 1.000000000000009e-10
Silencing rate: 9.999999999999924e-11
Initial point 2. Random seed: 8064
Solving ML without ultrametric constraint
Optimal point found for initial point 2
Negative llh: 448.2516869694947
Dropout rate: 1e-10
Silencing rate: 1e-10
Initial point 3. Random seed: 8396
Solving ML without ultrametric constraint
Optimal point found for initial point 3
Negative llh: 447.13293445147247
Dropout rate: 8.865423333174045e-09
Silencing rate: 4.308356378922806e-09
Initial point 4. Random seed: 4598
Solving ML without ultrametric constraint
Optimal point found for initial point 4
Negative llh: 454.22562408417815
Dropout rate: 2.8725787715953616e-08
Silencing rate: 1.5678070078881984e-08
Initial point 5. Random seed: 5935
Solving ML without ultrametric constraint
Optimal point found for initial point 5
Negative llh: 455.4127536870642
Dropout rate: 1.204365471981045e-08
Silencing rate: 5.762369205843038e-09
Initial point 6. Random seed: 8327
Solving ML without ultrametric constraint
Optimal point found for initial point 6
Negative llh: 455.7284512314279
Dropout rate: 1.000000000000009e-10
Silencing rate: 1.000000000000009e-10
Initial point 7. Random seed: 6914
Solving ML without ultrametric constraint
Optimal point found for initial point 7
Negative llh: 456.08808064698513
Dropout rate: 2.665031305747868e-08
Silencing rate: 1.312752231355579e-08
Initial point 8. Random seed: 8787
Solving ML without ultrametric constraint
Optimal point found for initial point 8
Negative llh: 452.3060951476947
Dropout rate: 1e-10
Silencing rate: 1e-10
Initial point 9. Random seed: 8730
Solving ML without ultrametric constraint
Optimal point found for initial point 9
Negative llh: 450.2476503288473
Dropout rate: 1e-10
Silencing rate: 1e-10
Initial point 10. Random seed: 7377
Solving ML without ultrametric constraint
Optimal point found for initial point 10
Negative llh: 445.68539869259314
Dropout rate: 3.636643509882946e-09
Silencing rate: 1.8407661269457338e-09
Runtime (s): 628.864298542
