Launching Problin version 0.5b
Problin was called as follow: /Users/uym2/my_gits/problin/run_problin.py -c s2c1/k10_r2_character_matrix.csv -t s2c1/true_tree.nwk -S s2c1/true_locations.txt --delimiter comma -p s2c1/k10_priors.csv -o s2c1/k10_r2_spalin_all.txt --nInitials 10
Optimization by Spalin: Scipy-SLSQP using spatial information
Optimizing branch lengths, phi, and nu without topology search
Initial point 1. Random seed: 3845
Solving ML without ultrametric constraint
Optimal point found for initial point 1
Negative llh: 552.6539162736219
Dropout rate: 1e-10
Silencing rate: 1e-10
Initial point 2. Random seed: 5289
Solving ML without ultrametric constraint
Optimal point found for initial point 2
Negative llh: 552.6539157879329
Dropout rate: 4.5065090990820504e-10
Silencing rate: 3.8271027324096413e-10
Initial point 3. Random seed: 4403
Solving ML without ultrametric constraint
Optimal point found for initial point 3
Negative llh: 552.6539175683563
Dropout rate: 1.7713215974072379e-09
Silencing rate: 1.5887158036374434e-09
Initial point 4. Random seed: 8150
Solving ML without ultrametric constraint
Optimal point found for initial point 4
Negative llh: 552.6539223320533
Dropout rate: 5.16541658268786e-09
Silencing rate: 3.261858009545327e-09
Initial point 5. Random seed: 6509
Solving ML without ultrametric constraint
Optimal point found for initial point 5
Negative llh: 552.6539189699591
Dropout rate: 1.6689985799023094e-09
Silencing rate: 1.0176087485863977e-08
Initial point 6. Random seed: 5424
Solving ML without ultrametric constraint
Optimal point found for initial point 6
Negative llh: 552.6539222812539
Dropout rate: 3.121643466870001e-09
Silencing rate: 9.445926553132511e-09
Initial point 7. Random seed: 4017
Solving ML without ultrametric constraint
Optimal point found for initial point 7
Negative llh: 552.6539151256316
Dropout rate: 1.0133788431676048e-10
Silencing rate: 1.0073260271359956e-10
Initial point 8. Random seed: 7081
Solving ML without ultrametric constraint
Optimal point found for initial point 8
Negative llh: 552.6539163721143
Dropout rate: 1.0577517766942037e-10
Silencing rate: 1.0316248360832106e-10
Initial point 9. Random seed: 9512
Solving ML without ultrametric constraint
Optimal point found for initial point 9
Negative llh: 552.6539593244727
Dropout rate: 1.2983657452370916e-07
Silencing rate: 1e-10
Initial point 10. Random seed: 3333
Solving ML without ultrametric constraint
Optimal point found for initial point 10
Negative llh: 552.6539149909215
Dropout rate: 1.0000000000000007e-10
Silencing rate: 1.0000000000000007e-10
Runtime (s): 130.352681375
