Launching Problin version 0.5p
Problin was called as follow: /Users/uym2/my_gits/problin/run_problin.py -c s4c6/k10_r1_character_matrix.csv -t s4c6/true_tree.nwk --delimiter comma -p s4c6/k10_priors.csv -o s4c6/k10_r1_problin.txt --nInitials 10
Optimization by EM algorithm
Optimizing branch lengths, phi, and nu without topology search
Initial point 1. Random seed: 4010
Solving ML without ultrametric constraint
Initial phi: 0.07742030061912607. Initial nu: 0.2822914634455383. Initial nllh: 5595.720373825765
EM finished after 16 iterations.
Optimal point found for initial point 1
Negative llh: 52.30375996852718
Dropout rate: 0
Silencing rate: 6.895716109806593e-07
Initial point 2. Random seed: 1749
Solving ML without ultrametric constraint
Initial phi: 0.3578995949945957. Initial nu: 0.6228053757429252. Initial nllh: 160.3910730109956
EM finished after 16 iterations.
Optimal point found for initial point 2
Negative llh: 52.30375982943854
Dropout rate: 0
Silencing rate: 6.905709576583067e-07
Initial point 3. Random seed: 1819
Solving ML without ultrametric constraint
Initial phi: 0.05382166849161862. Initial nu: 0.6514066469414576. Initial nllh: 104.15080953776526
EM finished after 17 iterations.
Optimal point found for initial point 3
Negative llh: 52.30375953995929
Dropout rate: 0
Silencing rate: 6.878466891584516e-07
Initial point 4. Random seed: 4689
Solving ML without ultrametric constraint
Initial phi: 0.5543135282920103. Initial nu: 0.8689819504719394. Initial nllh: 231.61921915197672
EM finished after 17 iterations.
Optimal point found for initial point 4
Negative llh: 52.30375974717376
Dropout rate: 0
Silencing rate: 6.906039527759696e-07
Initial point 5. Random seed: 5505
Solving ML without ultrametric constraint
Initial phi: 0.9669445724813485. Initial nu: 0.9647476073664977. Initial nllh: 628.2358313176751
EM finished after 16 iterations.
Optimal point found for initial point 5
Negative llh: 52.30375972260303
Dropout rate: 0
Silencing rate: 6.877831899772571e-07
Initial point 6. Random seed: 8615
Solving ML without ultrametric constraint
Initial phi: 0.8214517218063737. Initial nu: 0.9108974215729836. Initial nllh: 371.6339795050961
EM finished after 16 iterations.
Optimal point found for initial point 6
Negative llh: 52.30375960501455
Dropout rate: 0
Silencing rate: 6.861671656020317e-07
Initial point 7. Random seed: 6694
Solving ML without ultrametric constraint
Initial phi: 0.9236500465834406. Initial nu: 0.48268297216606004. Initial nllh: 470.43650859452316
EM finished after 15 iterations.
Optimal point found for initial point 7
Negative llh: 52.30376002955349
Dropout rate: 0
Silencing rate: 6.91167635639874e-07
Initial point 8. Random seed: 5029
Solving ML without ultrametric constraint
Initial phi: 0.03259033780186081. Initial nu: 0.8170108144519004. Initial nllh: 111.89262117492315
EM finished after 16 iterations.
Optimal point found for initial point 8
Negative llh: 52.303760067023056
Dropout rate: 0
Silencing rate: 6.93361664256139e-07
Initial point 9. Random seed: 8813
Solving ML without ultrametric constraint
Initial phi: 0.8903900239708473. Initial nu: 0.7731004835077302. Initial nllh: 435.6115858716396
EM finished after 16 iterations.
Optimal point found for initial point 9
Negative llh: 52.30375966054874
Dropout rate: 0
Silencing rate: 6.874227338870067e-07
Initial point 10. Random seed: 353
Solving ML without ultrametric constraint
Initial phi: 0.4703416474635162. Initial nu: 0.55033716054213. Initial nllh: 184.42369583716237
EM finished after 17 iterations.
Optimal point found for initial point 10
Negative llh: 52.303759551225525
Dropout rate: 0
Silencing rate: 6.881952854838983e-07
Runtime (s): 6.9289760000000005
