Launching Problin version 0.5b
Problin was called as follow: /Users/uym2/my_gits/problin/run_problin.py -c s4c6/k10_r1_character_matrix.csv -t s4c6/true_tree.nwk --delimiter comma -p s4c6/k10_priors.csv -o s4c6/k10_r1_problin_ultrametric --nInitials 10 --ultrametric
Optimizing branch lengths, phi, and nu without topology search
Optimization by EM algorithm
Initial point 1. Random seed: 427
Numerical optimization started with ultrametric constraint
Initial phi: 0.6924435193388695. Initial nu: 0.6091404208607819. Initial nllh: 8725.017670559355
EM finished after 22 iterations.
Optimal phi: 0. Optimal nu: 9.075940991532956e-07. Optimal nllh: 56.632331148579766
Optimal point found for initial point 1
Initial point 2. Random seed: 5006
Numerical optimization started with ultrametric constraint
Initial phi: 0.8520406896764416. Initial nu: 0.17538029042535835. Initial nllh: 354.1345758215958
EM finished after 16 iterations.
Optimal phi: 0. Optimal nu: 8.118343019515151e-07. Optimal nllh: 56.63232563509534
Optimal point found for initial point 2
Initial point 3. Random seed: 1587
Numerical optimization started with ultrametric constraint
Initial phi: 0.21450933510038. Initial nu: 0.5991830061343023. Initial nllh: 129.6162189716072
EM finished after 18 iterations.
Optimal phi: 0. Optimal nu: 9.074020346751026e-07. Optimal nllh: 56.632331682097345
Optimal point found for initial point 3
Initial point 4. Random seed: 1047
Numerical optimization started with ultrametric constraint
Initial phi: 0.978500860287227. Initial nu: 0.7355532136898237. Initial nllh: 677.690253408954
EM finished after 19 iterations.
Optimal phi: 0. Optimal nu: 8.116502308907608e-07. Optimal nllh: 56.63232564004453
Optimal point found for initial point 4
Initial point 5. Random seed: 1000
Numerical optimization started with ultrametric constraint
Initial phi: 0.10776715419925909. Initial nu: 0.6916692019805449. Initial nllh: 116.15293422327986
EM finished after 19 iterations.
Optimal phi: 0. Optimal nu: 9.061285143062229e-07. Optimal nllh: 56.63233132430504
Optimal point found for initial point 5
Initial point 6. Random seed: 7015
Numerical optimization started with ultrametric constraint
Initial phi: 0.1954117084094059. Initial nu: 0.36921104554288303. Initial nllh: 111.96538537570835
EM finished after 18 iterations.
Optimal phi: 0. Optimal nu: 8.087772505942935e-07. Optimal nllh: 56.63232539547004
Optimal point found for initial point 6
Initial point 7. Random seed: 4087
Numerical optimization started with ultrametric constraint
Initial phi: 0.690990339094103. Initial nu: 0.8169726817245967. Initial nllh: 282.86025266784117
EM finished after 21 iterations.
Optimal phi: 0. Optimal nu: 8.119444351195786e-07. Optimal nllh: 56.63232531488368
Optimal point found for initial point 7
Initial point 8. Random seed: 6916
Numerical optimization started with ultrametric constraint
Initial phi: 0.01760562639658522. Initial nu: 0.29417389737243643. Initial nllh: 77.43277176927512
EM finished after 17 iterations.
Optimal phi: 0. Optimal nu: 8.104389019426372e-07. Optimal nllh: 56.63232564368043
Optimal point found for initial point 8
Initial point 9. Random seed: 2601
Numerical optimization started with ultrametric constraint
Initial phi: 0.2448093571198907. Initial nu: 0.08617670349397913. Initial nllh: 104.18055685901288
EM finished after 14 iterations.
Optimal phi: 0. Optimal nu: 9.096055909568953e-07. Optimal nllh: 56.63233155183991
Optimal point found for initial point 9
Initial point 10. Random seed: 8073
Numerical optimization started with ultrametric constraint
Initial phi: 0.5037753252320204. Initial nu: 0.9312949095140823. Initial nllh: 218.79470905666426
EM finished after 20 iterations.
Optimal phi: 0. Optimal nu: 8.087750889238203e-07. Optimal nllh: 56.63232530162419
Optimal point found for initial point 10
Numerical optimization finished successfully
Runtime (s): 10.825833583
