dataset s3c5
Optimization using leaf locations
Initial point 1. Random seed: 1804
Solving with ultrametric constraint
Optimal point found for initial point 1
Negative llh: 180.729527280137
Dropout rate: 0
Silencing rate: 0
Initial point 2. Random seed: 2803
Solving with ultrametric constraint
Optimal point found for initial point 2
Negative llh: 180.89611900946733
Dropout rate: 0
Silencing rate: 0
Initial point 3. Random seed: 3451
Solving with ultrametric constraint
Optimal point found for initial point 3
Negative llh: 180.8961269235922
Dropout rate: 0
Silencing rate: 0
Initial point 4. Random seed: 9973
Solving with ultrametric constraint
Optimal point found for initial point 4
Negative llh: 180.89612184721256
Dropout rate: 0
Silencing rate: 0
Initial point 5. Random seed: 5804
Solving with ultrametric constraint
Optimal point found for initial point 5
Negative llh: 182.130096960304
Dropout rate: 0
Silencing rate: 0
Initial point 6. Random seed: 5137
Solving with ultrametric constraint
Optimal point found for initial point 6
Negative llh: 183.24178144767865
Dropout rate: 0
Silencing rate: 0
Initial point 7. Random seed: 1300
Solving with ultrametric constraint
Optimal point found for initial point 7
Negative llh: 180.8961229087675
Dropout rate: 0
Silencing rate: 0
Initial point 8. Random seed: 4458
Solving with ultrametric constraint
Optimal point found for initial point 8
Negative llh: 180.89640532022275
Dropout rate: 0
Silencing rate: 0
Initial point 9. Random seed: 4274
Solving with ultrametric constraint
Optimal point found for initial point 9
Negative llh: 180.89613720446536
Dropout rate: 0
Silencing rate: 0
Initial point 10. Random seed: 6365
Solving with ultrametric constraint
Optimal point found for initial point 10
Negative llh: 180.89617667755653
Dropout rate: 0
Silencing rate: 0
Initial point 11. Random seed: 4889
Solving with ultrametric constraint
Optimal point found for initial point 11
Negative llh: 180.89612939310223
Dropout rate: 0
Silencing rate: 0
Initial point 12. Random seed: 7817
Solving with ultrametric constraint
Optimal point found for initial point 12
Negative llh: 180.89612222351482
Dropout rate: 0
Silencing rate: 0
Initial point 13. Random seed: 4730
Solving with ultrametric constraint
Optimal point found for initial point 13
Negative llh: 180.89615240349468
Dropout rate: 0
Silencing rate: 0
Initial point 14. Random seed: 1145
Solving with ultrametric constraint
Optimal point found for initial point 14
Negative llh: 180.89613404828208
Dropout rate: 0
Silencing rate: 0
Initial point 15. Random seed: 5764
Solving with ultrametric constraint
Optimal point found for initial point 15
Negative llh: 180.89612645849127
Dropout rate: 0
Silencing rate: 0
Initial point 16. Random seed: 4405
Solving with ultrametric constraint
Optimal point found for initial point 16
Negative llh: 180.89810163177006
Dropout rate: 0
Silencing rate: 0
Initial point 17. Random seed: 5175
Solving with ultrametric constraint
Optimal point found for initial point 17
Negative llh: 180.8961448079093
Dropout rate: 0
Silencing rate: 0
Initial point 18. Random seed: 4044
Solving with ultrametric constraint
Optimal point found for initial point 18
Negative llh: 180.896133357564
Dropout rate: 0
Silencing rate: 0
Initial point 19. Random seed: 7504
Solving with ultrametric constraint
Optimal point found for initial point 19
Negative llh: 180.89612602135998
Dropout rate: 0
Silencing rate: 0
Initial point 20. Random seed: 8742
Solving with ultrametric constraint
Optimal point found for initial point 20
Negative llh: 180.89612160383618
Dropout rate: 0
Silencing rate: 0
Optimal nllh: 180.729527280137
