Launching Problin version 0.5b
Problin was called as follow: /Users/uym2/my_gits/problin/run_problin.py -c s8c5/k10_lin_character_matrix.csv -t s8c5/true_tree.nwk --delimiter comma -p s8c5/k10_lin_priors.csv -o s8c5/k10_lin_problin --nInitials 10 --ultrametric
Optimizing branch lengths, phi, and nu without topology search
Optimization by EM algorithm
Initial point 1. Random seed: 8572
Numerical optimization started with ultrametric constraint
Initial phi: 0.8650020868175612. Initial nu: 0.40842977958789756. Initial nllh: 12622.588007121461
EM finished after 20 iterations.
Optimal phi: 0. Optimal nu: 1.0250873275529433e-06. Optimal nllh: 92.36834720952038
Optimal point found for initial point 1
Initial point 2. Random seed: 4437
Numerical optimization started with ultrametric constraint
Initial phi: 0.036290494621555036. Initial nu: 0.7120531641086814. Initial nllh: 164.65029627508855
EM finished after 13 iterations.
Optimal phi: 0. Optimal nu: 1.0261498908970923e-06. Optimal nllh: 92.36834733560559
Optimal point found for initial point 2
Initial point 3. Random seed: 2802
Numerical optimization started with ultrametric constraint
Initial phi: 0.08600479168812554. Initial nu: 0.552315083854024. Initial nllh: 162.58364426494055
EM finished after 14 iterations.
Optimal phi: 0. Optimal nu: 1.0227929167462336e-06. Optimal nllh: 92.36834650860588
Optimal point found for initial point 3
Initial point 4. Random seed: 8776
Numerical optimization started with ultrametric constraint
Initial phi: 0.31398318721568746. Initial nu: 0.3959322166380815. Initial nllh: 214.6276365902395
EM finished after 12 iterations.
Optimal phi: 0. Optimal nu: 1.0228510776768673e-06. Optimal nllh: 92.36834693202128
Optimal point found for initial point 4
Initial point 5. Random seed: 5809
Numerical optimization started with ultrametric constraint
Initial phi: 0.840360763172229. Initial nu: 0.08212612070738812. Initial nllh: 521.9738498202577
EM finished after 9 iterations.
Optimal phi: 0. Optimal nu: 1.026838534131067e-06. Optimal nllh: 92.36834742042151
Optimal point found for initial point 5
Initial point 6. Random seed: 1232
Numerical optimization started with ultrametric constraint
Initial phi: 0.8730976744940486. Initial nu: 0.0947806554595617. Initial nllh: 575.8872388741468
EM finished after 10 iterations.
Optimal phi: 0. Optimal nu: 1.0266143135307938e-06. Optimal nllh: 92.36834726971564
Optimal point found for initial point 6
Initial point 7. Random seed: 6590
Numerical optimization started with ultrametric constraint
Initial phi: 0.8510950347356192. Initial nu: 0.98354104426934. Initial nllh: 618.3860105956405
EM finished after 14 iterations.
Optimal phi: 0. Optimal nu: 1.022714440160766e-06. Optimal nllh: 92.36834686159402
Optimal point found for initial point 7
Initial point 8. Random seed: 9920
Numerical optimization started with ultrametric constraint
Initial phi: 0.7969460494063934. Initial nu: 0.8030138668769574. Initial nllh: 530.9465487727474
EM finished after 13 iterations.
Optimal phi: 0. Optimal nu: 1.026536045432911e-06. Optimal nllh: 92.36834723557013
Optimal point found for initial point 8
Initial point 9. Random seed: 1605
Numerical optimization started with ultrametric constraint
Initial phi: 0.5182116001242703. Initial nu: 0.9284948894721029. Initial nllh: 343.4108741683789
EM finished after 14 iterations.
Optimal phi: 0. Optimal nu: 1.0227651436708874e-06. Optimal nllh: 92.36834683408973
Optimal point found for initial point 9
Initial point 10. Random seed: 1882
Numerical optimization started with ultrametric constraint
Initial phi: 0.8294008762468515. Initial nu: 0.5430166779551954. Initial nllh: 547.8115562093657
EM finished after 12 iterations.
Optimal phi: 0. Optimal nu: 1.0257786635995996e-06. Optimal nllh: 92.3683476903202
Optimal point found for initial point 10
Numerical optimization finished successfully
Runtime (s): 9.482876749999999
