Launching Problin version 0.5b
Problin was called as follow: /Users/uym2/my_gits/problin/run_problin.py -c s8c5/k10_exp_character_matrix.csv -t s8c5/true_tree.nwk --delimiter comma -p s8c5/k10_exp_priors.csv -o s8c5/k10_exp_problin --nInitials 10 --ultrametric
Optimizing branch lengths, phi, and nu without topology search
Optimization by EM algorithm
Initial point 1. Random seed: 2590
Numerical optimization started with ultrametric constraint
Initial phi: 0.022340356374305776. Initial nu: 0.7759745909538545. Initial nllh: 17463.0456460867
EM finished after 22 iterations.
Optimal phi: 0. Optimal nu: 1.344971191790976e-06. Optimal nllh: 66.12357551649582
Optimal point found for initial point 1
Initial point 2. Random seed: 3850
Numerical optimization started with ultrametric constraint
Initial phi: 0.7381289448215728. Initial nu: 0.40515150448118775. Initial nllh: 401.51014949031395
EM finished after 14 iterations.
Optimal phi: 0. Optimal nu: 1.3435783434956833e-06. Optimal nllh: 66.1235754269654
Optimal point found for initial point 2
Initial point 3. Random seed: 8174
Numerical optimization started with ultrametric constraint
Initial phi: 0.276606334801845. Initial nu: 0.11454643582107077. Initial nllh: 148.5399005074312
EM finished after 11 iterations.
Optimal phi: 0. Optimal nu: 1.344687609868452e-06. Optimal nllh: 66.1235756452964
Optimal point found for initial point 3
Initial point 4. Random seed: 1584
Numerical optimization started with ultrametric constraint
Initial phi: 0.7111758600744685. Initial nu: 0.8504607686690231. Initial nllh: 408.5014410557367
EM finished after 15 iterations.
Optimal phi: 0. Optimal nu: 1.3449314730405902e-06. Optimal nllh: 66.12357510234551
Optimal point found for initial point 4
Initial point 5. Random seed: 9688
Numerical optimization started with ultrametric constraint
Initial phi: 0.368205589821674. Initial nu: 0.8169830409290325. Initial nllh: 226.25035720632476
EM finished after 17 iterations.
Optimal phi: 0. Optimal nu: 1.3614568736104267e-06. Optimal nllh: 66.12357453216413
Optimal point found for initial point 5
Initial point 6. Random seed: 5376
Numerical optimization started with ultrametric constraint
Initial phi: 0.7137212183586111. Initial nu: 0.255440439713169. Initial nllh: 371.08826439357955
EM finished after 11 iterations.
Optimal phi: 0. Optimal nu: 1.343491698539103e-06. Optimal nllh: 66.12357532493441
Optimal point found for initial point 6
Initial point 7. Random seed: 7737
Numerical optimization started with ultrametric constraint
Initial phi: 0.5682367566934958. Initial nu: 0.04392046602415073. Initial nllh: 262.55495363779914
EM finished after 8 iterations.
Optimal phi: 0. Optimal nu: 1.3475592405884558e-06. Optimal nllh: 66.12357624754536
Optimal point found for initial point 7
Initial point 8. Random seed: 5156
Numerical optimization started with ultrametric constraint
Initial phi: 0.3464145758350874. Initial nu: 0.9575345556227254. Initial nllh: 227.7691547288828
EM finished after 15 iterations.
Optimal phi: 0. Optimal nu: 1.3440827695531312e-06. Optimal nllh: 66.12357583208333
Optimal point found for initial point 8
Initial point 9. Random seed: 989
Numerical optimization started with ultrametric constraint
Initial phi: 0.25939972055048044. Initial nu: 0.6882662607781379. Initial nllh: 181.17017051092301
EM finished after 14 iterations.
Optimal phi: 0. Optimal nu: 1.3442761073751848e-06. Optimal nllh: 66.12357603927055
Optimal point found for initial point 9
Initial point 10. Random seed: 834
Numerical optimization started with ultrametric constraint
Initial phi: 0.4685774273055806. Initial nu: 0.5193789152034358. Initial nllh: 246.31085526115902
EM finished after 14 iterations.
Optimal phi: 0. Optimal nu: 1.3469714991593017e-06. Optimal nllh: 66.12357594484847
Optimal point found for initial point 10
Numerical optimization finished successfully
Runtime (s): 10.909993875
