Launching Problin version 0.5b
Problin was called as follow: /Users/uym2/my_gits/problin/run_problin.py -c s9c4/k200_exp2_character_matrix.csv -t s9c4/true_tree.nwk --delimiter comma -p s9c4/k200_exp2_priors.csv -o s9c4/k200_exp2_problin --nInitials 10 --ultrametric
Optimizing branch lengths, phi, and nu without topology search
Optimization by EM algorithm
Initial point 1. Random seed: 1526
Numerical optimization started with ultrametric constraint
Initial phi: 0.6511913954092879. Initial nu: 0.0033587531829020034. Initial nllh: 122035.82290846524
EM finished after 27 iterations.
Optimal phi: 0. Optimal nu: 3.3127449896468136e-08. Optimal nllh: 1578.3070486875438
Optimal point found for initial point 1
Initial point 2. Random seed: 3426
Numerical optimization started with ultrametric constraint
Initial phi: 0.16742527135322866. Initial nu: 0.8750333878904539. Initial nllh: 3372.6581246761325
EM finished after 25 iterations.
Optimal phi: 0. Optimal nu: 4.97061719310593e-08. Optimal nllh: 1578.3070692025792
Optimal point found for initial point 2
Initial point 3. Random seed: 3689
Numerical optimization started with ultrametric constraint
Initial phi: 0.32932084036253917. Initial nu: 0.8376352314786653. Initial nllh: 4281.907988652848
EM finished after 22 iterations.
Optimal phi: 0. Optimal nu: 5.2081139720002115e-08. Optimal nllh: 1578.307127645255
Optimal point found for initial point 3
Initial point 4. Random seed: 1290
Numerical optimization started with ultrametric constraint
Initial phi: 0.8936215430890493. Initial nu: 0.8790815115376053. Initial nllh: 12430.291048400133
EM finished after 24 iterations.
Optimal phi: 0. Optimal nu: 4.9828752448783304e-08. Optimal nllh: 1578.3070852824596
Optimal point found for initial point 4
Initial point 5. Random seed: 3038
Numerical optimization started with ultrametric constraint
Initial phi: 0.4990923462138261. Initial nu: 0.23863835225346483. Initial nllh: 4890.696518719292
EM finished after 18 iterations.
Optimal phi: 0. Optimal nu: 4.8046682057408384e-08. Optimal nllh: 1578.307083101355
Optimal point found for initial point 5
Initial point 6. Random seed: 5110
Numerical optimization started with ultrametric constraint
Initial phi: 0.490526628177263. Initial nu: 0.45591590078587746. Initial nllh: 5061.093473806517
EM finished after 23 iterations.
Optimal phi: 0. Optimal nu: 4.225247633855099e-08. Optimal nllh: 1578.3070527678524
Optimal point found for initial point 6
Initial point 7. Random seed: 4619
Numerical optimization started with ultrametric constraint
Initial phi: 0.552252133316855. Initial nu: 0.11160508867689571. Initial nllh: 5241.097279272133
EM finished after 14 iterations.
Optimal phi: 0. Optimal nu: 4.3355241922326964e-08. Optimal nllh: 1578.3070723049627
Optimal point found for initial point 7
Initial point 8. Random seed: 1198
Numerical optimization started with ultrametric constraint
Initial phi: 0.6231756793031512. Initial nu: 0.04486629555994723. Initial nllh: 5924.626636845544
EM finished after 8 iterations.
Optimal phi: 0. Optimal nu: 5.041470071401975e-08. Optimal nllh: 1578.307105926459
Optimal point found for initial point 8
Initial point 9. Random seed: 8117
Numerical optimization started with ultrametric constraint
Initial phi: 0.4397347024037529. Initial nu: 0.36617405313090245. Initial nllh: 4541.750626704967
EM finished after 20 iterations.
Optimal phi: 0. Optimal nu: 5.016764122341494e-08. Optimal nllh: 1578.3070893428494
Optimal point found for initial point 9
Initial point 10. Random seed: 6776
Numerical optimization started with ultrametric constraint
Initial phi: 0.04418780648676543. Initial nu: 0.2969596736270009. Initial nllh: 2113.44470569042
EM finished after 20 iterations.
Optimal phi: 0. Optimal nu: 4.1914507226406646e-08. Optimal nllh: 1578.3070631867727
Optimal point found for initial point 10
Numerical optimization finished successfully
Runtime (s): 37.867980958000004
