Launching Problin version 0.5b
Problin was called as follow: /Users/uym2/my_gits/problin/run_problin.py -c s17c1/k10_r2_character_matrix.csv -t s17c1/true_tree.nwk -S s17c1/true_locations.txt --delimiter comma -p s17c1/k10_priors.csv -o s17c1/k10_r2_spalin_all.txt --nInitials 10
Optimization by Spalin: Scipy-SLSQP using spatial information
Optimizing branch lengths, phi, and nu without topology search
Initial point 1. Random seed: 7300
Solving ML without ultrametric constraint
Optimal point found for initial point 1
Negative llh: 289.920658675181
Dropout rate: 1.0029457778194555e-10
Silencing rate: 1.0015517481358317e-10
Initial point 2. Random seed: 2695
Solving ML without ultrametric constraint
Optimal point found for initial point 2
Negative llh: 289.92065123143544
Dropout rate: 3.757209955231712e-10
Silencing rate: 1.2195731341369482e-09
Initial point 3. Random seed: 6
Solving ML without ultrametric constraint
Optimal point found for initial point 3
Negative llh: 289.92065105994976
Dropout rate: 1.0000000000000007e-10
Silencing rate: 1.0000000000000007e-10
Initial point 4. Random seed: 1856
Solving ML without ultrametric constraint
Optimal point found for initial point 4
Negative llh: 289.92065101241246
Dropout rate: 1e-10
Silencing rate: 1e-10
Initial point 5. Random seed: 4973
Solving ML without ultrametric constraint
Optimal point found for initial point 5
Negative llh: 289.9206519504203
Dropout rate: 8.255733281095205e-10
Silencing rate: 1.8589356008251117e-09
Initial point 6. Random seed: 1644
Solving ML without ultrametric constraint
Optimal point found for initial point 6
Negative llh: 289.9206509488387
Dropout rate: 1e-10
Silencing rate: 1e-10
Initial point 7. Random seed: 8891
Solving ML without ultrametric constraint
Optimal point found for initial point 7
Negative llh: 289.9206511738192
Dropout rate: 1e-10
Silencing rate: 1e-10
Initial point 8. Random seed: 6453
Solving ML without ultrametric constraint
Optimal point found for initial point 8
Negative llh: 289.9206520671513
Dropout rate: 1e-10
Silencing rate: 1e-10
Initial point 9. Random seed: 4664
Solving ML without ultrametric constraint
Optimal point found for initial point 9
Negative llh: 289.92065141511847
Dropout rate: 1.0000000000000007e-10
Silencing rate: 1.0000000000000007e-10
Initial point 10. Random seed: 4275
Solving ML without ultrametric constraint
Optimal point found for initial point 10
Negative llh: 289.92065163752875
Dropout rate: 7.387743445373241e-10
Silencing rate: 3.4321194966489683e-09
Runtime (s): 36.358533625
