Launching Problin version 0.5p
Problin was called as follow: /Users/uym2/my_gits/problin/run_problin.py -c s17c1/k10_r1_character_matrix.csv -t s17c1/true_tree.nwk --delimiter comma -p s17c1/k10_priors.csv -o s17c1/k10_r1_problin.txt --nInitials 10
Optimization by EM algorithm
Optimizing branch lengths, phi, and nu without topology search
Initial point 1. Random seed: 2164
Solving ML without ultrametric constraint
Initial phi: 0.7999295175741755. Initial nu: 0.7189846726521318. Initial nllh: 19322.20605679893
EM finished after 20 iterations.
Optimal point found for initial point 1
Negative llh: 90.60075978436252
Dropout rate: 0
Silencing rate: 7.043065011464585e-07
Initial point 2. Random seed: 7421
Solving ML without ultrametric constraint
Initial phi: 0.07985122764712646. Initial nu: 0.22905990991545216. Initial nllh: 129.64240025190895
EM finished after 14 iterations.
Optimal point found for initial point 2
Negative llh: 90.60076208469506
Dropout rate: 0
Silencing rate: 7.203822237575647e-07
Initial point 3. Random seed: 4740
Solving ML without ultrametric constraint
Initial phi: 0.7876796288255955. Initial nu: 0.175741773653893. Initial nllh: 417.71646334932285
EM finished after 15 iterations.
Optimal point found for initial point 3
Negative llh: 90.60076095797342
Dropout rate: 0
Silencing rate: 7.15003429015682e-07
Initial point 4. Random seed: 638
Solving ML without ultrametric constraint
Initial phi: 0.3884633202021824. Initial nu: 0.21829744317418873. Initial nllh: 210.30206184570292
EM finished after 14 iterations.
Optimal point found for initial point 4
Negative llh: 90.60076084801713
Dropout rate: 0
Silencing rate: 7.062192336533157e-07
Initial point 5. Random seed: 376
Solving ML without ultrametric constraint
Initial phi: 0.8690060987463196. Initial nu: 0.23491995978289912. Initial nllh: 520.0920664450225
EM finished after 16 iterations.
Optimal point found for initial point 5
Negative llh: 90.60075994766319
Dropout rate: 0
Silencing rate: 7.056250334830197e-07
Initial point 6. Random seed: 1372
Solving ML without ultrametric constraint
Initial phi: 0.9318927037407349. Initial nu: 0.8131152488039503. Initial nllh: 707.4420471135466
EM finished after 19 iterations.
Optimal point found for initial point 6
Negative llh: 90.60076533218378
Dropout rate: 0
Silencing rate: 7.614998517556793e-07
Initial point 7. Random seed: 4115
Solving ML without ultrametric constraint
Initial phi: 0.8152405744060481. Initial nu: 0.495854551799068. Initial nllh: 476.8260850126199
EM finished after 15 iterations.
Optimal point found for initial point 7
Negative llh: 90.6007613890641
Dropout rate: 0
Silencing rate: 7.082228438631821e-07
Initial point 8. Random seed: 7927
Solving ML without ultrametric constraint
Initial phi: 0.4578495475118558. Initial nu: 0.48143393319556693. Initial nllh: 260.117268166378
EM finished after 15 iterations.
Optimal point found for initial point 8
Negative llh: 90.60076254158587
Dropout rate: 0
Silencing rate: 7.20613286293331e-07
Initial point 9. Random seed: 5480
Solving ML without ultrametric constraint
Initial phi: 0.8154426398833129. Initial nu: 0.36922145751509816. Initial nllh: 464.6618715736147
EM finished after 13 iterations.
Optimal point found for initial point 9
Negative llh: 90.60076887148412
Dropout rate: 0
Silencing rate: 7.624013220179889e-07
Initial point 10. Random seed: 1242
Solving ML without ultrametric constraint
Initial phi: 0.7939021591141106. Initial nu: 0.18852266052835007. Initial nllh: 424.91479299312545
EM finished after 17 iterations.
Optimal point found for initial point 10
Negative llh: 90.60076011454895
Dropout rate: 0
Silencing rate: 7.090316836324139e-07
Runtime (s): 7.343851042
