Launching Problin version 0.5b
Problin was called as follow: /Users/uym2/my_gits/problin/run_problin.py -c s20c6/k10_const_character_matrix.csv -t s20c6/true_tree.nwk --delimiter comma -p s20c6/k10_const_priors.csv -o s20c6/k10_const_problin --nInitials 10 --ultrametric
Optimizing branch lengths, phi, and nu without topology search
Optimization by EM algorithm
Initial point 1. Random seed: 6481
Numerical optimization started with ultrametric constraint
Initial phi: 0.6395350062310431. Initial nu: 0.9720142123449307. Initial nllh: 16865.11495007001
EM finished after 21 iterations.
Optimal phi: 0. Optimal nu: 5.997736022095707e-07. Optimal nllh: 80.13748554318856
Optimal point found for initial point 1
Initial point 2. Random seed: 6515
Numerical optimization started with ultrametric constraint
Initial phi: 0.6978688944328046. Initial nu: 0.6680344346969638. Initial nllh: 272.48539966893475
EM finished after 18 iterations.
Optimal phi: 0. Optimal nu: 5.9963062662811e-07. Optimal nllh: 80.13748556661652
Optimal point found for initial point 2
Initial point 3. Random seed: 9295
Numerical optimization started with ultrametric constraint
Initial phi: 0.9219382500205201. Initial nu: 0.8901777554044147. Initial nllh: 451.051171973339
EM finished after 18 iterations.
Optimal phi: 0. Optimal nu: 5.990286532503994e-07. Optimal nllh: 80.13748577735056
Optimal point found for initial point 3
Initial point 4. Random seed: 7220
Numerical optimization started with ultrametric constraint
Initial phi: 0.3242371348958991. Initial nu: 0.2841738286741782. Initial nllh: 147.9586596391471
EM finished after 16 iterations.
Optimal phi: 0. Optimal nu: 5.996790655066699e-07. Optimal nllh: 80.13748565614678
Optimal point found for initial point 4
Initial point 5. Random seed: 4482
Numerical optimization started with ultrametric constraint
Initial phi: 0.37858205072414675. Initial nu: 0.04174655553953174. Initial nllh: 140.38089292678274
EM finished after 10 iterations.
Optimal phi: 0. Optimal nu: 5.991558357187792e-07. Optimal nllh: 80.13748574364624
Optimal point found for initial point 5
Initial point 6. Random seed: 1963
Numerical optimization started with ultrametric constraint
Initial phi: 0.3853505390402186. Initial nu: 0.746910541050553. Initial nllh: 193.00100684332347
EM finished after 18 iterations.
Optimal phi: 0. Optimal nu: 6.018782525905052e-07. Optimal nllh: 80.1374858694033
Optimal point found for initial point 6
Initial point 7. Random seed: 970
Numerical optimization started with ultrametric constraint
Initial phi: 0.6594858897597711. Initial nu: 0.06274275571012207. Initial nllh: 214.09420065410208
EM finished after 10 iterations.
Optimal phi: 0. Optimal nu: 6.208238537349291e-07. Optimal nllh: 80.13748805986202
Optimal point found for initial point 7
Initial point 8. Random seed: 8560
Numerical optimization started with ultrametric constraint
Initial phi: 0.1794820826314752. Initial nu: 0.3167333420587692. Initial nllh: 127.03613714792675
EM finished after 16 iterations.
Optimal phi: 0. Optimal nu: 6.056203783523728e-07. Optimal nllh: 80.13748617388512
Optimal point found for initial point 8
Initial point 9. Random seed: 694
Numerical optimization started with ultrametric constraint
Initial phi: 0.9212937052053771. Initial nu: 0.9371823618259416. Initial nllh: 453.4842600872324
EM finished after 18 iterations.
Optimal phi: 0. Optimal nu: 5.997524858677092e-07. Optimal nllh: 80.13748587219878
Optimal point found for initial point 9
Initial point 10. Random seed: 1443
Numerical optimization started with ultrametric constraint
Initial phi: 0.4197701337027941. Initial nu: 0.7727371748268299. Initial nllh: 201.79538361194642
EM finished after 17 iterations.
Optimal phi: 0. Optimal nu: 6.023642804721312e-07. Optimal nllh: 80.1374864111731
Optimal point found for initial point 10
Numerical optimization finished successfully
Runtime (s): 9.022593333
