Launching Problin version 0.5b
Problin was called as follow: /Users/uym2/my_gits/problin/run_problin.py -c s20c6/k10_exp_character_matrix.csv -t s20c6/true_tree.nwk --delimiter comma -p s20c6/k10_exp_priors.csv -o s20c6/k10_exp_problin --nInitials 10 --ultrametric
Optimizing branch lengths, phi, and nu without topology search
Optimization by EM algorithm
Initial point 1. Random seed: 4059
Numerical optimization started with ultrametric constraint
Initial phi: 0.15675441978629573. Initial nu: 0.3540031968496863. Initial nllh: 8867.756742751213
EM finished after 17 iterations.
Optimal phi: 0. Optimal nu: 7.518189027556934e-07. Optimal nllh: 67.32827209226289
Optimal point found for initial point 1
Initial point 2. Random seed: 2901
Numerical optimization started with ultrametric constraint
Initial phi: 0.02477621858191683. Initial nu: 0.1165351752174027. Initial nllh: 77.309318393162
EM finished after 9 iterations.
Optimal phi: 0. Optimal nu: 7.555920440609025e-07. Optimal nllh: 67.32827526527063
Optimal point found for initial point 2
Initial point 3. Random seed: 6788
Numerical optimization started with ultrametric constraint
Initial phi: 0.349737690513622. Initial nu: 0.20252697432260958. Initial nllh: 130.99156953531727
EM finished after 12 iterations.
Optimal phi: 0. Optimal nu: 7.367208407375277e-07. Optimal nllh: 67.32827157171728
Optimal point found for initial point 3
Initial point 4. Random seed: 265
Numerical optimization started with ultrametric constraint
Initial phi: 0.04395315373107032. Initial nu: 0.07363407373310929. Initial nllh: 77.17411450197787
EM finished after 8 iterations.
Optimal phi: 0. Optimal nu: 7.560046412498794e-07. Optimal nllh: 67.32827488301757
Optimal point found for initial point 4
Initial point 5. Random seed: 2885
Numerical optimization started with ultrametric constraint
Initial phi: 0.37793167383097437. Initial nu: 0.8882183574644741. Initial nllh: 176.55992591410572
EM finished after 16 iterations.
Optimal phi: 0. Optimal nu: 7.546120305898897e-07. Optimal nllh: 67.32827194898104
Optimal point found for initial point 5
Initial point 6. Random seed: 3668
Numerical optimization started with ultrametric constraint
Initial phi: 0.5196595967491748. Initial nu: 0.16516600915415944. Initial nllh: 165.14472704144677
EM finished after 16 iterations.
Optimal phi: 0. Optimal nu: 7.548406587856802e-07. Optimal nllh: 67.32827134117792
Optimal point found for initial point 6
Initial point 7. Random seed: 2023
Numerical optimization started with ultrametric constraint
Initial phi: 0.49780818279768646. Initial nu: 0.5263685308247311. Initial nllh: 181.0102437669329
EM finished after 14 iterations.
Optimal phi: 0. Optimal nu: 7.563969963243393e-07. Optimal nllh: 67.32827276341007
Optimal point found for initial point 7
Initial point 8. Random seed: 608
Numerical optimization started with ultrametric constraint
Initial phi: 0.3826272970063779. Initial nu: 0.04330186264332247. Initial nllh: 127.87365365994225
EM finished after 10 iterations.
Optimal phi: 0. Optimal nu: 7.552339435175191e-07. Optimal nllh: 67.328271626996
Optimal point found for initial point 8
Initial point 9. Random seed: 5090
Numerical optimization started with ultrametric constraint
Initial phi: 0.457721521123385. Initial nu: 0.48543467024492215. Initial nllh: 169.39119386059699
EM finished after 12 iterations.
Optimal phi: 0. Optimal nu: 7.539938557754639e-07. Optimal nllh: 67.32827606037186
Optimal point found for initial point 9
Initial point 10. Random seed: 8952
Numerical optimization started with ultrametric constraint
Initial phi: 0.4769874487072543. Initial nu: 0.6788545008681025. Initial nllh: 185.08419516958418
EM finished after 15 iterations.
Optimal phi: 0. Optimal nu: 7.557913159414317e-07. Optimal nllh: 67.32827218067698
Optimal point found for initial point 10
Numerical optimization finished successfully
Runtime (s): 7.234060542
