dataset s12c4
Optimization using leaf locations
Initial point 1. Random seed: 1920
Solving with ultrametric constraint
Optimal point found for initial point 1
Negative llh: 360.6654961851136
Dropout rate: 0
Silencing rate: 0
Initial point 2. Random seed: 2347
Solving with ultrametric constraint
Optimal point found for initial point 2
Negative llh: 361.3911006309613
Dropout rate: 0
Silencing rate: 0
Initial point 3. Random seed: 9949
Solving with ultrametric constraint
Optimal point found for initial point 3
Negative llh: 359.56199313774084
Dropout rate: 0
Silencing rate: 0
Initial point 4. Random seed: 3073
Solving with ultrametric constraint
Optimal point found for initial point 4
Negative llh: 359.7091955669373
Dropout rate: 0
Silencing rate: 0
Initial point 5. Random seed: 1803
Solving with ultrametric constraint
Optimal point found for initial point 5
Negative llh: 359.709189118665
Dropout rate: 0
Silencing rate: 0
Initial point 6. Random seed: 7710
Solving with ultrametric constraint
Optimal point found for initial point 6
Negative llh: 359.7092354971777
Dropout rate: 0
Silencing rate: 0
Initial point 7. Random seed: 5801
Solving with ultrametric constraint
Optimal point found for initial point 7
Negative llh: 360.3354202486763
Dropout rate: 0
Silencing rate: 0
Initial point 8. Random seed: 1738
Solving with ultrametric constraint
Optimal point found for initial point 8
Negative llh: 360.33548770723314
Dropout rate: 0
Silencing rate: 0
Initial point 9. Random seed: 8200
Solving with ultrametric constraint
Optimal point found for initial point 9
Negative llh: 359.7093004980019
Dropout rate: 0
Silencing rate: 0
Initial point 10. Random seed: 3755
Solving with ultrametric constraint
Optimal point found for initial point 10
Negative llh: 362.15879828386176
Dropout rate: 0
Silencing rate: 0
Initial point 11. Random seed: 6371
Solving with ultrametric constraint
Optimal point found for initial point 11
Negative llh: 360.33544870196386
Dropout rate: 0
Silencing rate: 0
Initial point 12. Random seed: 3912
Solving with ultrametric constraint
Optimal point found for initial point 12
Negative llh: 359.57922359459303
Dropout rate: 0
Silencing rate: 0
Initial point 13. Random seed: 1670
Solving with ultrametric constraint
Optimal point found for initial point 13
Negative llh: 361.3911385724981
Dropout rate: 0
Silencing rate: 0
Initial point 14. Random seed: 4124
Solving with ultrametric constraint
Optimal point found for initial point 14
Negative llh: 360.35338807850763
Dropout rate: 0
Silencing rate: 0
Initial point 15. Random seed: 5445
Solving with ultrametric constraint
Optimal point found for initial point 15
Negative llh: 359.37048799355324
Dropout rate: 0
Silencing rate: 0
Initial point 16. Random seed: 9692
Solving with ultrametric constraint
Optimal point found for initial point 16
Negative llh: 361.18594746634426
Dropout rate: 0
Silencing rate: 0
Initial point 17. Random seed: 7631
Solving with ultrametric constraint
Optimal point found for initial point 17
Negative llh: 362.1541360602274
Dropout rate: 0
Silencing rate: 0
Initial point 18. Random seed: 9892
Solving with ultrametric constraint
Optimal point found for initial point 18
Negative llh: 360.3354327104225
Dropout rate: 0
Silencing rate: 0
Initial point 19. Random seed: 4788
Solving with ultrametric constraint
Optimal point found for initial point 19
Negative llh: 360.3967068766789
Dropout rate: 0
Silencing rate: 0
Initial point 20. Random seed: 1524
Solving with ultrametric constraint
Optimal point found for initial point 20
Negative llh: 358.600729292819
Dropout rate: 0
Silencing rate: 0
Optimal nllh: 358.600729292819
