dataset s9c6
Optimization without using locations
Initial point 1. Random seed: 5045
Solving with ultrametric constraint
Optimal point found for initial point 1
Negative llh: 24.3914925402235
Dropout rate: 1e-08
Silencing rate: 1e-08
Initial point 2. Random seed: 7259
Solving with ultrametric constraint
Optimal point found for initial point 2
Negative llh: 24.39149238199034
Dropout rate: 1e-08
Silencing rate: 1e-08
Initial point 3. Random seed: 9123
Solving with ultrametric constraint
Optimal point found for initial point 3
Negative llh: 24.39149238199034
Dropout rate: 1e-08
Silencing rate: 1e-08
Initial point 4. Random seed: 4723
Solving with ultrametric constraint
Optimal point found for initial point 4
Negative llh: 24.39149238199034
Dropout rate: 1e-08
Silencing rate: 1e-08
Initial point 5. Random seed: 8336
Solving with ultrametric constraint
Optimal point found for initial point 5
Negative llh: 24.39149238199034
Dropout rate: 1e-08
Silencing rate: 1e-08
Initial point 6. Random seed: 5396
Solving with ultrametric constraint
Optimal point found for initial point 6
Negative llh: 24.39149238199034
Dropout rate: 1e-08
Silencing rate: 1e-08
Initial point 7. Random seed: 5958
Solving with ultrametric constraint
Optimal point found for initial point 7
Negative llh: 24.39149238199034
Dropout rate: 1e-08
Silencing rate: 1e-08
Initial point 8. Random seed: 8656
Solving with ultrametric constraint
Optimal point found for initial point 8
Negative llh: 24.39149238199034
Dropout rate: 1e-08
Silencing rate: 1e-08
Initial point 9. Random seed: 7633
Solving with ultrametric constraint
Optimal point found for initial point 9
Negative llh: 24.39149238199034
Dropout rate: 1e-08
Silencing rate: 1e-08
Initial point 10. Random seed: 3073
Solving with ultrametric constraint
Optimal point found for initial point 10
Negative llh: 24.39149238199034
Dropout rate: 1e-08
Silencing rate: 1e-08
Initial point 11. Random seed: 1473
Solving with ultrametric constraint
Optimal point found for initial point 11
Negative llh: 24.39149238199034
Dropout rate: 1e-08
Silencing rate: 1e-08
Initial point 12. Random seed: 347
Solving with ultrametric constraint
Optimal point found for initial point 12
Negative llh: 24.39149238199034
Dropout rate: 1e-08
Silencing rate: 1e-08
Initial point 13. Random seed: 8408
Solving with ultrametric constraint
Optimal point found for initial point 13
Negative llh: 24.39149238199034
Dropout rate: 1e-08
Silencing rate: 1e-08
Initial point 14. Random seed: 956
Solving with ultrametric constraint
Optimal point found for initial point 14
Negative llh: 24.39149238199034
Dropout rate: 1e-08
Silencing rate: 1e-08
Initial point 15. Random seed: 9817
Solving with ultrametric constraint
Optimal point found for initial point 15
Negative llh: 24.39149238199034
Dropout rate: 1e-08
Silencing rate: 1e-08
Initial point 16. Random seed: 7845
Solving with ultrametric constraint
Optimal point found for initial point 16
Negative llh: 24.39149238199034
Dropout rate: 1e-08
Silencing rate: 1e-08
Initial point 17. Random seed: 8124
Solving with ultrametric constraint
Optimal point found for initial point 17
Negative llh: 24.39149238199034
Dropout rate: 1e-08
Silencing rate: 1e-08
Initial point 18. Random seed: 1140
Solving with ultrametric constraint
Optimal point found for initial point 18
Negative llh: 24.39149238199034
Dropout rate: 1e-08
Silencing rate: 1e-08
Initial point 19. Random seed: 8330
Solving with ultrametric constraint
Optimal point found for initial point 19
Negative llh: 24.39149238199034
Dropout rate: 1e-08
Silencing rate: 1e-08
Initial point 20. Random seed: 8263
Solving with ultrametric constraint
Optimal point found for initial point 20
Negative llh: 24.39149238199034
Dropout rate: 1e-08
Silencing rate: 1e-08
Optimization using locations
Optimization start with 1 initials
Initial point 1. Random seed: 3612
Solving with ultrametric constraint
  NIT    FC           OBJFUN            GNORM
    1    10     1.197898E+02     1.278677E+02
    2    20     1.194382E+02     5.558443E+00
    3    30     1.141267E+02     5.414202E+00
    4    40     1.140673E+02     5.393534E+00
    5    50     1.140561E+02     5.434550E+00
    6    60     1.140441E+02     5.574456E+00
    7    70     4.953647E+01     5.885413E+00
    8    79     4.903384E+01     1.958530E+01
    9    88     4.901565E+01     7.496005E+00
   10    97     4.912789E+01     6.903938E+00
   11   107     4.896352E+01     8.442777E+00
   12   116     4.895917E+01     9.359982E+00
   13   125     4.894108E+01     9.237481E+00
   14   134     4.893265E+01     9.190069E+00
   15   143     4.893251E+01     8.972187E+00
   16   152     4.893251E+01     8.960644E+00
Optimization terminated successfully    (Exit mode 0)
            Current function value: 48.9325078870569
            Iterations: 16
            Function evaluations: 152
            Gradient evaluations: 16
Optimal point found for initial point 1
Negative llh: 48.9325078870569
Dropout rate: 0
Silencing rate: 0
