dataset s9c6
Optimization using leaf locations
Initial point 1. Random seed: 4968
Solving with ultrametric constraint
Optimal point found for initial point 1
Negative llh: 45.80706097500928
Dropout rate: 0
Silencing rate: 0
Initial point 2. Random seed: 5466
Solving with ultrametric constraint
Optimal point found for initial point 2
Negative llh: 45.8070615103922
Dropout rate: 0
Silencing rate: 0
Initial point 3. Random seed: 2773
Solving with ultrametric constraint
Optimal point found for initial point 3
Negative llh: 45.807061100736405
Dropout rate: 0
Silencing rate: 0
Initial point 4. Random seed: 9108
Solving with ultrametric constraint
Optimal point found for initial point 4
Negative llh: 45.8070658078356
Dropout rate: 0
Silencing rate: 0
Initial point 5. Random seed: 2157
Solving with ultrametric constraint
Optimal point found for initial point 5
Negative llh: 45.807060889437736
Dropout rate: 0
Silencing rate: 0
Initial point 6. Random seed: 3351
Solving with ultrametric constraint
Optimal point found for initial point 6
Negative llh: 45.80706093138999
Dropout rate: 0
Silencing rate: 0
Initial point 7. Random seed: 4836
Solving with ultrametric constraint
Optimal point found for initial point 7
Negative llh: 45.8070609018162
Dropout rate: 0
Silencing rate: 0
Initial point 8. Random seed: 1089
Solving with ultrametric constraint
Optimal point found for initial point 8
Negative llh: 45.807061484299005
Dropout rate: 0
Silencing rate: 0
Initial point 9. Random seed: 5508
Solving with ultrametric constraint
Optimal point found for initial point 9
Negative llh: 45.80706217660607
Dropout rate: 0
Silencing rate: 0
Initial point 10. Random seed: 9603
Solving with ultrametric constraint
Optimal point found for initial point 10
Negative llh: 45.80706111273832
Dropout rate: 0
Silencing rate: 0
Initial point 11. Random seed: 9900
Solving with ultrametric constraint
Optimal point found for initial point 11
Negative llh: 45.80706113911636
Dropout rate: 0
Silencing rate: 0
Initial point 12. Random seed: 3886
Solving with ultrametric constraint
Optimal point found for initial point 12
Negative llh: 45.80706088319904
Dropout rate: 0
Silencing rate: 0
Initial point 13. Random seed: 7356
Solving with ultrametric constraint
Optimal point found for initial point 13
Negative llh: 45.807061097992886
Dropout rate: 0
Silencing rate: 0
Initial point 14. Random seed: 2214
Solving with ultrametric constraint
Optimal point found for initial point 14
Negative llh: 45.807060888759395
Dropout rate: 0
Silencing rate: 0
Initial point 15. Random seed: 1810
Solving with ultrametric constraint
Optimal point found for initial point 15
Negative llh: 45.80706141788872
Dropout rate: 0
Silencing rate: 0
Initial point 16. Random seed: 5399
Solving with ultrametric constraint
Optimal point found for initial point 16
Negative llh: 45.80706156564548
Dropout rate: 0
Silencing rate: 0
Initial point 17. Random seed: 4834
Solving with ultrametric constraint
Optimal point found for initial point 17
Negative llh: 45.807063021381644
Dropout rate: 0
Silencing rate: 0
Initial point 18. Random seed: 8407
Solving with ultrametric constraint
Optimal point found for initial point 18
Negative llh: 45.80706216021506
Dropout rate: 0
Silencing rate: 0
Initial point 19. Random seed: 6205
Solving with ultrametric constraint
Optimal point found for initial point 19
Negative llh: 45.807060896472905
Dropout rate: 0
Silencing rate: 0
Initial point 20. Random seed: 1689
Solving with ultrametric constraint
Optimal point found for initial point 20
Negative llh: 45.807060884436616
Dropout rate: 0
Silencing rate: 0
Optimal nllh: 45.80706088319904
