Launching Problin version 0.5b
Problin was called as follow: /Users/uym2/my_gits/problin/run_problin.py -c s15c8/k10_const_character_matrix.csv -t s15c8/true_tree.nwk --delimiter comma -p s15c8/k10_const_priors.csv -o s15c8/k10_const_problin --nInitials 10 --ultrametric
Optimizing branch lengths, phi, and nu without topology search
Optimization by EM algorithm
Initial point 1. Random seed: 2306
Numerical optimization started with ultrametric constraint
Initial phi: 0.4023058481680741. Initial nu: 0.15360923095970605. Initial nllh: 6188.612730589093
EM finished after 17 iterations.
Optimal phi: 0. Optimal nu: 1.0668069638197835e-06. Optimal nllh: 76.23182997141086
Optimal point found for initial point 1
Initial point 2. Random seed: 2398
Numerical optimization started with ultrametric constraint
Initial phi: 0.040044773180857404. Initial nu: 0.20850160149431946. Initial nllh: 99.20009546397094
EM finished after 13 iterations.
Optimal phi: 0. Optimal nu: 1.0676880580408895e-06. Optimal nllh: 76.23183006724118
Optimal point found for initial point 2
Initial point 3. Random seed: 2208
Numerical optimization started with ultrametric constraint
Initial phi: 0.38069197636926994. Initial nu: 0.8503366102231696. Initial nllh: 231.64374404030673
EM finished after 13 iterations.
Optimal phi: 0. Optimal nu: 1.1272885405315493e-06. Optimal nllh: 76.23183569823608
Optimal point found for initial point 3
Initial point 4. Random seed: 422
Numerical optimization started with ultrametric constraint
Initial phi: 0.8963951366667984. Initial nu: 0.6738676971069071. Initial nllh: 576.9327221700145
EM finished after 15 iterations.
Optimal phi: 0. Optimal nu: 1.1026676743009454e-06. Optimal nllh: 76.2318325143811
Optimal point found for initial point 4
Initial point 5. Random seed: 4173
Numerical optimization started with ultrametric constraint
Initial phi: 0.7948384089263376. Initial nu: 0.45854795332618165. Initial nllh: 425.2659593297855
EM finished after 12 iterations.
Optimal phi: 0. Optimal nu: 1.1235538848202184e-06. Optimal nllh: 76.2318353999116
Optimal point found for initial point 5
Initial point 6. Random seed: 4537
Numerical optimization started with ultrametric constraint
Initial phi: 0.39547933286232007. Initial nu: 0.7285669373507717. Initial nllh: 227.9791879268784
EM finished after 19 iterations.
Optimal phi: 0. Optimal nu: 1.0666362351702264e-06. Optimal nllh: 76.23182968698804
Optimal point found for initial point 6
Initial point 7. Random seed: 4997
Numerical optimization started with ultrametric constraint
Initial phi: 0.7788742015645107. Initial nu: 0.8204142633562327. Initial nllh: 435.5305128592972
EM finished after 18 iterations.
Optimal phi: 0. Optimal nu: 1.0677364842609848e-06. Optimal nllh: 76.23182979990146
Optimal point found for initial point 7
Initial point 8. Random seed: 6666
Numerical optimization started with ultrametric constraint
Initial phi: 0.11036009159976443. Initial nu: 0.6649823505436965. Initial nllh: 146.26737075889855
EM finished after 15 iterations.
Optimal phi: 0. Optimal nu: 1.0605738757259124e-06. Optimal nllh: 76.23182961254233
Optimal point found for initial point 8
Initial point 9. Random seed: 4647
Numerical optimization started with ultrametric constraint
Initial phi: 0.5628299843494425. Initial nu: 0.8532074232107295. Initial nllh: 301.5001929090344
EM finished after 13 iterations.
Optimal phi: 0. Optimal nu: 1.1381993111223697e-06. Optimal nllh: 76.23183641897094
Optimal point found for initial point 9
Initial point 10. Random seed: 5689
Numerical optimization started with ultrametric constraint
Initial phi: 0.050540168203916436. Initial nu: 0.0866374260395772. Initial nllh: 92.89503961097383
EM finished after 11 iterations.
Optimal phi: 0. Optimal nu: 1.071221853566492e-06. Optimal nllh: 76.23183032026348
Optimal point found for initial point 10
Numerical optimization finished successfully
Runtime (s): 9.900100875
