Launching Problin version 0.5p
Problin was called as follow: /Users/uym2/my_gits/problin/run_problin.py -c s2c6/k10_r1_character_matrix.csv -t s2c6/true_tree.nwk -S s2c6/true_locations.txt --delimiter comma -p s2c6/k10_priors.csv -o s2c6/k10_r1_spalin_all.txt --nInitials 10
Optimization by Spalin: Scipy-SLSQP using spatial information
Optimizing branch lengths, phi, and nu without topology search
Initial point 1. Random seed: 3353
Solving ML without ultrametric constraint
Optimal point found for initial point 1
Negative llh: 409.86477707925144
Dropout rate: 2.1164693063083606e-09
Silencing rate: 2.862800016789592e-09
Initial point 2. Random seed: 75
Solving ML without ultrametric constraint
Optimal point found for initial point 2
Negative llh: 409.8647765074699
Dropout rate: 2.4482151421180437e-10
Silencing rate: 1.3333819936123947e-09
Initial point 3. Random seed: 2363
Solving ML without ultrametric constraint
Optimal point found for initial point 3
Negative llh: 409.86477624136745
Dropout rate: 1e-10
Silencing rate: 2.5917286914567e-10
Initial point 4. Random seed: 2425
Solving ML without ultrametric constraint
Optimal point found for initial point 4
Negative llh: 409.8647762346122
Dropout rate: 1.791413790765712e-10
Silencing rate: 6.638230044485171e-10
Initial point 5. Random seed: 7898
Solving ML without ultrametric constraint
Optimal point found for initial point 5
Negative llh: 409.8647764653623
Dropout rate: 1.5158767635293777e-10
Silencing rate: 1.3110869783995364e-10
Initial point 6. Random seed: 6729
Solving ML without ultrametric constraint
Optimal point found for initial point 6
Negative llh: 409.8647761633163
Dropout rate: 1e-10
Silencing rate: 1e-10
Initial point 7. Random seed: 3662
Solving ML without ultrametric constraint
Optimal point found for initial point 7
Negative llh: 409.8647764149024
Dropout rate: 1.0000000000000002e-10
Silencing rate: 1.0000000000000007e-10
Initial point 8. Random seed: 6677
Solving ML without ultrametric constraint
Optimal point found for initial point 8
Negative llh: 409.86477613066324
Dropout rate: 1e-10
Silencing rate: 1.5131391974743183e-10
Initial point 9. Random seed: 3201
Solving ML without ultrametric constraint
Optimal point found for initial point 9
Negative llh: 409.86477606503433
Dropout rate: 1.0000000000000007e-10
Silencing rate: 9.999999999999924e-11
Initial point 10. Random seed: 2778
Solving ML without ultrametric constraint
Optimal point found for initial point 10
Negative llh: 409.8647767811334
Dropout rate: 1.70612395459003e-10
Silencing rate: 7.165200029277155e-10
Runtime (s): 70.13491825
