Launching Problin version 0.5p
Problin was called as follow: /Users/uym2/my_gits/problin/run_problin.py -c s2c6/k10_r1_character_matrix.csv -t s2c6/true_tree.nwk -S s2c6/leaf_locations.txt --delimiter comma -p s2c6/k10_priors.csv -o s2c6/k10_r1_spalin_leaves.txt --nInitials 10
Optimization by Spalin: Scipy-SLSQP using spatial information
Optimizing branch lengths, phi, and nu without topology search
Initial point 1. Random seed: 7045
Solving ML without ultrametric constraint
Optimal point found for initial point 1
Negative llh: 314.35543551926514
Dropout rate: 1e-10
Silencing rate: 1e-10
Initial point 2. Random seed: 8871
Solving ML without ultrametric constraint
Optimal point found for initial point 2
Negative llh: 316.14191662443227
Dropout rate: 1e-10
Silencing rate: 1e-10
Initial point 3. Random seed: 9217
Solving ML without ultrametric constraint
Optimal point found for initial point 3
Negative llh: 314.3550222467479
Dropout rate: 1e-10
Silencing rate: 1e-10
Initial point 4. Random seed: 2055
Solving ML without ultrametric constraint
Optimal point found for initial point 4
Negative llh: 316.0548498500896
Dropout rate: 1e-10
Silencing rate: 1e-10
Initial point 5. Random seed: 5795
Solving ML without ultrametric constraint
Optimal point found for initial point 5
Negative llh: 314.4146411986112
Dropout rate: 1.6741091096795193e-09
Silencing rate: 1.029691071460576e-09
Initial point 6. Random seed: 9157
Solving ML without ultrametric constraint
Optimal point found for initial point 6
Negative llh: 314.4131962856026
Dropout rate: 1.5955638951340437e-08
Silencing rate: 9.354634193207121e-09
Initial point 7. Random seed: 2648
Solving ML without ultrametric constraint
Optimal point found for initial point 7
Negative llh: 317.9289667676926
Dropout rate: 1e-10
Silencing rate: 1e-10
Initial point 8. Random seed: 1378
Solving ML without ultrametric constraint
Optimal point found for initial point 8
Negative llh: 315.2151933139453
Dropout rate: 5.369758162590744e-09
Silencing rate: 3.243558515195001e-09
Initial point 9. Random seed: 4826
Solving ML without ultrametric constraint
Optimal point found for initial point 9
Negative llh: 314.38222300437644
Dropout rate: 1e-10
Silencing rate: 1e-10
Initial point 10. Random seed: 8948
Solving ML without ultrametric constraint
Optimal point found for initial point 10
Negative llh: 314.41337329020666
Dropout rate: 7.378470004842986e-10
Silencing rate: 4.767516312202654e-10
Runtime (s): 361.366691333
