Launching Problin version 0.5p
Problin was called as follow: /Users/uym2/my_gits/problin/run_problin.py -c s3c1/k10_r1_character_matrix.csv -t s3c1/true_tree.nwk --delimiter comma -p s3c1/k10_priors.csv -o s3c1/k10_r1_problin.txt --nInitials 10
Optimization by EM algorithm
Optimizing branch lengths, phi, and nu without topology search
Initial point 1. Random seed: 5802
Solving ML without ultrametric constraint
Initial phi: 0.5798300140938104. Initial nu: 0.8508958824715317. Initial nllh: 12062.8560079423
EM finished after 23 iterations.
Optimal point found for initial point 1
Negative llh: 57.856532117598405
Dropout rate: 0
Silencing rate: 5.465903583532853e-07
Initial point 2. Random seed: 5963
Solving ML without ultrametric constraint
Initial phi: 0.1128250022030523. Initial nu: 0.3094882984798313. Initial nllh: 85.98248919507718
EM finished after 19 iterations.
Optimal point found for initial point 2
Negative llh: 57.85653179542774
Dropout rate: 0
Silencing rate: 5.41913274239557e-07
Initial point 3. Random seed: 9556
Solving ML without ultrametric constraint
Initial phi: 0.6015901489076881. Initial nu: 0.5676131076619308. Initial nllh: 179.51228950259184
EM finished after 22 iterations.
Optimal point found for initial point 3
Negative llh: 57.85653156827398
Dropout rate: 0
Silencing rate: 5.427565249145362e-07
Initial point 4. Random seed: 1817
Solving ML without ultrametric constraint
Initial phi: 0.5218749764100129. Initial nu: 0.7183249497696974. Initial nllh: 169.14058769170344
EM finished after 21 iterations.
Optimal point found for initial point 4
Negative llh: 57.85653188196523
Dropout rate: 0
Silencing rate: 5.43643477642388e-07
Initial point 5. Random seed: 5760
Solving ML without ultrametric constraint
Initial phi: 0.34491998617302927. Initial nu: 0.3677881512699817. Initial nllh: 119.35417735005178
EM finished after 19 iterations.
Optimal point found for initial point 5
Negative llh: 57.856532170753376
Dropout rate: 0
Silencing rate: 5.464311783925785e-07
Initial point 6. Random seed: 3996
Solving ML without ultrametric constraint
Initial phi: 0.5137757283630401. Initial nu: 0.5541108610621148. Initial nllh: 158.8884697355258
EM finished after 21 iterations.
Optimal point found for initial point 6
Negative llh: 57.856531884307685
Dropout rate: 0
Silencing rate: 5.460223068485e-07
Initial point 7. Random seed: 356
Solving ML without ultrametric constraint
Initial phi: 0.7190705776375023. Initial nu: 0.4772856266993251. Initial nllh: 209.73527741895617
EM finished after 16 iterations.
Optimal point found for initial point 7
Negative llh: 57.85653948735337
Dropout rate: 0
Silencing rate: 6.161596407697219e-07
Initial point 8. Random seed: 1169
Solving ML without ultrametric constraint
Initial phi: 0.17779864372215218. Initial nu: 0.14157376500226737. Initial nllh: 84.82280352660933
EM finished after 19 iterations.
Optimal point found for initial point 8
Negative llh: 57.85653144428077
Dropout rate: 0
Silencing rate: 5.417440971742975e-07
Initial point 9. Random seed: 8725
Solving ML without ultrametric constraint
Initial phi: 0.7704522140822063. Initial nu: 0.8451635628312094. Initial nllh: 249.13774425013145
EM finished after 20 iterations.
Optimal point found for initial point 9
Negative llh: 57.85653239219208
Dropout rate: 0
Silencing rate: 5.441507323218714e-07
Initial point 10. Random seed: 3560
Solving ML without ultrametric constraint
Initial phi: 0.20291177381989206. Initial nu: 0.6989906151061884. Initial nllh: 117.02093356839679
EM finished after 20 iterations.
Optimal point found for initial point 10
Negative llh: 57.8565324093992
Dropout rate: 0
Silencing rate: 5.476819326261608e-07
Runtime (s): 7.590307708
