Launching Problin version 0.5b
Problin was called as follow: /Users/uym2/my_gits/problin/run_problin.py -c s19c2/k200_exp_character_matrix.csv -t s19c2/true_tree.nwk --delimiter comma -p s19c2/k200_exp_priors.csv -o s19c2/k200_exp_problin --nInitials 10 --ultrametric
Optimizing branch lengths, phi, and nu without topology search
Optimization by EM algorithm
Initial point 1. Random seed: 8060
Numerical optimization started with ultrametric constraint
Initial phi: 0.9127224397769121. Initial nu: 0.3756455659636766. Initial nllh: 161999.36504398027
EM finished after 19 iterations.
Optimal phi: 0. Optimal nu: 4.803624271145079e-08. Optimal nllh: 1297.5750447470432
Optimal point found for initial point 1
Initial point 2. Random seed: 428
Numerical optimization started with ultrametric constraint
Initial phi: 0.937549164803612. Initial nu: 0.9664085947768271. Initial nllh: 10598.632822671521
EM finished after 18 iterations.
Optimal phi: 0. Optimal nu: 4.893121394943398e-08. Optimal nllh: 1297.575041888414
Optimal point found for initial point 2
Initial point 3. Random seed: 5888
Numerical optimization started with ultrametric constraint
Initial phi: 0.7332923077848659. Initial nu: 0.6095294665322188. Initial nllh: 5881.072615963124
EM finished after 17 iterations.
Optimal phi: 0. Optimal nu: 4.79919285223746e-08. Optimal nllh: 1297.5750406073273
Optimal point found for initial point 3
Initial point 4. Random seed: 5397
Numerical optimization started with ultrametric constraint
Initial phi: 0.3162385508813258. Initial nu: 0.26668259007955664. Initial nllh: 2708.7045483393836
EM finished after 15 iterations.
Optimal phi: 0. Optimal nu: 5.2724560894133196e-08. Optimal nllh: 1297.5750482760664
Optimal point found for initial point 4
Initial point 5. Random seed: 1265
Numerical optimization started with ultrametric constraint
Initial phi: 0.7411625226608579. Initial nu: 0.35674007880178876. Initial nllh: 5714.340588669149
EM finished after 16 iterations.
Optimal phi: 0. Optimal nu: 4.859333569245357e-08. Optimal nllh: 1297.5750417246552
Optimal point found for initial point 5
Initial point 6. Random seed: 5108
Numerical optimization started with ultrametric constraint
Initial phi: 0.98582908162618. Initial nu: 0.5559536885237216. Initial nllh: 14631.574603352601
EM finished after 18 iterations.
Optimal phi: 0. Optimal nu: 4.81606147129269e-08. Optimal nllh: 1297.5750342701122
Optimal point found for initial point 6
Initial point 7. Random seed: 1134
Numerical optimization started with ultrametric constraint
Initial phi: 0.7067658135674404. Initial nu: 0.3927461464245359. Initial nllh: 5376.579292920487
EM finished after 17 iterations.
Optimal phi: 0. Optimal nu: 4.8147465239574845e-08. Optimal nllh: 1297.575035945817
Optimal point found for initial point 7
Initial point 8. Random seed: 7402
Numerical optimization started with ultrametric constraint
Initial phi: 0.33849799277712145. Initial nu: 0.319850890188246. Initial nllh: 2861.9625146473586
EM finished after 16 iterations.
Optimal phi: 0. Optimal nu: 4.940338383258048e-08. Optimal nllh: 1297.5750424189564
Optimal point found for initial point 8
Initial point 9. Random seed: 2822
Numerical optimization started with ultrametric constraint
Initial phi: 0.15573467861091364. Initial nu: 0.03393929009497856. Initial nllh: 1839.8898549086362
EM finished after 10 iterations.
Optimal phi: 0. Optimal nu: 4.9370985486786133e-08. Optimal nllh: 1297.5750383618636
Optimal point found for initial point 9
Initial point 10. Random seed: 5510
Numerical optimization started with ultrametric constraint
Initial phi: 0.6021149933723337. Initial nu: 0.8352620638991077. Initial nllh: 4910.173749859281
EM finished after 18 iterations.
Optimal phi: 0. Optimal nu: 5.375422056836898e-08. Optimal nllh: 1297.5750452919826
Optimal point found for initial point 10
Numerical optimization finished successfully
Runtime (s): 23.726262415999997
