dataset s16c9
Optimization using leaf locations
Initial point 1. Random seed: 6891
Solving with ultrametric constraint
Optimal point found for initial point 1
Negative llh: 60.498732020636595
Dropout rate: 0
Silencing rate: 0
Initial point 2. Random seed: 5709
Solving with ultrametric constraint
Optimal point found for initial point 2
Negative llh: 60.498739930203705
Dropout rate: 0
Silencing rate: 0
Initial point 3. Random seed: 132
Solving with ultrametric constraint
Optimal point found for initial point 3
Negative llh: 60.49877904029596
Dropout rate: 0
Silencing rate: 0
Initial point 4. Random seed: 6445
Solving with ultrametric constraint
Optimal point found for initial point 4
Negative llh: 60.49873043058875
Dropout rate: 0
Silencing rate: 0
Initial point 5. Random seed: 2956
Solving with ultrametric constraint
Optimal point found for initial point 5
Negative llh: 60.49873467554289
Dropout rate: 0
Silencing rate: 0
Initial point 6. Random seed: 5372
Solving with ultrametric constraint
Optimal point found for initial point 6
Negative llh: 60.498738031425994
Dropout rate: 0
Silencing rate: 0
Initial point 7. Random seed: 679
Solving with ultrametric constraint
Optimal point found for initial point 7
Negative llh: 60.498730813772546
Dropout rate: 0
Silencing rate: 0
Initial point 8. Random seed: 2158
Solving with ultrametric constraint
Optimal point found for initial point 8
Negative llh: 60.49878863268289
Dropout rate: 0
Silencing rate: 0
Initial point 9. Random seed: 2019
Solving with ultrametric constraint
Optimal point found for initial point 9
Negative llh: 60.49874258510236
Dropout rate: 0
Silencing rate: 0
Initial point 10. Random seed: 8646
Solving with ultrametric constraint
Optimal point found for initial point 10
Negative llh: 60.4987303755359
Dropout rate: 0
Silencing rate: 0
Initial point 11. Random seed: 3115
Solving with ultrametric constraint
Optimal point found for initial point 11
Negative llh: 60.4987654980888
Dropout rate: 0
Silencing rate: 0
Initial point 12. Random seed: 8477
Solving with ultrametric constraint
Optimal point found for initial point 12
Negative llh: 60.49873733631621
Dropout rate: 0
Silencing rate: 0
Initial point 13. Random seed: 4987
Solving with ultrametric constraint
Optimal point found for initial point 13
Negative llh: 60.49873392515177
Dropout rate: 0
Silencing rate: 0
Initial point 14. Random seed: 4518
Solving with ultrametric constraint
Optimal point found for initial point 14
Negative llh: 60.49873032610842
Dropout rate: 0
Silencing rate: 0
Initial point 15. Random seed: 140
Solving with ultrametric constraint
Optimal point found for initial point 15
Negative llh: 60.49873038358943
Dropout rate: 0
Silencing rate: 0
Initial point 16. Random seed: 9372
Solving with ultrametric constraint
Optimal point found for initial point 16
Negative llh: 60.49873061754353
Dropout rate: 0
Silencing rate: 0
Initial point 17. Random seed: 1660
Solving with ultrametric constraint
Optimal point found for initial point 17
Negative llh: 60.49876411682428
Dropout rate: 0
Silencing rate: 0
Initial point 18. Random seed: 393
Solving with ultrametric constraint
Optimal point found for initial point 18
Negative llh: 60.49873044404291
Dropout rate: 0
Silencing rate: 0
Initial point 19. Random seed: 8851
Solving with ultrametric constraint
Optimal point found for initial point 19
Negative llh: 60.49873041597933
Dropout rate: 0
Silencing rate: 0
Initial point 20. Random seed: 350
Solving with ultrametric constraint
Optimal point found for initial point 20
Negative llh: 60.4987304978384
Dropout rate: 0
Silencing rate: 0
Optimal nllh: 60.49873032610842
