dataset s16c9
Optimization without using locations
Initial point 1. Random seed: 2909
Solving with ultrametric constraint
Optimal point found for initial point 1
Negative llh: 29.501503920200225
Dropout rate: 1e-08
Silencing rate: 1e-08
Initial point 2. Random seed: 1951
Solving with ultrametric constraint
Optimal point found for initial point 2
Negative llh: 29.50150356697093
Dropout rate: 1e-08
Silencing rate: 1e-08
Initial point 3. Random seed: 3844
Solving with ultrametric constraint
Optimal point found for initial point 3
Negative llh: 29.50150356697093
Dropout rate: 1e-08
Silencing rate: 1e-08
Initial point 4. Random seed: 2640
Solving with ultrametric constraint
Optimal point found for initial point 4
Negative llh: 29.50150356697093
Dropout rate: 1e-08
Silencing rate: 1e-08
Initial point 5. Random seed: 7037
Solving with ultrametric constraint
Optimal point found for initial point 5
Negative llh: 29.50150356697093
Dropout rate: 1e-08
Silencing rate: 1e-08
Initial point 6. Random seed: 6696
Solving with ultrametric constraint
Optimal point found for initial point 6
Negative llh: 29.50150356697093
Dropout rate: 1e-08
Silencing rate: 1e-08
Initial point 7. Random seed: 9417
Solving with ultrametric constraint
Optimal point found for initial point 7
Negative llh: 29.50150356697093
Dropout rate: 1e-08
Silencing rate: 1e-08
Initial point 8. Random seed: 2874
Solving with ultrametric constraint
Optimal point found for initial point 8
Negative llh: 29.50150356697093
Dropout rate: 1e-08
Silencing rate: 1e-08
Initial point 9. Random seed: 3436
Solving with ultrametric constraint
Optimal point found for initial point 9
Negative llh: 29.50150356697093
Dropout rate: 1e-08
Silencing rate: 1e-08
Initial point 10. Random seed: 2105
Solving with ultrametric constraint
Optimal point found for initial point 10
Negative llh: 29.50150356697093
Dropout rate: 1e-08
Silencing rate: 1e-08
Initial point 11. Random seed: 9351
Solving with ultrametric constraint
Optimal point found for initial point 11
Negative llh: 29.50150356697093
Dropout rate: 1e-08
Silencing rate: 1e-08
Initial point 12. Random seed: 1383
Solving with ultrametric constraint
Optimal point found for initial point 12
Negative llh: 29.50150356697093
Dropout rate: 1e-08
Silencing rate: 1e-08
Initial point 13. Random seed: 3068
Solving with ultrametric constraint
Optimal point found for initial point 13
Negative llh: 29.50150356697093
Dropout rate: 1e-08
Silencing rate: 1e-08
Initial point 14. Random seed: 8700
Solving with ultrametric constraint
Optimal point found for initial point 14
Negative llh: 29.50150356697093
Dropout rate: 1e-08
Silencing rate: 1e-08
Initial point 15. Random seed: 4243
Solving with ultrametric constraint
Optimal point found for initial point 15
Negative llh: 29.50150356697093
Dropout rate: 1e-08
Silencing rate: 1e-08
Initial point 16. Random seed: 5339
Solving with ultrametric constraint
Optimal point found for initial point 16
Negative llh: 29.50150356697093
Dropout rate: 1e-08
Silencing rate: 1e-08
Initial point 17. Random seed: 1715
Solving with ultrametric constraint
Optimal point found for initial point 17
Negative llh: 29.50150356697093
Dropout rate: 1e-08
Silencing rate: 1e-08
Initial point 18. Random seed: 2119
Solving with ultrametric constraint
Optimal point found for initial point 18
Negative llh: 29.50150356697093
Dropout rate: 1e-08
Silencing rate: 1e-08
Initial point 19. Random seed: 2488
Solving with ultrametric constraint
Optimal point found for initial point 19
Negative llh: 29.50150356697093
Dropout rate: 1e-08
Silencing rate: 1e-08
Initial point 20. Random seed: 7989
Solving with ultrametric constraint
Optimal point found for initial point 20
Negative llh: 29.50150356697093
Dropout rate: 1e-08
Silencing rate: 1e-08
Optimization using locations
Optimization start with 1 initials
Initial point 1. Random seed: 9592
Solving with ultrametric constraint
  NIT    FC           OBJFUN            GNORM
    1    12     1.662128E+02     6.683450E+01
    2    24     8.026434E+01     3.978121E+01
    3    38     1.221956E+02     8.550068E+00
    4    50     1.140071E+02     8.876932E+00
    5    62     1.138887E+02     9.287415E+00
    6    74     1.138297E+02     9.731771E+00
    7    86     1.139207E+02     1.020467E+01
    8    98     1.138452E+02     1.072476E+01
    9   110     1.138163E+02     1.131176E+01
   10   122     1.138001E+02     1.198351E+01
   11   134     1.137950E+02     1.277244E+01
   12   146     1.137865E+02     1.372989E+01
   13   158     1.158600E+02     1.493243E+01
   14   170     1.138800E+02     1.480528E+01
   15   182     6.607580E+01     1.652648E+01
   16   193     6.594385E+01     2.035147E+01
   17   204     6.586852E+01     1.793027E+01
   18   215     6.585042E+01     1.179981E+01
   19   226     6.582697E+01     1.301802E+01
   20   237     6.582660E+01     1.271103E+01
   21   248     6.582650E+01     1.280570E+01
   22   259     6.582646E+01     1.285161E+01
   23   270     6.582640E+01     1.286046E+01
   24   281     6.582639E+01     1.285547E+01
   25   292     6.582639E+01     1.284182E+01
   26   302     6.582639E+01     1.283518E+01
Optimization terminated successfully    (Exit mode 0)
            Current function value: 65.82638981281605
            Iterations: 26
            Function evaluations: 302
            Gradient evaluations: 26
Optimal point found for initial point 1
Negative llh: 65.82638981281605
Dropout rate: 0
Silencing rate: 0
