dataset s15c2
Optimization using leaf locations
Initial point 1. Random seed: 1925
Solving with ultrametric constraint
Optimal point found for initial point 1
Negative llh: 353.24927943174544
Dropout rate: 0
Silencing rate: 0
Initial point 2. Random seed: 8087
Solving with ultrametric constraint
Optimal point found for initial point 2
Negative llh: 353.7852432163783
Dropout rate: 0
Silencing rate: 0
Initial point 3. Random seed: 3537
Solving with ultrametric constraint
Optimal point found for initial point 3
Negative llh: 5087.987463904476
Dropout rate: 0
Silencing rate: 0
Initial point 4. Random seed: 5043
Solving with ultrametric constraint
Optimal point found for initial point 4
Negative llh: 353.78523651261503
Dropout rate: 0
Silencing rate: 0
Initial point 5. Random seed: 4518
Solving with ultrametric constraint
Optimal point found for initial point 5
Negative llh: 353.7852545480065
Dropout rate: 0
Silencing rate: 0
Initial point 6. Random seed: 9804
Solving with ultrametric constraint
Optimal point found for initial point 6
Negative llh: 4736.2963332286
Dropout rate: 0
Silencing rate: 0
Initial point 7. Random seed: 5878
Solving with ultrametric constraint
Optimal point found for initial point 7
Negative llh: 353.78523966518713
Dropout rate: 0
Silencing rate: 0
Initial point 8. Random seed: 76
Solving with ultrametric constraint
Optimal point found for initial point 8
Negative llh: 353.78524695896743
Dropout rate: 0
Silencing rate: 0
Initial point 9. Random seed: 2402
Solving with ultrametric constraint
Optimal point found for initial point 9
Negative llh: 353.7852423152417
Dropout rate: 0
Silencing rate: 0
Initial point 10. Random seed: 9796
Solving with ultrametric constraint
Optimal point found for initial point 10
Negative llh: 352.47313093247146
Dropout rate: 0
Silencing rate: 0
Initial point 11. Random seed: 4649
Solving with ultrametric constraint
Optimal point found for initial point 11
Negative llh: 4734.885952567966
Dropout rate: 0
Silencing rate: 0
Initial point 12. Random seed: 9274
Solving with ultrametric constraint
Optimal point found for initial point 12
Negative llh: 352.6694121388733
Dropout rate: 0
Silencing rate: 0
Initial point 13. Random seed: 7723
Solving with ultrametric constraint
Optimal point found for initial point 13
Negative llh: 353.78524562124113
Dropout rate: 0
Silencing rate: 0
Initial point 14. Random seed: 9052
Solving with ultrametric constraint
Optimal point found for initial point 14
Negative llh: 353.7854976984181
Dropout rate: 0
Silencing rate: 0
Initial point 15. Random seed: 5909
Solving with ultrametric constraint
Optimal point found for initial point 15
Negative llh: 353.78527955910647
Dropout rate: 0
Silencing rate: 0
Initial point 16. Random seed: 4460
Solving with ultrametric constraint
Optimal point found for initial point 16
Negative llh: 352.4731335406065
Dropout rate: 0
Silencing rate: 0
Initial point 17. Random seed: 9426
Solving with ultrametric constraint
Optimal point found for initial point 17
Negative llh: 352.47316239749
Dropout rate: 0
Silencing rate: 0
Initial point 18. Random seed: 3485
Solving with ultrametric constraint
Optimal point found for initial point 18
Negative llh: 352.4731349594845
Dropout rate: 0
Silencing rate: 0
Initial point 19. Random seed: 8417
Solving with ultrametric constraint
Optimal point found for initial point 19
Negative llh: 352.47312937861534
Dropout rate: 0
Silencing rate: 0
Initial point 20. Random seed: 9369
Solving with ultrametric constraint
Optimal point found for initial point 20
Negative llh: 351.4758539248855
Dropout rate: 0
Silencing rate: 0
Optimal nllh: 351.4758539248855
