dataset s9c4
Optimization without using locations
Initial point 1. Random seed: 4943
Solving with ultrametric constraint
Optimal point found for initial point 1
Negative llh: 150.68091534866622
Dropout rate: 1e-08
Silencing rate: 1e-08
Initial point 2. Random seed: 2813
Solving with ultrametric constraint
Optimal point found for initial point 2
Negative llh: 150.68091524683308
Dropout rate: 1e-08
Silencing rate: 1e-08
Initial point 3. Random seed: 9689
Solving with ultrametric constraint
Optimal point found for initial point 3
Negative llh: 150.68091520281584
Dropout rate: 1e-08
Silencing rate: 1e-08
Initial point 4. Random seed: 4650
Solving with ultrametric constraint
Optimal point found for initial point 4
Negative llh: 150.68091519224288
Dropout rate: 1e-08
Silencing rate: 1e-08
Initial point 5. Random seed: 1899
Solving with ultrametric constraint
Optimal point found for initial point 5
Negative llh: 150.68091519224288
Dropout rate: 1e-08
Silencing rate: 1e-08
Initial point 6. Random seed: 2211
Solving with ultrametric constraint
Optimal point found for initial point 6
Negative llh: 150.68091519224288
Dropout rate: 1e-08
Silencing rate: 1e-08
Initial point 7. Random seed: 9270
Solving with ultrametric constraint
Optimal point found for initial point 7
Negative llh: 150.68091519224288
Dropout rate: 1e-08
Silencing rate: 1e-08
Initial point 8. Random seed: 9357
Solving with ultrametric constraint
Optimal point found for initial point 8
Negative llh: 150.68091519224288
Dropout rate: 1e-08
Silencing rate: 1e-08
Initial point 9. Random seed: 8803
Solving with ultrametric constraint
Optimal point found for initial point 9
Negative llh: 150.68091519224288
Dropout rate: 1e-08
Silencing rate: 1e-08
Initial point 10. Random seed: 5742
Solving with ultrametric constraint
Optimal point found for initial point 10
Negative llh: 150.68091519224288
Dropout rate: 1e-08
Silencing rate: 1e-08
Initial point 11. Random seed: 573
Solving with ultrametric constraint
Optimal point found for initial point 11
Negative llh: 150.68091519224288
Dropout rate: 1e-08
Silencing rate: 1e-08
Initial point 12. Random seed: 947
Solving with ultrametric constraint
Optimal point found for initial point 12
Negative llh: 150.68091519224288
Dropout rate: 1e-08
Silencing rate: 1e-08
Initial point 13. Random seed: 637
Solving with ultrametric constraint
Optimal point found for initial point 13
Negative llh: 150.68091519224288
Dropout rate: 1e-08
Silencing rate: 1e-08
Initial point 14. Random seed: 9085
Solving with ultrametric constraint
Optimal point found for initial point 14
Negative llh: 150.68091519224288
Dropout rate: 1e-08
Silencing rate: 1e-08
Initial point 15. Random seed: 5585
Solving with ultrametric constraint
Optimal point found for initial point 15
Negative llh: 150.68091519224288
Dropout rate: 1e-08
Silencing rate: 1e-08
Initial point 16. Random seed: 2713
Solving with ultrametric constraint
Optimal point found for initial point 16
Negative llh: 150.68091519224288
Dropout rate: 1e-08
Silencing rate: 1e-08
Initial point 17. Random seed: 1595
Solving with ultrametric constraint
Optimal point found for initial point 17
Negative llh: 150.68091519224288
Dropout rate: 1e-08
Silencing rate: 1e-08
Initial point 18. Random seed: 9553
Solving with ultrametric constraint
Optimal point found for initial point 18
Negative llh: 150.68091519224288
Dropout rate: 1e-08
Silencing rate: 1e-08
Initial point 19. Random seed: 2565
Solving with ultrametric constraint
Optimal point found for initial point 19
Negative llh: 150.68091519224288
Dropout rate: 1e-08
Silencing rate: 1e-08
Initial point 20. Random seed: 9631
Solving with ultrametric constraint
Optimal point found for initial point 20
Negative llh: 150.68091519224288
Dropout rate: 1e-08
Silencing rate: 1e-08
Optimization using locations
Optimization start with 1 initials
Initial point 1. Random seed: 4677
Solving with ultrametric constraint
  NIT    FC           OBJFUN            GNORM
    1    50     1.797358E+03     9.005896E+03
    2   100     2.059270E+03     1.697584E+02
    3   150     2.172319E+03     1.609334E+02
    4   200     2.270433E+03     1.553094E+02
    5   250     2.472304E+03     1.497485E+02
    6   300     2.134243E+03     1.419588E+02
    7   350     2.350238E+03     1.324272E+02
    8   400     1.515942E+03     1.191097E+02
    9   450     2.114015E+03     1.033025E+02
   10   500     1.743702E+03     9.160039E+01
   11   550     1.475235E+03     8.015681E+01
   12   600     8.253352E+02     7.122964E+01
   13   650     8.757075E+02     6.030377E+01
   14   700     1.051170E+03     5.646972E+01
   15   750     9.729482E+02     5.414007E+01
   16   800     9.233935E+02     5.319247E+01
   17   850     6.549290E+02     5.207132E+01
   18   900     7.013432E+02     5.076711E+01
   19   950     1.609322E+03     5.017876E+01
   20  1000     1.567271E+03     4.931812E+01
   21  1050     1.228059E+03     4.799847E+01
   22  1100     1.217367E+03     4.623007E+01
   23  1150     1.582846E+03     4.445007E+01
   24  1200     1.087604E+03     4.232009E+01
   25  1250     1.076568E+03     4.141068E+01
   26  1300     9.727824E+02     3.952955E+01
   27  1350     7.282305E+02     3.794374E+01
   28  1400     6.588154E+02     3.618215E+01
   29  1450     6.448825E+02     3.576715E+01
   30  1500     5.531745E+02     3.380401E+01
   31  1550     7.431690E+02     3.325104E+01
   32  1600     7.621808E+02     3.109852E+01
   33  1650     4.921525E+02     2.960368E+01
   34  1700     6.711102E+02     2.791650E+01
   35  1750     5.161630E+02     2.654360E+01
   36  1800     4.778373E+02     2.533322E+01
   37  1850     5.073608E+02     2.445066E+01
   38  1900     5.148621E+02     2.336851E+01
   39  1950     4.657505E+02     2.277675E+01
   40  2000     5.147317E+02     2.214688E+01
   41  2050     4.549493E+02     2.231037E+01
   42  2100     4.566957E+02     2.221706E+01
   43  2150     4.541281E+02     2.200362E+01
   44  2199     4.676045E+02     2.680619E+01
   45  2251     4.798074E+02     2.746075E+01
   46  2301     4.762212E+02     2.361692E+01
   47  2352     4.531796E+02     3.793268E+01
   48  2401     4.517351E+02     3.936036E+01
   49  2450     4.474692E+02     4.338912E+01
   50  2499     4.694024E+02     4.283809E+01
   51  2549     7.133545E+02     3.391971E+01
   52  2599     7.736595E+02     2.612859E+01
   53  2649     7.884314E+02     2.698000E+01
   54  2699     5.409025E+02     2.926048E+01
   55  2749     5.998890E+02     2.455891E+01
   56  2799     5.429276E+02     2.397519E+01
   57  2849     5.320654E+02     2.295051E+01
   58  2899     4.845645E+02     2.198513E+01
   59  2949     5.291095E+02     2.129412E+01
   60  2999     4.395282E+02     2.062034E+01
   61  3049     4.406062E+02     1.969824E+01
   62  3099     4.381431E+02     1.947285E+01
   63  3148     4.381147E+02     1.921898E+01
   64  3197     4.380866E+02     1.902901E+01
   65  3246     4.380701E+02     1.882824E+01
   66  3295     4.380522E+02     1.870694E+01
   67  3344     4.380186E+02     1.875783E+01
   68  3393     4.378800E+02     1.882798E+01
   69  3442     4.375415E+02     1.953446E+01
   70  3491     4.353096E+02     2.246344E+01
   71  3540     5.054630E+02     1.850072E+02
   72  3590     4.697292E+02     1.530135E+02
   73  3641     4.347483E+02     1.416323E+02
   74  3690     4.346361E+02     1.945753E+02
   75  3739     4.344632E+02     1.996735E+02
   76  3788     4.343495E+02     2.016344E+02
   77  3837     4.343415E+02     2.015617E+02
   78  3886     4.343367E+02     2.013161E+02
   79  3935     4.343362E+02     2.017712E+02
   80  3984     4.343360E+02     2.017563E+02
   81  4033     4.343360E+02     2.017813E+02
   82  4082     4.343360E+02     2.018227E+02
   84  4131     4.350135E+02     2.018302E+02
Optimization terminated successfully    (Exit mode 0)
            Current function value: 434.3359729362822
            Iterations: 84
            Function evaluations: 4135
            Gradient evaluations: 83
Optimal point found for initial point 1
Negative llh: 434.3359729362822
Dropout rate: 0
Silencing rate: 0
