dataset s9c4
Optimization using leaf locations
Initial point 1. Random seed: 6051
Solving with ultrametric constraint
Optimal point found for initial point 1
Negative llh: 389.8950118186443
Dropout rate: 0
Silencing rate: 0
Initial point 2. Random seed: 5224
Solving with ultrametric constraint
Optimal point found for initial point 2
Negative llh: 20218.595834252035
Dropout rate: 0
Silencing rate: 0
Initial point 3. Random seed: 7352
Solving with ultrametric constraint
Optimal point found for initial point 3
Negative llh: 387.6371106177063
Dropout rate: 0
Silencing rate: 0
Initial point 4. Random seed: 420
Solving with ultrametric constraint
Optimal point found for initial point 4
Negative llh: 24882.51127381361
Dropout rate: 0
Silencing rate: 0
Initial point 5. Random seed: 1252
Solving with ultrametric constraint
Optimal point found for initial point 5
Negative llh: 387.2407466749189
Dropout rate: 0
Silencing rate: 0
Initial point 6. Random seed: 2232
Solving with ultrametric constraint
Optimal point found for initial point 6
Negative llh: 29217.659281863867
Dropout rate: 0
Silencing rate: 0
Initial point 7. Random seed: 9734
Solving with ultrametric constraint
Optimal point found for initial point 7
Negative llh: 34072.321358017245
Dropout rate: 0
Silencing rate: 0
Initial point 8. Random seed: 3507
Solving with ultrametric constraint
Optimal point found for initial point 8
Negative llh: 26846.47073341244
Dropout rate: 0
Silencing rate: 0
Initial point 9. Random seed: 2221
Solving with ultrametric constraint
Optimal point found for initial point 9
Negative llh: 387.00337272960394
Dropout rate: 0
Silencing rate: 0
Initial point 10. Random seed: 567
Solving with ultrametric constraint
Optimal point found for initial point 10
Negative llh: 29303.988714604802
Dropout rate: 0
Silencing rate: 0
Initial point 11. Random seed: 9414
Solving with ultrametric constraint
Optimal point found for initial point 11
Negative llh: 386.8831923781511
Dropout rate: 0
Silencing rate: 0
Initial point 12. Random seed: 9171
Solving with ultrametric constraint
Optimal point found for initial point 12
Negative llh: 23862.87403983446
Dropout rate: 0
Silencing rate: 0
Initial point 13. Random seed: 4920
Solving with ultrametric constraint
Optimal point found for initial point 13
Negative llh: 387.24080841974944
Dropout rate: 0
Silencing rate: 0
Initial point 14. Random seed: 2120
Solving with ultrametric constraint
Optimal point found for initial point 14
Negative llh: 389.89509799056896
Dropout rate: 0
Silencing rate: 0
Initial point 15. Random seed: 7885
Solving with ultrametric constraint
Optimal point found for initial point 15
Negative llh: 385.4040372842692
Dropout rate: 0
Silencing rate: 0
Initial point 16. Random seed: 3083
Solving with ultrametric constraint
Optimal point found for initial point 16
Negative llh: 34810.58620724474
Dropout rate: 0
Silencing rate: 0
Initial point 17. Random seed: 3045
Solving with ultrametric constraint
Optimal point found for initial point 17
Negative llh: 43446.30625783235
Dropout rate: 0
Silencing rate: 0
Initial point 18. Random seed: 140
Solving with ultrametric constraint
Optimal point found for initial point 18
Negative llh: 34486.474872614956
Dropout rate: 0
Silencing rate: 0
Initial point 19. Random seed: 4009
Solving with ultrametric constraint
Optimal point found for initial point 19
Negative llh: 47330.04677368618
Dropout rate: 0
Silencing rate: 0
Initial point 20. Random seed: 3906
Solving with ultrametric constraint
Optimal point found for initial point 20
Negative llh: 23163.668905609833
Dropout rate: 0
Silencing rate: 0
Optimal nllh: 385.4040372842692
