Launching Problin version 0.5p
Problin was called as follow: /Users/uym2/my_gits/problin/run_problin.py -c s2c4/k10_r1_character_matrix.csv -t s2c4/true_tree.nwk --delimiter comma -p s2c4/k10_priors.csv -o s2c4/k10_r1_problin.txt --nInitials 10
Optimization by EM algorithm
Optimizing branch lengths, phi, and nu without topology search
Initial point 1. Random seed: 1236
Solving ML without ultrametric constraint
Initial phi: 0.01214443701327246. Initial nu: 0.007305567248639795. Initial nllh: 3575.372455876727
EM finished after 13 iterations.
Optimal point found for initial point 1
Negative llh: 59.228595530785945
Dropout rate: 0
Silencing rate: 5.342401673281459e-07
Initial point 2. Random seed: 9763
Solving ML without ultrametric constraint
Initial phi: 0.5685977127987057. Initial nu: 0.7139740340974828. Initial nllh: 189.101009332484
EM finished after 9 iterations.
Optimal point found for initial point 2
Negative llh: 59.22859561280233
Dropout rate: 0
Silencing rate: 5.353664978704233e-07
Initial point 3. Random seed: 3843
Solving ML without ultrametric constraint
Initial phi: 0.7457475250726722. Initial nu: 0.5463862447783604. Initial nllh: 231.2212608522666
EM finished after 9 iterations.
Optimal point found for initial point 3
Negative llh: 59.22859561322677
Dropout rate: 0
Silencing rate: 5.354421877515256e-07
Initial point 4. Random seed: 1338
Solving ML without ultrametric constraint
Initial phi: 0.7613540845014124. Initial nu: 0.9368715233390644. Initial nllh: 262.60506537436413
EM finished after 9 iterations.
Optimal point found for initial point 4
Negative llh: 59.22859562596589
Dropout rate: 0
Silencing rate: 5.354033046747855e-07
Initial point 5. Random seed: 3403
Solving ML without ultrametric constraint
Initial phi: 0.7209623362179634. Initial nu: 0.8925461238248255. Initial nllh: 244.12512665614332
EM finished after 9 iterations.
Optimal point found for initial point 5
Negative llh: 59.22859604185938
Dropout rate: 0
Silencing rate: 5.419411898614431e-07
Initial point 6. Random seed: 1314
Solving ML without ultrametric constraint
Initial phi: 0.9676404330149893. Initial nu: 0.4061711662408887. Initial nllh: 428.3684763305486
EM finished after 9 iterations.
Optimal point found for initial point 6
Negative llh: 59.2285960745857
Dropout rate: 0
Silencing rate: 5.426973110681344e-07
Initial point 7. Random seed: 899
Solving ML without ultrametric constraint
Initial phi: 0.31830455648970274. Initial nu: 0.3619839866025063. Initial nllh: 120.7666010654214
EM finished after 8 iterations.
Optimal point found for initial point 7
Negative llh: 59.22859566365831
Dropout rate: 0
Silencing rate: 5.351993673038897e-07
Initial point 8. Random seed: 2044
Solving ML without ultrametric constraint
Initial phi: 0.3866960656648425. Initial nu: 0.2507140821622406. Initial nllh: 124.20083366817295
EM finished after 8 iterations.
Optimal point found for initial point 8
Negative llh: 59.22859563835804
Dropout rate: 0
Silencing rate: 5.35215884445248e-07
Initial point 9. Random seed: 3034
Solving ML without ultrametric constraint
Initial phi: 0.5854551046239506. Initial nu: 0.3157179729861465. Initial nllh: 167.53870079240275
EM finished after 8 iterations.
Optimal point found for initial point 9
Negative llh: 59.228595729524
Dropout rate: 0
Silencing rate: 5.363909978950749e-07
Initial point 10. Random seed: 3658
Solving ML without ultrametric constraint
Initial phi: 0.4223109705181531. Initial nu: 0.7901625143675745. Initial nllh: 164.7879217622639
EM finished after 10 iterations.
Optimal point found for initial point 10
Negative llh: 59.22859558911405
Dropout rate: 0
Silencing rate: 5.352947169720064e-07
Runtime (s): 3.649162083
