Launching Problin version 0.5p
Problin was called as follow: /Users/uym2/my_gits/problin/run_problin.py -c s4c10/k10_r1_character_matrix.csv -t s4c10/true_tree.nwk -S s4c10/true_locations.txt --delimiter comma -p s4c10/k10_priors.csv -o s4c10/k10_r1_spalin_all.txt --nInitials 10
Optimization by Spalin: Scipy-SLSQP using spatial information
Optimizing branch lengths, phi, and nu without topology search
Initial point 1. Random seed: 5140
Solving ML without ultrametric constraint
Optimal point found for initial point 1
Negative llh: 175.20402324336976
Dropout rate: 1.0000000000000002e-10
Silencing rate: 1.0000000000000002e-10
Initial point 2. Random seed: 1796
Solving ML without ultrametric constraint
Optimal point found for initial point 2
Negative llh: 175.20402306933903
Dropout rate: 1e-10
Silencing rate: 1e-10
Initial point 3. Random seed: 8128
Solving ML without ultrametric constraint
Optimal point found for initial point 3
Negative llh: 175.20402294849657
Dropout rate: 1e-10
Silencing rate: 1e-10
Initial point 4. Random seed: 7467
Solving ML without ultrametric constraint
Optimal point found for initial point 4
Negative llh: 175.2040229418388
Dropout rate: 1.0000000000000007e-10
Silencing rate: 1.0000000000000007e-10
Initial point 5. Random seed: 5733
Solving ML without ultrametric constraint
Optimal point found for initial point 5
Negative llh: 175.20402336953478
Dropout rate: 1e-10
Silencing rate: 1e-10
Initial point 6. Random seed: 514
Solving ML without ultrametric constraint
Optimal point found for initial point 6
Negative llh: 175.20402283727958
Dropout rate: 1.0000000000000007e-10
Silencing rate: 9.999999999999924e-11
Initial point 7. Random seed: 8279
Solving ML without ultrametric constraint
Optimal point found for initial point 7
Negative llh: 175.20402279358183
Dropout rate: 1.0000000000000002e-10
Silencing rate: 9.999999999999996e-11
Initial point 8. Random seed: 1795
Solving ML without ultrametric constraint
Optimal point found for initial point 8
Negative llh: 175.20402314413525
Dropout rate: 3.6186818573882794e-10
Silencing rate: 1.421607484926214e-09
Initial point 9. Random seed: 4837
Solving ML without ultrametric constraint
Optimal point found for initial point 9
Negative llh: 175.20402733342513
Dropout rate: 1.859158151088737e-09
Silencing rate: 1.2957695733295972e-08
Initial point 10. Random seed: 1541
Solving ML without ultrametric constraint
Optimal point found for initial point 10
Negative llh: 175.20402280007585
Dropout rate: 9.999999999999996e-11
Silencing rate: 1.0000000000000007e-10
Runtime (s): 8.39161675
