Launching Problin version 0.5b
Problin was called as follow: /Users/uym2/my_gits/problin/run_problin.py -c s4c10/k10_r2_character_matrix.csv -t s4c10/true_tree.nwk --delimiter comma -p s4c10/k10_priors.csv -o s4c10/k10_r2_problin.txt --nInitials 10
Optimization by EM algorithm
Optimizing branch lengths, phi, and nu without topology search
Initial point 1. Random seed: 7292
Solving ML without ultrametric constraint
Initial phi: 0.9108090759063167. Initial nu: 0.029700710996684143. Initial nllh: 3785.197223087836
EM finished after 9 iterations.
Optimal point found for initial point 1
Negative llh: 34.94592669237089
Dropout rate: 0
Silencing rate: 1.1602927451718344e-06
Initial point 2. Random seed: 1256
Solving ML without ultrametric constraint
Initial phi: 0.6942378238516832. Initial nu: 0.711219294802928. Initial nllh: 202.2080574627422
EM finished after 12 iterations.
Optimal point found for initial point 2
Negative llh: 34.94592664896516
Dropout rate: 0
Silencing rate: 1.1588531193742428e-06
Initial point 3. Random seed: 8286
Solving ML without ultrametric constraint
Initial phi: 0.9629426701898367. Initial nu: 0.14778892561971826. Initial nllh: 435.5897546684252
EM finished after 7 iterations.
Optimal point found for initial point 3
Negative llh: 34.94592708037407
Dropout rate: 0
Silencing rate: 1.1692166998643682e-06
Initial point 4. Random seed: 3489
Solving ML without ultrametric constraint
Initial phi: 0.9491018354174529. Initial nu: 0.8118206480308692. Initial nllh: 420.91128613233275
EM finished after 11 iterations.
Optimal point found for initial point 4
Negative llh: 34.94592648121182
Dropout rate: 0
Silencing rate: 1.1540913234767407e-06
Initial point 5. Random seed: 5291
Solving ML without ultrametric constraint
Initial phi: 0.38526850536446927. Initial nu: 0.2924503159833819. Initial nllh: 103.64235988443382
EM finished after 9 iterations.
Optimal point found for initial point 5
Negative llh: 34.9459264953132
Dropout rate: 0
Silencing rate: 1.1544344566613089e-06
Initial point 6. Random seed: 3782
Solving ML without ultrametric constraint
Initial phi: 0.3019878303339242. Initial nu: 0.6807734250998447. Initial nllh: 102.08353353576584
EM finished after 8 iterations.
Optimal point found for initial point 6
Negative llh: 34.94592687145328
Dropout rate: 0
Silencing rate: 1.1632024141772942e-06
Initial point 7. Random seed: 1707
Solving ML without ultrametric constraint
Initial phi: 0.10284340035696189. Initial nu: 0.6466870060956336. Initial nllh: 70.76243894099228
EM finished after 9 iterations.
Optimal point found for initial point 7
Negative llh: 34.9459264998982
Dropout rate: 0
Silencing rate: 1.1544294681944492e-06
Initial point 8. Random seed: 3528
Solving ML without ultrametric constraint
Initial phi: 0.5260925962336639. Initial nu: 0.13825917170212096. Initial nllh: 129.4283279704611
EM finished after 7 iterations.
Optimal point found for initial point 8
Negative llh: 34.94592710209661
Dropout rate: 0
Silencing rate: 1.1698335736565652e-06
Initial point 9. Random seed: 2787
Solving ML without ultrametric constraint
Initial phi: 0.8435483654717748. Initial nu: 0.8442606552336448. Initial nllh: 287.30431987527726
EM finished after 8 iterations.
Optimal point found for initial point 9
Negative llh: 34.94592701301875
Dropout rate: 0
Silencing rate: 1.1666481250571897e-06
Initial point 10. Random seed: 351
Solving ML without ultrametric constraint
Initial phi: 0.2680399352296238. Initial nu: 0.4946569727946453. Initial nllh: 89.82438521005632
EM finished after 8 iterations.
Optimal point found for initial point 10
Negative llh: 34.94592723093026
Dropout rate: 0
Silencing rate: 1.1737398742509658e-06
Traceback (most recent call last):
  File "/Users/uym2/my_gits/problin/run_problin.py", line 193, in <module>
    main()
  File "/Users/uym2/my_gits/problin/run_problin.py", line 172, in main
    fout.write("Sigma: " + str(opt_params['sigma']) + "\n")
KeyError: 'sigma'
