Launching Problin version 0.5b
Problin was called as follow: /Users/uym2/my_gits/problin/run_problin.py -c s5c7/k10_const_character_matrix.csv -t s5c7/true_tree.nwk --delimiter comma -p s5c7/k10_const_priors.csv -o s5c7/k10_const_problin --nInitials 10 --ultrametric
Optimizing branch lengths, phi, and nu without topology search
Optimization by EM algorithm
Initial point 1. Random seed: 7502
Numerical optimization started with ultrametric constraint
Initial phi: 0.6238124697146161. Initial nu: 0.7755327181010742. Initial nllh: 26155.41838954326
EM finished after 38 iterations.
Optimal phi: 0. Optimal nu: 1.1488711458899796e-06. Optimal nllh: 153.62572437280153
Optimal point found for initial point 1
Initial point 2. Random seed: 351
Numerical optimization started with ultrametric constraint
Initial phi: 0.804048049871943. Initial nu: 0.545755305465137. Initial nllh: 717.8854481678522
EM finished after 27 iterations.
Optimal phi: 0. Optimal nu: 1.1490337982314665e-06. Optimal nllh: 153.62572494414925
Optimal point found for initial point 2
Initial point 3. Random seed: 2384
Numerical optimization started with ultrametric constraint
Initial phi: 0.5898287710720623. Initial nu: 0.494794116657834. Initial nllh: 483.4200406749426
EM finished after 27 iterations.
Optimal phi: 0. Optimal nu: 1.1490122498614859e-06. Optimal nllh: 153.62572494300167
Optimal point found for initial point 3
Initial point 4. Random seed: 2961
Numerical optimization started with ultrametric constraint
Initial phi: 0.5023150766430226. Initial nu: 0.9874487031526589. Initial nllh: 476.3140454469009
EM finished after 31 iterations.
Optimal phi: 0. Optimal nu: 1.1493715063363197e-06. Optimal nllh: 153.625724941939
Optimal point found for initial point 4
Initial point 5. Random seed: 4932
Numerical optimization started with ultrametric constraint
Initial phi: 0.0889141018179707. Initial nu: 0.05585742821324205. Initial nllh: 188.93725744632312
EM finished after 23 iterations.
Optimal phi: 0. Optimal nu: 1.149288827150901e-06. Optimal nllh: 153.62572453725193
Optimal point found for initial point 5
Initial point 6. Random seed: 8978
Numerical optimization started with ultrametric constraint
Initial phi: 0.9101322786889846. Initial nu: 0.7749421257697952. Initial nllh: 984.1240732035285
EM finished after 29 iterations.
Optimal phi: 0. Optimal nu: 1.148886520114932e-06. Optimal nllh: 153.62572478888242
Optimal point found for initial point 6
Initial point 7. Random seed: 5522
Numerical optimization started with ultrametric constraint
Initial phi: 0.7698362399598943. Initial nu: 0.06338688091369524. Initial nllh: 616.2572099639378
EM finished after 22 iterations.
Optimal phi: 0. Optimal nu: 1.1489896911111092e-06. Optimal nllh: 153.62572405594335
Optimal point found for initial point 7
Initial point 8. Random seed: 8665
Numerical optimization started with ultrametric constraint
Initial phi: 0.05809330289851344. Initial nu: 0.3206696448006393. Initial nllh: 207.02951676213206
EM finished after 25 iterations.
Optimal phi: 0. Optimal nu: 1.1491448814915557e-06. Optimal nllh: 153.6257247074909
Optimal point found for initial point 8
Initial point 9. Random seed: 4440
Numerical optimization started with ultrametric constraint
Initial phi: 0.5563617770110287. Initial nu: 0.3116469413758799. Initial nllh: 439.45960406414974
EM finished after 25 iterations.
Optimal phi: 0. Optimal nu: 1.1485837546699883e-06. Optimal nllh: 153.62572494683195
Optimal point found for initial point 9
Initial point 10. Random seed: 359
Numerical optimization started with ultrametric constraint
Initial phi: 0.8882128968759844. Initial nu: 0.7508422497990749. Initial nllh: 913.8789256155089
EM finished after 29 iterations.
Optimal phi: 0. Optimal nu: 1.1486359708254657e-06. Optimal nllh: 153.62572407346272
Optimal point found for initial point 10
Numerical optimization finished successfully
Runtime (s): 21.706553333
