Launching Problin version 0.5b
Problin was called as follow: /Users/uym2/my_gits/problin/run_problin.py -c s5c7/k10_exp_character_matrix.csv -t s5c7/true_tree.nwk --delimiter comma -p s5c7/k10_exp_priors.csv -o s5c7/k10_exp_problin --nInitials 10 --ultrametric
Optimizing branch lengths, phi, and nu without topology search
Optimization by EM algorithm
Initial point 1. Random seed: 5581
Numerical optimization started with ultrametric constraint
Initial phi: 0.3687835250132765. Initial nu: 0.43027808436142445. Initial nllh: 15911.214541480442
EM finished after 18 iterations.
Optimal phi: 0. Optimal nu: 1.3735433256696272e-06. Optimal nllh: 104.06014013111758
Optimal point found for initial point 1
Initial point 2. Random seed: 3121
Numerical optimization started with ultrametric constraint
Initial phi: 0.2807076663425782. Initial nu: 0.43501817821132827. Initial nllh: 245.37209208070948
EM finished after 18 iterations.
Optimal phi: 0. Optimal nu: 1.3745396216448894e-06. Optimal nllh: 104.0601397191335
Optimal point found for initial point 2
Initial point 3. Random seed: 1449
Numerical optimization started with ultrametric constraint
Initial phi: 0.18852179418254827. Initial nu: 0.7128287054452442. Initial nllh: 232.69898802417993
EM finished after 16 iterations.
Optimal phi: 0. Optimal nu: 1.3741715812972216e-06. Optimal nllh: 104.0601404855863
Optimal point found for initial point 3
Initial point 4. Random seed: 8821
Numerical optimization started with ultrametric constraint
Initial phi: 0.5846062169671878. Initial nu: 0.17900397421236197. Initial nllh: 392.8047365006757
EM finished after 16 iterations.
Optimal phi: 0. Optimal nu: 1.380706271231304e-06. Optimal nllh: 104.0601403010356
Optimal point found for initial point 4
Initial point 5. Random seed: 7355
Numerical optimization started with ultrametric constraint
Initial phi: 0.618475233293472. Initial nu: 0.7058092609857504. Initial nllh: 466.02594117332586
EM finished after 16 iterations.
Optimal phi: 0. Optimal nu: 1.3741874656723416e-06. Optimal nllh: 104.06014048693233
Optimal point found for initial point 5
Initial point 6. Random seed: 3059
Numerical optimization started with ultrametric constraint
Initial phi: 0.3395143403557153. Initial nu: 0.6292739705139315. Initial nllh: 289.0894378145882
EM finished after 17 iterations.
Optimal phi: 0. Optimal nu: 1.3757683838363908e-06. Optimal nllh: 104.06014009350739
Optimal point found for initial point 6
Initial point 7. Random seed: 7757
Numerical optimization started with ultrametric constraint
Initial phi: 0.5386254908937153. Initial nu: 0.32877905923299905. Initial nllh: 373.5812829443006
EM finished after 15 iterations.
Optimal phi: 0. Optimal nu: 1.3749381081415948e-06. Optimal nllh: 104.06014036082587
Optimal point found for initial point 7
Initial point 8. Random seed: 6741
Numerical optimization started with ultrametric constraint
Initial phi: 0.8799370612373246. Initial nu: 0.58904770907502. Initial nllh: 814.0493607822073
EM finished after 16 iterations.
Optimal phi: 0. Optimal nu: 1.371578603919179e-06. Optimal nllh: 104.06014008110893
Optimal point found for initial point 8
Initial point 9. Random seed: 5768
Numerical optimization started with ultrametric constraint
Initial phi: 0.4216580407271138. Initial nu: 0.11363797885185951. Initial nllh: 284.4002642335066
EM finished after 12 iterations.
Optimal phi: 0. Optimal nu: 1.3778297267723704e-06. Optimal nllh: 104.06014109237451
Optimal point found for initial point 9
Initial point 10. Random seed: 1930
Numerical optimization started with ultrametric constraint
Initial phi: 0.8725417542862316. Initial nu: 0.482100305934105. Initial nllh: 786.0074607435415
EM finished after 14 iterations.
Optimal phi: 0. Optimal nu: 1.3921281589861402e-06. Optimal nllh: 104.06014365063095
Optimal point found for initial point 10
Numerical optimization finished successfully
Runtime (s): 14.033204249999999
