/Users/uym2/opt/anaconda3/lib/python3.9/site-packages/cvxpy/atoms/elementwise/log.py:35: RuntimeWarning: divide by zero encountered in log
  return np.log(values[0])
Launching Problin version 0.5b
Problin was called as follow: /Users/uym2/my_gits/problin/run_problin.py -c s5c7/k200_const_character_matrix.csv -t s5c7/true_tree.nwk --delimiter comma -p s5c7/k200_const_priors.csv -o s5c7/k200_const_problin --nInitials 10 --ultrametric
Optimizing branch lengths, phi, and nu without topology search
Optimization by EM algorithm
Initial point 1. Random seed: 9678
Numerical optimization started with ultrametric constraint
Initial phi: 0.9650037388013264. Initial nu: 0.11165404790338421. Initial nllh: 210074.24442719892
EM finished after 19 iterations.
Optimal phi: 0. Optimal nu: 4.6165323565597056e-08. Optimal nllh: 2799.745245662823
Optimal point found for initial point 1
Initial point 2. Random seed: 2584
Numerical optimization started with ultrametric constraint
Initial phi: 0.5218448623072062. Initial nu: 0.8472730070574193. Initial nllh: 9388.45453708132
EM finished after 17 iterations.
Optimal phi: 0. Optimal nu: 4.605185072699541e-08. Optimal nllh: 2799.745247877115
Optimal point found for initial point 2
Initial point 3. Random seed: 1767
Numerical optimization started with ultrametric constraint
Initial phi: 0.12863326977261133. Initial nu: 0.7301413558557732. Initial nllh: 5389.234403327047
EM finished after 16 iterations.
Optimal phi: 0. Optimal nu: 4.618273732395285e-08. Optimal nllh: 2799.7452588804567
Optimal point found for initial point 3
Initial point 4. Random seed: 8377
Numerical optimization started with ultrametric constraint
Initial phi: 0.08835084141302332. Initial nu: 0.9368526834224058. Initial nllh: 5600.38967822629
EM finished after 17 iterations.
Optimal phi: 0. Optimal nu: 4.692467291776448e-08. Optimal nllh: 2799.7452516399876
Optimal point found for initial point 4
Initial point 5. Random seed: 7103
Numerical optimization started with ultrametric constraint
Initial phi: 0.5287895997517661. Initial nu: 0.9010551880111731. Initial nllh: 9607.000858735732
EM finished after 17 iterations.
Optimal phi: 0. Optimal nu: 4.626194165567819e-08. Optimal nllh: 2799.745249348272
Optimal point found for initial point 5
Initial point 6. Random seed: 3874
Numerical optimization started with ultrametric constraint
Initial phi: 0.17227954614441834. Initial nu: 0.5409442185486316. Initial nllh: 5258.108604698836
EM finished after 16 iterations.
Optimal phi: 0. Optimal nu: 4.609177261515383e-08. Optimal nllh: 2799.7452505395
Optimal point found for initial point 6
Initial point 7. Random seed: 8065
Numerical optimization started with ultrametric constraint
Initial phi: 0.0974945898276083. Initial nu: 0.20672747792443957. Initial nllh: 3927.370177244433
EM finished after 13 iterations.
Optimal phi: 0. Optimal nu: 4.619350229358333e-08. Optimal nllh: 2799.7452616355117
Optimal point found for initial point 7
Initial point 8. Random seed: 4396
Numerical optimization started with ultrametric constraint
Initial phi: 0.5595765903515527. Initial nu: 0.18463679420053916. Initial nllh: 8322.974266828654
EM finished after 13 iterations.
Optimal phi: 0. Optimal nu: 4.809002325522959e-08. Optimal nllh: 2799.745260274881
Optimal point found for initial point 8
Initial point 9. Random seed: 6851
Numerical optimization started with ultrametric constraint
Initial phi: 0.608535022751124. Initial nu: 0.29096191942421057. Initial nllh: 9306.32357542302
EM finished after 15 iterations.
Optimal phi: 0. Optimal nu: 4.624886340285207e-08. Optimal nllh: 2799.7452462897504
Optimal point found for initial point 9
Initial point 10. Random seed: 7308
Numerical optimization started with ultrametric constraint
Initial phi: 0.11967076309014807. Initial nu: 0.3029840346168901. Initial nllh: 4310.424438064914
EM finished after 15 iterations.
Optimal phi: 0. Optimal nu: 4.688323085837165e-08. Optimal nllh: 2799.74524870955
Optimal point found for initial point 10
Numerical optimization finished successfully
Runtime (s): 41.291886833
