Launching Problin version 0.5b
Problin was called as follow: /Users/uym2/my_gits/problin/run_problin.py -c s21c1/k10_lin_character_matrix.csv -t s21c1/true_tree.nwk --delimiter comma -p s21c1/k10_lin_priors.csv -o s21c1/k10_lin_problin --nInitials 10 --ultrametric
Optimizing branch lengths, phi, and nu without topology search
Optimization by EM algorithm
Initial point 1. Random seed: 7030
Numerical optimization started with ultrametric constraint
Initial phi: 0.9444458702962067. Initial nu: 0.6623164288621246. Initial nllh: 12707.725289939573
EM finished after 14 iterations.
Optimal phi: 0. Optimal nu: 7.917860608099075e-07. Optimal nllh: 72.90728438000848
Optimal point found for initial point 1
Initial point 2. Random seed: 9151
Numerical optimization started with ultrametric constraint
Initial phi: 0.889898825371957. Initial nu: 0.43174361133146394. Initial nllh: 386.49865236725566
EM finished after 13 iterations.
Optimal phi: 0. Optimal nu: 7.90890994746437e-07. Optimal nllh: 72.90728430438443
Optimal point found for initial point 2
Initial point 3. Random seed: 1709
Numerical optimization started with ultrametric constraint
Initial phi: 0.7488035795115311. Initial nu: 0.28375373434909235. Initial nllh: 270.1259751733554
EM finished after 13 iterations.
Optimal phi: 0. Optimal nu: 7.902707535352479e-07. Optimal nllh: 72.90728416146159
Optimal point found for initial point 3
Initial point 4. Random seed: 2322
Numerical optimization started with ultrametric constraint
Initial phi: 0.1343530686027816. Initial nu: 0.5720031665952093. Initial nllh: 127.09533749005631
EM finished after 13 iterations.
Optimal phi: 0. Optimal nu: 7.903550291299844e-07. Optimal nllh: 72.90728435384436
Optimal point found for initial point 4
Initial point 5. Random seed: 61
Numerical optimization started with ultrametric constraint
Initial phi: 0.6217033185718346. Initial nu: 0.7535453313683781. Initial nllh: 245.92590105772845
EM finished after 13 iterations.
Optimal phi: 0. Optimal nu: 7.913500882864892e-07. Optimal nllh: 72.90728450039744
Optimal point found for initial point 5
Initial point 6. Random seed: 9206
Numerical optimization started with ultrametric constraint
Initial phi: 0.3029761931371233. Initial nu: 0.09701094347840629. Initial nllh: 125.91137330388105
EM finished after 11 iterations.
Optimal phi: 0. Optimal nu: 7.951867718527489e-07. Optimal nllh: 72.9072845463211
Optimal point found for initial point 6
Initial point 7. Random seed: 7615
Numerical optimization started with ultrametric constraint
Initial phi: 0.29097896205670964. Initial nu: 0.8856605204746232. Initial nllh: 172.4225564653019
EM finished after 14 iterations.
Optimal phi: 0. Optimal nu: 7.896416190315415e-07. Optimal nllh: 72.90728413712615
Optimal point found for initial point 7
Initial point 8. Random seed: 4190
Numerical optimization started with ultrametric constraint
Initial phi: 0.4616892023784378. Initial nu: 0.43954402762705347. Initial nllh: 180.66610535660328
EM finished after 13 iterations.
Optimal phi: 0. Optimal nu: 7.915048650651287e-07. Optimal nllh: 72.90728434490316
Optimal point found for initial point 8
Initial point 9. Random seed: 7411
Numerical optimization started with ultrametric constraint
Initial phi: 0.9683975613408029. Initial nu: 0.10064817611053566. Initial nllh: 528.3022458211481
EM finished after 11 iterations.
Optimal phi: 0. Optimal nu: 7.929654487327179e-07. Optimal nllh: 72.9072844249256
Optimal point found for initial point 9
Initial point 10. Random seed: 9477
Numerical optimization started with ultrametric constraint
Initial phi: 0.39709579626192365. Initial nu: 0.17819281859968558. Initial nllh: 149.78550787918684
EM finished after 12 iterations.
Optimal phi: 0. Optimal nu: 7.942232847742608e-07. Optimal nllh: 72.90728447694967
Optimal point found for initial point 10
Numerical optimization finished successfully
Runtime (s): 7.518605416000001
