Launching Problin version 0.5b
Problin was called as follow: /Users/uym2/my_gits/problin/run_problin.py -c s14c6/k10_r3_character_matrix.csv -t s14c6/true_tree.nwk --delimiter comma -p s14c6/k10_priors.csv -o s14c6/k10_r3_problin.txt --nInitials 10
Optimization by EM algorithm
Optimizing branch lengths, phi, and nu without topology search
Initial point 1. Random seed: 5001
Solving ML without ultrametric constraint
Initial phi: 0.7994692197285544. Initial nu: 0.9867844766082149. Initial nllh: 10606.575258814555
EM finished after 15 iterations.
Optimal point found for initial point 1
Negative llh: 48.11106516716462
Dropout rate: 0
Silencing rate: 6.967556781978165e-07
Initial point 2. Random seed: 9489
Solving ML without ultrametric constraint
Initial phi: 0.6739799951447947. Initial nu: 0.3681147679659218. Initial nllh: 188.76604513452148
EM finished after 13 iterations.
Optimal point found for initial point 2
Negative llh: 48.11106554528787
Dropout rate: 0
Silencing rate: 7.036830407134389e-07
Initial point 3. Random seed: 6335
Solving ML without ultrametric constraint
Initial phi: 0.7894674661334358. Initial nu: 0.24877045054833982. Initial nllh: 231.24051395917252
EM finished after 13 iterations.
Optimal point found for initial point 3
Negative llh: 48.11106503379414
Dropout rate: 0
Silencing rate: 6.960215593989889e-07
Initial point 4. Random seed: 8390
Solving ML without ultrametric constraint
Initial phi: 0.8389383194309782. Initial nu: 0.1519396439460814. Initial nllh: 256.1358924268426
EM finished after 12 iterations.
Optimal point found for initial point 4
Negative llh: 48.111065007806395
Dropout rate: 0
Silencing rate: 6.955855328928504e-07
Initial point 5. Random seed: 9293
Solving ML without ultrametric constraint
Initial phi: 0.12355165594813751. Initial nu: 0.7411349301226365. Initial nllh: 97.58372086502928
EM finished after 15 iterations.
Optimal point found for initial point 5
Negative llh: 48.111065170104254
Dropout rate: 0
Silencing rate: 7.004307461460025e-07
Initial point 6. Random seed: 2844
Solving ML without ultrametric constraint
Initial phi: 0.8161689370233938. Initial nu: 0.22267697546885637. Initial nllh: 244.92793253353733
EM finished after 12 iterations.
Optimal point found for initial point 6
Negative llh: 48.1110655252509
Dropout rate: 0
Silencing rate: 7.02289701777242e-07
Initial point 7. Random seed: 4340
Solving ML without ultrametric constraint
Initial phi: 0.35178888191418367. Initial nu: 0.3964707302003806. Initial nllh: 114.50553481904939
EM finished after 14 iterations.
Optimal point found for initial point 7
Negative llh: 48.11106508559608
Dropout rate: 0
Silencing rate: 6.979017103435389e-07
Initial point 8. Random seed: 8581
Solving ML without ultrametric constraint
Initial phi: 0.38988213772286906. Initial nu: 0.5658873168442003. Initial nllh: 129.16047913812895
EM finished after 14 iterations.
Optimal point found for initial point 8
Negative llh: 48.11106520983753
Dropout rate: 0
Silencing rate: 6.989113748744365e-07
Initial point 9. Random seed: 5778
Solving ML without ultrametric constraint
Initial phi: 0.940062192119891. Initial nu: 0.8158159038339758. Initial nllh: 396.18987177666355
EM finished after 14 iterations.
Optimal point found for initial point 9
Negative llh: 48.11106523265643
Dropout rate: 0
Silencing rate: 6.974500745418002e-07
Initial point 10. Random seed: 1934
Solving ML without ultrametric constraint
Initial phi: 0.8356505739801506. Initial nu: 0.2819371348445106. Initial nllh: 260.0462845901415
EM finished after 13 iterations.
Optimal point found for initial point 10
Negative llh: 48.11106519157537
Dropout rate: 0
Silencing rate: 6.984631015967334e-07
Traceback (most recent call last):
  File "/Users/uym2/my_gits/problin/run_problin.py", line 193, in <module>
    main()
  File "/Users/uym2/my_gits/problin/run_problin.py", line 172, in main
    fout.write("Sigma: " + str(opt_params['sigma']) + "\n")
KeyError: 'sigma'
