Launching Problin version 0.5b
Problin was called as follow: /Users/uym2/my_gits/problin/run_problin.py -c s14c6/k10_r2_character_matrix.csv -t s14c6/true_tree.nwk -S s14c6/leaf_locations.txt --delimiter comma -p s14c6/k10_priors.csv -o s14c6/k10_r2_spalin_leaves.txt --nInitials 10
Optimization by Spalin: Scipy-SLSQP using spatial information
Optimizing branch lengths, phi, and nu without topology search
Initial point 1. Random seed: 7799
Solving ML without ultrametric constraint
Optimal point found for initial point 1
Negative llh: 113.24484692706868
Dropout rate: 1.783692933120428e-09
Silencing rate: 1.2747136496692898e-09
Initial point 2. Random seed: 2009
Solving ML without ultrametric constraint
Optimal point found for initial point 2
Negative llh: 113.00749954240817
Dropout rate: 1.0000000000000006e-10
Silencing rate: 1.0000000000000006e-10
Initial point 3. Random seed: 6207
Solving ML without ultrametric constraint
Optimal point found for initial point 3
Negative llh: 113.00773116666423
Dropout rate: 1e-10
Silencing rate: 1e-10
Initial point 4. Random seed: 968
Solving ML without ultrametric constraint
Optimal point found for initial point 4
Negative llh: 109.37596493751997
Dropout rate: 1e-10
Silencing rate: 1e-10
Initial point 5. Random seed: 1524
Solving ML without ultrametric constraint
Optimal point found for initial point 5
Negative llh: 109.37570690265099
Dropout rate: 1.0371335159560659e-09
Silencing rate: 7.06476190989443e-10
Initial point 6. Random seed: 3233
Solving ML without ultrametric constraint
Optimal point found for initial point 6
Negative llh: 111.92796102016652
Dropout rate: 1.2017993424566747e-10
Silencing rate: 1.1239483646599517e-10
Initial point 7. Random seed: 9584
Solving ML without ultrametric constraint
Optimal point found for initial point 7
Negative llh: 113.85913126699938
Dropout rate: 3.6205389950371116e-09
Silencing rate: 1.6239798917475757e-09
Initial point 8. Random seed: 7706
Solving ML without ultrametric constraint
Optimal point found for initial point 8
Negative llh: 110.76857471362787
Dropout rate: 4.921741337585846e-10
Silencing rate: 3.140028719963284e-10
Initial point 9. Random seed: 2025
Solving ML without ultrametric constraint
Optimal point found for initial point 9
Negative llh: 110.61082311013094
Dropout rate: 1.0000000000000007e-10
Silencing rate: 1.0000000000000007e-10
Initial point 10. Random seed: 3250
Solving ML without ultrametric constraint
Optimal point found for initial point 10
Negative llh: 111.5586133281495
Dropout rate: 1e-10
Silencing rate: 1e-10
Runtime (s): 37.402403208
