Launching Problin version 0.5b
Problin was called as follow: /Users/uym2/my_gits/problin/run_problin.py -c s14c6/k10_r2_character_matrix.csv -t s14c6/true_tree.nwk -S s14c6/true_locations.txt --delimiter comma -p s14c6/k10_priors.csv -o s14c6/k10_r2_spalin_all.txt --nInitials 10
Optimization by Spalin: Scipy-SLSQP using spatial information
Optimizing branch lengths, phi, and nu without topology search
Initial point 1. Random seed: 7289
Solving ML without ultrametric constraint
Optimal point found for initial point 1
Negative llh: 131.71567023951377
Dropout rate: 1e-10
Silencing rate: 1e-10
Initial point 2. Random seed: 4564
Solving ML without ultrametric constraint
Optimal point found for initial point 2
Negative llh: 131.71567011538946
Dropout rate: 1.7408657531889463e-10
Silencing rate: 1.3188296520123925e-10
Initial point 3. Random seed: 9981
Solving ML without ultrametric constraint
Optimal point found for initial point 3
Negative llh: 131.71567042079624
Dropout rate: 9.999999999999996e-11
Silencing rate: 1.0000000000000007e-10
Initial point 4. Random seed: 3911
Solving ML without ultrametric constraint
Optimal point found for initial point 4
Negative llh: 131.71567017276388
Dropout rate: 1.0000000000000007e-10
Silencing rate: 9.999999999999996e-11
Initial point 5. Random seed: 1814
Solving ML without ultrametric constraint
Optimal point found for initial point 5
Negative llh: 131.7156701681796
Dropout rate: 1e-10
Silencing rate: 1.0000000000000002e-10
Initial point 6. Random seed: 9908
Solving ML without ultrametric constraint
Optimal point found for initial point 6
Negative llh: 131.71567012026827
Dropout rate: 3.853377114815177e-10
Silencing rate: 4.396802684399898e-10
Initial point 7. Random seed: 8829
Solving ML without ultrametric constraint
Optimal point found for initial point 7
Negative llh: 131.71567026236715
Dropout rate: 1e-10
Silencing rate: 1.0000000000000002e-10
Initial point 8. Random seed: 616
Solving ML without ultrametric constraint
Optimal point found for initial point 8
Negative llh: 131.71567013314834
Dropout rate: 1e-10
Silencing rate: 1.0000000000000002e-10
Initial point 9. Random seed: 4269
Solving ML without ultrametric constraint
Optimal point found for initial point 9
Negative llh: 131.71567011711636
Dropout rate: 4.2251723715038116e-10
Silencing rate: 1.0599325401260644e-09
Initial point 10. Random seed: 7746
Solving ML without ultrametric constraint
Optimal point found for initial point 10
Negative llh: 131.71567016357866
Dropout rate: 2.789168573268548e-10
Silencing rate: 6.091911805119776e-10
Runtime (s): 8.208268083
