/Users/uym2/opt/anaconda3/lib/python3.9/site-packages/cvxpy/atoms/elementwise/log.py:35: RuntimeWarning: divide by zero encountered in log
  return np.log(values[0])
Launching Problin version 0.5b
Problin was called as follow: /Users/uym2/my_gits/problin/run_problin.py -c s14c6/k200_exp_character_matrix.csv -t s14c6/true_tree.nwk --delimiter comma -p s14c6/k200_exp_priors.csv -o s14c6/k200_exp_problin --nInitials 10 --ultrametric
Optimizing branch lengths, phi, and nu without topology search
Optimization by EM algorithm
Initial point 1. Random seed: 97
Numerical optimization started with ultrametric constraint
Initial phi: 0.5393557611634174. Initial nu: 0.2321097651332445. Initial nllh: 91206.3134960935
EM finished after 9 iterations.
Optimal phi: 0. Optimal nu: 4.8521437003810416e-08. Optimal nllh: 954.3333430224352
Optimal point found for initial point 1
Initial point 2. Random seed: 7838
Numerical optimization started with ultrametric constraint
Initial phi: 0.5488306380309288. Initial nu: 0.5124626704593886. Initial nllh: 3085.0165440480932
EM finished after 9 iterations.
Optimal phi: 0. Optimal nu: 5.0526325926215764e-08. Optimal nllh: 954.3333437031312
Optimal point found for initial point 2
Initial point 3. Random seed: 7185
Numerical optimization started with ultrametric constraint
Initial phi: 0.7643500019304263. Initial nu: 0.6905298904811922. Initial nllh: 4645.823306610747
EM finished after 9 iterations.
Optimal phi: 0. Optimal nu: 5.214074100155905e-08. Optimal nllh: 954.3333452977886
Optimal point found for initial point 3
Initial point 4. Random seed: 4201
Numerical optimization started with ultrametric constraint
Initial phi: 0.8553892286433937. Initial nu: 0.06050847690794684. Initial nllh: 5253.353659212336
EM finished after 7 iterations.
Optimal phi: 0. Optimal nu: 5.0701575612900256e-08. Optimal nllh: 954.3333437582784
Optimal point found for initial point 4
Initial point 5. Random seed: 4852
Numerical optimization started with ultrametric constraint
Initial phi: 0.5297244615472748. Initial nu: 0.5194746630257636. Initial nllh: 2998.965074406852
EM finished after 9 iterations.
Optimal phi: 0. Optimal nu: 4.918981844007129e-08. Optimal nllh: 954.3333427362652
Optimal point found for initial point 5
Initial point 6. Random seed: 6687
Numerical optimization started with ultrametric constraint
Initial phi: 0.4178292509439926. Initial nu: 0.1641543420260968. Initial nllh: 2266.1570392198464
EM finished after 8 iterations.
Optimal phi: 0. Optimal nu: 5.0598142883342285e-08. Optimal nllh: 954.3333438762451
Optimal point found for initial point 6
Initial point 7. Random seed: 175
Numerical optimization started with ultrametric constraint
Initial phi: 0.46131242894731866. Initial nu: 0.5972972854611924. Initial nllh: 2757.8200717310474
EM finished after 9 iterations.
Optimal phi: 0. Optimal nu: 4.937057578007804e-08. Optimal nllh: 954.3333430480371
Optimal point found for initial point 7
Initial point 8. Random seed: 4769
Numerical optimization started with ultrametric constraint
Initial phi: 0.6802108791249868. Initial nu: 0.04475246537471272. Initial nllh: 3495.726170723503
EM finished after 6 iterations.
Optimal phi: 0. Optimal nu: 4.917168186018064e-08. Optimal nllh: 954.3333443241104
Optimal point found for initial point 8
Initial point 9. Random seed: 3062
Numerical optimization started with ultrametric constraint
Initial phi: 0.5558341876726229. Initial nu: 0.3093818537804666. Initial nllh: 2968.987822124132
EM finished after 8 iterations.
Optimal phi: 0. Optimal nu: 5.094242337213161e-08. Optimal nllh: 954.3333458345666
Optimal point found for initial point 9
Initial point 10. Random seed: 9190
Numerical optimization started with ultrametric constraint
Initial phi: 0.9612831145511319. Initial nu: 0.9087856224942418. Initial nllh: 8780.86457283293
EM finished after 10 iterations.
Optimal phi: 0. Optimal nu: 3.378381158823166e-08. Optimal nllh: 954.3333306665758
Optimal point found for initial point 10
Numerical optimization finished successfully
Runtime (s): 9.912889792
