dataset s18c2
Optimization using leaf locations
Initial point 1. Random seed: 4772
Solving with ultrametric constraint
Optimal point found for initial point 1
Negative llh: 360.7489040474629
Dropout rate: 0
Silencing rate: 0
Initial point 2. Random seed: 8123
Solving with ultrametric constraint
Optimal point found for initial point 2
Negative llh: 360.74899589070674
Dropout rate: 0
Silencing rate: 0
Initial point 3. Random seed: 3321
Solving with ultrametric constraint
Optimal point found for initial point 3
Negative llh: 7685.289449458729
Dropout rate: 0
Silencing rate: 0
Initial point 4. Random seed: 251
Solving with ultrametric constraint
Optimal point found for initial point 4
Negative llh: 369.0217511119381
Dropout rate: 0
Silencing rate: 0
Initial point 5. Random seed: 4864
Solving with ultrametric constraint
Optimal point found for initial point 5
Negative llh: 360.78849604638464
Dropout rate: 0
Silencing rate: 0
Initial point 6. Random seed: 9245
Solving with ultrametric constraint
Optimal point found for initial point 6
Negative llh: 363.3202913786959
Dropout rate: 0
Silencing rate: 0
Initial point 7. Random seed: 8367
Solving with ultrametric constraint
Optimal point found for initial point 7
Negative llh: 9963.385870994603
Dropout rate: 0
Silencing rate: 0
Initial point 8. Random seed: 7591
Solving with ultrametric constraint
Optimal point found for initial point 8
Negative llh: 363.2984254513974
Dropout rate: 0
Silencing rate: 0
Initial point 9. Random seed: 545
Solving with ultrametric constraint
Optimal point found for initial point 9
Negative llh: 360.7489367005958
Dropout rate: 0
Silencing rate: 0
Initial point 10. Random seed: 3994
Solving with ultrametric constraint
Optimal point found for initial point 10
Negative llh: 360.74903327226525
Dropout rate: 0
Silencing rate: 0
Initial point 11. Random seed: 3999
Solving with ultrametric constraint
Optimal point found for initial point 11
Negative llh: 360.7489650580999
Dropout rate: 0
Silencing rate: 0
Initial point 12. Random seed: 1260
Solving with ultrametric constraint
Optimal point found for initial point 12
Negative llh: 360.74893110525244
Dropout rate: 0
Silencing rate: 0
Initial point 13. Random seed: 7447
Solving with ultrametric constraint
Optimal point found for initial point 13
Negative llh: 360.74890297453976
Dropout rate: 0
Silencing rate: 0
Initial point 14. Random seed: 1117
Solving with ultrametric constraint
Optimal point found for initial point 14
Negative llh: 360.74896816290914
Dropout rate: 0
Silencing rate: 0
Initial point 15. Random seed: 2879
Solving with ultrametric constraint
Optimal point found for initial point 15
Negative llh: 359.53638786923557
Dropout rate: 0
Silencing rate: 0
Initial point 16. Random seed: 6874
Solving with ultrametric constraint
Optimal point found for initial point 16
Negative llh: 360.7489941537349
Dropout rate: 0
Silencing rate: 0
Initial point 17. Random seed: 9718
Solving with ultrametric constraint
Optimal point found for initial point 17
Negative llh: 360.7489275276332
Dropout rate: 0
Silencing rate: 0
Initial point 18. Random seed: 812
Solving with ultrametric constraint
Optimal point found for initial point 18
Negative llh: 364.9223622626786
Dropout rate: 0
Silencing rate: 0
Initial point 19. Random seed: 6545
Solving with ultrametric constraint
Optimal point found for initial point 19
Negative llh: 360.74893279102974
Dropout rate: 0
Silencing rate: 0
Initial point 20. Random seed: 6918
Solving with ultrametric constraint
Optimal point found for initial point 20
Negative llh: 13028.847183542473
Dropout rate: 0
Silencing rate: 0
Optimal nllh: 359.53638786923557
