Launching Problin version 0.5b
Problin was called as follow: /Users/uym2/my_gits/problin/run_problin.py -c s9c3/k10_r2_character_matrix.csv -t s9c3/true_tree.nwk -S s9c3/true_locations.txt --delimiter comma -p s9c3/k10_priors.csv -o s9c3/k10_r2_spalin_all.txt --nInitials 10
Optimization by Spalin: Scipy-SLSQP using spatial information
Optimizing branch lengths, phi, and nu without topology search
Initial point 1. Random seed: 6966
Solving ML without ultrametric constraint
Optimal point found for initial point 1
Negative llh: 419.17733072419065
Dropout rate: 9.999999999999924e-11
Silencing rate: 9.999999999999924e-11
Sigma: 35.85735885542273
Initial point 2. Random seed: 5864
Solving ML without ultrametric constraint
Optimal point found for initial point 2
Negative llh: 419.178374115749
Dropout rate: 1.399663660859251e-06
Silencing rate: 5.117890380404947e-06
Sigma: 35.85643214436474
Initial point 3. Random seed: 6863
Solving ML without ultrametric constraint
Optimal point found for initial point 3
Negative llh: 419.1773293916952
Dropout rate: 1e-10
Silencing rate: 1e-10
Sigma: 35.857945602197404
Initial point 4. Random seed: 699
Solving ML without ultrametric constraint
Optimal point found for initial point 4
Negative llh: 419.17733054838266
Dropout rate: 1.6823755222637436e-09
Silencing rate: 9.107134365190311e-10
Sigma: 35.857990396519654
Initial point 5. Random seed: 3810
Solving ML without ultrametric constraint
Optimal point found for initial point 5
Negative llh: 419.17732829556314
Dropout rate: 1e-10
Silencing rate: 1e-10
Sigma: 35.85451669248937
Initial point 6. Random seed: 4174
Solving ML without ultrametric constraint
Optimal point found for initial point 6
Negative llh: 419.1773285566154
Dropout rate: 1.6610084077042872e-09
Silencing rate: 9.016385867051341e-10
Sigma: 35.85471440618374
Initial point 7. Random seed: 5775
Solving ML without ultrametric constraint
Optimal point found for initial point 7
Negative llh: 419.1773369890092
Dropout rate: 1.0940202460095754e-10
Silencing rate: 1.0481962434247301e-10
Sigma: 35.853212374510896
Initial point 8. Random seed: 6412
Solving ML without ultrametric constraint
Optimal point found for initial point 8
Negative llh: 419.17732868716774
Dropout rate: 1e-10
Silencing rate: 1e-10
Sigma: 35.852387306094975
Initial point 9. Random seed: 9556
Solving ML without ultrametric constraint
Optimal point found for initial point 9
Negative llh: 419.17732899192833
Dropout rate: 1e-10
Silencing rate: 1e-10
Sigma: 35.857460951439904
Initial point 10. Random seed: 6231
Solving ML without ultrametric constraint
Optimal point found for initial point 10
Negative llh: 419.17735292314603
Dropout rate: 2.1034438988101352e-10
Silencing rate: 2.530719559558121e-09
Sigma: 35.87810843660565
Runtime (s): 98.833176667
