dataset s5c9
Optimization using leaf locations
Initial point 1. Random seed: 3532
Solving with ultrametric constraint
Optimal point found for initial point 1
Negative llh: 98.03814349700784
Dropout rate: 0
Silencing rate: 0
Initial point 2. Random seed: 1712
Solving with ultrametric constraint
Optimal point found for initial point 2
Negative llh: 98.03815220152603
Dropout rate: 0
Silencing rate: 0
Initial point 3. Random seed: 2031
Solving with ultrametric constraint
Optimal point found for initial point 3
Negative llh: 98.03815505016937
Dropout rate: 0
Silencing rate: 0
Initial point 4. Random seed: 5257
Solving with ultrametric constraint
Optimal point found for initial point 4
Negative llh: 98.03815711660067
Dropout rate: 0
Silencing rate: 0
Initial point 5. Random seed: 380
Solving with ultrametric constraint
Optimal point found for initial point 5
Negative llh: 98.03820412335656
Dropout rate: 0
Silencing rate: 0
Initial point 6. Random seed: 8846
Solving with ultrametric constraint
Optimal point found for initial point 6
Negative llh: 98.03815513014631
Dropout rate: 0
Silencing rate: 0
Initial point 7. Random seed: 163
Solving with ultrametric constraint
Optimal point found for initial point 7
Negative llh: 98.03814277038911
Dropout rate: 0
Silencing rate: 0
Initial point 8. Random seed: 6905
Solving with ultrametric constraint
Optimal point found for initial point 8
Negative llh: 98.03814849380268
Dropout rate: 0
Silencing rate: 0
Initial point 9. Random seed: 3657
Solving with ultrametric constraint
Optimal point found for initial point 9
Negative llh: 98.03819110488524
Dropout rate: 0
Silencing rate: 0
Initial point 10. Random seed: 2264
Solving with ultrametric constraint
Optimal point found for initial point 10
Negative llh: 98.03814471406773
Dropout rate: 0
Silencing rate: 0
Initial point 11. Random seed: 6724
Solving with ultrametric constraint
Optimal point found for initial point 11
Negative llh: 98.0381425796271
Dropout rate: 0
Silencing rate: 0
Initial point 12. Random seed: 3274
Solving with ultrametric constraint
Optimal point found for initial point 12
Negative llh: 98.03815020026316
Dropout rate: 0
Silencing rate: 0
Initial point 13. Random seed: 9748
Solving with ultrametric constraint
Optimal point found for initial point 13
Negative llh: 98.03818335650178
Dropout rate: 0
Silencing rate: 0
Initial point 14. Random seed: 9568
Solving with ultrametric constraint
Optimal point found for initial point 14
Negative llh: 98.0381427734981
Dropout rate: 0
Silencing rate: 0
Initial point 15. Random seed: 8528
Solving with ultrametric constraint
Optimal point found for initial point 15
Negative llh: 98.03814307024342
Dropout rate: 0
Silencing rate: 0
Initial point 16. Random seed: 1247
Solving with ultrametric constraint
Optimal point found for initial point 16
Negative llh: 98.03820939665836
Dropout rate: 0
Silencing rate: 0
Initial point 17. Random seed: 2308
Solving with ultrametric constraint
Optimal point found for initial point 17
Negative llh: 97.26392047104517
Dropout rate: 0
Silencing rate: 0
Initial point 18. Random seed: 6380
Solving with ultrametric constraint
Optimal point found for initial point 18
Negative llh: 98.03814255877523
Dropout rate: 0
Silencing rate: 0
Initial point 19. Random seed: 5594
Solving with ultrametric constraint
Optimal point found for initial point 19
Negative llh: 98.03818224513472
Dropout rate: 0
Silencing rate: 0
Initial point 20. Random seed: 6222
Solving with ultrametric constraint
Optimal point found for initial point 20
Negative llh: 98.03814254636694
Dropout rate: 0
Silencing rate: 0
Optimal nllh: 97.26392047104517
