dataset s5c9
Optimization without using locations
Initial point 1. Random seed: 2229
Solving with ultrametric constraint
Optimal point found for initial point 1
Negative llh: 37.40818049788035
Dropout rate: 1e-08
Silencing rate: 1e-08
Initial point 2. Random seed: 194
Solving with ultrametric constraint
Optimal point found for initial point 2
Negative llh: 37.408180477604866
Dropout rate: 1e-08
Silencing rate: 1e-08
Initial point 3. Random seed: 2901
Solving with ultrametric constraint
Optimal point found for initial point 3
Negative llh: 37.408180477604866
Dropout rate: 1e-08
Silencing rate: 1e-08
Initial point 4. Random seed: 5397
Solving with ultrametric constraint
Optimal point found for initial point 4
Negative llh: 37.408180477604866
Dropout rate: 1e-08
Silencing rate: 1e-08
Initial point 5. Random seed: 1200
Solving with ultrametric constraint
Optimal point found for initial point 5
Negative llh: 37.408180477604866
Dropout rate: 1e-08
Silencing rate: 1e-08
Initial point 6. Random seed: 5703
Solving with ultrametric constraint
Optimal point found for initial point 6
Negative llh: 37.408180477604866
Dropout rate: 1e-08
Silencing rate: 1e-08
Initial point 7. Random seed: 3551
Solving with ultrametric constraint
Optimal point found for initial point 7
Negative llh: 37.408180477604866
Dropout rate: 1e-08
Silencing rate: 1e-08
Initial point 8. Random seed: 9033
Solving with ultrametric constraint
Optimal point found for initial point 8
Negative llh: 37.408180477604866
Dropout rate: 1e-08
Silencing rate: 1e-08
Initial point 9. Random seed: 2032
Solving with ultrametric constraint
Optimal point found for initial point 9
Negative llh: 37.408180477604866
Dropout rate: 1e-08
Silencing rate: 1e-08
Initial point 10. Random seed: 6577
Solving with ultrametric constraint
Optimal point found for initial point 10
Negative llh: 37.408180477604866
Dropout rate: 1e-08
Silencing rate: 1e-08
Initial point 11. Random seed: 8178
Solving with ultrametric constraint
Optimal point found for initial point 11
Negative llh: 37.408180477604866
Dropout rate: 1e-08
Silencing rate: 1e-08
Initial point 12. Random seed: 5360
Solving with ultrametric constraint
Optimal point found for initial point 12
Negative llh: 37.408180477604866
Dropout rate: 1e-08
Silencing rate: 1e-08
Initial point 13. Random seed: 8862
Solving with ultrametric constraint
Optimal point found for initial point 13
Negative llh: 37.408180477604866
Dropout rate: 1e-08
Silencing rate: 1e-08
Initial point 14. Random seed: 7535
Solving with ultrametric constraint
Optimal point found for initial point 14
Negative llh: 37.408180477604866
Dropout rate: 1e-08
Silencing rate: 1e-08
Initial point 15. Random seed: 7854
Solving with ultrametric constraint
Optimal point found for initial point 15
Negative llh: 37.408180477604866
Dropout rate: 1e-08
Silencing rate: 1e-08
Initial point 16. Random seed: 1509
Solving with ultrametric constraint
Optimal point found for initial point 16
Negative llh: 37.408180477604866
Dropout rate: 1e-08
Silencing rate: 1e-08
Initial point 17. Random seed: 6634
Solving with ultrametric constraint
Optimal point found for initial point 17
Negative llh: 37.408180477604866
Dropout rate: 1e-08
Silencing rate: 1e-08
Initial point 18. Random seed: 6228
Solving with ultrametric constraint
Optimal point found for initial point 18
Negative llh: 37.408180477604866
Dropout rate: 1e-08
Silencing rate: 1e-08
Initial point 19. Random seed: 7602
Solving with ultrametric constraint
Optimal point found for initial point 19
Negative llh: 37.408180477604866
Dropout rate: 1e-08
Silencing rate: 1e-08
Initial point 20. Random seed: 4282
Solving with ultrametric constraint
Optimal point found for initial point 20
Negative llh: 37.408180477604866
Dropout rate: 1e-08
Silencing rate: 1e-08
Optimization using locations
Optimization start with 1 initials
Initial point 1. Random seed: 6764
Solving with ultrametric constraint
  NIT    FC           OBJFUN            GNORM
    1    16     7.318782E+02     1.076156E+03
    2    33     2.813950E+02     5.458497E+02
    3    49     7.786172E+02     1.367584E+01
    4    65     4.875206E+02     8.929772E+00
    5    81     4.695814E+02     8.660063E+00
    6    97     1.294525E+02     8.845520E+00
    7   113     1.176148E+02     8.120831E+00
    8   128     4.638527E+02     1.075999E+01
    9   144     1.174126E+02     9.517654E+00
   10   160     1.170664E+02     7.680690E+00
   11   175     1.170230E+02     6.621474E+00
   12   190     1.170080E+02     6.305796E+00
   13   205     1.170026E+02     6.161140E+00
   14   220     1.169947E+02     6.153349E+00
   15   235     1.169804E+02     6.198884E+00
   16   250     1.169557E+02     6.309404E+00
   17   265     1.169288E+02     6.475658E+00
   18   280     1.169147E+02     6.574655E+00
   19   295     1.169115E+02     6.533582E+00
   20   310     1.169114E+02     6.456735E+00
   21   325     1.169114E+02     6.431974E+00
   22   339     1.169114E+02     6.425571E+00
Optimization terminated successfully    (Exit mode 0)
            Current function value: 116.91142350380053
            Iterations: 22
            Function evaluations: 339
            Gradient evaluations: 22
Optimal point found for initial point 1
Negative llh: 116.91142350380053
Dropout rate: 0
Silencing rate: 0
