dataset s9c5
Optimization using leaf locations
Initial point 1. Random seed: 823
Solving with ultrametric constraint
Optimal point found for initial point 1
Negative llh: 309.281421894775
Dropout rate: 0
Silencing rate: 0
Initial point 2. Random seed: 7256
Solving with ultrametric constraint
Optimal point found for initial point 2
Negative llh: 309.7324473633488
Dropout rate: 0
Silencing rate: 0
Initial point 3. Random seed: 2632
Solving with ultrametric constraint
Optimal point found for initial point 3
Negative llh: 312.360209918057
Dropout rate: 0
Silencing rate: 0
Initial point 4. Random seed: 5309
Solving with ultrametric constraint
Optimal point found for initial point 4
Negative llh: 310.5256367303158
Dropout rate: 0
Silencing rate: 0
Initial point 5. Random seed: 2334
Solving with ultrametric constraint
Optimal point found for initial point 5
Negative llh: 310.58796053813035
Dropout rate: 0
Silencing rate: 0
Initial point 6. Random seed: 1098
Solving with ultrametric constraint
Optimal point found for initial point 6
Negative llh: 310.52559889752195
Dropout rate: 0
Silencing rate: 0
Initial point 7. Random seed: 2635
Solving with ultrametric constraint
Optimal point found for initial point 7
Negative llh: 311.2515688553472
Dropout rate: 0
Silencing rate: 0
Initial point 8. Random seed: 1512
Solving with ultrametric constraint
Optimal point found for initial point 8
Negative llh: 312.360303170708
Dropout rate: 0
Silencing rate: 0
Initial point 9. Random seed: 6897
Solving with ultrametric constraint
Optimal point found for initial point 9
Negative llh: 8470.640758209634
Dropout rate: 0
Silencing rate: 0
Initial point 10. Random seed: 2182
Solving with ultrametric constraint
Optimal point found for initial point 10
Negative llh: 310.5256790389378
Dropout rate: 0
Silencing rate: 0
Initial point 11. Random seed: 8399
Solving with ultrametric constraint
Optimal point found for initial point 11
Negative llh: 9757.390587423595
Dropout rate: 0
Silencing rate: 0
Initial point 12. Random seed: 78
Solving with ultrametric constraint
Optimal point found for initial point 12
Negative llh: 311.2516284269766
Dropout rate: 0
Silencing rate: 0
Initial point 13. Random seed: 3175
Solving with ultrametric constraint
Optimal point found for initial point 13
Negative llh: 314.3406157259201
Dropout rate: 0
Silencing rate: 0
Initial point 14. Random seed: 8063
Solving with ultrametric constraint
Optimal point found for initial point 14
Negative llh: 5884.742733970286
Dropout rate: 0
Silencing rate: 0
Initial point 15. Random seed: 6338
Solving with ultrametric constraint
Optimal point found for initial point 15
Negative llh: 311.25173136646305
Dropout rate: 0
Silencing rate: 0
Initial point 16. Random seed: 69
Solving with ultrametric constraint
Optimal point found for initial point 16
Negative llh: 312.3602568092887
Dropout rate: 0
Silencing rate: 0
Initial point 17. Random seed: 9097
Solving with ultrametric constraint
Optimal point found for initial point 17
Negative llh: 312.3604355537351
Dropout rate: 0
Silencing rate: 0
Initial point 18. Random seed: 7483
Solving with ultrametric constraint
Optimal point found for initial point 18
Negative llh: 309.7325201106634
Dropout rate: 0
Silencing rate: 0
Initial point 19. Random seed: 5742
Solving with ultrametric constraint
Optimal point found for initial point 19
Negative llh: 312.3602180605309
Dropout rate: 0
Silencing rate: 0
Initial point 20. Random seed: 8435
Solving with ultrametric constraint
Optimal point found for initial point 20
Negative llh: 309.2814876049692
Dropout rate: 0
Silencing rate: 0
Optimal nllh: 309.281421894775
