dataset s9c5
Optimization without using locations
Initial point 1. Random seed: 2808
Solving with ultrametric constraint
Optimal point found for initial point 1
Negative llh: 150.33449814708308
Dropout rate: 1e-08
Silencing rate: 1e-08
Initial point 2. Random seed: 835
Solving with ultrametric constraint
Optimal point found for initial point 2
Negative llh: 150.33449814708308
Dropout rate: 1e-08
Silencing rate: 1e-08
Initial point 3. Random seed: 8493
Solving with ultrametric constraint
Optimal point found for initial point 3
Negative llh: 150.33449814708308
Dropout rate: 1e-08
Silencing rate: 1e-08
Initial point 4. Random seed: 765
Solving with ultrametric constraint
Optimal point found for initial point 4
Negative llh: 150.33449814708308
Dropout rate: 1e-08
Silencing rate: 1e-08
Initial point 5. Random seed: 4158
Solving with ultrametric constraint
Optimal point found for initial point 5
Negative llh: 150.33449814708308
Dropout rate: 1e-08
Silencing rate: 1e-08
Initial point 6. Random seed: 3515
Solving with ultrametric constraint
Optimal point found for initial point 6
Negative llh: 150.33449814708308
Dropout rate: 1e-08
Silencing rate: 1e-08
Initial point 7. Random seed: 776
Solving with ultrametric constraint
Optimal point found for initial point 7
Negative llh: 150.33449814708308
Dropout rate: 1e-08
Silencing rate: 1e-08
Initial point 8. Random seed: 9661
Solving with ultrametric constraint
Optimal point found for initial point 8
Negative llh: 150.33449814708308
Dropout rate: 1e-08
Silencing rate: 1e-08
Initial point 9. Random seed: 7229
Solving with ultrametric constraint
Optimal point found for initial point 9
Negative llh: 150.33449814708308
Dropout rate: 1e-08
Silencing rate: 1e-08
Initial point 10. Random seed: 5131
Solving with ultrametric constraint
Optimal point found for initial point 10
Negative llh: 150.33449814708308
Dropout rate: 1e-08
Silencing rate: 1e-08
Initial point 11. Random seed: 9411
Solving with ultrametric constraint
Optimal point found for initial point 11
Negative llh: 150.33449814708308
Dropout rate: 1e-08
Silencing rate: 1e-08
Initial point 12. Random seed: 253
Solving with ultrametric constraint
Optimal point found for initial point 12
Negative llh: 150.33449814708308
Dropout rate: 1e-08
Silencing rate: 1e-08
Initial point 13. Random seed: 3107
Solving with ultrametric constraint
Optimal point found for initial point 13
Negative llh: 150.33449814708308
Dropout rate: 1e-08
Silencing rate: 1e-08
Initial point 14. Random seed: 9214
Solving with ultrametric constraint
Optimal point found for initial point 14
Negative llh: 150.33449814708308
Dropout rate: 1e-08
Silencing rate: 1e-08
Initial point 15. Random seed: 8762
Solving with ultrametric constraint
Optimal point found for initial point 15
Negative llh: 150.33449814708308
Dropout rate: 1e-08
Silencing rate: 1e-08
Initial point 16. Random seed: 2273
Solving with ultrametric constraint
Optimal point found for initial point 16
Negative llh: 150.33449814708308
Dropout rate: 1e-08
Silencing rate: 1e-08
Initial point 17. Random seed: 4471
Solving with ultrametric constraint
Optimal point found for initial point 17
Negative llh: 150.33449814708308
Dropout rate: 1e-08
Silencing rate: 1e-08
Initial point 18. Random seed: 3317
Solving with ultrametric constraint
Optimal point found for initial point 18
Negative llh: 150.33449814708308
Dropout rate: 1e-08
Silencing rate: 1e-08
Initial point 19. Random seed: 1219
Solving with ultrametric constraint
Optimal point found for initial point 19
Negative llh: 150.33449814708308
Dropout rate: 1e-08
Silencing rate: 1e-08
Initial point 20. Random seed: 1872
Solving with ultrametric constraint
Optimal point found for initial point 20
Negative llh: 150.33449814708308
Dropout rate: 1e-08
Silencing rate: 1e-08
Optimization using locations
Optimization start with 1 initials
Initial point 1. Random seed: 6593
Solving with ultrametric constraint
  NIT    FC           OBJFUN            GNORM
    1    38     1.460118E+03     9.979533E+02
    2    76     1.193968E+03     2.171796E+02
    3   114     1.806939E+03     1.779023E+02
    4   152     1.094453E+03     1.643130E+02
    5   190     1.622890E+03     1.488347E+02
    6   228     1.157021E+03     1.396905E+02
    7   266     9.575140E+02     1.320414E+02
    8   304     1.107626E+03     1.251286E+02
    9   342     9.031450E+02     1.193117E+02
   10   380     9.662903E+02     1.142140E+02
   11   418     1.131001E+03     1.092087E+02
   12   456     8.265208E+02     1.041946E+02
   13   494     9.034501E+02     9.769732E+01
   14   532     8.276350E+02     9.158687E+01
   15   570     7.245714E+02     8.274487E+01
   16   608     6.277209E+02     6.583875E+01
   17   646     8.559602E+02     5.613673E+01
   18   684     8.034555E+02     2.719228E+01
   19   722     1.163353E+03     2.526528E+01
   20   760     7.713616E+02     2.812361E+01
   21   798     6.496961E+02     2.677802E+01
   22   836     6.586154E+02     2.647246E+01
   23   874     5.470476E+02     2.811161E+01
   24   912     4.191967E+02     2.741447E+01
   25   950     5.133674E+02     2.677236E+01
   26   988     4.567182E+02     2.647439E+01
   27  1026     5.282773E+02     2.607228E+01
   28  1064     4.589823E+02     2.554433E+01
   29  1102     4.664660E+02     2.495112E+01
   30  1140     1.344586E+03     2.448712E+01
   31  1178     4.090948E+02     2.443708E+01
   32  1216     4.280752E+02     2.376317E+01
   33  1254     4.119452E+02     2.341750E+01
   34  1292     5.506047E+02     2.255197E+01
   35  1330     4.714192E+02     2.316045E+01
   36  1368     4.605666E+02     2.292083E+01
   37  1406     5.253677E+02     2.195866E+01
   38  1444     4.889007E+02     2.301305E+01
   39  1482     5.120346E+02     2.333429E+01
   40  1520     4.141565E+02     2.315964E+01
   41  1558     4.697315E+02     2.251255E+01
   42  1596     5.295115E+02     2.293458E+01
   43  1634     4.070478E+02     2.301927E+01
   44  1672     4.323338E+02     2.269041E+01
   45  1710     4.034217E+02     2.197333E+01
   46  1748     4.050761E+02     2.229998E+01
   47  1786     3.625029E+02     2.166359E+01
   48  1824     3.961923E+02     2.248030E+01
   49  1862     3.867699E+02     2.229897E+01
   50  1900     3.864417E+02     2.205013E+01
   51  1938     3.655356E+02     2.188037E+01
   52  1976     3.576780E+02     2.179977E+01
   53  2014     3.821228E+02     2.175456E+01
   54  2052     3.558844E+02     2.255098E+01
   55  2089     3.555461E+02     2.935200E+01
   56  2126     3.548580E+02     3.059357E+01
   57  2163     3.540867E+02     2.357520E+01
   58  2200     3.538496E+02     2.328238E+01
   59  2237     3.535973E+02     2.741347E+01
   60  2274     3.534917E+02     2.347613E+01
   61  2311     3.531628E+02     2.382251E+01
   62  2348     3.519427E+02     2.063482E+01
   63  2385     3.722160E+02     2.359465E+01
   64  2423     3.512560E+02     8.829216E+01
   65  2460     3.509777E+02     1.264896E+02
   66  2497     3.506166E+02     1.950243E+02
   67  2534     3.504957E+02     1.949705E+02
   68  2571     3.504467E+02     2.015945E+02
   69  2608     3.504203E+02     2.040985E+02
   70  2645     3.504150E+02     2.043675E+02
   71  2682     3.504139E+02     2.035985E+02
   72  2719     3.504137E+02     2.035623E+02
   73  2756     3.504137E+02     2.035227E+02
   74  2793     3.504137E+02     2.035051E+02
   75  2829     3.504137E+02     2.035067E+02
Optimization terminated successfully    (Exit mode 0)
            Current function value: 350.4136929759872
            Iterations: 75
            Function evaluations: 2829
            Gradient evaluations: 75
Optimal point found for initial point 1
Negative llh: 350.4136929759872
Dropout rate: 0
Silencing rate: 0
