Launching Problin version 0.5b
Problin was called as follow: /Users/uym2/my_gits/problin/run_problin.py -c s21c4/k10_lin_character_matrix.csv -t s21c4/true_tree.nwk --delimiter comma -p s21c4/k10_lin_priors.csv -o s21c4/k10_lin_problin --nInitials 10 --ultrametric
Optimizing branch lengths, phi, and nu without topology search
Optimization by EM algorithm
Initial point 1. Random seed: 181
Numerical optimization started with ultrametric constraint
Initial phi: 0.23328816108468753. Initial nu: 0.013148147528682345. Initial nllh: 9484.662345338595
EM finished after 18 iterations.
Optimal phi: 0. Optimal nu: 1.597260860881396e-06. Optimal nllh: 126.44029263168127
Optimal point found for initial point 1
Initial point 2. Random seed: 5390
Numerical optimization started with ultrametric constraint
Initial phi: 0.49938357705952524. Initial nu: 0.370675013051946. Initial nllh: 378.18806735921027
EM finished after 12 iterations.
Optimal phi: 0. Optimal nu: 1.6057164298555839e-06. Optimal nllh: 126.44029319539857
Optimal point found for initial point 2
Initial point 3. Random seed: 3407
Numerical optimization started with ultrametric constraint
Initial phi: 0.06939135300010646. Initial nu: 0.8015805998168649. Initial nllh: 214.3933177932584
EM finished after 13 iterations.
Optimal phi: 0. Optimal nu: 1.6065488965524196e-06. Optimal nllh: 126.44029326950488
Optimal point found for initial point 3
Initial point 4. Random seed: 4583
Numerical optimization started with ultrametric constraint
Initial phi: 0.6042516487556622. Initial nu: 0.4598823350056633. Initial nllh: 460.57164685403103
EM finished after 12 iterations.
Optimal phi: 0. Optimal nu: 1.6057112142182666e-06. Optimal nllh: 126.44029404648714
Optimal point found for initial point 4
Initial point 5. Random seed: 4527
Numerical optimization started with ultrametric constraint
Initial phi: 0.7506717985985336. Initial nu: 0.2777962048075862. Initial nllh: 593.7914296635089
EM finished after 11 iterations.
Optimal phi: 0. Optimal nu: 1.6065030103851828e-06. Optimal nllh: 126.44029412423752
Optimal point found for initial point 5
Initial point 6. Random seed: 42
Numerical optimization started with ultrametric constraint
Initial phi: 0.8344234009879115. Initial nu: 0.6777681084799758. Initial nllh: 756.8996396148757
EM finished after 13 iterations.
Optimal phi: 0. Optimal nu: 1.6057741628695852e-06. Optimal nllh: 126.44029402954354
Optimal point found for initial point 6
Initial point 7. Random seed: 5218
Numerical optimization started with ultrametric constraint
Initial phi: 0.8402825740702026. Initial nu: 0.6108663068738894. Initial nllh: 763.0560997426663
EM finished after 13 iterations.
Optimal phi: 0. Optimal nu: 1.6058360157059696e-06. Optimal nllh: 126.44029330111856
Optimal point found for initial point 7
Initial point 8. Random seed: 650
Numerical optimization started with ultrametric constraint
Initial phi: 0.4836290899799758. Initial nu: 0.08133109059771552. Initial nllh: 345.0361226304343
EM finished after 10 iterations.
Optimal phi: 0. Optimal nu: 1.605641608828171e-06. Optimal nllh: 126.44029404286019
Optimal point found for initial point 8
Initial point 9. Random seed: 5967
Numerical optimization started with ultrametric constraint
Initial phi: 0.6340572518970061. Initial nu: 0.704241715205185. Initial nllh: 505.2520900458007
EM finished after 13 iterations.
Optimal phi: 0. Optimal nu: 1.606497939605822e-06. Optimal nllh: 126.44029326972355
Optimal point found for initial point 9
Initial point 10. Random seed: 8725
Numerical optimization started with ultrametric constraint
Initial phi: 0.9301025750400589. Initial nu: 0.8771782148100484. Initial nllh: 1048.883699230149
EM finished after 14 iterations.
Optimal phi: 0. Optimal nu: 1.6062213695075494e-06. Optimal nllh: 126.4402940561807
Optimal point found for initial point 10
Numerical optimization finished successfully
Runtime (s): 10.809063542
