dataset s14c2
Optimization without using locations
Initial point 1. Random seed: 6832
Solving with ultrametric constraint
Optimal point found for initial point 1
Negative llh: 104.26613795623054
Dropout rate: 1e-08
Silencing rate: 1e-08
Initial point 2. Random seed: 5505
Solving with ultrametric constraint
Optimal point found for initial point 2
Negative llh: 104.26613793439975
Dropout rate: 1e-08
Silencing rate: 1e-08
Initial point 3. Random seed: 4297
Solving with ultrametric constraint
Optimal point found for initial point 3
Negative llh: 104.26613793439975
Dropout rate: 1e-08
Silencing rate: 1e-08
Initial point 4. Random seed: 6646
Solving with ultrametric constraint
Optimal point found for initial point 4
Negative llh: 104.26613793439975
Dropout rate: 1e-08
Silencing rate: 1e-08
Initial point 5. Random seed: 52
Solving with ultrametric constraint
Optimal point found for initial point 5
Negative llh: 104.26613793439975
Dropout rate: 1e-08
Silencing rate: 1e-08
Initial point 6. Random seed: 9768
Solving with ultrametric constraint
Optimal point found for initial point 6
Negative llh: 104.26613793439975
Dropout rate: 1e-08
Silencing rate: 1e-08
Initial point 7. Random seed: 8047
Solving with ultrametric constraint
Optimal point found for initial point 7
Negative llh: 104.26613793439975
Dropout rate: 1e-08
Silencing rate: 1e-08
Initial point 8. Random seed: 611
Solving with ultrametric constraint
Optimal point found for initial point 8
Negative llh: 104.26613793439975
Dropout rate: 1e-08
Silencing rate: 1e-08
Initial point 9. Random seed: 4172
Solving with ultrametric constraint
Optimal point found for initial point 9
Negative llh: 104.26613793439975
Dropout rate: 1e-08
Silencing rate: 1e-08
Initial point 10. Random seed: 993
Solving with ultrametric constraint
Optimal point found for initial point 10
Negative llh: 104.26613793439975
Dropout rate: 1e-08
Silencing rate: 1e-08
Initial point 11. Random seed: 1
Solving with ultrametric constraint
Optimal point found for initial point 11
Negative llh: 104.26613793439975
Dropout rate: 1e-08
Silencing rate: 1e-08
Initial point 12. Random seed: 3806
Solving with ultrametric constraint
Optimal point found for initial point 12
Negative llh: 104.26613793439975
Dropout rate: 1e-08
Silencing rate: 1e-08
Initial point 13. Random seed: 8726
Solving with ultrametric constraint
Optimal point found for initial point 13
Negative llh: 104.26613793439975
Dropout rate: 1e-08
Silencing rate: 1e-08
Initial point 14. Random seed: 5963
Solving with ultrametric constraint
Optimal point found for initial point 14
Negative llh: 104.26613793439975
Dropout rate: 1e-08
Silencing rate: 1e-08
Initial point 15. Random seed: 5812
Solving with ultrametric constraint
Optimal point found for initial point 15
Negative llh: 104.26613793439975
Dropout rate: 1e-08
Silencing rate: 1e-08
Initial point 16. Random seed: 3874
Solving with ultrametric constraint
Optimal point found for initial point 16
Negative llh: 104.26613793439975
Dropout rate: 1e-08
Silencing rate: 1e-08
Initial point 17. Random seed: 7333
Solving with ultrametric constraint
Optimal point found for initial point 17
Negative llh: 104.26613793439975
Dropout rate: 1e-08
Silencing rate: 1e-08
Initial point 18. Random seed: 8925
Solving with ultrametric constraint
Optimal point found for initial point 18
Negative llh: 104.26613793439975
Dropout rate: 1e-08
Silencing rate: 1e-08
Initial point 19. Random seed: 5791
Solving with ultrametric constraint
Optimal point found for initial point 19
Negative llh: 104.26613793439975
Dropout rate: 1e-08
Silencing rate: 1e-08
Initial point 20. Random seed: 2365
Solving with ultrametric constraint
Optimal point found for initial point 20
Negative llh: 104.26613793439975
Dropout rate: 1e-08
Silencing rate: 1e-08
Optimization using locations
Optimization start with 1 initials
Initial point 1. Random seed: 3044
Solving with ultrametric constraint
  NIT    FC           OBJFUN            GNORM
    1    34     5.051918E+02     1.912077E+03
    2    69     8.084232E+02     5.135183E+01
    3   103     9.017755E+02     4.246824E+01
    4   137     1.035860E+03     3.869541E+01
    5   171     8.100560E+02     3.721280E+01
    6   205     6.456358E+02     3.554207E+01
    7   239     6.438887E+02     3.484120E+01
    8   273     5.777962E+02     3.438752E+01
    9   307     6.379496E+02     3.311227E+01
   10   341     4.728180E+02     3.512112E+01
   11   375     5.334107E+02     3.560310E+01
   12   409     3.699302E+02     3.357738E+01
   13   443     3.844893E+02     3.209787E+01
   14   477     3.413085E+02     3.198654E+01
   15   511     3.115855E+02     3.108391E+01
   16   545     3.068956E+02     3.074783E+01
   17   579     3.774835E+02     3.190750E+01
   18   613     2.978297E+02     3.197824E+01
   19   647     3.453032E+02     2.988043E+01
   20   681     3.498487E+02     2.804852E+01
   21   716     2.737362E+02     2.919245E+01
   22   749     2.731016E+02     4.643429E+01
   23   782     2.730535E+02     2.624631E+01
   24   815     2.730129E+02     2.664930E+01
   25   848     2.730041E+02     2.574007E+01
   26   881     2.730029E+02     2.506481E+01
   27   914     2.730027E+02     2.516500E+01
   28   947     2.730025E+02     2.523057E+01
   29   980     2.730025E+02     2.518980E+01
   30  1012     2.730025E+02     2.518824E+01
Optimization terminated successfully    (Exit mode 0)
            Current function value: 273.0025075524257
            Iterations: 30
            Function evaluations: 1012
            Gradient evaluations: 30
Optimal point found for initial point 1
Negative llh: 273.0025075524257
Dropout rate: 0
Silencing rate: 0
