dataset s4c5
Optimization without using locations
Initial point 1. Random seed: 5793
Solving with ultrametric constraint
Optimal point found for initial point 1
Negative llh: 53.774595804895434
Dropout rate: 1e-08
Silencing rate: 1e-08
Initial point 2. Random seed: 5141
Solving with ultrametric constraint
Optimal point found for initial point 2
Negative llh: 53.774595700546115
Dropout rate: 1e-08
Silencing rate: 1e-08
Initial point 3. Random seed: 2836
Solving with ultrametric constraint
Optimal point found for initial point 3
Negative llh: 53.774595700546115
Dropout rate: 1e-08
Silencing rate: 1e-08
Initial point 4. Random seed: 2749
Solving with ultrametric constraint
Optimal point found for initial point 4
Negative llh: 53.774595700546115
Dropout rate: 1e-08
Silencing rate: 1e-08
Initial point 5. Random seed: 4312
Solving with ultrametric constraint
Optimal point found for initial point 5
Negative llh: 53.774595700546115
Dropout rate: 1e-08
Silencing rate: 1e-08
Initial point 6. Random seed: 9744
Solving with ultrametric constraint
Optimal point found for initial point 6
Negative llh: 53.774595700546115
Dropout rate: 1e-08
Silencing rate: 1e-08
Initial point 7. Random seed: 7372
Solving with ultrametric constraint
Optimal point found for initial point 7
Negative llh: 53.774595700546115
Dropout rate: 1e-08
Silencing rate: 1e-08
Initial point 8. Random seed: 248
Solving with ultrametric constraint
Optimal point found for initial point 8
Negative llh: 53.774595700546115
Dropout rate: 1e-08
Silencing rate: 1e-08
Initial point 9. Random seed: 3287
Solving with ultrametric constraint
Optimal point found for initial point 9
Negative llh: 53.774595700546115
Dropout rate: 1e-08
Silencing rate: 1e-08
Initial point 10. Random seed: 1051
Solving with ultrametric constraint
Optimal point found for initial point 10
Negative llh: 53.774595700546115
Dropout rate: 1e-08
Silencing rate: 1e-08
Initial point 11. Random seed: 3278
Solving with ultrametric constraint
Optimal point found for initial point 11
Negative llh: 53.774595700546115
Dropout rate: 1e-08
Silencing rate: 1e-08
Initial point 12. Random seed: 9906
Solving with ultrametric constraint
Optimal point found for initial point 12
Negative llh: 53.774595700546115
Dropout rate: 1e-08
Silencing rate: 1e-08
Initial point 13. Random seed: 1890
Solving with ultrametric constraint
Optimal point found for initial point 13
Negative llh: 53.774595700546115
Dropout rate: 1e-08
Silencing rate: 1e-08
Initial point 14. Random seed: 1588
Solving with ultrametric constraint
Optimal point found for initial point 14
Negative llh: 53.774595700546115
Dropout rate: 1e-08
Silencing rate: 1e-08
Initial point 15. Random seed: 1853
Solving with ultrametric constraint
Optimal point found for initial point 15
Negative llh: 53.774595700546115
Dropout rate: 1e-08
Silencing rate: 1e-08
Initial point 16. Random seed: 3683
Solving with ultrametric constraint
Optimal point found for initial point 16
Negative llh: 53.774595700546115
Dropout rate: 1e-08
Silencing rate: 1e-08
Initial point 17. Random seed: 9438
Solving with ultrametric constraint
Optimal point found for initial point 17
Negative llh: 53.774595700546115
Dropout rate: 1e-08
Silencing rate: 1e-08
Initial point 18. Random seed: 1912
Solving with ultrametric constraint
Optimal point found for initial point 18
Negative llh: 53.774595700546115
Dropout rate: 1e-08
Silencing rate: 1e-08
Initial point 19. Random seed: 9860
Solving with ultrametric constraint
Optimal point found for initial point 19
Negative llh: 53.774595700546115
Dropout rate: 1e-08
Silencing rate: 1e-08
Initial point 20. Random seed: 4027
Solving with ultrametric constraint
Optimal point found for initial point 20
Negative llh: 53.774595700546115
Dropout rate: 1e-08
Silencing rate: 1e-08
Optimization using locations
Optimization start with 1 initials
Initial point 1. Random seed: 3310
Solving with ultrametric constraint
  NIT    FC           OBJFUN            GNORM
    1    24     1.080811E+03     1.595664E+04
    2    48     2.347574E+04     3.905108E+02
    3    72     5.425570E+02     2.679646E+02
    4    95     1.351780E+03     4.224994E+04
    5   121     8.820411E+04     1.198095E+04
    6   147     6.143523E+04     5.021625E+03
    7   173     3.138286E+05     4.484987E+02
    8   198     6.454099E+02     4.353565E+02
    9   222     4.012944E+02     4.184633E+02
   10   246     3.033615E+02     4.610745E+02
   11   270     3.357266E+02     4.436298E+02
   12   294     1.840253E+02     3.613701E+02
   13   318     4.980191E+02     3.086936E+02
   14   342     1.751771E+02     2.678601E+02
   15   365     1.803184E+02     2.500980E+02
   16   391     1.761144E+02     1.690944E+02
   17   416     1.823088E+02     1.427686E+02
   18   440     1.586031E+02     7.107165E+01
   19   463     1.566212E+02     5.040209E+01
   20   486     1.556834E+02     3.871101E+01
   21   509     1.551486E+02     3.059910E+01
   22   532     1.548928E+02     2.644771E+01
   23   555     1.548455E+02     2.353722E+01
   24   578     1.548183E+02     2.294270E+01
   25   601     1.547256E+02     2.240046E+01
   26   624     1.546792E+02     2.413144E+01
   27   647     1.545119E+02     2.601418E+01
   28   670     1.543739E+02     2.138969E+01
   29   693     1.542640E+02     2.710820E+01
   30   716     1.542131E+02     2.002744E+01
   31   739     1.541887E+02     1.918681E+01
   32   762     1.540941E+02     1.937662E+01
   33   785     1.539523E+02     2.052799E+01
   34   808     1.537946E+02     2.230198E+01
   35   831     1.537169E+02     2.401685E+01
   36   854     1.536682E+02     2.444129E+01
   37   877     1.536326E+02     2.269872E+01
   38   900     1.536085E+02     2.042048E+01
   39   923     1.534921E+02     1.944361E+01
   40   946     1.533867E+02     1.817604E+01
   41   969     1.533678E+02     1.669018E+01
   42   992     1.533647E+02     1.610984E+01
   43  1015     1.533645E+02     1.604412E+01
   44  1038     1.533643E+02     1.600986E+01
   45  1061     1.533641E+02     1.597632E+01
   46  1084     1.533635E+02     1.591474E+01
   47  1107     1.533621E+02     1.582504E+01
   48  1130     1.533591E+02     1.570154E+01
   49  1153     1.533528E+02     1.557598E+01
   50  1176     1.533441E+02     1.549697E+01
   51  1199     1.533380E+02     1.549469E+01
   52  1222     1.533361E+02     1.565831E+01
   53  1245     1.533361E+02     1.590456E+01
   54  1268     1.533361E+02     1.593734E+01
   55  1291     1.533361E+02     1.595437E+01
   56  1314     1.533360E+02     1.596227E+01
   57  1337     1.533360E+02     1.597435E+01
   58  1360     1.533358E+02     1.598707E+01
   59  1383     1.533353E+02     1.600467E+01
   60  1406     1.533342E+02     1.603010E+01
   61  1429     1.533314E+02     1.606694E+01
   62  1452     1.533254E+02     1.611964E+01
   63  1475     1.533150E+02     1.617711E+01
   64  1498     1.533050E+02     1.618168E+01
   65  1521     1.533013E+02     1.605732E+01
   66  1544     1.533008E+02     1.592405E+01
   67  1567     1.533008E+02     1.588907E+01
   68  1590     1.533008E+02     1.588818E+01
   69  1613     1.533008E+02     1.588796E+01
Optimization terminated successfully    (Exit mode 0)
            Current function value: 153.3008001482782
            Iterations: 69
            Function evaluations: 1613
            Gradient evaluations: 69
Optimal point found for initial point 1
Negative llh: 153.3008001482782
Dropout rate: 0
Silencing rate: 0
