Launching Problin version 0.5b
Problin was called as follow: /Users/uym2/my_gits/problin/run_problin.py -c s15c4/k10_r2_character_matrix.csv -t s15c4/true_tree.nwk -S s15c4/true_locations.txt --delimiter comma -p s15c4/k10_priors.csv -o s15c4/k10_r2_spalin_all.txt --nInitials 10
Optimization by Spalin: Scipy-SLSQP using spatial information
Optimizing branch lengths, phi, and nu without topology search
Initial point 1. Random seed: 4456
Solving ML without ultrametric constraint
Optimal point found for initial point 1
Negative llh: 221.5089771479046
Dropout rate: 1e-10
Silencing rate: 1.0000000000000002e-10
Initial point 2. Random seed: 5889
Solving ML without ultrametric constraint
Optimal point found for initial point 2
Negative llh: 221.50897755982734
Dropout rate: 8.062318061539346e-10
Silencing rate: 2.628870782349195e-09
Initial point 3. Random seed: 5810
Solving ML without ultrametric constraint
Optimal point found for initial point 3
Negative llh: 221.50897702813046
Dropout rate: 1e-10
Silencing rate: 1e-10
Initial point 4. Random seed: 6473
Solving ML without ultrametric constraint
Optimal point found for initial point 4
Negative llh: 221.50897712153892
Dropout rate: 1.003199648777713e-10
Silencing rate: 1.0346680275528467e-10
Initial point 5. Random seed: 9900
Solving ML without ultrametric constraint
Optimal point found for initial point 5
Negative llh: 221.5089770050065
Dropout rate: 1e-10
Silencing rate: 1.0000000000000002e-10
Initial point 6. Random seed: 9039
Solving ML without ultrametric constraint
Optimal point found for initial point 6
Negative llh: 221.5089771674265
Dropout rate: 1e-10
Silencing rate: 1e-10
Initial point 7. Random seed: 3195
Solving ML without ultrametric constraint
Optimal point found for initial point 7
Negative llh: 221.50897716323044
Dropout rate: 1e-10
Silencing rate: 1e-10
Initial point 8. Random seed: 5000
Solving ML without ultrametric constraint
Optimal point found for initial point 8
Negative llh: 221.50897734805687
Dropout rate: 7.641491941344867e-10
Silencing rate: 1.8272794665392397e-09
Initial point 9. Random seed: 6446
Solving ML without ultrametric constraint
Optimal point found for initial point 9
Negative llh: 221.5089770165966
Dropout rate: 1e-10
Silencing rate: 1e-10
Initial point 10. Random seed: 6675
Solving ML without ultrametric constraint
Optimal point found for initial point 10
Negative llh: 221.50897816559183
Dropout rate: 4.112766991903122e-09
Silencing rate: 4.690640761769531e-09
Runtime (s): 11.211954291
