dataset s4c6
Optimization using leaf locations
Initial point 1. Random seed: 2140
Solving with ultrametric constraint
Optimal point found for initial point 1
Negative llh: 187.3420479188269
Dropout rate: 0
Silencing rate: 0
Initial point 2. Random seed: 8604
Solving with ultrametric constraint
Optimal point found for initial point 2
Negative llh: 182.8217796577544
Dropout rate: 0
Silencing rate: 0
Initial point 3. Random seed: 7323
Solving with ultrametric constraint
Optimal point found for initial point 3
Negative llh: 5702.071145725287
Dropout rate: 0
Silencing rate: 0
Initial point 4. Random seed: 2388
Solving with ultrametric constraint
Optimal point found for initial point 4
Negative llh: 180.5965484889827
Dropout rate: 0
Silencing rate: 0
Initial point 5. Random seed: 5273
Solving with ultrametric constraint
Optimal point found for initial point 5
Negative llh: 182.56092311834533
Dropout rate: 0
Silencing rate: 0
Initial point 6. Random seed: 9733
Solving with ultrametric constraint
Optimal point found for initial point 6
Negative llh: 185.6858840121064
Dropout rate: 0
Silencing rate: 0
Initial point 7. Random seed: 3940
Solving with ultrametric constraint
Optimal point found for initial point 7
Negative llh: 184.41989000904698
Dropout rate: 0
Silencing rate: 0
Initial point 8. Random seed: 3026
Solving with ultrametric constraint
Optimal point found for initial point 8
Negative llh: 181.63549208033007
Dropout rate: 0
Silencing rate: 0
Initial point 9. Random seed: 8214
Solving with ultrametric constraint
Optimal point found for initial point 9
Negative llh: 182.21822116211132
Dropout rate: 0
Silencing rate: 0
Initial point 10. Random seed: 4630
Solving with ultrametric constraint
Optimal point found for initial point 10
Negative llh: 180.59624659129955
Dropout rate: 0
Silencing rate: 0
Initial point 11. Random seed: 4400
Solving with ultrametric constraint
Optimal point found for initial point 11
Negative llh: 182.21905694030215
Dropout rate: 0
Silencing rate: 0
Initial point 12. Random seed: 8841
Solving with ultrametric constraint
Optimal point found for initial point 12
Negative llh: 182.82178318912418
Dropout rate: 0
Silencing rate: 0
Initial point 13. Random seed: 3001
Solving with ultrametric constraint
Optimal point found for initial point 13
Negative llh: 182.21823263276073
Dropout rate: 0
Silencing rate: 0
Initial point 14. Random seed: 3519
Solving with ultrametric constraint
Optimal point found for initial point 14
Negative llh: 180.5962419933483
Dropout rate: 0
Silencing rate: 0
Initial point 15. Random seed: 1869
Solving with ultrametric constraint
Optimal point found for initial point 15
Negative llh: 181.87531347882435
Dropout rate: 0
Silencing rate: 0
Initial point 16. Random seed: 7450
Solving with ultrametric constraint
Optimal point found for initial point 16
Negative llh: 182.82172364862723
Dropout rate: 0
Silencing rate: 0
Initial point 17. Random seed: 8260
Solving with ultrametric constraint
Optimal point found for initial point 17
Negative llh: 180.24936939054587
Dropout rate: 0
Silencing rate: 0
Initial point 18. Random seed: 8348
Solving with ultrametric constraint
Optimal point found for initial point 18
Negative llh: 8091.526595300369
Dropout rate: 0
Silencing rate: 0
Initial point 19. Random seed: 9240
Solving with ultrametric constraint
Optimal point found for initial point 19
Negative llh: 180.24932817200033
Dropout rate: 0
Silencing rate: 0
Initial point 20. Random seed: 5287
Solving with ultrametric constraint
Optimal point found for initial point 20
Negative llh: 180.24932057638284
Dropout rate: 0
Silencing rate: 0
Optimal nllh: 180.24932057638284
