dataset s20c7
Optimization using leaf locations
Initial point 1. Random seed: 9929
Solving with ultrametric constraint
Optimal point found for initial point 1
Negative llh: 55.743545462217554
Dropout rate: 0
Silencing rate: 0
Initial point 2. Random seed: 5567
Solving with ultrametric constraint
Optimal point found for initial point 2
Negative llh: 55.74359283349609
Dropout rate: 0
Silencing rate: 0
Initial point 3. Random seed: 7649
Solving with ultrametric constraint
Optimal point found for initial point 3
Negative llh: 55.74354514858358
Dropout rate: 0
Silencing rate: 0
Initial point 4. Random seed: 9710
Solving with ultrametric constraint
Optimal point found for initial point 4
Negative llh: 55.74354532063795
Dropout rate: 0
Silencing rate: 0
Initial point 5. Random seed: 3737
Solving with ultrametric constraint
Optimal point found for initial point 5
Negative llh: 55.743545426428526
Dropout rate: 0
Silencing rate: 0
Initial point 6. Random seed: 2622
Solving with ultrametric constraint
Optimal point found for initial point 6
Negative llh: 55.743544838600364
Dropout rate: 0
Silencing rate: 0
Initial point 7. Random seed: 2293
Solving with ultrametric constraint
Optimal point found for initial point 7
Negative llh: 55.743550515011634
Dropout rate: 0
Silencing rate: 0
Initial point 8. Random seed: 5973
Solving with ultrametric constraint
Optimal point found for initial point 8
Negative llh: 55.74354489990151
Dropout rate: 0
Silencing rate: 0
Initial point 9. Random seed: 6170
Solving with ultrametric constraint
Optimal point found for initial point 9
Negative llh: 55.74355464975359
Dropout rate: 0
Silencing rate: 0
Initial point 10. Random seed: 1153
Solving with ultrametric constraint
Optimal point found for initial point 10
Negative llh: 55.743548400601156
Dropout rate: 0
Silencing rate: 0
Initial point 11. Random seed: 4705
Solving with ultrametric constraint
Optimal point found for initial point 11
Negative llh: 55.743555391694755
Dropout rate: 0
Silencing rate: 0
Initial point 12. Random seed: 2928
Solving with ultrametric constraint
Optimal point found for initial point 12
Negative llh: 55.74354501292282
Dropout rate: 0
Silencing rate: 0
Initial point 13. Random seed: 2221
Solving with ultrametric constraint
Optimal point found for initial point 13
Negative llh: 55.74357649276553
Dropout rate: 0
Silencing rate: 0
Initial point 14. Random seed: 3952
Solving with ultrametric constraint
Optimal point found for initial point 14
Negative llh: 55.7435542437719
Dropout rate: 0
Silencing rate: 0
Initial point 15. Random seed: 3727
Solving with ultrametric constraint
Optimal point found for initial point 15
Negative llh: 55.74354477588313
Dropout rate: 0
Silencing rate: 0
Initial point 16. Random seed: 5190
Solving with ultrametric constraint
Optimal point found for initial point 16
Negative llh: 55.74355585555937
Dropout rate: 0
Silencing rate: 0
Initial point 17. Random seed: 1797
Solving with ultrametric constraint
Optimal point found for initial point 17
Negative llh: 55.743592586525516
Dropout rate: 0
Silencing rate: 0
Initial point 18. Random seed: 1440
Solving with ultrametric constraint
Optimal point found for initial point 18
Negative llh: 55.74355490477505
Dropout rate: 0
Silencing rate: 0
Initial point 19. Random seed: 2897
Solving with ultrametric constraint
Optimal point found for initial point 19
Negative llh: 55.743553133193316
Dropout rate: 0
Silencing rate: 0
Initial point 20. Random seed: 73
Solving with ultrametric constraint
Optimal point found for initial point 20
Negative llh: 55.74354505005139
Dropout rate: 0
Silencing rate: 0
Optimal nllh: 55.74354477588313
