dataset s20c7
Optimization without using locations
Initial point 1. Random seed: 3369
Solving with ultrametric constraint
Optimal point found for initial point 1
Negative llh: 35.781005951278324
Dropout rate: 1e-08
Silencing rate: 1e-08
Initial point 2. Random seed: 9417
Solving with ultrametric constraint
Optimal point found for initial point 2
Negative llh: 35.781005951278324
Dropout rate: 1e-08
Silencing rate: 1e-08
Initial point 3. Random seed: 4341
Solving with ultrametric constraint
Optimal point found for initial point 3
Negative llh: 35.781005951278324
Dropout rate: 1e-08
Silencing rate: 1e-08
Initial point 4. Random seed: 6521
Solving with ultrametric constraint
Optimal point found for initial point 4
Negative llh: 35.781005951278324
Dropout rate: 1e-08
Silencing rate: 1e-08
Initial point 5. Random seed: 2170
Solving with ultrametric constraint
Optimal point found for initial point 5
Negative llh: 35.781005951278324
Dropout rate: 1e-08
Silencing rate: 1e-08
Initial point 6. Random seed: 8505
Solving with ultrametric constraint
Optimal point found for initial point 6
Negative llh: 35.781005951278324
Dropout rate: 1e-08
Silencing rate: 1e-08
Initial point 7. Random seed: 9527
Solving with ultrametric constraint
Optimal point found for initial point 7
Negative llh: 35.781005951278324
Dropout rate: 1e-08
Silencing rate: 1e-08
Initial point 8. Random seed: 8644
Solving with ultrametric constraint
Optimal point found for initial point 8
Negative llh: 35.781005951278324
Dropout rate: 1e-08
Silencing rate: 1e-08
Initial point 9. Random seed: 4933
Solving with ultrametric constraint
Optimal point found for initial point 9
Negative llh: 35.781005951278324
Dropout rate: 1e-08
Silencing rate: 1e-08
Initial point 10. Random seed: 8328
Solving with ultrametric constraint
Optimal point found for initial point 10
Negative llh: 35.781005951278324
Dropout rate: 1e-08
Silencing rate: 1e-08
Initial point 11. Random seed: 2980
Solving with ultrametric constraint
Optimal point found for initial point 11
Negative llh: 35.781005951278324
Dropout rate: 1e-08
Silencing rate: 1e-08
Initial point 12. Random seed: 31
Solving with ultrametric constraint
Optimal point found for initial point 12
Negative llh: 35.781005951278324
Dropout rate: 1e-08
Silencing rate: 1e-08
Initial point 13. Random seed: 9178
Solving with ultrametric constraint
Optimal point found for initial point 13
Negative llh: 35.781005951278324
Dropout rate: 1e-08
Silencing rate: 1e-08
Initial point 14. Random seed: 1367
Solving with ultrametric constraint
Optimal point found for initial point 14
Negative llh: 35.781005951278324
Dropout rate: 1e-08
Silencing rate: 1e-08
Initial point 15. Random seed: 513
Solving with ultrametric constraint
Optimal point found for initial point 15
Negative llh: 35.781005951278324
Dropout rate: 1e-08
Silencing rate: 1e-08
Initial point 16. Random seed: 9866
Solving with ultrametric constraint
Optimal point found for initial point 16
Negative llh: 35.781005951278324
Dropout rate: 1e-08
Silencing rate: 1e-08
Initial point 17. Random seed: 8762
Solving with ultrametric constraint
Optimal point found for initial point 17
Negative llh: 35.781005951278324
Dropout rate: 1e-08
Silencing rate: 1e-08
Initial point 18. Random seed: 8029
Solving with ultrametric constraint
Optimal point found for initial point 18
Negative llh: 35.781005951278324
Dropout rate: 1e-08
Silencing rate: 1e-08
Initial point 19. Random seed: 8451
Solving with ultrametric constraint
Optimal point found for initial point 19
Negative llh: 35.781005951278324
Dropout rate: 1e-08
Silencing rate: 1e-08
Initial point 20. Random seed: 1501
Solving with ultrametric constraint
Optimal point found for initial point 20
Negative llh: 35.781005951278324
Dropout rate: 1e-08
Silencing rate: 1e-08
Optimization using locations
Optimization start with 1 initials
Initial point 1. Random seed: 3617
Solving with ultrametric constraint
  NIT    FC           OBJFUN            GNORM
    1    10     7.753739E+01     6.450887E+02
    2    19     7.184746E+01     2.366795E+03
    3    32     1.141276E+02     3.273987E+01
    4    42     6.802944E+01     3.274180E+01
    5    52     6.801393E+01     3.148071E+01
    6    62     6.581620E+01     3.104332E+01
    7    71     6.572046E+01     2.980740E+01
    8    80     6.570074E+01     2.876149E+01
    9    89     6.566939E+01     2.758703E+01
   10    98     6.563895E+01     2.374663E+01
   11   107     6.553864E+01     1.987631E+01
   12   116     6.549001E+01     9.314531E+00
   13   125     6.547872E+01     5.434996E+00
   14   134     6.547759E+01     5.229332E+00
   15   143     6.547749E+01     5.473682E+00
   16   152     6.547747E+01     5.564675E+00
   17   161     6.547747E+01     5.589464E+00
   18   169     6.547747E+01     5.588097E+00
Optimization terminated successfully    (Exit mode 0)
            Current function value: 65.47746757839516
            Iterations: 18
            Function evaluations: 169
            Gradient evaluations: 18
Optimal point found for initial point 1
Negative llh: 65.47746757839516
Dropout rate: 0
Silencing rate: 0
