dataset s10c2
Optimization using leaf locations
Initial point 1. Random seed: 3665
Solving with ultrametric constraint
Optimal point found for initial point 1
Negative llh: 317.6045283477964
Dropout rate: 0
Silencing rate: 0
Initial point 2. Random seed: 7630
Solving with ultrametric constraint
Optimal point found for initial point 2
Negative llh: 317.6045185257443
Dropout rate: 0
Silencing rate: 0
Initial point 3. Random seed: 4969
Solving with ultrametric constraint
Optimal point found for initial point 3
Negative llh: 316.8490980652853
Dropout rate: 0
Silencing rate: 0
Initial point 4. Random seed: 4998
Solving with ultrametric constraint
Optimal point found for initial point 4
Negative llh: 9784.893706253677
Dropout rate: 0
Silencing rate: 0
Initial point 5. Random seed: 9944
Solving with ultrametric constraint
Optimal point found for initial point 5
Negative llh: 317.66528199415154
Dropout rate: 0
Silencing rate: 0
Initial point 6. Random seed: 7006
Solving with ultrametric constraint
Optimal point found for initial point 6
Negative llh: 317.60454106243174
Dropout rate: 0
Silencing rate: 0
Initial point 7. Random seed: 8413
Solving with ultrametric constraint
Optimal point found for initial point 7
Negative llh: 315.66980354214047
Dropout rate: 0
Silencing rate: 0
Initial point 8. Random seed: 4706
Solving with ultrametric constraint
Optimal point found for initial point 8
Negative llh: 318.37262981221136
Dropout rate: 0
Silencing rate: 0
Initial point 9. Random seed: 425
Solving with ultrametric constraint
Optimal point found for initial point 9
Negative llh: 7756.3446654820145
Dropout rate: 0
Silencing rate: 0
Initial point 10. Random seed: 4397
Solving with ultrametric constraint
Optimal point found for initial point 10
Negative llh: 317.4110280333881
Dropout rate: 0
Silencing rate: 0
Initial point 11. Random seed: 3804
Solving with ultrametric constraint
Optimal point found for initial point 11
Negative llh: 317.41100565948443
Dropout rate: 0
Silencing rate: 0
Initial point 12. Random seed: 8684
Solving with ultrametric constraint
Optimal point found for initial point 12
Negative llh: 317.41109334556126
Dropout rate: 0
Silencing rate: 0
Initial point 13. Random seed: 8823
Solving with ultrametric constraint
Optimal point found for initial point 13
Negative llh: 317.41097662104545
Dropout rate: 0
Silencing rate: 0
Initial point 14. Random seed: 8920
Solving with ultrametric constraint
Optimal point found for initial point 14
Negative llh: 321.8204423363008
Dropout rate: 0
Silencing rate: 0
Initial point 15. Random seed: 7966
Solving with ultrametric constraint
Optimal point found for initial point 15
Negative llh: 320.7325399175413
Dropout rate: 0
Silencing rate: 0
Initial point 16. Random seed: 6704
Solving with ultrametric constraint
Optimal point found for initial point 16
Negative llh: 318.3725827950041
Dropout rate: 0
Silencing rate: 0
Initial point 17. Random seed: 5799
Solving with ultrametric constraint
Optimal point found for initial point 17
Negative llh: 8169.325598314428
Dropout rate: 0
Silencing rate: 0
Initial point 18. Random seed: 9651
Solving with ultrametric constraint
Optimal point found for initial point 18
Negative llh: 7072.20403160343
Dropout rate: 0
Silencing rate: 0
Initial point 19. Random seed: 1197
Solving with ultrametric constraint
Optimal point found for initial point 19
Negative llh: 6537.862091239931
Dropout rate: 0
Silencing rate: 0
Initial point 20. Random seed: 148
Solving with ultrametric constraint
Optimal point found for initial point 20
Negative llh: 316.37419306960527
Dropout rate: 0
Silencing rate: 0
Optimal nllh: 315.66980354214047
