Launching Problin version 0.5p
Problin was called as follow: /Users/uym2/my_gits/problin/run_problin.py -c s8c5/k10_r1_character_matrix.csv -t s8c5/true_tree.nwk --delimiter comma -p s8c5/k10_priors.csv -o s8c5/k10_r1_problin.txt --nInitials 10
Optimization by EM algorithm
Optimizing branch lengths, phi, and nu without topology search
Initial point 1. Random seed: 1919
Solving ML without ultrametric constraint
Initial phi: 0.32174314273266325. Initial nu: 0.9100346999229596. Initial nllh: 19838.00935451383
EM finished after 16 iterations.
Optimal point found for initial point 1
Negative llh: 96.75011870497394
Dropout rate: 0
Silencing rate: 3.781337807854865e-07
Initial point 2. Random seed: 6231
Solving ML without ultrametric constraint
Initial phi: 0.08819387547495204. Initial nu: 0.6291159204223351. Initial nllh: 261.001171432189
EM finished after 16 iterations.
Optimal point found for initial point 2
Negative llh: 96.7501097410036
Dropout rate: 0
Silencing rate: 3.393575311534745e-07
Initial point 3. Random seed: 3987
Solving ML without ultrametric constraint
Initial phi: 0.2069542682882919. Initial nu: 0.1420465586016021. Initial nllh: 182.37241256202734
EM finished after 9 iterations.
Optimal point found for initial point 3
Negative llh: 96.75012433520607
Dropout rate: 0
Silencing rate: 3.778436827777833e-07
Initial point 4. Random seed: 3108
Solving ML without ultrametric constraint
Initial phi: 0.21442342972489625. Initial nu: 0.6073940073338117. Initial nllh: 290.3299146822789
EM finished after 15 iterations.
Optimal point found for initial point 4
Negative llh: 96.75010962020495
Dropout rate: 0
Silencing rate: 3.3829672983808854e-07
Initial point 5. Random seed: 2510
Solving ML without ultrametric constraint
Initial phi: 0.7341210144232736. Initial nu: 0.1869498221893956. Initial nllh: 443.9332193045523
EM finished after 12 iterations.
Optimal point found for initial point 5
Negative llh: 96.75011138359176
Dropout rate: 0
Silencing rate: 3.440597969086216e-07
Initial point 6. Random seed: 5450
Solving ML without ultrametric constraint
Initial phi: 0.8963366172792653. Initial nu: 0.9241074088018899. Initial nllh: 828.1436829359858
EM finished after 18 iterations.
Optimal point found for initial point 6
Negative llh: 96.75011841657688
Dropout rate: 0
Silencing rate: 3.778078563021677e-07
Initial point 7. Random seed: 9236
Solving ML without ultrametric constraint
Initial phi: 0.4309763339153156. Initial nu: 0.5092176775140658. Initial nllh: 342.1918290717325
EM finished after 16 iterations.
Optimal point found for initial point 7
Negative llh: 96.75010932457643
Dropout rate: 0
Silencing rate: 3.3756849569997216e-07
Initial point 8. Random seed: 7974
Solving ML without ultrametric constraint
Initial phi: 0.111375709873774. Initial nu: 0.5356161881812004. Initial nllh: 245.6696552738419
EM finished after 14 iterations.
Optimal point found for initial point 8
Negative llh: 96.75010961862627
Dropout rate: 0
Silencing rate: 3.372608084081228e-07
Initial point 9. Random seed: 2064
Solving ML without ultrametric constraint
Initial phi: 0.7291830169221082. Initial nu: 0.7889349259966476. Initial nllh: 576.5482655336176
EM finished after 16 iterations.
Optimal point found for initial point 9
Negative llh: 96.75010961933411
Dropout rate: 0
Silencing rate: 3.387301529349765e-07
Initial point 10. Random seed: 4469
Solving ML without ultrametric constraint
Initial phi: 0.3523999858263911. Initial nu: 0.6616525954138609. Initial nllh: 347.0935048346566
EM finished after 11 iterations.
Optimal point found for initial point 10
Negative llh: 96.75012544378201
Dropout rate: 0
Silencing rate: 3.7801617033396436e-07
Runtime (s): 7.092277625
