Launching Problin version 0.5b
Problin was called as follow: /Users/uym2/my_gits/problin/run_problin.py -c s8c5/k10_r2_character_matrix.csv -t s8c5/true_tree.nwk -S s8c5/true_locations.txt --delimiter comma -p s8c5/k10_priors.csv -o s8c5/k10_r2_spalin_all.txt --nInitials 10
Optimization by Spalin: Scipy-SLSQP using spatial information
Optimizing branch lengths, phi, and nu without topology search
Initial point 1. Random seed: 4061
Solving ML without ultrametric constraint
Optimal point found for initial point 1
Negative llh: 390.4988516933731
Dropout rate: 1e-10
Silencing rate: 1.084600177363964e-08
Sigma: 34.40871451114689
Initial point 2. Random seed: 5421
Solving ML without ultrametric constraint
Optimal point found for initial point 2
Negative llh: 390.49887296623683
Dropout rate: 1.000000000000009e-10
Silencing rate: 1.2595832921833224e-07
Sigma: 34.421758907885255
Initial point 3. Random seed: 2044
Solving ML without ultrametric constraint
Optimal point found for initial point 3
Negative llh: 390.49885037384183
Dropout rate: 1e-10
Silencing rate: 1e-10
Sigma: 34.409087167474
Initial point 4. Random seed: 4053
Solving ML without ultrametric constraint
Optimal point found for initial point 4
Negative llh: 390.49886330282106
Dropout rate: 1.4630133112177475e-08
Silencing rate: 1e-10
Sigma: 34.40917269897977
Initial point 5. Random seed: 4929
Solving ML without ultrametric constraint
Optimal point found for initial point 5
Negative llh: 390.4988696737301
Dropout rate: 1e-10
Silencing rate: 1e-10
Sigma: 34.415610432124176
Initial point 6. Random seed: 2784
Solving ML without ultrametric constraint
Optimal point found for initial point 6
Negative llh: 390.4988520626008
Dropout rate: 3.4417298741847538e-09
Silencing rate: 3.799651058132398e-09
Sigma: 34.408752911448495
Initial point 7. Random seed: 4455
Solving ML without ultrametric constraint
Optimal point found for initial point 7
Negative llh: 390.4988501016088
Dropout rate: 1.0000000000000007e-10
Silencing rate: 1.0000000000000007e-10
Sigma: 34.40871440655645
Initial point 8. Random seed: 5178
Solving ML without ultrametric constraint
Optimal point found for initial point 8
Negative llh: 390.49885108530026
Dropout rate: 1e-10
Silencing rate: 1e-10
Sigma: 34.4093877972892
Initial point 9. Random seed: 1231
Solving ML without ultrametric constraint
Optimal point found for initial point 9
Negative llh: 390.49885257401536
Dropout rate: 2.6500650808521997e-09
Silencing rate: 2.0635154194115038e-09
Sigma: 34.4092205359643
Initial point 10. Random seed: 9854
Solving ML without ultrametric constraint
Optimal point found for initial point 10
Negative llh: 390.4988510593208
Dropout rate: 1.0000000000000002e-10
Silencing rate: 1.0000000000000002e-10
Sigma: 34.4100419387068
Runtime (s): 74.241714625
