Launching Problin version 0.5b
Problin was called as follow: /Users/uym2/my_gits/problin/run_problin.py -c s3c3/k10_r1_character_matrix.csv -t s3c3/true_tree.nwk --delimiter comma -p s3c3/k10_priors.csv -o s3c3/k10_r1_problin_ultrametric --nInitials 10 --ultrametric
Optimizing branch lengths, phi, and nu without topology search
Optimization by EM algorithm
Initial point 1. Random seed: 2054
Numerical optimization started with ultrametric constraint
Initial phi: 0.4276905739401331. Initial nu: 0.048678648669790985. Initial nllh: 2658.6270719914073
EM finished after 10 iterations.
Optimal phi: 0. Optimal nu: 8.776776168844811e-07. Optimal nllh: 39.920606426607705
Optimal point found for initial point 1
Initial point 2. Random seed: 9136
Numerical optimization started with ultrametric constraint
Initial phi: 0.6102541255656283. Initial nu: 0.2696996510468372. Initial nllh: 144.421424090501
EM finished after 9 iterations.
Optimal phi: 0. Optimal nu: 8.788142153183878e-07. Optimal nllh: 39.92060649397866
Optimal point found for initial point 2
Initial point 3. Random seed: 4076
Numerical optimization started with ultrametric constraint
Initial phi: 0.48308815363738095. Initial nu: 0.40182509457866267. Initial nllh: 121.16916979071847
EM finished after 9 iterations.
Optimal phi: 0. Optimal nu: 8.782259363051551e-07. Optimal nllh: 39.920606500538575
Optimal point found for initial point 3
Initial point 4. Random seed: 4627
Numerical optimization started with ultrametric constraint
Initial phi: 0.07460750597348817. Initial nu: 0.5818578452973082. Initial nllh: 69.72778026480678
EM finished after 10 iterations.
Optimal phi: 0. Optimal nu: 8.779349194594255e-07. Optimal nllh: 39.920606424672606
Optimal point found for initial point 4
Initial point 5. Random seed: 5562
Numerical optimization started with ultrametric constraint
Initial phi: 0.6108305722103388. Initial nu: 0.9532677666147235. Initial nllh: 170.36299967063323
EM finished after 10 iterations.
Optimal phi: 0. Optimal nu: 8.767178689203044e-07. Optimal nllh: 39.92060639656893
Optimal point found for initial point 5
Initial point 6. Random seed: 2388
Numerical optimization started with ultrametric constraint
Initial phi: 0.4822090704341623. Initial nu: 0.6429226753279246. Initial nllh: 130.09683519532314
EM finished after 10 iterations.
Optimal phi: 0. Optimal nu: 8.771039494251556e-07. Optimal nllh: 39.920606401381505
Optimal point found for initial point 6
Initial point 7. Random seed: 9359
Numerical optimization started with ultrametric constraint
Initial phi: 0.6394972197389965. Initial nu: 0.5701671030503376. Initial nllh: 163.55873791226094
EM finished after 10 iterations.
Optimal phi: 0. Optimal nu: 8.731886534717912e-07. Optimal nllh: 39.92060625646976
Optimal point found for initial point 7
Initial point 8. Random seed: 4462
Numerical optimization started with ultrametric constraint
Initial phi: 0.7522484074985246. Initial nu: 0.5654790770353598. Initial nllh: 200.889100714031
EM finished after 10 iterations.
Optimal phi: 0. Optimal nu: 8.802902415264162e-07. Optimal nllh: 39.92060652063563
Optimal point found for initial point 8
Initial point 9. Random seed: 5427
Numerical optimization started with ultrametric constraint
Initial phi: 0.7333736765894128. Initial nu: 0.9749403932422422. Initial nllh: 208.99746091592505
EM finished after 10 iterations.
Optimal phi: 0. Optimal nu: 8.72723464280728e-07. Optimal nllh: 39.92060624952609
Optimal point found for initial point 9
Initial point 10. Random seed: 7496
Numerical optimization started with ultrametric constraint
Initial phi: 0.9741983062681567. Initial nu: 0.2774021571078467. Initial nllh: 416.2175127049728
EM finished after 9 iterations.
Optimal phi: 0. Optimal nu: 8.769591918996627e-07. Optimal nllh: 39.92060642616871
Optimal point found for initial point 10
Numerical optimization finished successfully
Runtime (s): 5.242350042
