Launching Problin version 0.5p
Problin was called as follow: /Users/uym2/my_gits/problin/run_problin.py -c s3c3/k10_r1_character_matrix.csv -t s3c3/true_tree.nwk -S s3c3/true_locations.txt --delimiter comma -p s3c3/k10_priors.csv -o s3c3/k10_r1_spalin_all.txt --nInitials 10
Optimization by Spalin: Scipy-SLSQP using spatial information
Optimizing branch lengths, phi, and nu without topology search
Initial point 1. Random seed: 6814
Solving ML without ultrametric constraint
Optimal point found for initial point 1
Negative llh: 135.58225882040023
Dropout rate: 1.1326837193762984e-10
Silencing rate: 1.0666811005195233e-10
Initial point 2. Random seed: 7448
Solving ML without ultrametric constraint
Optimal point found for initial point 2
Negative llh: 135.5822586356427
Dropout rate: 1e-10
Silencing rate: 1e-10
Initial point 3. Random seed: 2834
Solving ML without ultrametric constraint
Optimal point found for initial point 3
Negative llh: 135.58225892256286
Dropout rate: 2.549343421824049e-10
Silencing rate: 4.6257709440805213e-10
Initial point 4. Random seed: 3847
Solving ML without ultrametric constraint
Optimal point found for initial point 4
Negative llh: 135.5822590993485
Dropout rate: 1e-10
Silencing rate: 1.0000000000000002e-10
Initial point 5. Random seed: 7539
Solving ML without ultrametric constraint
Optimal point found for initial point 5
Negative llh: 135.58225856128124
Dropout rate: 1.4358410770528002e-10
Silencing rate: 1.2097264051724053e-10
Initial point 6. Random seed: 5084
Solving ML without ultrametric constraint
Optimal point found for initial point 6
Negative llh: 135.58225872296248
Dropout rate: 1e-10
Silencing rate: 1e-10
Initial point 7. Random seed: 616
Solving ML without ultrametric constraint
Optimal point found for initial point 7
Negative llh: 135.58225889358172
Dropout rate: 1e-10
Silencing rate: 1e-10
Initial point 8. Random seed: 6431
Solving ML without ultrametric constraint
Optimal point found for initial point 8
Negative llh: 135.58225853000997
Dropout rate: 1e-10
Silencing rate: 1e-10
Initial point 9. Random seed: 2194
Solving ML without ultrametric constraint
Optimal point found for initial point 9
Negative llh: 135.58225884652583
Dropout rate: 1e-10
Silencing rate: 1e-10
Initial point 10. Random seed: 5952
Solving ML without ultrametric constraint
Optimal point found for initial point 10
Negative llh: 135.58225848241722
Dropout rate: 1.0010084990175237e-10
Silencing rate: 1e-10
Runtime (s): 5.029175083
