Launching Problin version 0.5b
Problin was called as follow: /Users/uym2/my_gits/problin/run_problin.py -c s21c3/k10_r2_character_matrix.csv -t s21c3/true_tree.nwk -S s21c3/true_locations.txt --delimiter comma -p s21c3/k10_priors.csv -o s21c3/k10_r2_spalin_all.txt --nInitials 10
Optimization by Spalin: Scipy-SLSQP using spatial information
Optimizing branch lengths, phi, and nu without topology search
Initial point 1. Random seed: 9986
Solving ML without ultrametric constraint
Optimal point found for initial point 1
Negative llh: 195.5245086977765
Dropout rate: 1e-10
Silencing rate: 1e-10
Initial point 2. Random seed: 5143
Solving ML without ultrametric constraint
Optimal point found for initial point 2
Negative llh: 195.52450892286043
Dropout rate: 6.635503178506949e-10
Silencing rate: 9.306258586949893e-10
Initial point 3. Random seed: 2164
Solving ML without ultrametric constraint
Optimal point found for initial point 3
Negative llh: 195.5245088873089
Dropout rate: 4.4418427581014093e-10
Silencing rate: 1.6316187710667785e-09
Initial point 4. Random seed: 6071
Solving ML without ultrametric constraint
Optimal point found for initial point 4
Negative llh: 195.52450862973404
Dropout rate: 1.0000000000000007e-10
Silencing rate: 1.0000000000000007e-10
Initial point 5. Random seed: 1980
Solving ML without ultrametric constraint
Optimal point found for initial point 5
Negative llh: 195.5245085375837
Dropout rate: 1.0000000000000002e-10
Silencing rate: 1.0000000000000007e-10
Initial point 6. Random seed: 7403
Solving ML without ultrametric constraint
Optimal point found for initial point 6
Negative llh: 195.52450954910964
Dropout rate: 1.0000000000000007e-10
Silencing rate: 1.0000000000000007e-10
Initial point 7. Random seed: 1161
Solving ML without ultrametric constraint
Optimal point found for initial point 7
Negative llh: 195.5245086018867
Dropout rate: 3.8554441913535476e-10
Silencing rate: 6.554463441111415e-10
Initial point 8. Random seed: 7608
Solving ML without ultrametric constraint
Optimal point found for initial point 8
Negative llh: 195.52450879552794
Dropout rate: 1e-10
Silencing rate: 1e-10
Initial point 9. Random seed: 7789
Solving ML without ultrametric constraint
Optimal point found for initial point 9
Negative llh: 195.52450865940034
Dropout rate: 1e-10
Silencing rate: 1.343514548108355e-10
Initial point 10. Random seed: 6570
Solving ML without ultrametric constraint
Optimal point found for initial point 10
Negative llh: 195.52450865931982
Dropout rate: 9.999999999999996e-11
Silencing rate: 1.0000000000000007e-10
Runtime (s): 6.398500791
