Launching Problin version 0.5b
Problin was called as follow: /Users/uym2/my_gits/problin/run_problin.py -c s21c3/k10_r2_character_matrix.csv -t s21c3/true_tree.nwk -S s21c3/leaf_locations.txt --delimiter comma -p s21c3/k10_priors.csv -o s21c3/k10_r2_spalin_leaves.txt --nInitials 10
Optimization by Spalin: Scipy-SLSQP using spatial information
Optimizing branch lengths, phi, and nu without topology search
Initial point 1. Random seed: 3188
Solving ML without ultrametric constraint
Optimal point found for initial point 1
Negative llh: 161.43703947296592
Dropout rate: 5.906730441885786e-10
Silencing rate: 4.5829520059753054e-10
Initial point 2. Random seed: 806
Solving ML without ultrametric constraint
Optimal point found for initial point 2
Negative llh: 160.85068317821498
Dropout rate: 1.0000000000000002e-10
Silencing rate: 1.0000000000000002e-10
Initial point 3. Random seed: 8730
Solving ML without ultrametric constraint
Optimal point found for initial point 3
Negative llh: 160.6262728935146
Dropout rate: 1e-10
Silencing rate: 1e-10
Initial point 4. Random seed: 2985
Solving ML without ultrametric constraint
Optimal point found for initial point 4
Negative llh: 166.83740931004422
Dropout rate: 2.7167316447807555e-09
Silencing rate: 2.1742567599215352e-09
Initial point 5. Random seed: 2651
Solving ML without ultrametric constraint
Optimal point found for initial point 5
Negative llh: 164.30992513303
Dropout rate: 9.999999999999924e-11
Silencing rate: 9.999999999999924e-11
Initial point 6. Random seed: 1082
Solving ML without ultrametric constraint
Optimal point found for initial point 6
Negative llh: 161.91413229199497
Dropout rate: 2.182712099931051e-09
Silencing rate: 1.8807690792683405e-09
Initial point 7. Random seed: 5978
Solving ML without ultrametric constraint
Optimal point found for initial point 7
Negative llh: 164.11914649408703
Dropout rate: 6.158520228532165e-09
Silencing rate: 1.2438326946368397e-09
Initial point 8. Random seed: 7230
Solving ML without ultrametric constraint
Optimal point found for initial point 8
Negative llh: 165.28538617580932
Dropout rate: 2.0874787246434962e-09
Silencing rate: 3.4773060414199424e-09
Initial point 9. Random seed: 1543
Solving ML without ultrametric constraint
Optimal point found for initial point 9
Negative llh: 162.77818377866083
Dropout rate: 1.0000000000000007e-10
Silencing rate: 1.0000000000000007e-10
Initial point 10. Random seed: 3824
Solving ML without ultrametric constraint
Optimal point found for initial point 10
Negative llh: 161.89161881584167
Dropout rate: 1.0000000000000007e-10
Silencing rate: 1.0000000000000007e-10
Runtime (s): 40.39758375
