Launching Problin version 0.5p
Problin was called as follow: /Users/uym2/my_gits/problin/run_problin.py -c s21c3/k10_r1_character_matrix.csv -t s21c3/true_tree.nwk -S s21c3/true_locations.txt --delimiter comma -p s21c3/k10_priors.csv -o s21c3/k10_r1_spalin_all.txt --nInitials 10
Optimization by Spalin: Scipy-SLSQP using spatial information
Optimizing branch lengths, phi, and nu without topology search
Initial point 1. Random seed: 8486
Solving ML without ultrametric constraint
Optimal point found for initial point 1
Negative llh: 201.51578618943623
Dropout rate: 1.1170760480448563e-08
Silencing rate: 6.922060760687442e-09
Initial point 2. Random seed: 5050
Solving ML without ultrametric constraint
Optimal point found for initial point 2
Negative llh: 201.51578341760066
Dropout rate: 1e-10
Silencing rate: 1e-10
Initial point 3. Random seed: 7392
Solving ML without ultrametric constraint
Optimal point found for initial point 3
Negative llh: 201.51578405340075
Dropout rate: 1e-10
Silencing rate: 1e-10
Initial point 4. Random seed: 9414
Solving ML without ultrametric constraint
Optimal point found for initial point 4
Negative llh: 201.51578339288642
Dropout rate: 1.918818144216063e-10
Silencing rate: 3.299486119648866e-10
Initial point 5. Random seed: 6829
Solving ML without ultrametric constraint
Optimal point found for initial point 5
Negative llh: 201.51578333644676
Dropout rate: 1e-10
Silencing rate: 1e-10
Initial point 6. Random seed: 7971
Solving ML without ultrametric constraint
Optimal point found for initial point 6
Negative llh: 201.51578429798775
Dropout rate: 3.443781601504246e-09
Silencing rate: 6.502023820859737e-09
Initial point 7. Random seed: 4989
Solving ML without ultrametric constraint
Optimal point found for initial point 7
Negative llh: 201.51578334005453
Dropout rate: 1.6432159793675782e-10
Silencing rate: 1.5599470270716398e-10
Initial point 8. Random seed: 7015
Solving ML without ultrametric constraint
Optimal point found for initial point 8
Negative llh: 201.51578342779544
Dropout rate: 1e-10
Silencing rate: 1e-10
Initial point 9. Random seed: 2614
Solving ML without ultrametric constraint
Optimal point found for initial point 9
Negative llh: 201.5157836310879
Dropout rate: 1.2590216907397074e-09
Silencing rate: 1.1440810295561281e-09
Initial point 10. Random seed: 2242
Solving ML without ultrametric constraint
Optimal point found for initial point 10
Negative llh: 201.51578353506915
Dropout rate: 9.999999999999996e-11
Silencing rate: 1.0000000000000007e-10
Runtime (s): 6.024112791
