dataset s21c5
Optimization without using locations
Initial point 1. Random seed: 9964
Solving with ultrametric constraint
Optimal point found for initial point 1
Negative llh: 104.92305260974757
Dropout rate: 1e-08
Silencing rate: 1e-08
Initial point 2. Random seed: 6398
Solving with ultrametric constraint
Optimal point found for initial point 2
Negative llh: 104.9230522472135
Dropout rate: 1e-08
Silencing rate: 1e-08
Initial point 3. Random seed: 4013
Solving with ultrametric constraint
Optimal point found for initial point 3
Negative llh: 104.92305217472881
Dropout rate: 1e-08
Silencing rate: 1e-08
Initial point 4. Random seed: 9903
Solving with ultrametric constraint
Optimal point found for initial point 4
Negative llh: 104.92305215600176
Dropout rate: 1e-08
Silencing rate: 1e-08
Initial point 5. Random seed: 3229
Solving with ultrametric constraint
Optimal point found for initial point 5
Negative llh: 104.92305215600176
Dropout rate: 1e-08
Silencing rate: 1e-08
Initial point 6. Random seed: 9592
Solving with ultrametric constraint
Optimal point found for initial point 6
Negative llh: 104.92305215600176
Dropout rate: 1e-08
Silencing rate: 1e-08
Initial point 7. Random seed: 4623
Solving with ultrametric constraint
Optimal point found for initial point 7
Negative llh: 104.92305215600176
Dropout rate: 1e-08
Silencing rate: 1e-08
Initial point 8. Random seed: 4014
Solving with ultrametric constraint
Optimal point found for initial point 8
Negative llh: 104.92305215600176
Dropout rate: 1e-08
Silencing rate: 1e-08
Initial point 9. Random seed: 1375
Solving with ultrametric constraint
Optimal point found for initial point 9
Negative llh: 104.92305215600176
Dropout rate: 1e-08
Silencing rate: 1e-08
Initial point 10. Random seed: 4764
Solving with ultrametric constraint
Optimal point found for initial point 10
Negative llh: 104.92305215600176
Dropout rate: 1e-08
Silencing rate: 1e-08
Initial point 11. Random seed: 9101
Solving with ultrametric constraint
Optimal point found for initial point 11
Negative llh: 104.92305215600176
Dropout rate: 1e-08
Silencing rate: 1e-08
Initial point 12. Random seed: 1582
Solving with ultrametric constraint
Optimal point found for initial point 12
Negative llh: 104.92305215600176
Dropout rate: 1e-08
Silencing rate: 1e-08
Initial point 13. Random seed: 1147
Solving with ultrametric constraint
Optimal point found for initial point 13
Negative llh: 104.92305215600176
Dropout rate: 1e-08
Silencing rate: 1e-08
Initial point 14. Random seed: 4526
Solving with ultrametric constraint
Optimal point found for initial point 14
Negative llh: 104.92305215600176
Dropout rate: 1e-08
Silencing rate: 1e-08
Initial point 15. Random seed: 1462
Solving with ultrametric constraint
Optimal point found for initial point 15
Negative llh: 104.92305215600176
Dropout rate: 1e-08
Silencing rate: 1e-08
Initial point 16. Random seed: 1379
Solving with ultrametric constraint
Optimal point found for initial point 16
Negative llh: 104.92305215600176
Dropout rate: 1e-08
Silencing rate: 1e-08
Initial point 17. Random seed: 1849
Solving with ultrametric constraint
Optimal point found for initial point 17
Negative llh: 104.92305215600176
Dropout rate: 1e-08
Silencing rate: 1e-08
Initial point 18. Random seed: 8647
Solving with ultrametric constraint
Optimal point found for initial point 18
Negative llh: 104.92305215600176
Dropout rate: 1e-08
Silencing rate: 1e-08
Initial point 19. Random seed: 7679
Solving with ultrametric constraint
Optimal point found for initial point 19
Negative llh: 104.92305215600176
Dropout rate: 1e-08
Silencing rate: 1e-08
Initial point 20. Random seed: 7740
Solving with ultrametric constraint
Optimal point found for initial point 20
Negative llh: 104.92305215600176
Dropout rate: 1e-08
Silencing rate: 1e-08
Optimization using locations
Optimization start with 1 initials
Initial point 1. Random seed: 1974
Solving with ultrametric constraint
  NIT    FC           OBJFUN            GNORM
    1    30     9.746776E+02     5.726310E+02
    2    59     7.445844E+02     4.818291E+04
    3    92     1.123238E+03     2.760093E+04
    4   126     1.098677E+03     1.333003E+04
    5   160     8.734469E+02     2.026971E+03
    6   190     1.239642E+03     7.738941E+02
    7   220     9.689906E+02     7.466120E+02
    8   250     9.112469E+02     5.759347E+02
    9   280     1.029420E+03     5.733695E+02
   10   310     8.343234E+02     4.380065E+02
   11   340     5.942391E+02     3.833023E+02
   12   370     9.464547E+02     3.490064E+02
   13   400     7.252672E+02     3.216247E+02
   14   430     4.806778E+02     2.896326E+02
   15   460     8.385428E+02     2.733529E+02
   16   490     5.966244E+02     2.602814E+02
   17   520     3.420245E+02     2.358457E+02
   18   550     5.680272E+02     2.285561E+02
   19   580     3.248928E+02     2.130542E+02
   20   610     3.378690E+02     2.084506E+02
   21   640     3.251478E+02     2.028342E+02
   22   670     2.931205E+02     1.940427E+02
   23   700     2.921103E+02     1.734796E+02
   24   730     2.900221E+02     1.626943E+02
   25   760     5.457860E+02     1.411952E+02
   26   790     6.362615E+02     1.157734E+02
   27   820     3.880373E+02     1.112034E+02
   28   850     5.401427E+02     1.011126E+02
   29   880     2.938711E+02     9.329635E+01
   30   910     2.743197E+02     6.119542E+01
   31   939     4.775061E+02     1.061075E+03
   32   969     3.745635E+02     1.431326E+02
   33   999     3.262029E+02     1.272933E+02
   34  1029     2.944769E+02     1.214096E+02
   35  1059     3.018293E+02     1.134932E+02
   36  1089     2.831638E+02     9.515011E+01
   37  1119     3.017501E+02     8.235224E+01
   38  1149     2.798560E+02     7.319334E+01
   39  1179     2.799615E+02     6.472222E+01
   40  1209     2.791491E+02     5.833558E+01
   41  1239     2.789563E+02     5.401146E+01
   42  1269     2.787310E+02     5.010655E+01
   43  1299     2.785867E+02     4.681074E+01
   44  1329     2.663532E+02     4.382468E+01
   45  1359     2.615094E+02     3.949362E+01
   46  1388     2.624355E+02     2.733664E+01
   47  1418     2.613841E+02     2.871554E+01
   48  1447     2.611206E+02     2.571039E+01
   49  1476     2.608482E+02     2.597296E+01
   50  1505     2.604663E+02     3.235646E+01
   51  1534     2.603107E+02     2.621757E+01
   52  1563     2.601064E+02     2.889011E+01
   53  1592     2.600342E+02     2.348401E+01
   54  1621     2.599968E+02     2.347520E+01
   55  1650     2.599862E+02     2.420140E+01
   56  1679     2.599332E+02     2.422655E+01
   57  1708     2.598989E+02     2.503811E+01
   58  1737     2.598789E+02     2.596582E+01
   59  1766     2.598582E+02     2.601667E+01
   60  1795     2.598350E+02     2.586073E+01
   61  1824     2.597849E+02     2.573794E+01
   62  1853     2.597290E+02     2.582651E+01
   63  1882     2.596868E+02     2.640986E+01
   64  1911     2.596688E+02     2.681773E+01
   65  1940     2.596657E+02     2.693989E+01
   66  1969     2.596649E+02     2.722536E+01
   67  1998     2.596639E+02     2.732731E+01
   68  2027     2.596617E+02     2.740253E+01
   69  2056     2.596578E+02     2.744905E+01
   70  2085     2.596510E+02     2.740109E+01
   71  2114     2.596423E+02     2.715961E+01
   72  2143     2.596327E+02     2.673338E+01
   73  2172     2.596223E+02     2.626305E+01
   74  2201     2.596110E+02     2.589342E+01
   75  2230     2.595990E+02     2.571845E+01
   76  2259     2.595879E+02     2.580250E+01
   77  2288     2.595824E+02     2.616597E+01
   78  2317     2.595810E+02     2.657422E+01
   79  2346     2.595795E+02     2.665739E+01
   80  2375     2.595763E+02     2.666722E+01
   81  2404     2.595679E+02     2.663460E+01
   82  2433     2.595471E+02     2.656065E+01
   83  2462     2.594990E+02     2.637834E+01
   84  2491     2.594097E+02     2.622127E+01
   85  2520     2.593201E+02     2.732986E+01
   86  2549     2.592720E+02     3.369442E+01
   87  2578     2.592514E+02     3.653762E+01
   88  2607     2.592444E+02     3.441562E+01
   89  2636     2.592308E+02     3.317522E+01
   90  2665     2.591955E+02     3.153788E+01
   91  2694     2.591660E+02     2.754535E+01
   92  2723     2.591495E+02     2.505961E+01
   93  2752     2.591478E+02     2.397399E+01
   94  2781     2.591478E+02     2.381296E+01
   95  2810     2.591478E+02     2.379278E+01
   96  2838     2.591478E+02     2.379151E+01
Optimization terminated successfully    (Exit mode 0)
            Current function value: 259.14779051209877
            Iterations: 96
            Function evaluations: 2838
            Gradient evaluations: 96
Optimal point found for initial point 1
Negative llh: 259.14779051209877
Dropout rate: 0
Silencing rate: 0
