Launching Problin version 0.5b
Problin was called as follow: /Users/uym2/my_gits/problin/run_problin.py -c s10c2/k10_exp_character_matrix.csv -t s10c2/true_tree.nwk --delimiter comma -p s10c2/k10_exp_priors.csv -o s10c2/k10_exp_problin --nInitials 10 --ultrametric
Optimizing branch lengths, phi, and nu without topology search
Optimization by EM algorithm
Initial point 1. Random seed: 1864
Numerical optimization started with ultrametric constraint
Initial phi: 0.6907741864924237. Initial nu: 0.35254553815161793. Initial nllh: 11694.530754103207
EM finished after 15 iterations.
Optimal phi: 0. Optimal nu: 1.4974248644250564e-06. Optimal nllh: 71.03506734588238
Optimal point found for initial point 1
Initial point 2. Random seed: 1142
Numerical optimization started with ultrametric constraint
Initial phi: 0.4709365883443224. Initial nu: 0.264958696206733. Initial nllh: 205.4803028580628
EM finished after 13 iterations.
Optimal phi: 0. Optimal nu: 1.497314560111106e-06. Optimal nllh: 71.03506718066834
Optimal point found for initial point 2
Initial point 3. Random seed: 895
Numerical optimization started with ultrametric constraint
Initial phi: 0.9533748854592052. Initial nu: 0.9655046208314931. Initial nllh: 701.8977392376141
EM finished after 14 iterations.
Optimal phi: 0. Optimal nu: 1.4985294036585795e-06. Optimal nllh: 71.03506750208757
Optimal point found for initial point 3
Initial point 4. Random seed: 2002
Numerical optimization started with ultrametric constraint
Initial phi: 0.3854155702727629. Initial nu: 0.28641505464510897. Initial nllh: 178.08035070715604
EM finished after 13 iterations.
Optimal phi: 0. Optimal nu: 1.4970011596499492e-06. Optimal nllh: 71.03506720628076
Optimal point found for initial point 4
Initial point 5. Random seed: 5017
Numerical optimization started with ultrametric constraint
Initial phi: 0.6543750607483813. Initial nu: 0.5291182398465459. Initial nllh: 299.53859308415
EM finished after 14 iterations.
Optimal phi: 0. Optimal nu: 1.496088039158899e-06. Optimal nllh: 71.03506712724719
Optimal point found for initial point 5
Initial point 6. Random seed: 1513
Numerical optimization started with ultrametric constraint
Initial phi: 0.393301621575828. Initial nu: 0.19848817032251498. Initial nllh: 176.15221030296382
EM finished after 12 iterations.
Optimal phi: 0. Optimal nu: 1.4984633894044627e-06. Optimal nllh: 71.03506737615515
Optimal point found for initial point 6
Initial point 7. Random seed: 2357
Numerical optimization started with ultrametric constraint
Initial phi: 0.42271234745933023. Initial nu: 0.16453587726660263. Initial nllh: 183.90139160992257
EM finished after 13 iterations.
Optimal phi: 0. Optimal nu: 1.4979456101236566e-06. Optimal nllh: 71.03506707140288
Optimal point found for initial point 7
Initial point 8. Random seed: 3395
Numerical optimization started with ultrametric constraint
Initial phi: 0.17364915409035186. Initial nu: 0.6618735673228093. Initial nllh: 140.53859746401554
EM finished after 13 iterations.
Optimal phi: 0. Optimal nu: 1.4956501095268946e-06. Optimal nllh: 71.03506746137421
Optimal point found for initial point 8
Initial point 9. Random seed: 4278
Numerical optimization started with ultrametric constraint
Initial phi: 0.14110273558127903. Initial nu: 0.7645805902163526. Initial nllh: 138.3166921904731
EM finished after 14 iterations.
Optimal phi: 0. Optimal nu: 1.4978715536173315e-06. Optimal nllh: 71.03506716054076
Optimal point found for initial point 9
Initial point 10. Random seed: 4017
Numerical optimization started with ultrametric constraint
Initial phi: 0.5517610362941686. Initial nu: 0.9277305203382257. Initial nllh: 270.0094521346335
EM finished after 15 iterations.
Optimal phi: 0. Optimal nu: 1.497687064235239e-06. Optimal nllh: 71.0350668660467
Optimal point found for initial point 10
Numerical optimization finished successfully
Runtime (s): 8.66194975
