Launching Problin version 0.5b
Problin was called as follow: /Users/uym2/my_gits/problin/run_problin.py -c s13c4/k10_r3_character_matrix.csv -t s13c4/true_tree.nwk -S s13c4/leaf_locations.txt --delimiter comma -p s13c4/k10_priors.csv -o s13c4/k10_r3_spalin_leaves.txt --nInitials 10
Optimization by Spalin: Scipy-SLSQP using spatial information
Optimizing branch lengths, phi, and nu without topology search
Initial point 1. Random seed: 9023
Solving ML without ultrametric constraint
Optimal point found for initial point 1
Negative llh: 250.42732904431483
Dropout rate: 1.1083684646157676e-09
Silencing rate: 7.948094929963105e-10
Sigma: 22.07780147947857
Initial point 2. Random seed: 1854
Solving ML without ultrametric constraint
Optimal point found for initial point 2
Negative llh: 252.23640481778233
Dropout rate: 1.9602215249119293e-08
Silencing rate: 1.964883359891549e-08
Sigma: 19.878908641279143
Initial point 3. Random seed: 3571
Solving ML without ultrametric constraint
Optimal point found for initial point 3
Negative llh: 252.53252804210496
Dropout rate: 9.999999999999924e-11
Silencing rate: 1.0000000000000007e-10
Sigma: 23.7240013171102
Initial point 4. Random seed: 5168
Solving ML without ultrametric constraint
Optimal point found for initial point 4
Negative llh: 246.61869870019092
Dropout rate: 1.7501662245202653e-08
Silencing rate: 2.5221702153950806e-08
Sigma: 18.889576491803393
Initial point 5. Random seed: 3935
Solving ML without ultrametric constraint
Optimal point found for initial point 5
Negative llh: 253.1405052315351
Dropout rate: 1.000000000000009e-10
Silencing rate: 9.999999999999924e-11
Sigma: 20.39901774552772
Initial point 6. Random seed: 5710
Solving ML without ultrametric constraint
Optimal point found for initial point 6
Negative llh: 251.48152772263043
Dropout rate: 2.6324827545149003e-09
Silencing rate: 1.8051857650087134e-09
Sigma: 22.43584664470349
Initial point 7. Random seed: 5126
Solving ML without ultrametric constraint
Optimal point found for initial point 7
Negative llh: 247.91542097010046
Dropout rate: 1e-10
Silencing rate: 1e-10
Sigma: 19.906776604300365
Initial point 8. Random seed: 9573
Solving ML without ultrametric constraint
Optimal point found for initial point 8
Negative llh: 246.21150778740622
Dropout rate: 1e-10
Silencing rate: 1e-10
Sigma: 20.4791027350493
Initial point 9. Random seed: 1246
Solving ML without ultrametric constraint
Optimal point found for initial point 9
Negative llh: 260.5922737916369
Dropout rate: 1e-10
Silencing rate: 1e-10
Sigma: 24.641022783552323
Initial point 10. Random seed: 5645
Solving ML without ultrametric constraint
Optimal point found for initial point 10
Negative llh: 247.42970432847488
Dropout rate: 2.4083229220494843e-09
Silencing rate: 1.7564493987943639e-09
Sigma: 19.288967435987807
Runtime (s): 185.92575929199998
