Launching Problin version 0.5p
Problin was called as follow: /Users/uym2/my_gits/problin/run_problin.py -c s13c4/k10_r2_character_matrix.csv -t s13c4/true_tree.nwk -S s13c4/true_locations.txt --delimiter comma -p s13c4/k10_priors.csv -o s13c4/k10_r2_spalin_all.txt --nInitials 10
Optimization by Spalin: Scipy-SLSQP using spatial information
Optimizing branch lengths, phi, and nu without topology search
Initial point 1. Random seed: 79
Solving ML without ultrametric constraint
Optimal point found for initial point 1
Negative llh: 347.82033008217735
Dropout rate: 3.7996645859954096e-10
Silencing rate: 2.78822696272734e-10
Initial point 2. Random seed: 5343
Solving ML without ultrametric constraint
Optimal point found for initial point 2
Negative llh: 347.82033025027323
Dropout rate: 6.019191834472014e-10
Silencing rate: 1.0231587449692104e-09
Initial point 3. Random seed: 9617
Solving ML without ultrametric constraint
Optimal point found for initial point 3
Negative llh: 347.8203300767472
Dropout rate: 1.2339235914925455e-10
Silencing rate: 2.018995262142678e-10
Initial point 4. Random seed: 5977
Solving ML without ultrametric constraint
Optimal point found for initial point 4
Negative llh: 347.82032994769423
Dropout rate: 1e-10
Silencing rate: 1.0000000000000002e-10
Initial point 5. Random seed: 3079
Solving ML without ultrametric constraint
Optimal point found for initial point 5
Negative llh: 347.8203302090418
Dropout rate: 4.5053622346319015e-10
Silencing rate: 2.128139831123372e-09
Initial point 6. Random seed: 904
Solving ML without ultrametric constraint
Optimal point found for initial point 6
Negative llh: 346.56900520058593
Dropout rate: 1.8896757903083207e-10
Silencing rate: 6.058591146882544e-10
Initial point 7. Random seed: 7041
Solving ML without ultrametric constraint
Optimal point found for initial point 7
Negative llh: 346.5690055327608
Dropout rate: 1.0000000000000007e-10
Silencing rate: 1.0000000000000007e-10
Initial point 8. Random seed: 7416
Solving ML without ultrametric constraint
Optimal point found for initial point 8
Negative llh: 346.5690051911904
Dropout rate: 1.0000000000000007e-10
Silencing rate: 1.0000000000000007e-10
Initial point 9. Random seed: 1062
Solving ML without ultrametric constraint
Optimal point found for initial point 9
Negative llh: 346.5690052594632
Dropout rate: 4.735933824442322e-10
Silencing rate: 6.288554645544667e-10
Initial point 10. Random seed: 6442
Solving ML without ultrametric constraint
Optimal point found for initial point 10
Negative llh: 346.56900492461966
Dropout rate: 1.0000000000000002e-10
Silencing rate: 1e-10
Runtime (s): 29.859722209
