Launching Problin version 0.5b
Problin was called as follow: /Users/uym2/my_gits/problin/run_problin.py -c s7c5/k200_const_character_matrix.csv -t s7c5/true_tree.nwk --delimiter comma -p s7c5/k200_const_priors.csv -o s7c5/k200_const_problin --nInitials 10 --ultrametric
Optimizing branch lengths, phi, and nu without topology search
Optimization by EM algorithm
Initial point 1. Random seed: 4280
Numerical optimization started with ultrametric constraint
Initial phi: 0.5932846269300547. Initial nu: 0.06139026446541075. Initial nllh: 81953.94635625892
EM finished after 13 iterations.
Optimal phi: 0. Optimal nu: 4.328662299589494e-08. Optimal nllh: 1244.885350795006
Optimal point found for initial point 1
Initial point 2. Random seed: 7848
Numerical optimization started with ultrametric constraint
Initial phi: 0.7864454201714087. Initial nu: 0.3042884569805492. Initial nllh: 5573.087215705188
EM finished after 22 iterations.
Optimal phi: 0. Optimal nu: 4.126204872011156e-08. Optimal nllh: 1244.8854885109918
Optimal point found for initial point 2
Initial point 3. Random seed: 8686
Numerical optimization started with ultrametric constraint
Initial phi: 0.6740941939716534. Initial nu: 0.6229179526847574. Initial nllh: 4802.966218718698
EM finished after 29 iterations.
Optimal phi: 0. Optimal nu: 4.3503748849338964e-08. Optimal nllh: 1244.8854777759595
Optimal point found for initial point 3
Initial point 4. Random seed: 3348
Numerical optimization started with ultrametric constraint
Initial phi: 0.7290349539394618. Initial nu: 0.004053904919678464. Initial nllh: 4644.06087024765
EM finished after 4 iterations.
Optimal phi: 0. Optimal nu: 4.4374167671558645e-08. Optimal nllh: 1244.8854288650555
Optimal point found for initial point 4
Initial point 5. Random seed: 9563
Numerical optimization started with ultrametric constraint
Initial phi: 0.514226979435577. Initial nu: 0.8650964190048334. Initial nllh: 4015.2417260514685
EM finished after 36 iterations.
Optimal phi: 0. Optimal nu: 3.512150075896885e-08. Optimal nllh: 1244.8853945317262
Optimal point found for initial point 5
Initial point 6. Random seed: 3198
Numerical optimization started with ultrametric constraint
Initial phi: 0.6488831126430213. Initial nu: 0.017833194807448355. Initial nllh: 3984.5505836425514
EM finished after 9 iterations.
Optimal phi: 0. Optimal nu: 4.2739083280121405e-08. Optimal nllh: 1244.8853766368939
Optimal point found for initial point 6
Initial point 7. Random seed: 3988
Numerical optimization started with ultrametric constraint
Initial phi: 0.7680596153201159. Initial nu: 0.3135939920679698. Initial nllh: 5367.964100687414
EM finished after 26 iterations.
Optimal phi: 0. Optimal nu: 4.6377184934940764e-08. Optimal nllh: 1244.8854290019142
Optimal point found for initial point 7
Initial point 8. Random seed: 2854
Numerical optimization started with ultrametric constraint
Initial phi: 0.8828574397053118. Initial nu: 0.08249529807969987. Initial nllh: 6905.400492004209
EM finished after 15 iterations.
Optimal phi: 0. Optimal nu: 4.350989585299148e-08. Optimal nllh: 1244.8854238412289
Optimal point found for initial point 8
Initial point 9. Random seed: 7497
Numerical optimization started with ultrametric constraint
Initial phi: 0.9149429673521036. Initial nu: 0.3839501288991367. Initial nllh: 8048.809166762742
EM finished after 29 iterations.
Optimal phi: 0. Optimal nu: 4.3697937499022435e-08. Optimal nllh: 1244.885411969939
Optimal point found for initial point 9
Initial point 10. Random seed: 6420
Numerical optimization started with ultrametric constraint
Initial phi: 0.21892239442359124. Initial nu: 0.834424682138471. Initial nllh: 2748.7749751575257
EM finished after 35 iterations.
Optimal phi: 0. Optimal nu: 4.340638479811962e-08. Optimal nllh: 1244.8854125621747
Optimal point found for initial point 10
Numerical optimization finished successfully
Runtime (s): 28.478869749999998
