Launching Problin version 0.5p
Problin was called as follow: /Users/uym2/my_gits/problin/run_problin.py -c s5c7/k10_r1_character_matrix.csv -t s5c7/true_tree.nwk -S s5c7/true_locations.txt --delimiter comma -p s5c7/k10_priors.csv -o s5c7/k10_r1_spalin_all.txt --nInitials 10
Optimization by Spalin: Scipy-SLSQP using spatial information
Optimizing branch lengths, phi, and nu without topology search
Initial point 1. Random seed: 9312
Solving ML without ultrametric constraint
Optimal point found for initial point 1
Negative llh: 521.3940948041884
Dropout rate: 1.000000000000009e-10
Silencing rate: 1.000000000000009e-10
Initial point 2. Random seed: 1104
Solving ML without ultrametric constraint
Optimal point found for initial point 2
Negative llh: 521.3940917040568
Dropout rate: 1.0000000000000007e-10
Silencing rate: 1.0000000000000007e-10
Initial point 3. Random seed: 3167
Solving ML without ultrametric constraint
Optimal point found for initial point 3
Negative llh: 521.3940921595888
Dropout rate: 1.000000000000009e-10
Silencing rate: 1.0000000000000007e-10
Initial point 4. Random seed: 9481
Solving ML without ultrametric constraint
Optimal point found for initial point 4
Negative llh: 521.3940915134524
Dropout rate: 1e-10
Silencing rate: 1e-10
Initial point 5. Random seed: 6685
Solving ML without ultrametric constraint
Optimal point found for initial point 5
Negative llh: 521.3940923977307
Dropout rate: 1.0000000000000004e-10
Silencing rate: 1.0000000000000004e-10
Initial point 6. Random seed: 1050
Solving ML without ultrametric constraint
Optimal point found for initial point 6
Negative llh: 521.3940918411928
Dropout rate: 1e-10
Silencing rate: 1e-10
Initial point 7. Random seed: 6097
Solving ML without ultrametric constraint
Optimal point found for initial point 7
Negative llh: 521.3940958960482
Dropout rate: 2.7791336140949322e-09
Silencing rate: 4.7912380754763385e-09
Initial point 8. Random seed: 8500
Solving ML without ultrametric constraint
Optimal point found for initial point 8
Negative llh: 521.3940915513801
Dropout rate: 1.0000000000000007e-10
Silencing rate: 1.000000000000009e-10
Initial point 9. Random seed: 1938
Solving ML without ultrametric constraint
Optimal point found for initial point 9
Negative llh: 521.3940918666169
Dropout rate: 1.0069122165768932e-10
Silencing rate: 1.0042544456846372e-10
Initial point 10. Random seed: 4865
Solving ML without ultrametric constraint
Optimal point found for initial point 10
Negative llh: 521.3940916360941
Dropout rate: 1e-10
Silencing rate: 1e-10
Runtime (s): 111.856716084
