Launching Problin version 0.5b
Problin was called as follow: /Users/uym2/my_gits/problin/run_problin.py -c s9c5/k200_exp2_character_matrix.csv -t s9c5/true_tree.nwk --delimiter comma -p s9c5/k200_exp2_priors.csv -o s9c5/k200_exp2_problin --nInitials 10 --ultrametric
Optimizing branch lengths, phi, and nu without topology search
Optimization by EM algorithm
Initial point 1. Random seed: 5779
Numerical optimization started with ultrametric constraint
Initial phi: 0.7334144102185854. Initial nu: 0.2341982098564394. Initial nllh: 152799.47159542286
EM finished after 13 iterations.
Optimal phi: 0. Optimal nu: 4.297389463471074e-08. Optimal nllh: 1298.0833001468498
Optimal point found for initial point 1
Initial point 2. Random seed: 4130
Numerical optimization started with ultrametric constraint
Initial phi: 0.3547891852254287. Initial nu: 0.9043301076767561. Initial nllh: 3517.804571617225
EM finished after 9 iterations.
Optimal phi: 0. Optimal nu: 4.0467198407023046e-08. Optimal nllh: 1298.0833005626223
Optimal point found for initial point 2
Initial point 3. Random seed: 5899
Numerical optimization started with ultrametric constraint
Initial phi: 0.477170579686649. Initial nu: 0.8745415650472438. Initial nllh: 4163.9035729239595
EM finished after 9 iterations.
Optimal phi: 0. Optimal nu: 5.395547276855625e-08. Optimal nllh: 1298.0833126923155
Optimal point found for initial point 3
Initial point 4. Random seed: 8678
Numerical optimization started with ultrametric constraint
Initial phi: 0.5717628413980037. Initial nu: 0.17101961480692968. Initial nllh: 4166.82416200624
EM finished after 9 iterations.
Optimal phi: 0. Optimal nu: 5.462696226395906e-08. Optimal nllh: 1298.0833110558463
Optimal point found for initial point 4
Initial point 5. Random seed: 4557
Numerical optimization started with ultrametric constraint
Initial phi: 0.5841058771298164. Initial nu: 0.1188494271463922. Initial nllh: 4213.2707687084085
EM finished after 7 iterations.
Optimal phi: 0. Optimal nu: 2.8912585669780486e-08. Optimal nllh: 1298.0832922859513
Optimal point found for initial point 5
Initial point 6. Random seed: 9161
Numerical optimization started with ultrametric constraint
Initial phi: 0.5465266511652912. Initial nu: 0.738046552673257. Initial nllh: 4495.977302560543
EM finished after 9 iterations.
Optimal phi: 0. Optimal nu: 4.065440216296182e-08. Optimal nllh: 1298.0833005309287
Optimal point found for initial point 6
Initial point 7. Random seed: 4058
Numerical optimization started with ultrametric constraint
Initial phi: 0.2828947695661746. Initial nu: 0.13505789279751337. Initial nllh: 2484.582426374007
EM finished after 8 iterations.
Optimal phi: 0. Optimal nu: 3.913740973416303e-08. Optimal nllh: 1298.083297996169
Optimal point found for initial point 7
Initial point 8. Random seed: 4776
Numerical optimization started with ultrametric constraint
Initial phi: 0.6695248820236499. Initial nu: 0.32849343235122563. Initial nllh: 5138.391384730318
EM finished after 8 iterations.
Optimal phi: 0. Optimal nu: 4.029184186497418e-08. Optimal nllh: 1298.083303046004
Optimal point found for initial point 8
Initial point 9. Random seed: 7544
Numerical optimization started with ultrametric constraint
Initial phi: 0.7374530817594677. Initial nu: 0.8270190305956462. Initial nllh: 6325.199519942678
EM finished after 11 iterations.
Optimal phi: 0. Optimal nu: 4.293525226170667e-08. Optimal nllh: 1298.0833002324746
Optimal point found for initial point 9
Initial point 10. Random seed: 8304
Numerical optimization started with ultrametric constraint
Initial phi: 0.5906870521568921. Initial nu: 0.21494665566594082. Initial nllh: 4351.151539049894
EM finished after 9 iterations.
Optimal phi: 0. Optimal nu: 5.4345146737850144e-08. Optimal nllh: 1298.083311000214
Optimal point found for initial point 10
Numerical optimization finished successfully
Runtime (s): 13.611352499999999
