dataset s2c1
Optimization using leaf locations
Initial point 1. Random seed: 8701
Solving with ultrametric constraint
Optimal point found for initial point 1
Negative llh: 562.1261437734172
Dropout rate: 0
Silencing rate: 0
Initial point 2. Random seed: 7173
Solving with ultrametric constraint
Optimal point found for initial point 2
Negative llh: 554.1646010405632
Dropout rate: 0
Silencing rate: 0
Initial point 3. Random seed: 8358
Solving with ultrametric constraint
Optimal point found for initial point 3
Negative llh: 26507.758961296957
Dropout rate: 0
Silencing rate: 0
Initial point 4. Random seed: 9401
Solving with ultrametric constraint
Optimal point found for initial point 4
Negative llh: 40619.86038111054
Dropout rate: 0
Silencing rate: 0
Initial point 5. Random seed: 9371
Solving with ultrametric constraint
Optimal point found for initial point 5
Negative llh: 29439.117860744682
Dropout rate: 0
Silencing rate: 0
Initial point 6. Random seed: 5101
Solving with ultrametric constraint
Optimal point found for initial point 6
Negative llh: 30881.885959855623
Dropout rate: 0
Silencing rate: 0
Initial point 7. Random seed: 3081
Solving with ultrametric constraint
Optimal point found for initial point 7
Negative llh: 556.9235432549976
Dropout rate: 0
Silencing rate: 0
Initial point 8. Random seed: 3713
Solving with ultrametric constraint
Optimal point found for initial point 8
Negative llh: 555.2599018957159
Dropout rate: 0
Silencing rate: 0
Initial point 9. Random seed: 4337
Solving with ultrametric constraint
Optimal point found for initial point 9
Negative llh: 555.4416323511117
Dropout rate: 0
Silencing rate: 0
Initial point 10. Random seed: 2569
Solving with ultrametric constraint
Optimal point found for initial point 10
Negative llh: 555.4131516596233
Dropout rate: 0
Silencing rate: 0
Initial point 11. Random seed: 3420
Solving with ultrametric constraint
Optimal point found for initial point 11
Negative llh: 38757.40310640637
Dropout rate: 0
Silencing rate: 0
Initial point 12. Random seed: 2063
Solving with ultrametric constraint
Optimal point found for initial point 12
Negative llh: 29796.589861922952
Dropout rate: 0
Silencing rate: 0
Initial point 13. Random seed: 208
Solving with ultrametric constraint
Optimal point found for initial point 13
Negative llh: 555.9960139618579
Dropout rate: 0
Silencing rate: 0
Initial point 14. Random seed: 7031
Solving with ultrametric constraint
Optimal point found for initial point 14
Negative llh: 551.3989987566314
Dropout rate: 0
Silencing rate: 0
Initial point 15. Random seed: 9692
Solving with ultrametric constraint
Optimal point found for initial point 15
Negative llh: 553.1004086438305
Dropout rate: 0
Silencing rate: 0
Initial point 16. Random seed: 3284
Solving with ultrametric constraint
Optimal point found for initial point 16
Negative llh: 19019.855668156877
Dropout rate: 0
Silencing rate: 0
Initial point 17. Random seed: 723
Solving with ultrametric constraint
Optimal point found for initial point 17
Negative llh: 549.5702586444698
Dropout rate: 0
Silencing rate: 0
Initial point 18. Random seed: 75
Solving with ultrametric constraint
Optimal point found for initial point 18
Negative llh: 33314.261527507355
Dropout rate: 0
Silencing rate: 0
Initial point 19. Random seed: 6646
Solving with ultrametric constraint
Optimal point found for initial point 19
Negative llh: 44998.22910304316
Dropout rate: 0
Silencing rate: 0
Initial point 20. Random seed: 740
Solving with ultrametric constraint
Optimal point found for initial point 20
Negative llh: 29713.755914939655
Dropout rate: 0
Silencing rate: 0
Optimal nllh: 549.5702586444698
