Launching Problin version 0.5b
Problin was called as follow: /Users/uym2/my_gits/problin/run_problin.py -c s16c5/k10_const_character_matrix.csv -t s16c5/true_tree.nwk --delimiter comma -p s16c5/k10_const_priors.csv -o s16c5/k10_const_problin --nInitials 10 --ultrametric
Optimizing branch lengths, phi, and nu without topology search
Optimization by EM algorithm
Initial point 1. Random seed: 4667
Numerical optimization started with ultrametric constraint
Initial phi: 0.9085457199575477. Initial nu: 0.03008459078879426. Initial nllh: 2368.781542793371
EM finished after 28 iterations.
Optimal phi: 0. Optimal nu: 5.184681427822692e-07. Optimal nllh: 40.13509705706479
Optimal point found for initial point 1
Initial point 2. Random seed: 4613
Numerical optimization started with ultrametric constraint
Initial phi: 0.544101851331475. Initial nu: 0.4302760536624612. Initial nllh: 142.6382536560691
EM finished after 24 iterations.
Optimal phi: 0. Optimal nu: 5.207857852661604e-07. Optimal nllh: 40.13509703653145
Optimal point found for initial point 2
Initial point 3. Random seed: 3593
Numerical optimization started with ultrametric constraint
Initial phi: 0.1571268246602362. Initial nu: 0.4808062968287658. Initial nllh: 83.98622116228442
EM finished after 23 iterations.
Optimal phi: 0. Optimal nu: 5.231180692604629e-07. Optimal nllh: 40.135097579553054
Optimal point found for initial point 3
Initial point 4. Random seed: 453
Numerical optimization started with ultrametric constraint
Initial phi: 0.4914061481629955. Initial nu: 0.08811121061314636. Initial nllh: 112.72232175816609
EM finished after 19 iterations.
Optimal phi: 0. Optimal nu: 5.190898578311523e-07. Optimal nllh: 40.13509676492598
Optimal point found for initial point 4
Initial point 5. Random seed: 9323
Numerical optimization started with ultrametric constraint
Initial phi: 0.2251446997743754. Initial nu: 0.5185518909367023. Initial nllh: 94.49390545916678
EM finished after 26 iterations.
Optimal phi: 0. Optimal nu: 5.216832708866061e-07. Optimal nllh: 40.135096867380135
Optimal point found for initial point 5
Initial point 6. Random seed: 7683
Numerical optimization started with ultrametric constraint
Initial phi: 0.0741490729658294. Initial nu: 0.7140997673597378. Initial nllh: 87.53643962176596
EM finished after 24 iterations.
Optimal phi: 0. Optimal nu: 5.265053987997748e-07. Optimal nllh: 40.13509804359082
Optimal point found for initial point 6
Initial point 7. Random seed: 8270
Numerical optimization started with ultrametric constraint
Initial phi: 0.30366142310041855. Initial nu: 0.5838241989318657. Initial nllh: 108.79757360805615
EM finished after 24 iterations.
Optimal phi: 0. Optimal nu: 5.261663672031465e-07. Optimal nllh: 40.13509759757909
Optimal point found for initial point 7
Initial point 8. Random seed: 385
Numerical optimization started with ultrametric constraint
Initial phi: 0.08249946347432288. Initial nu: 0.6968600926888284. Initial nllh: 87.48543161631807
EM finished after 25 iterations.
Optimal phi: 0. Optimal nu: 5.239788872556029e-07. Optimal nllh: 40.13509733736713
Optimal point found for initial point 8
Initial point 9. Random seed: 503
Numerical optimization started with ultrametric constraint
Initial phi: 0.46874067743885933. Initial nu: 0.591050304888822. Initial nllh: 136.2573144962539
EM finished after 25 iterations.
Optimal phi: 0. Optimal nu: 5.189097971994027e-07. Optimal nllh: 40.13509699681947
Optimal point found for initial point 9
Initial point 10. Random seed: 2059
Numerical optimization started with ultrametric constraint
Initial phi: 0.9297340764670482. Initial nu: 0.4435162369065672. Initial nllh: 330.37093486485145
EM finished after 22 iterations.
Optimal phi: 0. Optimal nu: 5.250037421415211e-07. Optimal nllh: 40.13509801515327
Optimal point found for initial point 10
Numerical optimization finished successfully
Runtime (s): 12.937156875000001
