/Users/uym2/opt/anaconda3/lib/python3.9/site-packages/cvxpy/atoms/elementwise/log.py:35: RuntimeWarning: divide by zero encountered in log
  return np.log(values[0])
Launching Problin version 0.5b
Problin was called as follow: /Users/uym2/my_gits/problin/run_problin.py -c s16c5/k200_lin_character_matrix.csv -t s16c5/true_tree.nwk --delimiter comma -p s16c5/k200_lin_priors.csv -o s16c5/k200_lin_problin --nInitials 10 --ultrametric
Optimizing branch lengths, phi, and nu without topology search
Optimization by EM algorithm
Initial point 1. Random seed: 751
Numerical optimization started with ultrametric constraint
Initial phi: 0.8807506938485906. Initial nu: 0.4914790659430143. Initial nllh: 127924.0718437165
EM finished after 12 iterations.
Optimal phi: 0. Optimal nu: 3.807788240003236e-08. Optimal nllh: 950.6949367159649
Optimal point found for initial point 1
Initial point 2. Random seed: 6515
Numerical optimization started with ultrametric constraint
Initial phi: 0.6620087650175661. Initial nu: 0.45962373493701253. Initial nllh: 3488.6005683051208
EM finished after 10 iterations.
Optimal phi: 0. Optimal nu: 3.908409236081403e-08. Optimal nllh: 950.6949390578021
Optimal point found for initial point 2
Initial point 3. Random seed: 7368
Numerical optimization started with ultrametric constraint
Initial phi: 0.3249227352135368. Initial nu: 0.4258488301529684. Initial nllh: 2077.910910638511
EM finished after 10 iterations.
Optimal phi: 0. Optimal nu: 0.0. Optimal nllh: 950.6949072048999
Optimal point found for initial point 3
Initial point 4. Random seed: 4835
Numerical optimization started with ultrametric constraint
Initial phi: 0.8049990289707937. Initial nu: 0.8926013699478585. Initial nllh: 4935.706355972852
EM finished after 11 iterations.
Optimal phi: 0. Optimal nu: 0.0. Optimal nllh: 950.694906934125
Optimal point found for initial point 4
Initial point 5. Random seed: 2081
Numerical optimization started with ultrametric constraint
Initial phi: 0.38908071896868685. Initial nu: 0.3944805264005833. Initial nllh: 2252.491326329047
EM finished after 12 iterations.
Optimal phi: 0. Optimal nu: 0.0. Optimal nllh: 950.6949052531712
Optimal point found for initial point 5
Initial point 6. Random seed: 4378
Numerical optimization started with ultrametric constraint
Initial phi: 0.9428812274626318. Initial nu: 0.38121137337020417. Initial nllh: 6981.520484211643
EM finished after 12 iterations.
Optimal phi: 0. Optimal nu: 0.0. Optimal nllh: 950.6949052065223
Optimal point found for initial point 6
Initial point 7. Random seed: 856
Numerical optimization started with ultrametric constraint
Initial phi: 0.18159745565578098. Initial nu: 0.8468699163660538. Initial nllh: 2030.3516101630566
EM finished after 12 iterations.
Optimal phi: 0. Optimal nu: 0.0. Optimal nllh: 950.6949054988712
Optimal point found for initial point 7
Initial point 8. Random seed: 9995
Numerical optimization started with ultrametric constraint
Initial phi: 0.489431149617437. Initial nu: 0.046630514362944006. Initial nllh: 2332.533662149535
EM finished after 7 iterations.
Optimal phi: 0. Optimal nu: 3.9506438227032667e-08. Optimal nllh: 950.6949389384463
Optimal point found for initial point 8
Initial point 9. Random seed: 5282
Numerical optimization started with ultrametric constraint
Initial phi: 0.08975957477198386. Initial nu: 0.11352752038046247. Initial nllh: 1229.7913502003676
EM finished after 8 iterations.
Optimal phi: 0. Optimal nu: 0.0. Optimal nllh: 950.6949083093112
Optimal point found for initial point 9
Initial point 10. Random seed: 9862
Numerical optimization started with ultrametric constraint
Initial phi: 0.17641671474327025. Initial nu: 0.6757841595372875. Initial nllh: 1880.5826163972324
EM finished after 11 iterations.
Optimal phi: 0. Optimal nu: 4.1277864340340496e-08. Optimal nllh: 950.6949394690557
Optimal point found for initial point 10
Numerical optimization finished successfully
Runtime (s): 11.375522958
