/Users/uym2/opt/anaconda3/lib/python3.9/site-packages/cvxpy/atoms/elementwise/log.py:35: RuntimeWarning: divide by zero encountered in log
  return np.log(values[0])
Launching Problin version 0.5b
Problin was called as follow: /Users/uym2/my_gits/problin/run_problin.py -c s16c5/k200_const_character_matrix.csv -t s16c5/true_tree.nwk --delimiter comma -p s16c5/k200_const_priors.csv -o s16c5/k200_const_problin --nInitials 10 --ultrametric
Optimizing branch lengths, phi, and nu without topology search
Optimization by EM algorithm
Initial point 1. Random seed: 6209
Numerical optimization started with ultrametric constraint
Initial phi: 0.2319652066090635. Initial nu: 0.34188779626981475. Initial nllh: 100413.25991286893
EM finished after 11 iterations.
Optimal phi: 0. Optimal nu: 3.407279635185849e-08. Optimal nllh: 1016.6544377305174
Optimal point found for initial point 1
Initial point 2. Random seed: 2590
Numerical optimization started with ultrametric constraint
Initial phi: 0.6474170272583583. Initial nu: 0.4715197365040577. Initial nllh: 3562.045484889474
EM finished after 11 iterations.
Optimal phi: 0. Optimal nu: 3.40241812670961e-08. Optimal nllh: 1016.6544321764904
Optimal point found for initial point 2
Initial point 3. Random seed: 1531
Numerical optimization started with ultrametric constraint
Initial phi: 0.4468642363427889. Initial nu: 0.7847666605045003. Initial nllh: 2967.3111005457768
EM finished after 11 iterations.
Optimal phi: 0. Optimal nu: 3.1194472792182984e-08. Optimal nllh: 1016.6544306502277
Optimal point found for initial point 3
Initial point 4. Random seed: 2316
Numerical optimization started with ultrametric constraint
Initial phi: 0.6035906400547196. Initial nu: 0.41128731074579766. Initial nllh: 3268.9059197369684
EM finished after 10 iterations.
Optimal phi: 0. Optimal nu: 3.449673215027927e-08. Optimal nllh: 1016.6544344817831
Optimal point found for initial point 4
Initial point 5. Random seed: 6876
Numerical optimization started with ultrametric constraint
Initial phi: 0.015501499602894505. Initial nu: 0.2156396688708927. Initial nllh: 1258.4804940664221
EM finished after 10 iterations.
Optimal phi: 0. Optimal nu: 3.4402474703909054e-08. Optimal nllh: 1016.6544322511787
Optimal point found for initial point 5
Initial point 6. Random seed: 474
Numerical optimization started with ultrametric constraint
Initial phi: 0.6317622261805715. Initial nu: 0.7481146478651197. Initial nllh: 3745.266179050173
EM finished after 11 iterations.
Optimal phi: 0. Optimal nu: 3.4490701163642975e-08. Optimal nllh: 1016.6544337546247
Optimal point found for initial point 6
Initial point 7. Random seed: 4258
Numerical optimization started with ultrametric constraint
Initial phi: 0.8529206422012621. Initial nu: 0.4375279650441989. Initial nllh: 5277.480438579091
EM finished after 10 iterations.
Optimal phi: 0. Optimal nu: 3.4231227758264695e-08. Optimal nllh: 1016.6544344205537
Optimal point found for initial point 7
Initial point 8. Random seed: 7897
Numerical optimization started with ultrametric constraint
Initial phi: 0.011187406905470905. Initial nu: 0.0930381561786288. Initial nllh: 1130.0108103811467
EM finished after 7 iterations.
Optimal phi: 0. Optimal nu: 3.609348709080732e-08. Optimal nllh: 1016.6544392391771
Optimal point found for initial point 8
Initial point 9. Random seed: 5329
Numerical optimization started with ultrametric constraint
Initial phi: 0.45076447879000553. Initial nu: 0.44295272571468963. Initial nllh: 2647.6616598569403
EM finished after 10 iterations.
Optimal phi: 0. Optimal nu: 3.2881630409246494e-08. Optimal nllh: 1016.6544332018526
Optimal point found for initial point 9
Initial point 10. Random seed: 6890
Numerical optimization started with ultrametric constraint
Initial phi: 0.8193062424297063. Initial nu: 0.218178304751943. Initial nllh: 4651.6160769644575
EM finished after 9 iterations.
Optimal phi: 0. Optimal nu: 3.4438115435289915e-08. Optimal nllh: 1016.654434449178
Optimal point found for initial point 10
Numerical optimization finished successfully
Runtime (s): 11.271835166
