Launching Problin version 0.5b
Problin was called as follow: /Users/uym2/my_gits/problin/run_problin.py -c s9c5/k10_r2_character_matrix.csv -t s9c5/true_tree.nwk --delimiter comma -p s9c5/k10_priors.csv -o s9c5/k10_r2_problin.txt --nInitials 10
Optimization by EM algorithm
Optimizing branch lengths, phi, and nu without topology search
Initial point 1. Random seed: 9289
Solving ML without ultrametric constraint
Initial phi: 0.5561130658321745. Initial nu: 0.5275837512160966. Initial nllh: 10675.22222336533
EM finished after 20 iterations.
Optimal point found for initial point 1
Negative llh: 71.06548680391988
Dropout rate: 0
Silencing rate: 6.050598315189019e-07
Initial point 2. Random seed: 3788
Solving ML without ultrametric constraint
Initial phi: 0.8572844131747491. Initial nu: 0.4949968733538813. Initial nllh: 423.8889648192438
EM finished after 12 iterations.
Optimal point found for initial point 2
Negative llh: 71.06548650071923
Dropout rate: 0
Silencing rate: 5.990866809395993e-07
Initial point 3. Random seed: 4923
Solving ML without ultrametric constraint
Initial phi: 0.2684244525499074. Initial nu: 0.19528658948277847. Initial nllh: 137.3755908822663
EM finished after 10 iterations.
Optimal point found for initial point 3
Negative llh: 71.06548660255649
Dropout rate: 0
Silencing rate: 6.013949758506974e-07
Initial point 4. Random seed: 7087
Solving ML without ultrametric constraint
Initial phi: 0.9466368931599608. Initial nu: 0.8878848998526752. Initial nllh: 614.0825349887837
EM finished after 15 iterations.
Optimal point found for initial point 4
Negative llh: 71.06548621611665
Dropout rate: 0
Silencing rate: 6.014632592033355e-07
Initial point 5. Random seed: 9880
Solving ML without ultrametric constraint
Initial phi: 0.5425161094429124. Initial nu: 0.3391041141879741. Initial nllh: 224.4939353668408
EM finished after 11 iterations.
Optimal point found for initial point 5
Negative llh: 71.06548671252693
Dropout rate: 0
Silencing rate: 6.010453751205636e-07
Initial point 6. Random seed: 4121
Solving ML without ultrametric constraint
Initial phi: 0.06444270571189. Initial nu: 0.5636079598679027. Initial nllh: 128.77024843676656
EM finished after 12 iterations.
Optimal point found for initial point 6
Negative llh: 71.06548641821996
Dropout rate: 0
Silencing rate: 6.006860267150316e-07
Initial point 7. Random seed: 3127
Solving ML without ultrametric constraint
Initial phi: 0.5267042847788312. Initial nu: 0.9515212321845704. Initial nllh: 270.17853577604706
EM finished after 12 iterations.
Optimal point found for initial point 7
Negative llh: 71.06548743194078
Dropout rate: 0
Silencing rate: 6.0606782658306e-07
Initial point 8. Random seed: 1943
Solving ML without ultrametric constraint
Initial phi: 0.6273385818421969. Initial nu: 0.9099351743028987. Initial nllh: 304.9553922140106
EM finished after 13 iterations.
Optimal point found for initial point 8
Negative llh: 71.06548641914853
Dropout rate: 0
Silencing rate: 6.012335394028111e-07
Initial point 9. Random seed: 1625
Solving ML without ultrametric constraint
Initial phi: 0.69468815651617. Initial nu: 0.35938302697178093. Initial nllh: 290.8920881714075
EM finished after 12 iterations.
Optimal point found for initial point 9
Negative llh: 71.0654861295184
Dropout rate: 0
Silencing rate: 5.993120756096337e-07
Initial point 10. Random seed: 4995
Solving ML without ultrametric constraint
Initial phi: 0.5523530507524433. Initial nu: 0.5179472552569486. Initial nllh: 242.90066492000545
EM finished after 13 iterations.
Optimal point found for initial point 10
Negative llh: 71.06548639751851
Dropout rate: 0
Silencing rate: 6.026687329027058e-07
Traceback (most recent call last):
  File "/Users/uym2/my_gits/problin/run_problin.py", line 193, in <module>
    main()
  File "/Users/uym2/my_gits/problin/run_problin.py", line 172, in main
    fout.write("Sigma: " + str(opt_params['sigma']) + "\n")
KeyError: 'sigma'
