Launching Problin version 0.5p
Problin was called as follow: /Users/uym2/my_gits/problin/run_problin.py -c s9c5/k10_r1_character_matrix.csv -t s9c5/true_tree.nwk -S s9c5/true_locations.txt --delimiter comma -p s9c5/k10_priors.csv -o s9c5/k10_r1_spalin_all.txt --nInitials 10
Optimization by Spalin: Scipy-SLSQP using spatial information
Optimizing branch lengths, phi, and nu without topology search
Initial point 1. Random seed: 9010
Solving ML without ultrametric constraint
Optimal point found for initial point 1
Negative llh: 266.7789771839951
Dropout rate: 1.0249135568150934e-10
Silencing rate: 1.0156084075180995e-10
Initial point 2. Random seed: 6488
Solving ML without ultrametric constraint
Optimal point found for initial point 2
Negative llh: 266.7789771855073
Dropout rate: 1e-10
Silencing rate: 1e-10
Initial point 3. Random seed: 1508
Solving ML without ultrametric constraint
Optimal point found for initial point 3
Negative llh: 266.77897713480405
Dropout rate: 1e-10
Silencing rate: 1e-10
Initial point 4. Random seed: 3841
Solving ML without ultrametric constraint
Optimal point found for initial point 4
Negative llh: 266.7789776342275
Dropout rate: 1e-10
Silencing rate: 1e-10
Initial point 5. Random seed: 6705
Solving ML without ultrametric constraint
Optimal point found for initial point 5
Negative llh: 266.77897710907024
Dropout rate: 1.0000000000000007e-10
Silencing rate: 9.999999999999924e-11
Initial point 6. Random seed: 7311
Solving ML without ultrametric constraint
Optimal point found for initial point 6
Negative llh: 266.7789772731727
Dropout rate: 1e-10
Silencing rate: 1e-10
Initial point 7. Random seed: 3625
Solving ML without ultrametric constraint
Optimal point found for initial point 7
Negative llh: 266.7789793113977
Dropout rate: 2.513358864021144e-10
Silencing rate: 9.230371058607596e-10
Initial point 8. Random seed: 50
Solving ML without ultrametric constraint
Optimal point found for initial point 8
Negative llh: 266.77897705911613
Dropout rate: 1.0000000000000007e-10
Silencing rate: 1.0000000000000007e-10
Initial point 9. Random seed: 5215
Solving ML without ultrametric constraint
Optimal point found for initial point 9
Negative llh: 266.77897711630385
Dropout rate: 1.006669105009625e-10
Silencing rate: 1.0361957852241419e-10
Initial point 10. Random seed: 9269
Solving ML without ultrametric constraint
Optimal point found for initial point 10
Negative llh: 266.7789771872218
Dropout rate: 1.236670416597918e-10
Silencing rate: 1.1482646894146379e-10
Runtime (s): 21.085513708
