Launching Problin version 0.5b
Problin was called as follow: /Users/uym2/my_gits/problin/run_problin.py -c s5c12/k10_r2_character_matrix.csv -t s5c12/true_tree.nwk -S s5c12/true_locations.txt --delimiter comma -p s5c12/k10_priors.csv -o s5c12/k10_r2_spalin_all.txt --nInitials 10
Optimization by Spalin: Scipy-SLSQP using spatial information
Optimizing branch lengths, phi, and nu without topology search
Initial point 1. Random seed: 4462
Solving ML without ultrametric constraint
Optimal point found for initial point 1
Negative llh: 370.7867240106317
Dropout rate: 4.113971798183822e-09
Silencing rate: 9.85992180805166e-10
Sigma: 29.590154780311828
Initial point 2. Random seed: 2612
Solving ML without ultrametric constraint
Optimal point found for initial point 2
Negative llh: 370.7867023868881
Dropout rate: 1e-10
Silencing rate: 1e-10
Sigma: 29.589140797255386
Initial point 3. Random seed: 7901
Solving ML without ultrametric constraint
Optimal point found for initial point 3
Negative llh: 370.78669447840457
Dropout rate: 1e-10
Silencing rate: 1e-10
Sigma: 29.589024958492526
Initial point 4. Random seed: 5451
Solving ML without ultrametric constraint
Optimal point found for initial point 4
Negative llh: 370.78669541242516
Dropout rate: 1e-10
Silencing rate: 1e-10
Sigma: 29.58960077229755
Initial point 5. Random seed: 9932
Solving ML without ultrametric constraint
Optimal point found for initial point 5
Negative llh: 370.7866988863248
Dropout rate: 1e-10
Silencing rate: 1e-10
Sigma: 29.58932055313649
Initial point 6. Random seed: 9354
Solving ML without ultrametric constraint
Optimal point found for initial point 6
Negative llh: 370.78669404318464
Dropout rate: 1.0000000000000007e-10
Silencing rate: 1.0000000000000007e-10
Sigma: 29.588742570299317
Initial point 7. Random seed: 7273
Solving ML without ultrametric constraint
Optimal point found for initial point 7
Negative llh: 370.78669403897686
Dropout rate: 1e-10
Silencing rate: 1e-10
Sigma: 29.588803303215393
Initial point 8. Random seed: 1014
Solving ML without ultrametric constraint
Optimal point found for initial point 8
Negative llh: 370.7866940401044
Dropout rate: 1.0000000000000007e-10
Silencing rate: 1.0000000000000007e-10
Sigma: 29.588759370900164
Initial point 9. Random seed: 6849
Solving ML without ultrametric constraint
Optimal point found for initial point 9
Negative llh: 370.78669456279135
Dropout rate: 1.0000000000000007e-10
Silencing rate: 1.0000000000000007e-10
Sigma: 29.58971073292163
Initial point 10. Random seed: 9015
Solving ML without ultrametric constraint
Optimal point found for initial point 10
Negative llh: 370.78671075460124
Dropout rate: 6.929704851589365e-10
Silencing rate: 1e-10
Sigma: 29.589488813145458
Runtime (s): 91.69126175
