Launching Problin version 0.5b
Problin was called as follow: /Users/uym2/my_gits/problin/run_problin.py -c s4c6/k10_exp2_character_matrix.csv -t s4c6/true_tree.nwk --delimiter comma -p s4c6/k10_exp2_priors.csv -o s4c6/k10_exp2_problin --nInitials 10 --ultrametric
Optimizing branch lengths, phi, and nu without topology search
Optimization by EM algorithm
Initial point 1. Random seed: 4889
Numerical optimization started with ultrametric constraint
Initial phi: 0.8478732311517767. Initial nu: 0.47405669379460974. Initial nllh: 6706.627026989019
EM finished after 8 iterations.
Optimal phi: 0. Optimal nu: 9.003674830596359e-07. Optimal nllh: 45.53128388047226
Optimal point found for initial point 1
Initial point 2. Random seed: 3051
Numerical optimization started with ultrametric constraint
Initial phi: 0.9026698637231805. Initial nu: 0.4249967990871381. Initial nllh: 420.07541824644875
EM finished after 10 iterations.
Optimal phi: 0. Optimal nu: 9.099498861044597e-07. Optimal nllh: 45.53128440810532
Optimal point found for initial point 2
Initial point 3. Random seed: 1278
Numerical optimization started with ultrametric constraint
Initial phi: 0.6114512488338584. Initial nu: 0.01908029621971976. Initial nllh: 188.58787615996678
EM finished after 6 iterations.
Optimal phi: 0. Optimal nu: 8.98351628412926e-07. Optimal nllh: 45.53128374042173
Optimal point found for initial point 3
Initial point 4. Random seed: 8315
Numerical optimization started with ultrametric constraint
Initial phi: 0.6646176908584539. Initial nu: 0.6302347786671664. Initial nllh: 246.55546468333992
EM finished after 7 iterations.
Optimal phi: 0. Optimal nu: 9.036404556929782e-07. Optimal nllh: 45.531284118400656
Optimal point found for initial point 4
Initial point 5. Random seed: 3370
Numerical optimization started with ultrametric constraint
Initial phi: 0.7865602668846685. Initial nu: 0.16444001272792022. Initial nllh: 286.98493718460145
EM finished after 7 iterations.
Optimal phi: 0. Optimal nu: 8.970717598729285e-07. Optimal nllh: 45.531283691405186
Optimal point found for initial point 5
Initial point 6. Random seed: 1599
Numerical optimization started with ultrametric constraint
Initial phi: 0.046729937914536154. Initial nu: 0.5071216540556406. Initial nllh: 82.63040419352176
EM finished after 9 iterations.
Optimal phi: 0. Optimal nu: 9.07047043489686e-07. Optimal nllh: 45.531284260922305
Optimal point found for initial point 6
Initial point 7. Random seed: 5179
Numerical optimization started with ultrametric constraint
Initial phi: 0.6365024805304009. Initial nu: 0.10832259206598038. Initial nllh: 203.82636413145195
EM finished after 6 iterations.
Optimal phi: 0. Optimal nu: 8.974885315476632e-07. Optimal nllh: 45.53128374570709
Optimal point found for initial point 7
Initial point 8. Random seed: 2347
Numerical optimization started with ultrametric constraint
Initial phi: 0.9148366760236454. Initial nu: 0.8287298395559972. Initial nllh: 463.8181206335067
EM finished after 7 iterations.
Optimal phi: 0. Optimal nu: 9.046971881259236e-07. Optimal nllh: 45.531284193307826
Optimal point found for initial point 8
Initial point 9. Random seed: 4779
Numerical optimization started with ultrametric constraint
Initial phi: 0.6770106355706692. Initial nu: 0.4187385465113227. Initial nllh: 239.78097329435377
EM finished after 8 iterations.
Optimal phi: 0. Optimal nu: 8.976008193165389e-07. Optimal nllh: 45.53128371565872
Optimal point found for initial point 9
Initial point 10. Random seed: 2718
Numerical optimization started with ultrametric constraint
Initial phi: 0.02337872482048199. Initial nu: 0.5749268783643545. Initial nllh: 82.98288184349875
EM finished after 7 iterations.
Optimal phi: 0. Optimal nu: 9.036682127107317e-07. Optimal nllh: 45.531284115843306
Optimal point found for initial point 10
Numerical optimization finished successfully
Runtime (s): 4.73674825
