Launching Problin version 0.5b
Problin was called as follow: /Users/uym2/my_gits/problin/run_problin.py -c s6c3/k10_r2_character_matrix.csv -t s6c3/true_tree.nwk -S s6c3/true_locations.txt --delimiter comma -p s6c3/k10_priors.csv -o s6c3/k10_r2_spalin_all.txt --nInitials 10
Optimization by Spalin: Scipy-SLSQP using spatial information
Optimizing branch lengths, phi, and nu without topology search
Initial point 1. Random seed: 6506
Solving ML without ultrametric constraint
Optimal point found for initial point 1
Negative llh: 371.91539723988274
Dropout rate: 1e-10
Silencing rate: 1e-10
Sigma: 31.18096821848019
Initial point 2. Random seed: 8993
Solving ML without ultrametric constraint
Optimal point found for initial point 2
Negative llh: 371.9153973169408
Dropout rate: 1e-10
Silencing rate: 1e-10
Sigma: 31.179937712715304
Initial point 3. Random seed: 6680
Solving ML without ultrametric constraint
Optimal point found for initial point 3
Negative llh: 371.9153972834965
Dropout rate: 2.2301140714766097e-10
Silencing rate: 1.7843408736196305e-10
Sigma: 31.180671742366233
Initial point 4. Random seed: 7628
Solving ML without ultrametric constraint
Optimal point found for initial point 4
Negative llh: 371.91539753725283
Dropout rate: 1e-10
Silencing rate: 9.999999999999996e-11
Sigma: 31.182649047263116
Initial point 5. Random seed: 5112
Solving ML without ultrametric constraint
Optimal point found for initial point 5
Negative llh: 371.91539750230277
Dropout rate: 1e-10
Silencing rate: 1e-10
Sigma: 31.18170103213402
Initial point 6. Random seed: 7706
Solving ML without ultrametric constraint
Optimal point found for initial point 6
Negative llh: 371.91539722176225
Dropout rate: 1e-10
Silencing rate: 1e-10
Sigma: 31.180853813709792
Initial point 7. Random seed: 936
Solving ML without ultrametric constraint
Optimal point found for initial point 7
Negative llh: 371.91539763654
Dropout rate: 1.7134925990342923e-09
Silencing rate: 6.113094307135756e-10
Sigma: 31.181359558037347
Initial point 8. Random seed: 4683
Solving ML without ultrametric constraint
Optimal point found for initial point 8
Negative llh: 371.91539778104743
Dropout rate: 7.552259185768015e-10
Silencing rate: 4.9021132630323e-10
Sigma: 31.18114377855321
Initial point 9. Random seed: 9320
Solving ML without ultrametric constraint
Optimal point found for initial point 9
Negative llh: 371.91539766332085
Dropout rate: 1.0000000000000007e-10
Silencing rate: 1.0000000000000007e-10
Sigma: 31.181831321110298
Initial point 10. Random seed: 6280
Solving ML without ultrametric constraint
Optimal point found for initial point 10
Negative llh: 371.9153973336198
Dropout rate: 1e-10
Silencing rate: 1e-10
Sigma: 31.18133145270133
Runtime (s): 34.412648959
