Launching Problin version 0.5p
Problin was called as follow: /Users/uym2/my_gits/problin/run_problin.py -c s6c3/k10_r1_character_matrix.csv -t s6c3/true_tree.nwk -S s6c3/true_locations.txt --delimiter comma -p s6c3/k10_priors.csv -o s6c3/k10_r1_spalin_all.txt --nInitials 10
Optimization by Spalin: Scipy-SLSQP using spatial information
Optimizing branch lengths, phi, and nu without topology search
Initial point 1. Random seed: 7154
Solving ML without ultrametric constraint
Optimal point found for initial point 1
Negative llh: 350.7350271540417
Dropout rate: 7.84662052196368e-10
Silencing rate: 4.408397992590207e-10
Initial point 2. Random seed: 2001
Solving ML without ultrametric constraint
Optimal point found for initial point 2
Negative llh: 350.7350274623128
Dropout rate: 1e-10
Silencing rate: 1e-10
Initial point 3. Random seed: 1201
Solving ML without ultrametric constraint
Optimal point found for initial point 3
Negative llh: 350.73502690858504
Dropout rate: 1e-10
Silencing rate: 1e-10
Initial point 4. Random seed: 5029
Solving ML without ultrametric constraint
Optimal point found for initial point 4
Negative llh: 350.7350270794266
Dropout rate: 1.0000000000000007e-10
Silencing rate: 1.0000000000000007e-10
Initial point 5. Random seed: 5106
Solving ML without ultrametric constraint
Optimal point found for initial point 5
Negative llh: 350.73502830784815
Dropout rate: 1.000000000000009e-10
Silencing rate: 1.000000000000009e-10
Initial point 6. Random seed: 4490
Solving ML without ultrametric constraint
Optimal point found for initial point 6
Negative llh: 350.73502711110416
Dropout rate: 1.0000000000000007e-10
Silencing rate: 1.000000000000009e-10
Initial point 7. Random seed: 1018
Solving ML without ultrametric constraint
Optimal point found for initial point 7
Negative llh: 350.73502699311433
Dropout rate: 1e-10
Silencing rate: 1e-10
Initial point 8. Random seed: 578
Solving ML without ultrametric constraint
Optimal point found for initial point 8
Negative llh: 350.7350273267654
Dropout rate: 1e-10
Silencing rate: 9.999999999999996e-11
Initial point 9. Random seed: 8420
Solving ML without ultrametric constraint
Optimal point found for initial point 9
Negative llh: 350.73502779240346
Dropout rate: 1.781714327343545e-09
Silencing rate: 4.004351761940513e-09
Initial point 10. Random seed: 3993
Solving ML without ultrametric constraint
Optimal point found for initial point 10
Negative llh: 350.73502724724676
Dropout rate: 9.999999999999996e-11
Silencing rate: 1.0000000000000007e-10
Runtime (s): 36.585792542
