Launching Problin version 0.5b
Problin was called as follow: /Users/uym2/my_gits/problin/run_problin.py -c s6c3/k10_r1_character_matrix.csv -t s6c3/true_tree.nwk --delimiter comma -p s6c3/k10_priors.csv -o s6c3/k10_r1_problin_ultrametric --nInitials 10 --ultrametric
Optimizing branch lengths, phi, and nu without topology search
Optimization by EM algorithm
Initial point 1. Random seed: 1145
Numerical optimization started with ultrametric constraint
Initial phi: 0.5996490976090998. Initial nu: 0.6002226742417439. Initial nllh: 15191.096094573451
EM finished after 17 iterations.
Optimal phi: 0. Optimal nu: 1.010246507942185e-06. Optimal nllh: 98.59584998464835
Optimal point found for initial point 1
Initial point 2. Random seed: 3103
Numerical optimization started with ultrametric constraint
Initial phi: 0.7399078785615338. Initial nu: 0.6629488843710102. Initial nllh: 452.4782841187185
EM finished after 15 iterations.
Optimal phi: 0. Optimal nu: 1.0091941174248617e-06. Optimal nllh: 98.5958501496224
Optimal point found for initial point 2
Initial point 3. Random seed: 4748
Numerical optimization started with ultrametric constraint
Initial phi: 0.6426503483326756. Initial nu: 0.948125315316268. Initial nllh: 407.2620101944891
EM finished after 16 iterations.
Optimal phi: 0. Optimal nu: 1.0093220368228117e-06. Optimal nllh: 98.59584977115989
Optimal point found for initial point 3
Initial point 4. Random seed: 8226
Numerical optimization started with ultrametric constraint
Initial phi: 0.9146136112366299. Initial nu: 0.09122998506721348. Initial nllh: 648.0601736120191
EM finished after 11 iterations.
Optimal phi: 0. Optimal nu: 1.0092404305402924e-06. Optimal nllh: 98.59585004324371
Optimal point found for initial point 4
Initial point 5. Random seed: 4325
Numerical optimization started with ultrametric constraint
Initial phi: 0.3476463900705514. Initial nu: 0.7838690613832568. Initial nllh: 260.6389058114303
EM finished after 16 iterations.
Optimal phi: 0. Optimal nu: 1.009456513541803e-06. Optimal nllh: 98.59584964673418
Optimal point found for initial point 5
Initial point 6. Random seed: 8981
Numerical optimization started with ultrametric constraint
Initial phi: 0.6262624626171024. Initial nu: 0.8715655810328777. Initial nllh: 390.77408429936634
EM finished after 16 iterations.
Optimal phi: 0. Optimal nu: 1.0095692471570784e-06. Optimal nllh: 98.5958498280579
Optimal point found for initial point 6
Initial point 7. Random seed: 9600
Numerical optimization started with ultrametric constraint
Initial phi: 0.7823049626451506. Initial nu: 0.5553581130266675. Initial nllh: 482.31660253741853
EM finished after 13 iterations.
Optimal phi: 0. Optimal nu: 1.0105410454658171e-06. Optimal nllh: 98.5958523891647
Optimal point found for initial point 7
Initial point 8. Random seed: 2631
Numerical optimization started with ultrametric constraint
Initial phi: 0.5712338028282552. Initial nu: 0.45968420217975237. Initial nllh: 324.91820262622264
EM finished after 15 iterations.
Optimal phi: 0. Optimal nu: 1.0101262951281803e-06. Optimal nllh: 98.59584991699545
Optimal point found for initial point 8
Initial point 9. Random seed: 8053
Numerical optimization started with ultrametric constraint
Initial phi: 0.8511594112021597. Initial nu: 0.1202090182186311. Initial nllh: 528.315812639827
EM finished after 12 iterations.
Optimal phi: 0. Optimal nu: 1.0108674676010698e-06. Optimal nllh: 98.59585002509657
Optimal point found for initial point 9
Initial point 10. Random seed: 886
Numerical optimization started with ultrametric constraint
Initial phi: 0.08447219581176212. Initial nu: 0.47127501999104127. Initial nllh: 159.03245547178602
EM finished after 15 iterations.
Optimal phi: 0. Optimal nu: 1.0096495515029672e-06. Optimal nllh: 98.59584974916743
Optimal point found for initial point 10
Numerical optimization finished successfully
Runtime (s): 9.882787540999999
