/Users/uym2/opt/anaconda3/lib/python3.9/site-packages/cvxpy/atoms/elementwise/log.py:35: RuntimeWarning: divide by zero encountered in log
  return np.log(values[0])
Launching Problin version 0.5b
Problin was called as follow: /Users/uym2/my_gits/problin/run_problin.py -c s20c5/k200_const_character_matrix.csv -t s20c5/true_tree.nwk --delimiter comma -p s20c5/k200_const_priors.csv -o s20c5/k200_const_problin --nInitials 10 --ultrametric
Optimizing branch lengths, phi, and nu without topology search
Optimization by EM algorithm
Initial point 1. Random seed: 2105
Numerical optimization started with ultrametric constraint
Initial phi: 0.13370156622820076. Initial nu: 0.9624639616771121. Initial nllh: 409574.1387818009
EM finished after 19 iterations.
Optimal phi: 0. Optimal nu: 1.2942181994531702e-08. Optimal nllh: 2042.6834123977262
Optimal point found for initial point 1
Initial point 2. Random seed: 6427
Numerical optimization started with ultrametric constraint
Initial phi: 0.9187752219759416. Initial nu: 0.6012962322938444. Initial nllh: 10247.897402665098
EM finished after 15 iterations.
Optimal phi: 0. Optimal nu: 1.2738526789691272e-08. Optimal nllh: 2042.6834183689168
Optimal point found for initial point 2
Initial point 3. Random seed: 9822
Numerical optimization started with ultrametric constraint
Initial phi: 0.32987277660884995. Initial nu: 0.6055922800708091. Initial nllh: 4347.598074131806
EM finished after 14 iterations.
Optimal phi: 0. Optimal nu: 2.2501488585046323e-08. Optimal nllh: 2042.683452268356
Optimal point found for initial point 3
Initial point 4. Random seed: 8309
Numerical optimization started with ultrametric constraint
Initial phi: 0.7678291217602276. Initial nu: 0.3776638238516416. Initial nllh: 6869.961182337407
EM finished after 14 iterations.
Optimal phi: 0. Optimal nu: 1.4893128298995092e-08. Optimal nllh: 2042.683422607111
Optimal point found for initial point 4
Initial point 5. Random seed: 7989
Numerical optimization started with ultrametric constraint
Initial phi: 0.10840749252692163. Initial nu: 0.6104619012587686. Initial nllh: 3557.6020087787497
EM finished after 14 iterations.
Optimal phi: 0. Optimal nu: 1.484602959559458e-08. Optimal nllh: 2042.6834373346721
Optimal point found for initial point 5
Initial point 6. Random seed: 1169
Numerical optimization started with ultrametric constraint
Initial phi: 0.31691618214097356. Initial nu: 0.04308924887535894. Initial nllh: 3194.249381215272
EM finished after 9 iterations.
Optimal phi: 0. Optimal nu: 1.1053588185691556e-08. Optimal nllh: 2042.6834041355382
Optimal point found for initial point 6
Initial point 7. Random seed: 7158
Numerical optimization started with ultrametric constraint
Initial phi: 0.8184366210396953. Initial nu: 0.8526388284782678. Initial nllh: 8487.030111579981
EM finished after 16 iterations.
Optimal phi: 0. Optimal nu: 1.3918107267047267e-08. Optimal nllh: 2042.6834170886839
Optimal point found for initial point 7
Initial point 8. Random seed: 5932
Numerical optimization started with ultrametric constraint
Initial phi: 0.6237231350419558. Initial nu: 0.27986740082984307. Initial nllh: 5326.785933279673
EM finished after 13 iterations.
Optimal phi: 0. Optimal nu: 2.1256931071349424e-08. Optimal nllh: 2042.683437258155
Optimal point found for initial point 8
Initial point 9. Random seed: 3422
Numerical optimization started with ultrametric constraint
Initial phi: 0.29915245867799467. Initial nu: 0.6666573912003495. Initial nllh: 4341.476943884127
EM finished after 15 iterations.
Optimal phi: 0. Optimal nu: 2.1211906726948092e-08. Optimal nllh: 2042.6834370568515
Optimal point found for initial point 9
Initial point 10. Random seed: 2392
Numerical optimization started with ultrametric constraint
Initial phi: 0.43245652860597833. Initial nu: 0.7043811783799373. Initial nllh: 5005.955647800937
EM finished after 14 iterations.
Optimal phi: 0. Optimal nu: 2.174975151360875e-08. Optimal nllh: 2042.6834560756567
Optimal point found for initial point 10
Numerical optimization finished successfully
Runtime (s): 19.662020375
