dataset s5c7
Optimization using leaf locations
Initial point 1. Random seed: 3329
Solving with ultrametric constraint
Optimal point found for initial point 1
Negative llh: 445.8230350619758
Dropout rate: 0
Silencing rate: 0
Initial point 2. Random seed: 2059
Solving with ultrametric constraint
Optimal point found for initial point 2
Negative llh: 38630.06758800178
Dropout rate: 0
Silencing rate: 0
Initial point 3. Random seed: 7522
Solving with ultrametric constraint
Optimal point found for initial point 3
Negative llh: 31310.14238715739
Dropout rate: 0
Silencing rate: 0
Initial point 4. Random seed: 2848
Solving with ultrametric constraint
Optimal point found for initial point 4
Negative llh: 20934.145777854505
Dropout rate: 0
Silencing rate: 0
Initial point 5. Random seed: 8964
Solving with ultrametric constraint
Optimal point found for initial point 5
Negative llh: 35059.489638207895
Dropout rate: 0
Silencing rate: 0
Initial point 6. Random seed: 5103
Solving with ultrametric constraint
Optimal point found for initial point 6
Negative llh: 38292.13953583605
Dropout rate: 0
Silencing rate: 0
Initial point 7. Random seed: 563
Solving with ultrametric constraint
Optimal point found for initial point 7
Negative llh: 38054.70994990717
Dropout rate: 0
Silencing rate: 0
Initial point 8. Random seed: 7086
Solving with ultrametric constraint
Optimal point found for initial point 8
Negative llh: 37296.37390062614
Dropout rate: 0
Silencing rate: 0
Initial point 9. Random seed: 3033
Solving with ultrametric constraint
Optimal point found for initial point 9
Negative llh: 449.1869933267434
Dropout rate: 0
Silencing rate: 0
Initial point 10. Random seed: 2924
Solving with ultrametric constraint
Optimal point found for initial point 10
Negative llh: 443.70660108150247
Dropout rate: 0
Silencing rate: 0
Initial point 11. Random seed: 568
Solving with ultrametric constraint
Optimal point found for initial point 11
Negative llh: 440.3843900278081
Dropout rate: 0
Silencing rate: 0
Initial point 12. Random seed: 8950
Solving with ultrametric constraint
Optimal point found for initial point 12
Negative llh: 453.1364223745393
Dropout rate: 0
Silencing rate: 0
Initial point 13. Random seed: 4854
Solving with ultrametric constraint
Optimal point found for initial point 13
Negative llh: 20202.011865893717
Dropout rate: 0
Silencing rate: 0
Initial point 14. Random seed: 8550
Solving with ultrametric constraint
Optimal point found for initial point 14
Negative llh: 24873.75280773616
Dropout rate: 0
Silencing rate: 0
Initial point 15. Random seed: 5468
Solving with ultrametric constraint
Optimal point found for initial point 15
Negative llh: 21561.772262975413
Dropout rate: 0
Silencing rate: 0
Initial point 16. Random seed: 7769
Solving with ultrametric constraint
Optimal point found for initial point 16
Negative llh: 32717.37524534631
Dropout rate: 0
Silencing rate: 0
Initial point 17. Random seed: 4888
Solving with ultrametric constraint
Optimal point found for initial point 17
Negative llh: 443.70660580090754
Dropout rate: 0
Silencing rate: 0
Initial point 18. Random seed: 6115
Solving with ultrametric constraint
Optimal point found for initial point 18
Negative llh: 445.2097548857419
Dropout rate: 0
Silencing rate: 0
Initial point 19. Random seed: 6186
Solving with ultrametric constraint
Optimal point found for initial point 19
Negative llh: 443.30409230722944
Dropout rate: 0
Silencing rate: 0
Initial point 20. Random seed: 2604
Solving with ultrametric constraint
Optimal point found for initial point 20
Negative llh: 28572.581875953827
Dropout rate: 0
Silencing rate: 0
Optimal nllh: 440.3843900278081
