Launching Problin version 0.5b
Problin was called as follow: /Users/uym2/my_gits/problin/run_problin.py -c s9c2/k10_lin_character_matrix.csv -t s9c2/true_tree.nwk --delimiter comma -p s9c2/k10_lin_priors.csv -o s9c2/k10_lin_problin --nInitials 10 --ultrametric
Optimizing branch lengths, phi, and nu without topology search
Optimization by EM algorithm
Initial point 1. Random seed: 769
Numerical optimization started with ultrametric constraint
Initial phi: 0.21479764163655182. Initial nu: 0.7878295235173144. Initial nllh: 12906.364088927336
EM finished after 12 iterations.
Optimal phi: 0. Optimal nu: 5.382758566252273e-07. Optimal nllh: 65.31798534606966
Optimal point found for initial point 1
Initial point 2. Random seed: 3185
Numerical optimization started with ultrametric constraint
Initial phi: 0.3212300281246491. Initial nu: 0.5401554934748287. Initial nllh: 173.32620463165955
EM finished after 15 iterations.
Optimal phi: 0. Optimal nu: 5.38690767889846e-07. Optimal nllh: 65.31798485266141
Optimal point found for initial point 2
Initial point 3. Random seed: 9959
Numerical optimization started with ultrametric constraint
Initial phi: 0.14813689881909253. Initial nu: 0.5441452587727563. Initial nllh: 139.62320740824333
EM finished after 13 iterations.
Optimal phi: 0. Optimal nu: 5.358325999523033e-07. Optimal nllh: 65.31798468020858
Optimal point found for initial point 3
Initial point 4. Random seed: 3958
Numerical optimization started with ultrametric constraint
Initial phi: 0.03981718971197146. Initial nu: 0.035325299235006. Initial nllh: 74.80580230551386
EM finished after 9 iterations.
Optimal phi: 0. Optimal nu: 5.343084168289335e-07. Optimal nllh: 65.31798458280456
Optimal point found for initial point 4
Initial point 5. Random seed: 1848
Numerical optimization started with ultrametric constraint
Initial phi: 0.5019871618141418. Initial nu: 0.1855574914686045. Initial nllh: 187.11682093902166
EM finished after 13 iterations.
Optimal phi: 0. Optimal nu: 5.396699916284688e-07. Optimal nllh: 65.31798496601726
Optimal point found for initial point 5
Initial point 6. Random seed: 5949
Numerical optimization started with ultrametric constraint
Initial phi: 0.5185802506011555. Initial nu: 0.43901051491381815. Initial nllh: 215.54305707148353
EM finished after 12 iterations.
Optimal phi: 0. Optimal nu: 5.401873394763983e-07. Optimal nllh: 65.31798521740363
Optimal point found for initial point 6
Initial point 7. Random seed: 5774
Numerical optimization started with ultrametric constraint
Initial phi: 0.43018102503904615. Initial nu: 0.933242025412188. Initial nllh: 235.7742767565234
EM finished after 13 iterations.
Optimal phi: 0. Optimal nu: 5.37969929197648e-07. Optimal nllh: 65.31798491011072
Optimal point found for initial point 7
Initial point 8. Random seed: 3479
Numerical optimization started with ultrametric constraint
Initial phi: 0.4042329771790703. Initial nu: 0.1151308370560017. Initial nllh: 153.74698306007045
EM finished after 10 iterations.
Optimal phi: 0. Optimal nu: 5.375669047686995e-07. Optimal nllh: 65.31798511629663
Optimal point found for initial point 8
Initial point 9. Random seed: 1999
Numerical optimization started with ultrametric constraint
Initial phi: 0.7562621363280031. Initial nu: 0.05050855817424854. Initial nllh: 281.85868631549096
EM finished after 9 iterations.
Optimal phi: 0. Optimal nu: 5.384214244257826e-07. Optimal nllh: 65.31798509032902
Optimal point found for initial point 9
Initial point 10. Random seed: 1405
Numerical optimization started with ultrametric constraint
Initial phi: 0.5560797004493256. Initial nu: 0.37111960903094465. Initial nllh: 221.4539846532664
EM finished after 12 iterations.
Optimal phi: 0. Optimal nu: 5.335049213786708e-07. Optimal nllh: 65.3179845743432
Optimal point found for initial point 10
Numerical optimization finished successfully
Runtime (s): 7.129031542000001
