Launching Problin version 0.5b
Problin was called as follow: /Users/uym2/my_gits/problin/run_problin.py -c s15c1/k10_r2_character_matrix.csv -t s15c1/true_tree.nwk -S s15c1/true_locations.txt --delimiter comma -p s15c1/k10_priors.csv -o s15c1/k10_r2_spalin_all.txt --nInitials 10
Optimization by Spalin: Scipy-SLSQP using spatial information
Optimizing branch lengths, phi, and nu without topology search
Initial point 1. Random seed: 1726
Solving ML without ultrametric constraint
Optimal point found for initial point 1
Negative llh: 230.90791951160634
Dropout rate: 1.742879021074009e-10
Silencing rate: 1.454237026122161e-10
Initial point 2. Random seed: 2013
Solving ML without ultrametric constraint
Optimal point found for initial point 2
Negative llh: 230.90791945265903
Dropout rate: 1e-10
Silencing rate: 1e-10
Initial point 3. Random seed: 5397
Solving ML without ultrametric constraint
Optimal point found for initial point 3
Negative llh: 230.90791944292556
Dropout rate: 1.1914884025511131e-10
Silencing rate: 1.6961159898307017e-10
Initial point 4. Random seed: 8134
Solving ML without ultrametric constraint
Optimal point found for initial point 4
Negative llh: 230.9079194027404
Dropout rate: 1.9672452246590786e-10
Silencing rate: 4.306221850867075e-10
Initial point 5. Random seed: 5825
Solving ML without ultrametric constraint
Optimal point found for initial point 5
Negative llh: 230.90791926819566
Dropout rate: 1.0000000000000007e-10
Silencing rate: 1.0000000000000007e-10
Initial point 6. Random seed: 6524
Solving ML without ultrametric constraint
Optimal point found for initial point 6
Negative llh: 230.907919402478
Dropout rate: 1.0000000000000002e-10
Silencing rate: 9.999999999999996e-11
Initial point 7. Random seed: 1506
Solving ML without ultrametric constraint
Optimal point found for initial point 7
Negative llh: 230.9079193566725
Dropout rate: 2.1287926540873938e-10
Silencing rate: 7.005995046983241e-10
Initial point 8. Random seed: 6160
Solving ML without ultrametric constraint
Optimal point found for initial point 8
Negative llh: 230.90791928104915
Dropout rate: 1e-10
Silencing rate: 1.0000000000000002e-10
Initial point 9. Random seed: 6495
Solving ML without ultrametric constraint
Optimal point found for initial point 9
Negative llh: 230.90791927758949
Dropout rate: 1e-10
Silencing rate: 1.0000000000000002e-10
Initial point 10. Random seed: 6227
Solving ML without ultrametric constraint
Optimal point found for initial point 10
Negative llh: 230.90791934350423
Dropout rate: 1.0128749329017245e-10
Silencing rate: 1.0143644217783883e-10
Runtime (s): 8.185196750000001
