Launching Problin version 0.5b
Problin was called as follow: /Users/uym2/my_gits/problin/run_problin.py -c s20c6/k10_r2_character_matrix.csv -t s20c6/true_tree.nwk -S s20c6/true_locations.txt --delimiter comma -p s20c6/k10_priors.csv -o s20c6/k10_r2_spalin_all.txt --nInitials 10
Optimization by Spalin: Scipy-SLSQP using spatial information
Optimizing branch lengths, phi, and nu without topology search
Initial point 1. Random seed: 9749
Solving ML without ultrametric constraint
Optimal point found for initial point 1
Negative llh: 201.11760393484678
Dropout rate: 6.884694332844564e-10
Silencing rate: 4.705913494902216e-10
Initial point 2. Random seed: 1095
Solving ML without ultrametric constraint
Optimal point found for initial point 2
Negative llh: 201.11760412679422
Dropout rate: 1.6622982578048802e-10
Silencing rate: 4.015536617661288e-10
Initial point 3. Random seed: 2657
Solving ML without ultrametric constraint
Optimal point found for initial point 3
Negative llh: 201.11760400784345
Dropout rate: 1.369970075224791e-10
Silencing rate: 3.6792447265777036e-10
Initial point 4. Random seed: 8567
Solving ML without ultrametric constraint
Optimal point found for initial point 4
Negative llh: 201.11760411904652
Dropout rate: 1e-10
Silencing rate: 1e-10
Initial point 5. Random seed: 2695
Solving ML without ultrametric constraint
Optimal point found for initial point 5
Negative llh: 201.11760428399407
Dropout rate: 1e-10
Silencing rate: 1.0000000000000002e-10
Initial point 6. Random seed: 146
Solving ML without ultrametric constraint
Optimal point found for initial point 6
Negative llh: 201.11760405897513
Dropout rate: 1e-10
Silencing rate: 1.0000000000000002e-10
Initial point 7. Random seed: 3881
Solving ML without ultrametric constraint
Optimal point found for initial point 7
Negative llh: 201.11760431343475
Dropout rate: 4.2007208559139305e-10
Silencing rate: 9.927053222879741e-10
Initial point 8. Random seed: 2161
Solving ML without ultrametric constraint
Optimal point found for initial point 8
Negative llh: 201.11760415882705
Dropout rate: 1e-10
Silencing rate: 1e-10
Initial point 9. Random seed: 6571
Solving ML without ultrametric constraint
Optimal point found for initial point 9
Negative llh: 201.11760411786983
Dropout rate: 1.0000000000000002e-10
Silencing rate: 9.999999999999996e-11
Initial point 10. Random seed: 1817
Solving ML without ultrametric constraint
Optimal point found for initial point 10
Negative llh: 201.1176044633758
Dropout rate: 1e-10
Silencing rate: 1e-10
Runtime (s): 6.1834504589999995
