Launching Problin version 0.5b
Problin was called as follow: /Users/uym2/my_gits/problin/run_problin.py -c s20c6/k10_r2_character_matrix.csv -t s20c6/true_tree.nwk -S s20c6/leaf_locations.txt --delimiter comma -p s20c6/k10_priors.csv -o s20c6/k10_r2_spalin_leaves.txt --nInitials 10
Optimization by Spalin: Scipy-SLSQP using spatial information
Optimizing branch lengths, phi, and nu without topology search
Initial point 1. Random seed: 874
Solving ML without ultrametric constraint
Optimal point found for initial point 1
Negative llh: 167.83255508343544
Dropout rate: 2.3211035820859251e-10
Silencing rate: 1.692269207702933e-10
Initial point 2. Random seed: 3332
Solving ML without ultrametric constraint
Optimal point found for initial point 2
Negative llh: 166.47668868649276
Dropout rate: 1e-10
Silencing rate: 1e-10
Initial point 3. Random seed: 6535
Solving ML without ultrametric constraint
Optimal point found for initial point 3
Negative llh: 165.59721733349488
Dropout rate: 1.699004942816828e-10
Silencing rate: 1.3468890952262883e-10
Initial point 4. Random seed: 4043
Solving ML without ultrametric constraint
Optimal point found for initial point 4
Negative llh: 168.05416455899763
Dropout rate: 1e-10
Silencing rate: 1e-10
Initial point 5. Random seed: 7994
Solving ML without ultrametric constraint
Optimal point found for initial point 5
Negative llh: 165.59726657066912
Dropout rate: 1.821352750312713e-09
Silencing rate: 9.86277095766152e-10
Initial point 6. Random seed: 5999
Solving ML without ultrametric constraint
Optimal point found for initial point 6
Negative llh: 170.42516990597636
Dropout rate: 1e-10
Silencing rate: 1e-10
Initial point 7. Random seed: 2195
Solving ML without ultrametric constraint
Optimal point found for initial point 7
Negative llh: 164.03037211833572
Dropout rate: 1.0048174797484535e-10
Silencing rate: 1.002334132886972e-10
Initial point 8. Random seed: 2028
Solving ML without ultrametric constraint
Optimal point found for initial point 8
Negative llh: 166.43071318127988
Dropout rate: 9.999999999999924e-11
Silencing rate: 1.0000000000000007e-10
Initial point 9. Random seed: 6953
Solving ML without ultrametric constraint
Optimal point found for initial point 9
Negative llh: 164.0302371907183
Dropout rate: 1e-10
Silencing rate: 1e-10
Initial point 10. Random seed: 7773
Solving ML without ultrametric constraint
Optimal point found for initial point 10
Negative llh: 164.03035403075893
Dropout rate: 9.999999999999932e-11
Silencing rate: 1.0000000000000007e-10
Runtime (s): 39.449890125
