Launching Problin version 0.5p
Problin was called as follow: /Users/uym2/my_gits/problin/run_problin.py -c s20c6/k10_r1_character_matrix.csv -t s20c6/true_tree.nwk -S s20c6/true_locations.txt --delimiter comma -p s20c6/k10_priors.csv -o s20c6/k10_r1_spalin_all.txt --nInitials 10
Optimization by Spalin: Scipy-SLSQP using spatial information
Optimizing branch lengths, phi, and nu without topology search
Initial point 1. Random seed: 4676
Solving ML without ultrametric constraint
Optimal point found for initial point 1
Negative llh: 218.31497240032468
Dropout rate: 4.6504080549675773e-10
Silencing rate: 5.821324677098022e-10
Initial point 2. Random seed: 2257
Solving ML without ultrametric constraint
Optimal point found for initial point 2
Negative llh: 218.31497212550167
Dropout rate: 7.945446909610897e-10
Silencing rate: 1.7351133610921262e-09
Initial point 3. Random seed: 9783
Solving ML without ultrametric constraint
Optimal point found for initial point 3
Negative llh: 218.31497368423743
Dropout rate: 3.1798769419733576e-09
Silencing rate: 1.6392494889478904e-08
Initial point 4. Random seed: 1658
Solving ML without ultrametric constraint
Optimal point found for initial point 4
Negative llh: 218.3149721305992
Dropout rate: 1e-10
Silencing rate: 1.0000000000000002e-10
Initial point 5. Random seed: 3914
Solving ML without ultrametric constraint
Optimal point found for initial point 5
Negative llh: 218.31497327960685
Dropout rate: 1e-10
Silencing rate: 1e-10
Initial point 6. Random seed: 1175
Solving ML without ultrametric constraint
Optimal point found for initial point 6
Negative llh: 218.3149722423841
Dropout rate: 1.0000000000000002e-10
Silencing rate: 1.0000000000000007e-10
Initial point 7. Random seed: 5733
Solving ML without ultrametric constraint
Optimal point found for initial point 7
Negative llh: 218.31497240925628
Dropout rate: 1e-10
Silencing rate: 1e-10
Initial point 8. Random seed: 9071
Solving ML without ultrametric constraint
Optimal point found for initial point 8
Negative llh: 218.31497203833308
Dropout rate: 2.2913283255830586e-10
Silencing rate: 4.1745028649636613e-10
Initial point 9. Random seed: 8297
Solving ML without ultrametric constraint
Optimal point found for initial point 9
Negative llh: 218.31497208068475
Dropout rate: 1e-10
Silencing rate: 1e-10
Initial point 10. Random seed: 2676
Solving ML without ultrametric constraint
Optimal point found for initial point 10
Negative llh: 218.31497221308842
Dropout rate: 8.29330637167476e-10
Silencing rate: 1.1060724938514113e-09
Runtime (s): 6.519082375
