Launching Problin version 0.5p
Problin was called as follow: /Users/uym2/my_gits/problin/run_problin.py -c s20c6/k10_r1_character_matrix.csv -t s20c6/true_tree.nwk -S s20c6/leaf_locations.txt --delimiter comma -p s20c6/k10_priors.csv -o s20c6/k10_r1_spalin_leaves.txt --nInitials 10
Optimization by Spalin: Scipy-SLSQP using spatial information
Optimizing branch lengths, phi, and nu without topology search
Initial point 1. Random seed: 5534
Solving ML without ultrametric constraint
Optimal point found for initial point 1
Negative llh: 184.38194368523483
Dropout rate: 5.282270365316011e-09
Silencing rate: 3.2136076447699112e-09
Initial point 2. Random seed: 6434
Solving ML without ultrametric constraint
Optimal point found for initial point 2
Negative llh: 184.38155496596863
Dropout rate: 2.03950359589079e-10
Silencing rate: 1.6233484777670482e-10
Initial point 3. Random seed: 7795
Solving ML without ultrametric constraint
Optimal point found for initial point 3
Negative llh: 185.592309934946
Dropout rate: 1e-10
Silencing rate: 1e-10
Initial point 4. Random seed: 3932
Solving ML without ultrametric constraint
Optimal point found for initial point 4
Negative llh: 184.381595694795
Dropout rate: 1e-10
Silencing rate: 1e-10
Initial point 5. Random seed: 9798
Solving ML without ultrametric constraint
Optimal point found for initial point 5
Negative llh: 185.5922236762638
Dropout rate: 8.362663386507556e-10
Silencing rate: 5.441370718951678e-10
Initial point 6. Random seed: 3538
Solving ML without ultrametric constraint
Optimal point found for initial point 6
Negative llh: 185.59221724364951
Dropout rate: 1e-10
Silencing rate: 1e-10
Initial point 7. Random seed: 9767
Solving ML without ultrametric constraint
Optimal point found for initial point 7
Negative llh: 184.38166471556923
Dropout rate: 1.000000000000008e-10
Silencing rate: 9.999999999999932e-11
Initial point 8. Random seed: 5005
Solving ML without ultrametric constraint
Optimal point found for initial point 8
Negative llh: 185.6510956786803
Dropout rate: 1.0000000000000007e-10
Silencing rate: 1.0000000000000007e-10
Initial point 9. Random seed: 1918
Solving ML without ultrametric constraint
Optimal point found for initial point 9
Negative llh: 190.60472099986504
Dropout rate: 1e-10
Silencing rate: 1e-10
Initial point 10. Random seed: 8770
Solving ML without ultrametric constraint
Optimal point found for initial point 10
Negative llh: 185.65111490624957
Dropout rate: 1.8894199238056185e-10
Silencing rate: 1.5334178873298264e-10
Runtime (s): 41.599010457999995
