Launching Problin version 0.5b
Problin was called as follow: /Users/uym2/my_gits/problin/run_problin.py -c s20c6/k10_r2_character_matrix.csv -t s20c6/true_tree.nwk --delimiter comma -p s20c6/k10_priors.csv -o s20c6/k10_r2_problin.txt --nInitials 10
Optimization by EM algorithm
Optimizing branch lengths, phi, and nu without topology search
Initial point 1. Random seed: 3122
Solving ML without ultrametric constraint
Initial phi: 0.0651067319414816. Initial nu: 0.6106918307490601. Initial nllh: 13251.866512712953
EM finished after 10 iterations.
Optimal point found for initial point 1
Negative llh: 66.68307111523995
Dropout rate: 0
Silencing rate: 7.077290365564443e-07
Initial point 2. Random seed: 8256
Solving ML without ultrametric constraint
Initial phi: 0.000623883801754016. Initial nu: 0.920191448420444. Initial nllh: 116.46277710909
EM finished after 9 iterations.
Optimal point found for initial point 2
Negative llh: 66.68307103932018
Dropout rate: 0
Silencing rate: 7.052443203728692e-07
Initial point 3. Random seed: 5438
Solving ML without ultrametric constraint
Initial phi: 0.4911540217561644. Initial nu: 0.9794253021434692. Initial nllh: 200.6605313744718
EM finished after 9 iterations.
Optimal point found for initial point 3
Negative llh: 66.68307117161076
Dropout rate: 0
Silencing rate: 7.073786684890487e-07
Initial point 4. Random seed: 1877
Solving ML without ultrametric constraint
Initial phi: 0.33208273634415053. Initial nu: 0.3080450871694448. Initial nllh: 131.75322475348682
EM finished after 7 iterations.
Optimal point found for initial point 4
Negative llh: 66.68307078641755
Dropout rate: 0
Silencing rate: 7.015754963108985e-07
Initial point 5. Random seed: 8997
Solving ML without ultrametric constraint
Initial phi: 0.5277022325281804. Initial nu: 0.8676728059252364. Initial nllh: 203.56774051116128
EM finished after 9 iterations.
Optimal point found for initial point 5
Negative llh: 66.68307080164107
Dropout rate: 0
Silencing rate: 7.021507406096445e-07
Initial point 6. Random seed: 9339
Solving ML without ultrametric constraint
Initial phi: 0.32723876847792815. Initial nu: 0.63988994828917. Initial nllh: 148.81092599771833
EM finished after 8 iterations.
Optimal point found for initial point 6
Negative llh: 66.68307072183316
Dropout rate: 0
Silencing rate: 7.00073071059614e-07
Initial point 7. Random seed: 4892
Solving ML without ultrametric constraint
Initial phi: 0.18337386969855782. Initial nu: 0.16924150748860928. Initial nllh: 100.13358311174223
EM finished after 7 iterations.
Optimal point found for initial point 7
Negative llh: 66.68307076281172
Dropout rate: 0
Silencing rate: 6.998333320029437e-07
Initial point 8. Random seed: 2443
Solving ML without ultrametric constraint
Initial phi: 0.7752075132303156. Initial nu: 0.5906520083471788. Initial nllh: 277.6963928585759
EM finished after 8 iterations.
Optimal point found for initial point 8
Negative llh: 66.68307078707353
Dropout rate: 0
Silencing rate: 7.004384600677727e-07
Initial point 9. Random seed: 869
Solving ML without ultrametric constraint
Initial phi: 0.5862029586408737. Initial nu: 0.790822967982649. Initial nllh: 215.285304732644
EM finished after 9 iterations.
Optimal point found for initial point 9
Negative llh: 66.6830710582586
Dropout rate: 0
Silencing rate: 7.062900452192958e-07
Initial point 10. Random seed: 3353
Solving ML without ultrametric constraint
Initial phi: 0.10226802441416526. Initial nu: 0.7494898927184579. Initial nllh: 120.11329079721683
EM finished after 9 iterations.
Optimal point found for initial point 10
Negative llh: 66.68307060946796
Dropout rate: 0
Silencing rate: 6.998832235937767e-07
Runtime (s): 3.4021609579999996
