dataset s11c1
Optimization using leaf locations
Initial point 1. Random seed: 2546
Solving with ultrametric constraint
Optimal point found for initial point 1
Negative llh: 112.48762090526976
Dropout rate: 0
Silencing rate: 0
Initial point 2. Random seed: 979
Solving with ultrametric constraint
Optimal point found for initial point 2
Negative llh: 112.48762011255911
Dropout rate: 0
Silencing rate: 0
Initial point 3. Random seed: 4710
Solving with ultrametric constraint
Optimal point found for initial point 3
Negative llh: 112.48761992707864
Dropout rate: 0
Silencing rate: 0
Initial point 4. Random seed: 3818
Solving with ultrametric constraint
Optimal point found for initial point 4
Negative llh: 112.48761989062984
Dropout rate: 0
Silencing rate: 0
Initial point 5. Random seed: 5528
Solving with ultrametric constraint
Optimal point found for initial point 5
Negative llh: 112.48762073072399
Dropout rate: 0
Silencing rate: 0
Initial point 6. Random seed: 5722
Solving with ultrametric constraint
Optimal point found for initial point 6
Negative llh: 112.48772302981762
Dropout rate: 0
Silencing rate: 0
Initial point 7. Random seed: 1633
Solving with ultrametric constraint
Optimal point found for initial point 7
Negative llh: 112.48762383616486
Dropout rate: 0
Silencing rate: 0
Initial point 8. Random seed: 4548
Solving with ultrametric constraint
Optimal point found for initial point 8
Negative llh: 112.48762118672047
Dropout rate: 0
Silencing rate: 0
Initial point 9. Random seed: 6030
Solving with ultrametric constraint
Optimal point found for initial point 9
Negative llh: 112.48762593599028
Dropout rate: 0
Silencing rate: 0
Initial point 10. Random seed: 2875
Solving with ultrametric constraint
Optimal point found for initial point 10
Negative llh: 112.4876200017274
Dropout rate: 0
Silencing rate: 0
Initial point 11. Random seed: 843
Solving with ultrametric constraint
Optimal point found for initial point 11
Negative llh: 112.48763638809508
Dropout rate: 0
Silencing rate: 0
Initial point 12. Random seed: 7276
Solving with ultrametric constraint
Optimal point found for initial point 12
Negative llh: 112.48764042568243
Dropout rate: 0
Silencing rate: 0
Initial point 13. Random seed: 1009
Solving with ultrametric constraint
Optimal point found for initial point 13
Negative llh: 112.48762606356831
Dropout rate: 0
Silencing rate: 0
Initial point 14. Random seed: 7782
Solving with ultrametric constraint
Optimal point found for initial point 14
Negative llh: 112.48782245462247
Dropout rate: 0
Silencing rate: 0
Initial point 15. Random seed: 8010
Solving with ultrametric constraint
Optimal point found for initial point 15
Negative llh: 112.48762003819613
Dropout rate: 0
Silencing rate: 0
Initial point 16. Random seed: 8727
Solving with ultrametric constraint
Optimal point found for initial point 16
Negative llh: 112.48761992937028
Dropout rate: 0
Silencing rate: 0
Initial point 17. Random seed: 2287
Solving with ultrametric constraint
Optimal point found for initial point 17
Negative llh: 112.48765820519313
Dropout rate: 0
Silencing rate: 0
Initial point 18. Random seed: 1671
Solving with ultrametric constraint
Optimal point found for initial point 18
Negative llh: 112.48762057148247
Dropout rate: 0
Silencing rate: 0
Initial point 19. Random seed: 5415
Solving with ultrametric constraint
Optimal point found for initial point 19
Negative llh: 112.48761997431768
Dropout rate: 0
Silencing rate: 0
Initial point 20. Random seed: 4469
Solving with ultrametric constraint
Optimal point found for initial point 20
Negative llh: 112.48761990864338
Dropout rate: 0
Silencing rate: 0
Optimal nllh: 112.48761989062984
