Launching Problin version 0.5b
Problin was called as follow: /Users/uym2/my_gits/problin/run_problin.py -c s9c1/k10_exp2_character_matrix.csv -t s9c1/true_tree.nwk --delimiter comma -p s9c1/k10_exp2_priors.csv -o s9c1/k10_exp2_problin --nInitials 10 --ultrametric
Optimizing branch lengths, phi, and nu without topology search
Optimization by EM algorithm
Initial point 1. Random seed: 5180
Numerical optimization started with ultrametric constraint
Initial phi: 0.8503794363468384. Initial nu: 0.01885468342815076. Initial nllh: 5840.363783470033
EM finished after 17 iterations.
Optimal phi: 0. Optimal nu: 1.6059475905407933e-06. Optimal nllh: 61.08514900626124
Optimal point found for initial point 1
Initial point 2. Random seed: 6683
Numerical optimization started with ultrametric constraint
Initial phi: 0.7496389354387172. Initial nu: 0.20391915285621728. Initial nllh: 305.28256875838696
EM finished after 12 iterations.
Optimal phi: 0. Optimal nu: 1.6182323647165667e-06. Optimal nllh: 61.08514973159682
Optimal point found for initial point 2
Initial point 3. Random seed: 7924
Numerical optimization started with ultrametric constraint
Initial phi: 0.21657655159089823. Initial nu: 0.42000234853077884. Initial nllh: 120.35185266757064
EM finished after 13 iterations.
Optimal phi: 0. Optimal nu: 1.622479824370694e-06. Optimal nllh: 61.085149963892945
Optimal point found for initial point 3
Initial point 4. Random seed: 696
Numerical optimization started with ultrametric constraint
Initial phi: 0.7605654637134838. Initial nu: 0.8197945772628205. Initial nllh: 338.52058776824117
EM finished after 13 iterations.
Optimal phi: 0. Optimal nu: 1.61757586190712e-06. Optimal nllh: 61.085150167156975
Optimal point found for initial point 4
Initial point 5. Random seed: 3673
Numerical optimization started with ultrametric constraint
Initial phi: 0.4999394570731974. Initial nu: 0.8155906984267212. Initial nllh: 213.14863669318643
EM finished after 14 iterations.
Optimal phi: 0. Optimal nu: 1.6189819154573927e-06. Optimal nllh: 61.085149799129205
Optimal point found for initial point 5
Initial point 6. Random seed: 4583
Numerical optimization started with ultrametric constraint
Initial phi: 0.21307002827449883. Initial nu: 0.33407585274242324. Initial nllh: 116.01365020784965
EM finished after 13 iterations.
Optimal phi: 0. Optimal nu: 1.6201631421826166e-06. Optimal nllh: 61.085149781586125
Optimal point found for initial point 6
Initial point 7. Random seed: 6127
Numerical optimization started with ultrametric constraint
Initial phi: 0.8186830547544884. Initial nu: 0.5808029995888484. Initial nllh: 375.8320533837976
EM finished after 14 iterations.
Optimal phi: 0. Optimal nu: 1.6216551579013046e-06. Optimal nllh: 61.085149803028784
Optimal point found for initial point 7
Initial point 8. Random seed: 2083
Numerical optimization started with ultrametric constraint
Initial phi: 0.5200479306762462. Initial nu: 0.4319230549191297. Initial nllh: 204.14625063165252
EM finished after 13 iterations.
Optimal phi: 0. Optimal nu: 1.6192493908160096e-06. Optimal nllh: 61.085149851143264
Optimal point found for initial point 8
Initial point 9. Random seed: 5064
Numerical optimization started with ultrametric constraint
Initial phi: 0.45890039595586846. Initial nu: 0.6993749880149963. Initial nllh: 194.89995287063653
EM finished after 14 iterations.
Optimal phi: 0. Optimal nu: 1.6190414632260727e-06. Optimal nllh: 61.085149753990436
Optimal point found for initial point 9
Initial point 10. Random seed: 8625
Numerical optimization started with ultrametric constraint
Initial phi: 0.6449848703183061. Initial nu: 0.03385860609952104. Initial nllh: 238.8255702947347
EM finished after 8 iterations.
Optimal phi: 0. Optimal nu: 1.6190166120244869e-06. Optimal nllh: 61.085149867522794
Optimal point found for initial point 10
Numerical optimization finished successfully
Runtime (s): 8.178490916
