Launching Problin version 0.5b
Problin was called as follow: /Users/uym2/my_gits/problin/run_problin.py -c s9c1/k10_exp_character_matrix.csv -t s9c1/true_tree.nwk --delimiter comma -p s9c1/k10_exp_priors.csv -o s9c1/k10_exp_problin --nInitials 10 --ultrametric
Optimizing branch lengths, phi, and nu without topology search
Optimization by EM algorithm
Initial point 1. Random seed: 5665
Numerical optimization started with ultrametric constraint
Initial phi: 0.1673665665816022. Initial nu: 0.2645003948656012. Initial nllh: 8206.55828119322
EM finished after 24 iterations.
Optimal phi: 0. Optimal nu: 6.568154105325865e-07. Optimal nllh: 100.29253856185125
Optimal point found for initial point 1
Initial point 2. Random seed: 5713
Numerical optimization started with ultrametric constraint
Initial phi: 0.1780736019219776. Initial nu: 0.2695749979499071. Initial nllh: 160.39901213844917
EM finished after 17 iterations.
Optimal phi: 0. Optimal nu: 6.484101237930486e-07. Optimal nllh: 100.29253684303234
Optimal point found for initial point 2
Initial point 3. Random seed: 336
Numerical optimization started with ultrametric constraint
Initial phi: 0.4248520297864437. Initial nu: 0.4636616383819745. Initial nllh: 240.34139698233534
EM finished after 18 iterations.
Optimal phi: 0. Optimal nu: 6.612059661579073e-07. Optimal nllh: 100.29253918449676
Optimal point found for initial point 3
Initial point 4. Random seed: 9630
Numerical optimization started with ultrametric constraint
Initial phi: 0.17937340622235826. Initial nu: 0.10698900778915028. Initial nllh: 144.54396405027512
EM finished after 14 iterations.
Optimal phi: 0. Optimal nu: 6.619645229318647e-07. Optimal nllh: 100.2925377273091
Optimal point found for initial point 4
Initial point 5. Random seed: 3815
Numerical optimization started with ultrametric constraint
Initial phi: 0.48015323164759893. Initial nu: 0.1297920576404201. Initial nllh: 224.41629825584144
EM finished after 14 iterations.
Optimal phi: 0. Optimal nu: 6.52378408371802e-07. Optimal nllh: 100.2925373189418
Optimal point found for initial point 5
Initial point 6. Random seed: 2988
Numerical optimization started with ultrametric constraint
Initial phi: 0.762896333674208. Initial nu: 0.16834658125184696. Initial nllh: 361.69605722693507
EM finished after 14 iterations.
Optimal phi: 0. Optimal nu: 6.611091996816081e-07. Optimal nllh: 100.29253941957116
Optimal point found for initial point 6
Initial point 7. Random seed: 6184
Numerical optimization started with ultrametric constraint
Initial phi: 0.19357211598853416. Initial nu: 0.6363906318027375. Initial nllh: 200.01321027665065
EM finished after 21 iterations.
Optimal phi: 0. Optimal nu: 6.611999961990289e-07. Optimal nllh: 100.2925373567726
Optimal point found for initial point 7
Initial point 8. Random seed: 5866
Numerical optimization started with ultrametric constraint
Initial phi: 0.43253941443787514. Initial nu: 0.67712860210608. Initial nllh: 263.7994881620634
EM finished after 21 iterations.
Optimal phi: 0. Optimal nu: 6.501206281757112e-07. Optimal nllh: 100.29253636607424
Optimal point found for initial point 8
Initial point 9. Random seed: 144
Numerical optimization started with ultrametric constraint
Initial phi: 0.2683326703355874. Initial nu: 0.05449997499104506. Initial nllh: 158.8447047858441
EM finished after 11 iterations.
Optimal phi: 0. Optimal nu: 6.578396868388095e-07. Optimal nllh: 100.29253747629613
Optimal point found for initial point 9
Initial point 10. Random seed: 4686
Numerical optimization started with ultrametric constraint
Initial phi: 0.002320519300689201. Initial nu: 0.49356418479893915. Initial nllh: 149.67007761860623
EM finished after 20 iterations.
Optimal phi: 0. Optimal nu: 6.629946141914208e-07. Optimal nllh: 100.29253762587476
Optimal point found for initial point 10
Numerical optimization finished successfully
Runtime (s): 10.574794541
