Launching Problin version 0.5b
Problin was called as follow: /Users/uym2/my_gits/problin/run_problin.py -c s9c1/k200_exp2_character_matrix.csv -t s9c1/true_tree.nwk --delimiter comma -p s9c1/k200_exp2_priors.csv -o s9c1/k200_exp2_problin --nInitials 10 --ultrametric
Optimizing branch lengths, phi, and nu without topology search
Optimization by EM algorithm
Initial point 1. Random seed: 6849
Numerical optimization started with ultrametric constraint
Initial phi: 0.01872302523979693. Initial nu: 0.164747244477318. Initial nllh: 146226.88610951256
EM finished after 13 iterations.
Optimal phi: 0. Optimal nu: 4.671397180330892e-08. Optimal nllh: 1394.7365918395967
Optimal point found for initial point 1
Initial point 2. Random seed: 7514
Numerical optimization started with ultrametric constraint
Initial phi: 0.2970092969021837. Initial nu: 0.3234320821981131. Initial nllh: 2887.2961760017934
EM finished after 11 iterations.
Optimal phi: 0. Optimal nu: 5.5693071681400466e-08. Optimal nllh: 1394.736600743191
Optimal point found for initial point 2
Initial point 3. Random seed: 9822
Numerical optimization started with ultrametric constraint
Initial phi: 0.5497492897461369. Initial nu: 0.438067218539013. Initial nllh: 4506.459180958459
EM finished after 13 iterations.
Optimal phi: 0. Optimal nu: 4.491375369308785e-08. Optimal nllh: 1394.7365862162985
Optimal point found for initial point 3
Initial point 4. Random seed: 5133
Numerical optimization started with ultrametric constraint
Initial phi: 0.2641815327021117. Initial nu: 0.18666846122017225. Initial nllh: 2607.651961961753
EM finished after 10 iterations.
Optimal phi: 0. Optimal nu: 4.3729859347312704e-08. Optimal nllh: 1394.7365904292308
Optimal point found for initial point 4
Initial point 5. Random seed: 1991
Numerical optimization started with ultrametric constraint
Initial phi: 0.21571410922999174. Initial nu: 0.38895348256366036. Initial nllh: 2574.865178330802
EM finished after 12 iterations.
Optimal phi: 0. Optimal nu: 4.475173045734018e-08. Optimal nllh: 1394.7365879839908
Optimal point found for initial point 5
Initial point 6. Random seed: 731
Numerical optimization started with ultrametric constraint
Initial phi: 0.5073880165782734. Initial nu: 0.21551549732203346. Initial nllh: 3998.194838613589
EM finished after 11 iterations.
Optimal phi: 0. Optimal nu: 5.7700805530518085e-08. Optimal nllh: 1394.7365998381354
Optimal point found for initial point 6
Initial point 7. Random seed: 5972
Numerical optimization started with ultrametric constraint
Initial phi: 0.887622149684153. Initial nu: 0.60219163633044. Initial nllh: 9374.822440839886
EM finished after 13 iterations.
Optimal phi: 0. Optimal nu: 4.322138940624949e-08. Optimal nllh: 1394.7365853347137
Optimal point found for initial point 7
Initial point 8. Random seed: 1943
Numerical optimization started with ultrametric constraint
Initial phi: 0.2374925778782465. Initial nu: 0.7837121238980255. Initial nllh: 3029.895480794475
EM finished after 12 iterations.
Optimal phi: 0. Optimal nu: 6.173279796026711e-08. Optimal nllh: 1394.736607055781
Optimal point found for initial point 8
Initial point 9. Random seed: 6086
Numerical optimization started with ultrametric constraint
Initial phi: 0.9899156368444281. Initial nu: 0.3726905946714681. Initial nllh: 17362.9420040678
EM finished after 11 iterations.
Optimal phi: 0. Optimal nu: 5.570236918174405e-08. Optimal nllh: 1394.7366017473025
Optimal point found for initial point 9
Initial point 10. Random seed: 626
Numerical optimization started with ultrametric constraint
Initial phi: 0.45368860040025455. Initial nu: 0.813418413333351. Initial nllh: 4190.562996434874
EM finished after 12 iterations.
Optimal phi: 0. Optimal nu: 4.4152482533443277e-08. Optimal nllh: 1394.736591430491
Optimal point found for initial point 10
Numerical optimization finished successfully
Runtime (s): 18.056427541
