Launching Problin version 0.5p
Problin was called as follow: /Users/uym2/my_gits/problin/run_problin.py -c s8c6/k10_r1_character_matrix.csv -t s8c6/true_tree.nwk -S s8c6/true_locations.txt --delimiter comma -p s8c6/k10_priors.csv -o s8c6/k10_r1_spalin_all.txt --nInitials 10
Optimization by Spalin: Scipy-SLSQP using spatial information
Optimizing branch lengths, phi, and nu without topology search
Initial point 1. Random seed: 7660
Solving ML without ultrametric constraint
Optimal point found for initial point 1
Negative llh: 466.52047562780774
Dropout rate: 9.891855818755091e-10
Silencing rate: 1.9981189197915247e-09
Initial point 2. Random seed: 1673
Solving ML without ultrametric constraint
Optimal point found for initial point 2
Negative llh: 466.52047665401784
Dropout rate: 1.3842802566123352e-09
Silencing rate: 3.194578122061907e-09
Initial point 3. Random seed: 3682
Solving ML without ultrametric constraint
Optimal point found for initial point 3
Negative llh: 466.52047523059775
Dropout rate: 1.0738021923193234e-10
Silencing rate: 1.2288262571016488e-10
Initial point 4. Random seed: 156
Solving ML without ultrametric constraint
Optimal point found for initial point 4
Negative llh: 466.5204751144619
Dropout rate: 1e-10
Silencing rate: 1e-10
Initial point 5. Random seed: 4466
Solving ML without ultrametric constraint
Optimal point found for initial point 5
Negative llh: 466.5204750192293
Dropout rate: 1.1091845634139954e-10
Silencing rate: 3.0365434122658346e-10
Initial point 6. Random seed: 2497
Solving ML without ultrametric constraint
Optimal point found for initial point 6
Negative llh: 466.520475061473
Dropout rate: 9.999999999999996e-11
Silencing rate: 1.0000000000000007e-10
Initial point 7. Random seed: 5171
Solving ML without ultrametric constraint
Optimal point found for initial point 7
Negative llh: 466.52047496179193
Dropout rate: 9.999999999999996e-11
Silencing rate: 1.0000000000000007e-10
Initial point 8. Random seed: 5601
Solving ML without ultrametric constraint
Optimal point found for initial point 8
Negative llh: 466.52047530157597
Dropout rate: 2.606292367403132e-10
Silencing rate: 1.503584816597416e-09
Initial point 9. Random seed: 9976
Solving ML without ultrametric constraint
Optimal point found for initial point 9
Negative llh: 466.52047515481945
Dropout rate: 1e-10
Silencing rate: 1e-10
Initial point 10. Random seed: 1681
Solving ML without ultrametric constraint
Optimal point found for initial point 10
Negative llh: 466.5204750178198
Dropout rate: 1e-10
Silencing rate: 1e-10
Runtime (s): 76.958352709
