/Users/uym2/opt/anaconda3/lib/python3.9/site-packages/cvxpy/atoms/elementwise/log.py:35: RuntimeWarning: divide by zero encountered in log
  return np.log(values[0])
Launching Problin version 0.5b
Problin was called as follow: /Users/uym2/my_gits/problin/run_problin.py -c s6c3/k200_lin_character_matrix.csv -t s6c3/true_tree.nwk --delimiter comma -p s6c3/k200_lin_priors.csv -o s6c3/k200_lin_problin --nInitials 10 --ultrametric
Optimizing branch lengths, phi, and nu without topology search
Optimization by EM algorithm
Initial point 1. Random seed: 9071
Numerical optimization started with ultrametric constraint
Initial phi: 0.1564336893368557. Initial nu: 0.30191016026258277. Initial nllh: 201252.35305639857
EM finished after 13 iterations.
Optimal phi: 0. Optimal nu: 3.528699598944284e-08. Optimal nllh: 1946.4367894755655
Optimal point found for initial point 1
Initial point 2. Random seed: 5888
Numerical optimization started with ultrametric constraint
Initial phi: 0.2176043760817362. Initial nu: 0.3962827775357454. Initial nllh: 3661.6388810754343
EM finished after 9 iterations.
Optimal phi: 0. Optimal nu: 3.5497277908711996e-08. Optimal nllh: 1946.4367954031666
Optimal point found for initial point 2
Initial point 3. Random seed: 7574
Numerical optimization started with ultrametric constraint
Initial phi: 0.5532609762552033. Initial nu: 0.7749498337883931. Initial nllh: 6734.538112448385
EM finished after 10 iterations.
Optimal phi: 0. Optimal nu: 4.1476368923462886e-08. Optimal nllh: 1946.4368038159753
Optimal point found for initial point 3
Initial point 4. Random seed: 8038
Numerical optimization started with ultrametric constraint
Initial phi: 0.7221030630795576. Initial nu: 0.2626562934681538. Initial nllh: 8001.845352199235
EM finished after 9 iterations.
Optimal phi: 0. Optimal nu: 4.4160456245443896e-08. Optimal nllh: 1946.4368065687815
Optimal point found for initial point 4
Initial point 5. Random seed: 1699
Numerical optimization started with ultrametric constraint
Initial phi: 0.5270170340031461. Initial nu: 0.3773805411526592. Initial nllh: 5845.8502517835095
EM finished after 9 iterations.
Optimal phi: 0. Optimal nu: 4.375733672227882e-08. Optimal nllh: 1946.4368082681829
Optimal point found for initial point 5
Initial point 6. Random seed: 9945
Numerical optimization started with ultrametric constraint
Initial phi: 0.9877227817138758. Initial nu: 0.7247098439282178. Initial nllh: 22468.585296349
EM finished after 11 iterations.
Optimal phi: 0. Optimal nu: 3.502135935811015e-08. Optimal nllh: 1946.4367901532778
Optimal point found for initial point 6
Initial point 7. Random seed: 1707
Numerical optimization started with ultrametric constraint
Initial phi: 0.26967716897231275. Initial nu: 0.016197642028482524. Initial nllh: 3355.199682490262
EM finished after 6 iterations.
Optimal phi: 0. Optimal nu: 3.5493676379092325e-08. Optimal nllh: 1946.4367902576619
Optimal point found for initial point 7
Initial point 8. Random seed: 5538
Numerical optimization started with ultrametric constraint
Initial phi: 0.3066638924660869. Initial nu: 0.5062211218804454. Initial nllh: 4369.64763983704
EM finished after 11 iterations.
Optimal phi: 0. Optimal nu: 3.630433026965069e-08. Optimal nllh: 1946.4367916551876
Optimal point found for initial point 8
Initial point 9. Random seed: 7421
Numerical optimization started with ultrametric constraint
Initial phi: 0.1468530775118159. Initial nu: 0.9779406036835452. Initial nllh: 4213.438534872901
EM finished after 10 iterations.
Optimal phi: 0. Optimal nu: 4.321512815350199e-08. Optimal nllh: 1946.4368080293257
Optimal point found for initial point 9
Initial point 10. Random seed: 7998
Numerical optimization started with ultrametric constraint
Initial phi: 0.1703247636521842. Initial nu: 0.41549300537073114. Initial nllh: 3434.2745277916633
EM finished after 10 iterations.
Optimal phi: 0. Optimal nu: 4.4089833182866296e-08. Optimal nllh: 1946.4368052418015
Optimal point found for initial point 10
Numerical optimization finished successfully
Runtime (s): 19.442138
