Launching Problin version 0.5b
Problin was called as follow: /Users/uym2/my_gits/problin/run_problin.py -c s6c3/k200_exp_character_matrix.csv -t s6c3/true_tree.nwk --delimiter comma -p s6c3/k200_exp_priors.csv -o s6c3/k200_exp_problin --nInitials 10 --ultrametric
Optimizing branch lengths, phi, and nu without topology search
Optimization by EM algorithm
Initial point 1. Random seed: 3407
Numerical optimization started with ultrametric constraint
Initial phi: 0.29682258887285734. Initial nu: 0.653849398811524. Initial nllh: 321445.43839786557
EM finished after 12 iterations.
Optimal phi: 0. Optimal nu: 4.0434729851331667e-08. Optimal nllh: 2002.3851039493227
Optimal point found for initial point 1
Initial point 2. Random seed: 1820
Numerical optimization started with ultrametric constraint
Initial phi: 0.19642998604452666. Initial nu: 0.2986393247865448. Initial nllh: 3415.832053336678
EM finished after 9 iterations.
Optimal phi: 0. Optimal nu: 1.8842537314554367e-08. Optimal nllh: 2002.3850738342187
Optimal point found for initial point 2
Initial point 3. Random seed: 1598
Numerical optimization started with ultrametric constraint
Initial phi: 0.18316098171394726. Initial nu: 0.293762847993468. Initial nllh: 3336.4103587481613
EM finished after 8 iterations.
Optimal phi: 0. Optimal nu: 4.678968800781842e-08. Optimal nllh: 2002.3851221424925
Optimal point found for initial point 3
Initial point 4. Random seed: 938
Numerical optimization started with ultrametric constraint
Initial phi: 0.3560921184740918. Initial nu: 0.6984195841430463. Initial nllh: 4993.669837602829
EM finished after 9 iterations.
Optimal phi: 0. Optimal nu: 5.051950288155732e-08. Optimal nllh: 2002.38512775705
Optimal point found for initial point 4
Initial point 5. Random seed: 129
Numerical optimization started with ultrametric constraint
Initial phi: 0.7377271234508925. Initial nu: 0.6272615247815614. Initial nllh: 8838.257132081768
EM finished after 9 iterations.
Optimal phi: 0. Optimal nu: 1.9155919701141948e-08. Optimal nllh: 2002.3850789636174
Optimal point found for initial point 5
Initial point 6. Random seed: 3511
Numerical optimization started with ultrametric constraint
Initial phi: 0.05294396550343002. Initial nu: 0.8708214327666818. Initial nllh: 3556.2724724253085
EM finished after 12 iterations.
Optimal phi: 0. Optimal nu: 1.8478217376311236e-08. Optimal nllh: 2002.3850710270244
Optimal point found for initial point 6
Initial point 7. Random seed: 7883
Numerical optimization started with ultrametric constraint
Initial phi: 0.9787660363809804. Initial nu: 0.3512721997531135. Initial nllh: 19482.483646685487
EM finished after 9 iterations.
Optimal phi: 0. Optimal nu: 1.8668890527316303e-08. Optimal nllh: 2002.3850740280022
Optimal point found for initial point 7
Initial point 8. Random seed: 9090
Numerical optimization started with ultrametric constraint
Initial phi: 0.6893115287325956. Initial nu: 0.6789072370688759. Initial nllh: 8170.803628196059
EM finished after 10 iterations.
Optimal phi: 0. Optimal nu: 3.881850124240522e-08. Optimal nllh: 2002.3851033203157
Optimal point found for initial point 8
Initial point 9. Random seed: 9032
Numerical optimization started with ultrametric constraint
Initial phi: 0.8340139962450501. Initial nu: 0.8719640089710716. Initial nllh: 11220.406740991324
EM finished after 11 iterations.
Optimal phi: 0. Optimal nu: 5.01446812393555e-08. Optimal nllh: 2002.3851194860845
Optimal point found for initial point 9
Initial point 10. Random seed: 3979
Numerical optimization started with ultrametric constraint
Initial phi: 0.536457726996825. Initial nu: 0.41168031687370177. Initial nllh: 6007.129743215224
EM finished after 9 iterations.
Optimal phi: 0. Optimal nu: 1.8542066098209324e-08. Optimal nllh: 2002.38507431891
Optimal point found for initial point 10
Numerical optimization finished successfully
Runtime (s): 19.169940666
