dataset s2c10
Optimization using leaf locations
Initial point 1. Random seed: 3963
Solving with ultrametric constraint
Optimal point found for initial point 1
Negative llh: 192.45222202478607
Dropout rate: 0
Silencing rate: 0
Initial point 2. Random seed: 1394
Solving with ultrametric constraint
Optimal point found for initial point 2
Negative llh: 186.57687398635625
Dropout rate: 0
Silencing rate: 0
Initial point 3. Random seed: 6677
Solving with ultrametric constraint
Optimal point found for initial point 3
Negative llh: 184.41921180770976
Dropout rate: 0
Silencing rate: 0
Initial point 4. Random seed: 4029
Solving with ultrametric constraint
Optimal point found for initial point 4
Negative llh: 3594.723086294757
Dropout rate: 0
Silencing rate: 0
Initial point 5. Random seed: 5773
Solving with ultrametric constraint
Optimal point found for initial point 5
Negative llh: 187.56881313145925
Dropout rate: 0
Silencing rate: 0
Initial point 6. Random seed: 2956
Solving with ultrametric constraint
Optimal point found for initial point 6
Negative llh: 184.4298946368683
Dropout rate: 0
Silencing rate: 0
Initial point 7. Random seed: 1501
Solving with ultrametric constraint
Optimal point found for initial point 7
Negative llh: 185.40705379192062
Dropout rate: 0
Silencing rate: 0
Initial point 8. Random seed: 7403
Solving with ultrametric constraint
Optimal point found for initial point 8
Negative llh: 184.41921680305106
Dropout rate: 0
Silencing rate: 0
Initial point 9. Random seed: 4660
Solving with ultrametric constraint
Optimal point found for initial point 9
Negative llh: 184.29006356849405
Dropout rate: 0
Silencing rate: 0
Initial point 10. Random seed: 5248
Solving with ultrametric constraint
Optimal point found for initial point 10
Negative llh: 184.29004491251897
Dropout rate: 0
Silencing rate: 0
Initial point 11. Random seed: 1583
Solving with ultrametric constraint
Optimal point found for initial point 11
Negative llh: 184.2900452976067
Dropout rate: 0
Silencing rate: 0
Initial point 12. Random seed: 2597
Solving with ultrametric constraint
Optimal point found for initial point 12
Negative llh: 185.40704633950125
Dropout rate: 0
Silencing rate: 0
Initial point 13. Random seed: 1710
Solving with ultrametric constraint
Optimal point found for initial point 13
Negative llh: 185.40704615269362
Dropout rate: 0
Silencing rate: 0
Initial point 14. Random seed: 8685
Solving with ultrametric constraint
Optimal point found for initial point 14
Negative llh: 184.4192037270864
Dropout rate: 0
Silencing rate: 0
Initial point 15. Random seed: 4726
Solving with ultrametric constraint
Optimal point found for initial point 15
Negative llh: 184.4581857944026
Dropout rate: 0
Silencing rate: 0
Initial point 16. Random seed: 3481
Solving with ultrametric constraint
Optimal point found for initial point 16
Negative llh: 185.40705038696677
Dropout rate: 0
Silencing rate: 0
Initial point 17. Random seed: 8154
Solving with ultrametric constraint
Optimal point found for initial point 17
Negative llh: 188.89605567128442
Dropout rate: 0
Silencing rate: 0
Initial point 18. Random seed: 2869
Solving with ultrametric constraint
Optimal point found for initial point 18
Negative llh: 3669.9026369338376
Dropout rate: 0
Silencing rate: 0
Initial point 19. Random seed: 8896
Solving with ultrametric constraint
Optimal point found for initial point 19
Negative llh: 184.41921379513315
Dropout rate: 0
Silencing rate: 0
Initial point 20. Random seed: 2728
Solving with ultrametric constraint
Optimal point found for initial point 20
Negative llh: 185.4070461159735
Dropout rate: 0
Silencing rate: 0
Optimal nllh: 184.29004491251897
