Launching Problin version 0.5p
Problin was called as follow: /Users/uym2/my_gits/problin/run_problin.py -c s14c2/k10_r1_character_matrix.csv -t s14c2/true_tree.nwk --delimiter comma -p s14c2/k10_priors.csv -o s14c2/k10_r1_problin.txt --nInitials 10
Optimization by EM algorithm
Optimizing branch lengths, phi, and nu without topology search
Initial point 1. Random seed: 9074
Solving ML without ultrametric constraint
Initial phi: 0.6431848270873382. Initial nu: 0.40470632076161356. Initial nllh: 6616.073024142136
EM finished after 13 iterations.
Optimal point found for initial point 1
Negative llh: 43.78183988275529
Dropout rate: 0
Silencing rate: 1.048474814547298e-06
Initial point 2. Random seed: 6106
Solving ML without ultrametric constraint
Initial phi: 0.10683905363115312. Initial nu: 0.5912206047674416. Initial nllh: 91.57483984403403
EM finished after 12 iterations.
Optimal point found for initial point 2
Negative llh: 43.78184018850661
Dropout rate: 0
Silencing rate: 1.0549022507010836e-06
Initial point 3. Random seed: 1484
Solving ML without ultrametric constraint
Initial phi: 0.7928766418931045. Initial nu: 0.2428990526395334. Initial nllh: 292.6202877818023
EM finished after 11 iterations.
Optimal point found for initial point 3
Negative llh: 43.781839773836346
Dropout rate: 0
Silencing rate: 1.047571651954948e-06
Initial point 4. Random seed: 8436
Solving ML without ultrametric constraint
Initial phi: 0.43805558195554306. Initial nu: 0.31654507317236075. Initial nllh: 146.7492838440911
EM finished after 11 iterations.
Optimal point found for initial point 4
Negative llh: 43.781840579097796
Dropout rate: 0
Silencing rate: 1.0614710870161707e-06
Initial point 5. Random seed: 9428
Solving ML without ultrametric constraint
Initial phi: 0.06510583450690108. Initial nu: 0.6486608760769235. Initial nllh: 87.7215530939171
EM finished after 13 iterations.
Optimal point found for initial point 5
Negative llh: 43.78183988482994
Dropout rate: 0
Silencing rate: 1.051864657105304e-06
Initial point 6. Random seed: 2597
Solving ML without ultrametric constraint
Initial phi: 0.09222717914105776. Initial nu: 0.9088655733858864. Initial nllh: 105.71313933434176
EM finished after 13 iterations.
Optimal point found for initial point 6
Negative llh: 43.78184054824793
Dropout rate: 0
Silencing rate: 1.0636558159415553e-06
Initial point 7. Random seed: 3403
Solving ML without ultrametric constraint
Initial phi: 0.4447859744489227. Initial nu: 0.14101654755877818. Initial nllh: 139.39910381778301
EM finished after 11 iterations.
Optimal point found for initial point 7
Negative llh: 43.7818396560825
Dropout rate: 0
Silencing rate: 1.0475510395036474e-06
Initial point 8. Random seed: 5542
Solving ML without ultrametric constraint
Initial phi: 0.4422764113691721. Initial nu: 0.8628806912179152. Initial nllh: 176.38368132227703
EM finished after 15 iterations.
Optimal point found for initial point 8
Negative llh: 43.78184077873607
Dropout rate: 0
Silencing rate: 1.0705029202378957e-06
Initial point 9. Random seed: 6647
Solving ML without ultrametric constraint
Initial phi: 0.46905392674235213. Initial nu: 0.36067005360653825. Initial nllh: 157.56297107130266
EM finished after 12 iterations.
Optimal point found for initial point 9
Negative llh: 43.781840015504315
Dropout rate: 0
Silencing rate: 1.0536357040594506e-06
Initial point 10. Random seed: 3562
Solving ML without ultrametric constraint
Initial phi: 0.7668104301018875. Initial nu: 0.23438825212056982. Initial nllh: 274.395763273279
EM finished after 12 iterations.
Optimal point found for initial point 10
Negative llh: 43.781839572923026
Dropout rate: 0
Silencing rate: 1.0465118607695803e-06
Runtime (s): 5.249015666
