Launching Problin version 0.5p
Problin was called as follow: /Users/uym2/my_gits/problin/run_problin.py -c s14c2/k10_r1_character_matrix.csv -t s14c2/true_tree.nwk -S s14c2/leaf_locations.txt --delimiter comma -p s14c2/k10_priors.csv -o s14c2/k10_r1_spalin_leaves.txt --nInitials 10
Optimization by Spalin: Scipy-SLSQP using spatial information
Optimizing branch lengths, phi, and nu without topology search
Initial point 1. Random seed: 7424
Solving ML without ultrametric constraint
Optimal point found for initial point 1
Negative llh: 169.46547178977545
Dropout rate: 6.084806328429812e-10
Silencing rate: 5.683171858322953e-10
Initial point 2. Random seed: 1072
Solving ML without ultrametric constraint
Optimal point found for initial point 2
Negative llh: 170.62768940811196
Dropout rate: 7.064708083036592e-09
Silencing rate: 2.95717555657059e-09
Initial point 3. Random seed: 912
Solving ML without ultrametric constraint
Optimal point found for initial point 3
Negative llh: 169.30102246540315
Dropout rate: 2.8013038068917465e-09
Silencing rate: 2.9282900373042434e-09
Initial point 4. Random seed: 1085
Solving ML without ultrametric constraint
Optimal point found for initial point 4
Negative llh: 167.91333469743282
Dropout rate: 1.717934556495588e-09
Silencing rate: 8.189856077546129e-10
Initial point 5. Random seed: 7219
Solving ML without ultrametric constraint
Optimal point found for initial point 5
Negative llh: 169.30104400582564
Dropout rate: 1e-10
Silencing rate: 1e-10
Initial point 6. Random seed: 6115
Solving ML without ultrametric constraint
Optimal point found for initial point 6
Negative llh: 169.30100898286062
Dropout rate: 1.0000000000000007e-10
Silencing rate: 9.999999999999996e-11
Initial point 7. Random seed: 2436
Solving ML without ultrametric constraint
Optimal point found for initial point 7
Negative llh: 169.30125428020335
Dropout rate: 1e-10
Silencing rate: 1e-10
Initial point 8. Random seed: 1476
Solving ML without ultrametric constraint
Optimal point found for initial point 8
Negative llh: 167.40067436336633
Dropout rate: 1e-10
Silencing rate: 1e-10
Initial point 9. Random seed: 7951
Solving ML without ultrametric constraint
Optimal point found for initial point 9
Negative llh: 169.67810194569572
Dropout rate: 1.4390162959170775e-10
Silencing rate: 1.1855613618899445e-10
Initial point 10. Random seed: 3806
Solving ML without ultrametric constraint
Optimal point found for initial point 10
Negative llh: 168.95288182522788
Dropout rate: 2.461064610732505e-10
Silencing rate: 1.615256860445619e-10
Runtime (s): 98.30398529200001
