Launching Problin version 0.5p
Problin was called as follow: /Users/uym2/my_gits/problin/run_problin.py -c s14c2/k10_r2_character_matrix.csv -t s14c2/true_tree.nwk -S s14c2/true_locations.txt --delimiter comma -p s14c2/k10_priors.csv -o s14c2/k10_r2_spalin_all.txt --nInitials 10
Optimization by Spalin: Scipy-SLSQP using spatial information
Optimizing branch lengths, phi, and nu without topology search
Initial point 1. Random seed: 9534
Solving ML without ultrametric constraint
Optimal point found for initial point 1
Negative llh: 217.0759830341874
Dropout rate: 1.0000000000000007e-10
Silencing rate: 9.999999999999996e-11
Initial point 2. Random seed: 7030
Solving ML without ultrametric constraint
Optimal point found for initial point 2
Negative llh: 217.07598313278305
Dropout rate: 3.733170394084436e-10
Silencing rate: 1e-10
Initial point 3. Random seed: 8075
Solving ML without ultrametric constraint
Optimal point found for initial point 3
Negative llh: 217.0759831090695
Dropout rate: 1e-10
Silencing rate: 1e-10
Initial point 4. Random seed: 6429
Solving ML without ultrametric constraint
Optimal point found for initial point 4
Negative llh: 217.0759829868182
Dropout rate: 9.999999999999996e-11
Silencing rate: 1.0000000000000007e-10
Initial point 5. Random seed: 6947
Solving ML without ultrametric constraint
Optimal point found for initial point 5
Negative llh: 217.0759834590379
Dropout rate: 1.6959174285797998e-10
Silencing rate: 5.765245571275688e-10
Initial point 6. Random seed: 3128
Solving ML without ultrametric constraint
Optimal point found for initial point 6
Negative llh: 217.0759830367747
Dropout rate: 1.9767235966026154e-10
Silencing rate: 5.140983226188584e-10
Initial point 7. Random seed: 8804
Solving ML without ultrametric constraint
Optimal point found for initial point 7
Negative llh: 217.0759837607349
Dropout rate: 2.6907602257823756e-10
Silencing rate: 1.4603735040279248e-09
Initial point 8. Random seed: 3923
Solving ML without ultrametric constraint
Optimal point found for initial point 8
Negative llh: 217.07598314034334
Dropout rate: 1e-10
Silencing rate: 1e-10
Initial point 9. Random seed: 5921
Solving ML without ultrametric constraint
Optimal point found for initial point 9
Negative llh: 217.07598308021426
Dropout rate: 2.128465618355663e-10
Silencing rate: 3.491518361678345e-10
Initial point 10. Random seed: 8112
Solving ML without ultrametric constraint
Optimal point found for initial point 10
Negative llh: 217.07598323055234
Dropout rate: 1e-10
Silencing rate: 1.0000000000000002e-10
Runtime (s): 14.225514791
