Launching Problin version 0.5p
Problin was called as follow: /Users/uym2/my_gits/problin/run_problin.py -c s14c2/k10_r2_character_matrix.csv -t s14c2/true_tree.nwk -S s14c2/leaf_locations.txt --delimiter comma -p s14c2/k10_priors.csv -o s14c2/k10_r2_spalin_leaves.txt --nInitials 10
Optimization by Spalin: Scipy-SLSQP using spatial information
Optimizing branch lengths, phi, and nu without topology search
Initial point 1. Random seed: 1535
Solving ML without ultrametric constraint
Optimal point found for initial point 1
Negative llh: 170.18027603204453
Dropout rate: 1.2247654763969971e-09
Silencing rate: 5.735021488815178e-10
Initial point 2. Random seed: 5355
Solving ML without ultrametric constraint
Optimal point found for initial point 2
Negative llh: 169.11454793462514
Dropout rate: 1e-10
Silencing rate: 1e-10
Initial point 3. Random seed: 1240
Solving ML without ultrametric constraint
Optimal point found for initial point 3
Negative llh: 169.11481779754925
Dropout rate: 9.999999999999934e-11
Silencing rate: 9.999999999999996e-11
Initial point 4. Random seed: 7301
Solving ML without ultrametric constraint
Optimal point found for initial point 4
Negative llh: 170.78071712293288
Dropout rate: 9.034508375305833e-10
Silencing rate: 5.19882821905439e-10
Initial point 5. Random seed: 8680
Solving ML without ultrametric constraint
Optimal point found for initial point 5
Negative llh: 169.1145750907595
Dropout rate: 8.249209075407072e-10
Silencing rate: 4.5858015306380495e-10
Initial point 6. Random seed: 2301
Solving ML without ultrametric constraint
Optimal point found for initial point 6
Negative llh: 172.0238210925526
Dropout rate: 1.0514244778525314e-09
Silencing rate: 5.979957176888042e-10
Initial point 7. Random seed: 8498
Solving ML without ultrametric constraint
Optimal point found for initial point 7
Negative llh: 170.18042695842314
Dropout rate: 1.775268754078716e-10
Silencing rate: 1.3943923860222323e-10
Initial point 8. Random seed: 4579
Solving ML without ultrametric constraint
Optimal point found for initial point 8
Negative llh: 169.1146617463229
Dropout rate: 8.278672904470095e-09
Silencing rate: 4.145456803324162e-09
Initial point 9. Random seed: 5183
Solving ML without ultrametric constraint
Optimal point found for initial point 9
Negative llh: 170.50633506837596
Dropout rate: 1.643916084613215e-09
Silencing rate: 8.896399760547101e-10
Initial point 10. Random seed: 5414
Solving ML without ultrametric constraint
Optimal point found for initial point 10
Negative llh: 169.1146826288087
Dropout rate: 9.999999999999924e-11
Silencing rate: 1.0000000000000007e-10
Runtime (s): 85.645653167
