Launching Problin version 0.5b
Problin was called as follow: /Users/uym2/my_gits/problin/run_problin.py -c s14c2/k10_r1_character_matrix.csv -t s14c2/true_tree.nwk --delimiter comma -p s14c2/k10_priors.csv -o s14c2/k10_r1_problin_ultrametric --nInitials 10 --ultrametric
Optimizing branch lengths, phi, and nu without topology search
Optimization by EM algorithm
Initial point 1. Random seed: 3540
Numerical optimization started with ultrametric constraint
Initial phi: 0.9444302085459912. Initial nu: 0.8179736676436611. Initial nllh: 10672.273303196316
EM finished after 17 iterations.
Optimal phi: 0. Optimal nu: 1.2057745060129247e-06. Optimal nllh: 47.661438082528
Optimal point found for initial point 1
Initial point 2. Random seed: 2209
Numerical optimization started with ultrametric constraint
Initial phi: 0.394396551186268. Initial nu: 0.019597967162997314. Initial nllh: 124.01630283536277
EM finished after 7 iterations.
Optimal phi: 0. Optimal nu: 1.2049457289518702e-06. Optimal nllh: 47.661438094338486
Optimal point found for initial point 2
Initial point 3. Random seed: 7083
Numerical optimization started with ultrametric constraint
Initial phi: 0.4325469407980056. Initial nu: 0.2794499852090644. Initial nllh: 146.42281068150777
EM finished after 12 iterations.
Optimal phi: 0. Optimal nu: 1.2069198322764281e-06. Optimal nllh: 47.661438225129324
Optimal point found for initial point 3
Initial point 4. Random seed: 3418
Numerical optimization started with ultrametric constraint
Initial phi: 0.08583594756403684. Initial nu: 0.09188343002964983. Initial nllh: 65.76658143758686
EM finished after 10 iterations.
Optimal phi: 0. Optimal nu: 1.2061410013583478e-06. Optimal nllh: 47.66143791727556
Optimal point found for initial point 4
Initial point 5. Random seed: 245
Numerical optimization started with ultrametric constraint
Initial phi: 0.05044887547590026. Initial nu: 0.6352640139621591. Initial nllh: 86.51488892683763
EM finished after 14 iterations.
Optimal phi: 0. Optimal nu: 1.2033072123364532e-06. Optimal nllh: 47.66143784075698
Optimal point found for initial point 5
Initial point 6. Random seed: 4293
Numerical optimization started with ultrametric constraint
Initial phi: 0.9447074434166246. Initial nu: 0.552717714409356. Initial nllh: 509.00034637723525
EM finished after 14 iterations.
Optimal phi: 0. Optimal nu: 1.2068727023244743e-06. Optimal nllh: 47.66143815430718
Optimal point found for initial point 6
Initial point 7. Random seed: 166
Numerical optimization started with ultrametric constraint
Initial phi: 0.2653730906215682. Initial nu: 0.9576037444996797. Initial nllh: 140.69668639759897
EM finished after 14 iterations.
Optimal phi: 0. Optimal nu: 1.2043030945216824e-06. Optimal nllh: 47.66143780511206
Optimal point found for initial point 7
Initial point 8. Random seed: 6239
Numerical optimization started with ultrametric constraint
Initial phi: 0.3651505660653136. Initial nu: 0.713499930444786. Initial nllh: 150.7128422112214
EM finished after 13 iterations.
Optimal phi: 0. Optimal nu: 1.2057446742133727e-06. Optimal nllh: 47.66143819566197
Optimal point found for initial point 8
Initial point 9. Random seed: 2126
Numerical optimization started with ultrametric constraint
Initial phi: 0.7927374911218734. Initial nu: 0.37290537808039326. Initial nllh: 302.04689903528134
EM finished after 12 iterations.
Optimal phi: 0. Optimal nu: 1.2035852515116826e-06. Optimal nllh: 47.66143807789676
Optimal point found for initial point 9
Initial point 10. Random seed: 9415
Numerical optimization started with ultrametric constraint
Initial phi: 0.8229633514449406. Initial nu: 0.7094438673134753. Initial nllh: 342.0698849951441
EM finished after 13 iterations.
Optimal phi: 0. Optimal nu: 1.2054409305633273e-06. Optimal nllh: 47.66143817913388
Optimal point found for initial point 10
Numerical optimization finished successfully
Runtime (s): 7.530323958
