Launching Problin version 0.5p
Problin was called as follow: /Users/uym2/my_gits/problin/run_problin.py -c s10c2/k10_r2_character_matrix.csv -t s10c2/true_tree.nwk -S s10c2/true_locations.txt --delimiter comma -p s10c2/k10_priors.csv -o s10c2/k10_r2_spalin_all.txt --nInitials 10
Optimization by Spalin: Scipy-SLSQP using spatial information
Optimizing branch lengths, phi, and nu without topology search
Initial point 1. Random seed: 9386
Solving ML without ultrametric constraint
Optimal point found for initial point 1
Negative llh: 314.21494319766634
Dropout rate: 1e-10
Silencing rate: 1e-10
Initial point 2. Random seed: 8095
Solving ML without ultrametric constraint
Optimal point found for initial point 2
Negative llh: 314.2149430859784
Dropout rate: 1e-10
Silencing rate: 1e-10
Initial point 3. Random seed: 8179
Solving ML without ultrametric constraint
Optimal point found for initial point 3
Negative llh: 314.2149430121196
Dropout rate: 1.0000000000000002e-10
Silencing rate: 2.1488343838555617e-10
Initial point 4. Random seed: 5200
Solving ML without ultrametric constraint
Optimal point found for initial point 4
Negative llh: 314.21494375383315
Dropout rate: 1.2261117700464981e-09
Silencing rate: 2.7300335091038334e-09
Initial point 5. Random seed: 453
Solving ML without ultrametric constraint
Optimal point found for initial point 5
Negative llh: 314.214943739325
Dropout rate: 1e-10
Silencing rate: 1e-10
Initial point 6. Random seed: 5478
Solving ML without ultrametric constraint
Optimal point found for initial point 6
Negative llh: 314.2149432108529
Dropout rate: 1e-10
Silencing rate: 1.8627023575502428e-10
Initial point 7. Random seed: 1740
Solving ML without ultrametric constraint
Optimal point found for initial point 7
Negative llh: 314.2149431334297
Dropout rate: 1.0000000000000007e-10
Silencing rate: 9.999999999999924e-11
Initial point 8. Random seed: 9759
Solving ML without ultrametric constraint
Optimal point found for initial point 8
Negative llh: 314.21494392425546
Dropout rate: 1.0000000000000007e-10
Silencing rate: 9.999999999999924e-11
Initial point 9. Random seed: 2593
Solving ML without ultrametric constraint
Optimal point found for initial point 9
Negative llh: 314.2149433814128
Dropout rate: 5.338784018329883e-10
Silencing rate: 1.3100878642926339e-09
Initial point 10. Random seed: 8588
Solving ML without ultrametric constraint
Optimal point found for initial point 10
Negative llh: 314.2149431866077
Dropout rate: 1e-10
Silencing rate: 1e-10
Runtime (s): 24.105274042
