dataset s15c4
Optimization using leaf locations
Initial point 1. Random seed: 1805
Solving with ultrametric constraint
Optimal point found for initial point 1
Negative llh: 221.02019715438078
Dropout rate: 0
Silencing rate: 0
Initial point 2. Random seed: 5914
Solving with ultrametric constraint
Optimal point found for initial point 2
Negative llh: 221.62950238846466
Dropout rate: 0
Silencing rate: 0
Initial point 3. Random seed: 5963
Solving with ultrametric constraint
Optimal point found for initial point 3
Negative llh: 220.5451572637435
Dropout rate: 0
Silencing rate: 0
Initial point 4. Random seed: 6723
Solving with ultrametric constraint
Optimal point found for initial point 4
Negative llh: 220.54522177282564
Dropout rate: 0
Silencing rate: 0
Initial point 5. Random seed: 7064
Solving with ultrametric constraint
Optimal point found for initial point 5
Negative llh: 221.0202002801671
Dropout rate: 0
Silencing rate: 0
Initial point 6. Random seed: 820
Solving with ultrametric constraint
Optimal point found for initial point 6
Negative llh: 221.0202062100707
Dropout rate: 0
Silencing rate: 0
Initial point 7. Random seed: 7111
Solving with ultrametric constraint
Optimal point found for initial point 7
Negative llh: 221.6295029917714
Dropout rate: 0
Silencing rate: 0
Initial point 8. Random seed: 1088
Solving with ultrametric constraint
Optimal point found for initial point 8
Negative llh: 223.06878263793953
Dropout rate: 0
Silencing rate: 0
Initial point 9. Random seed: 4239
Solving with ultrametric constraint
Optimal point found for initial point 9
Negative llh: 221.02020267465554
Dropout rate: 0
Silencing rate: 0
Initial point 10. Random seed: 6427
Solving with ultrametric constraint
Optimal point found for initial point 10
Negative llh: 221.02020969041695
Dropout rate: 0
Silencing rate: 0
Initial point 11. Random seed: 5148
Solving with ultrametric constraint
Optimal point found for initial point 11
Negative llh: 221.02022500475667
Dropout rate: 0
Silencing rate: 0
Initial point 12. Random seed: 9094
Solving with ultrametric constraint
Optimal point found for initial point 12
Negative llh: 220.5492536448162
Dropout rate: 0
Silencing rate: 0
Initial point 13. Random seed: 871
Solving with ultrametric constraint
Optimal point found for initial point 13
Negative llh: 220.54623416349173
Dropout rate: 0
Silencing rate: 0
Initial point 14. Random seed: 6261
Solving with ultrametric constraint
Optimal point found for initial point 14
Negative llh: 220.5451825559834
Dropout rate: 0
Silencing rate: 0
Initial point 15. Random seed: 6601
Solving with ultrametric constraint
Optimal point found for initial point 15
Negative llh: 221.62950101843407
Dropout rate: 0
Silencing rate: 0
Initial point 16. Random seed: 2319
Solving with ultrametric constraint
Optimal point found for initial point 16
Negative llh: 220.54535865214896
Dropout rate: 0
Silencing rate: 0
Initial point 17. Random seed: 4905
Solving with ultrametric constraint
Optimal point found for initial point 17
Negative llh: 221.02020539834896
Dropout rate: 0
Silencing rate: 0
Initial point 18. Random seed: 9326
Solving with ultrametric constraint
Optimal point found for initial point 18
Negative llh: 221.02022809611793
Dropout rate: 0
Silencing rate: 0
Initial point 19. Random seed: 6956
Solving with ultrametric constraint
Optimal point found for initial point 19
Negative llh: 220.54515789284187
Dropout rate: 0
Silencing rate: 0
Initial point 20. Random seed: 9422
Solving with ultrametric constraint
Optimal point found for initial point 20
Negative llh: 221.02019509948167
Dropout rate: 0
Silencing rate: 0
Optimal nllh: 220.5451572637435
