Launching Problin version 0.5b
Problin was called as follow: /Users/uym2/my_gits/problin/run_problin.py -c s13c1/k10_r3_character_matrix.csv -t s13c1/true_tree.nwk -S s13c1/true_locations.txt --delimiter comma -p s13c1/k10_priors.csv -o s13c1/k10_r3_spalin_all.txt --nInitials 10
Optimization by Spalin: Scipy-SLSQP using spatial information
Optimizing branch lengths, phi, and nu without topology search
Initial point 1. Random seed: 2868
Solving ML without ultrametric constraint
Optimal point found for initial point 1
Negative llh: 611.2163861210515
Dropout rate: 7.618067775297225e-09
Silencing rate: 4.865456925485624e-08
Sigma: 32.85902671721399
Initial point 2. Random seed: 9648
Solving ML without ultrametric constraint
Optimal point found for initial point 2
Negative llh: 611.2163775537692
Dropout rate: 4.04235083874163e-09
Silencing rate: 1.8419475136210893e-09
Sigma: 32.85893569044199
Initial point 3. Random seed: 9796
Solving ML without ultrametric constraint
Optimal point found for initial point 3
Negative llh: 611.2169898429562
Dropout rate: 1.5892430320846362e-08
Silencing rate: 1.0998163506184405e-08
Sigma: 32.96607955271506
Initial point 4. Random seed: 1418
Solving ML without ultrametric constraint
Optimal point found for initial point 4
Negative llh: 611.2165260465537
Dropout rate: 1.7273400035891785e-10
Silencing rate: 1.3277652496332828e-10
Sigma: 32.85818033329632
Initial point 5. Random seed: 9118
Solving ML without ultrametric constraint
Optimal point found for initial point 5
Negative llh: 611.2163825761784
Dropout rate: 3.0885099738955275e-09
Silencing rate: 1.4467671628040163e-09
Sigma: 32.85966304112755
Initial point 6. Random seed: 9352
Solving ML without ultrametric constraint
Optimal point found for initial point 6
Negative llh: 611.2163757795099
Dropout rate: 1e-10
Silencing rate: 1e-10
Sigma: 32.86351053222803
Initial point 7. Random seed: 6548
Solving ML without ultrametric constraint
Optimal point found for initial point 7
Negative llh: 611.2163750825943
Dropout rate: 1.0145554963636978e-10
Silencing rate: 1.0065581673424614e-10
Sigma: 32.864462191415384
Initial point 8. Random seed: 1239
Solving ML without ultrametric constraint
Optimal point found for initial point 8
Negative llh: 611.2165572631496
Dropout rate: 1.0026878207073686e-10
Silencing rate: 1.0012105956128808e-10
Sigma: 32.86456542526777
Initial point 9. Random seed: 3500
Solving ML without ultrametric constraint
Optimal point found for initial point 9
Negative llh: 611.2163843579312
Dropout rate: 7.392667620087698e-09
Silencing rate: 4.207775056620779e-08
Sigma: 32.863728426535175
Initial point 10. Random seed: 397
Solving ML without ultrametric constraint
Optimal point found for initial point 10
Negative llh: 611.2163736474938
Dropout rate: 1e-10
Silencing rate: 1e-10
Sigma: 32.863119650997
Runtime (s): 305.416766167
