Launching Problin version 0.5p
Problin was called as follow: /Users/uym2/my_gits/problin/run_problin.py -c s13c1/k10_r2_character_matrix.csv -t s13c1/true_tree.nwk -S s13c1/true_locations.txt --delimiter comma -p s13c1/k10_priors.csv -o s13c1/k10_r2_spalin_all.txt --nInitials 10
Optimization by Spalin: Scipy-SLSQP using spatial information
Optimizing branch lengths, phi, and nu without topology search
Initial point 1. Random seed: 1042
Solving ML without ultrametric constraint
Optimal point found for initial point 1
Negative llh: 633.882653639605
Dropout rate: 1.0011668059733521e-10
Silencing rate: 1.000710428800198e-10
Initial point 2. Random seed: 4259
Solving ML without ultrametric constraint
Optimal point found for initial point 2
Negative llh: 633.8826545074884
Dropout rate: 1e-10
Silencing rate: 1e-10
Initial point 3. Random seed: 7783
Solving ML without ultrametric constraint
Optimal point found for initial point 3
Negative llh: 633.8826564427327
Dropout rate: 1.0000000000000004e-10
Silencing rate: 1.0000000000000004e-10
Initial point 4. Random seed: 1652
Solving ML without ultrametric constraint
Optimal point found for initial point 4
Negative llh: 633.8826539485949
Dropout rate: 1.0320185288417692e-10
Silencing rate: 1.019493864015534e-10
Initial point 5. Random seed: 3229
Solving ML without ultrametric constraint
Optimal point found for initial point 5
Negative llh: 633.8826752259206
Dropout rate: 9.999999999999428e-11
Silencing rate: 1.0000000000000007e-10
Initial point 6. Random seed: 2803
Solving ML without ultrametric constraint
Optimal point found for initial point 6
Negative llh: 633.8826541820652
Dropout rate: 1e-10
Silencing rate: 1e-10
Initial point 7. Random seed: 8337
Solving ML without ultrametric constraint
Optimal point found for initial point 7
Negative llh: 633.8826549484982
Dropout rate: 1e-10
Silencing rate: 1e-10
Initial point 8. Random seed: 9383
Solving ML without ultrametric constraint
Optimal point found for initial point 8
Negative llh: 633.8826541362789
Dropout rate: 3.3365731683801207e-10
Silencing rate: 1.3659894153609332e-09
Initial point 9. Random seed: 2600
Solving ML without ultrametric constraint
Optimal point found for initial point 9
Negative llh: 633.8826536360032
Dropout rate: 1.0000000000000007e-10
Silencing rate: 1.000000000000009e-10
Initial point 10. Random seed: 7054
Solving ML without ultrametric constraint
Optimal point found for initial point 10
Negative llh: 633.8826540097692
Dropout rate: 1.0000000000000002e-10
Silencing rate: 1.0000000000000007e-10
Runtime (s): 217.24175637500002
