Launching Problin version 0.5b
Problin was called as follow: /Users/uym2/my_gits/problin/run_problin.py -c s19c1/k10_exp2_character_matrix.csv -t s19c1/true_tree.nwk --delimiter comma -p s19c1/k10_exp2_priors.csv -o s19c1/k10_exp2_problin --nInitials 10 --ultrametric
Optimizing branch lengths, phi, and nu without topology search
Optimization by EM algorithm
Initial point 1. Random seed: 2046
Numerical optimization started with ultrametric constraint
Initial phi: 0.045148356000868736. Initial nu: 0.22018458001311605. Initial nllh: 6343.670128777546
EM finished after 9 iterations.
Optimal phi: 0. Optimal nu: 9.956082022408787e-07. Optimal nllh: 53.167097503319944
Optimal point found for initial point 1
Initial point 2. Random seed: 8934
Numerical optimization started with ultrametric constraint
Initial phi: 0.756270917475327. Initial nu: 0.9275170350628745. Initial nllh: 260.3009589780411
EM finished after 8 iterations.
Optimal phi: 0. Optimal nu: 9.196345794804485e-07. Optimal nllh: 53.167094550124226
Optimal point found for initial point 2
Initial point 3. Random seed: 458
Numerical optimization started with ultrametric constraint
Initial phi: 0.7637999991057951. Initial nu: 0.05574976701361154. Initial nllh: 228.7969975792596
EM finished after 7 iterations.
Optimal phi: 0. Optimal nu: 9.273117380230189e-07. Optimal nllh: 53.16709478931833
Optimal point found for initial point 3
Initial point 4. Random seed: 6657
Numerical optimization started with ultrametric constraint
Initial phi: 0.11782315216163285. Initial nu: 0.4178361514971971. Initial nllh: 85.32033935874007
EM finished after 8 iterations.
Optimal phi: 0. Optimal nu: 9.185731426091348e-07. Optimal nllh: 53.16709440249578
Optimal point found for initial point 4
Initial point 5. Random seed: 6292
Numerical optimization started with ultrametric constraint
Initial phi: 0.9121897660442191. Initial nu: 0.09666141475141157. Initial nllh: 349.19226993283706
EM finished after 7 iterations.
Optimal phi: 0. Optimal nu: 9.328351829662636e-07. Optimal nllh: 53.16709503911085
Optimal point found for initial point 5
Initial point 6. Random seed: 8188
Numerical optimization started with ultrametric constraint
Initial phi: 0.12176509871386813. Initial nu: 0.3907656194364943. Initial nllh: 84.7624009013045
EM finished after 16 iterations.
Optimal phi: 0. Optimal nu: 9.963528379083474e-07. Optimal nllh: 53.1670975204525
Optimal point found for initial point 6
Initial point 7. Random seed: 9952
Numerical optimization started with ultrametric constraint
Initial phi: 0.9163128168291286. Initial nu: 0.23490056389855174. Initial nllh: 360.5562640953861
EM finished after 8 iterations.
Optimal phi: 0. Optimal nu: 9.242210652616875e-07. Optimal nllh: 53.16709466976648
Optimal point found for initial point 7
Initial point 8. Random seed: 4988
Numerical optimization started with ultrametric constraint
Initial phi: 0.560360738013584. Initial nu: 0.6753403695972421. Initial nllh: 179.3107074873065
EM finished after 9 iterations.
Optimal phi: 0. Optimal nu: 1.0021462734676697e-06. Optimal nllh: 53.16709775560189
Optimal point found for initial point 8
Initial point 9. Random seed: 6497
Numerical optimization started with ultrametric constraint
Initial phi: 0.7288015892703781. Initial nu: 0.4897670124641824. Initial nllh: 229.77556531305737
EM finished after 9 iterations.
Optimal phi: 0. Optimal nu: 1.0012026425852194e-06. Optimal nllh: 53.16709772583883
Optimal point found for initial point 9
Initial point 10. Random seed: 257
Numerical optimization started with ultrametric constraint
Initial phi: 0.9463327502249211. Initial nu: 0.9032791448255777. Initial nllh: 440.91090268063886
EM finished after 8 iterations.
Optimal phi: 0. Optimal nu: 9.190591632817475e-07. Optimal nllh: 53.167094525209684
Optimal point found for initial point 10
Numerical optimization finished successfully
Runtime (s): 5.040342208
