Launching Problin version 0.5b
Problin was called as follow: /Users/uym2/my_gits/problin/run_problin.py -c s19c1/k10_exp_character_matrix.csv -t s19c1/true_tree.nwk --delimiter comma -p s19c1/k10_exp_priors.csv -o s19c1/k10_exp_problin --nInitials 10 --ultrametric
Optimizing branch lengths, phi, and nu without topology search
Optimization by EM algorithm
Initial point 1. Random seed: 5049
Numerical optimization started with ultrametric constraint
Initial phi: 0.7916430341240229. Initial nu: 0.07495059816419744. Initial nllh: 3809.3252144857584
EM finished after 10 iterations.
Optimal phi: 0. Optimal nu: 6.289881034433153e-07. Optimal nllh: 55.584668686645685
Optimal point found for initial point 1
Initial point 2. Random seed: 1786
Numerical optimization started with ultrametric constraint
Initial phi: 0.6446119623739054. Initial nu: 0.5519839389843592. Initial nllh: 215.73882492026402
EM finished after 11 iterations.
Optimal phi: 0. Optimal nu: 6.299128127913161e-07. Optimal nllh: 55.58466863937942
Optimal point found for initial point 2
Initial point 3. Random seed: 8598
Numerical optimization started with ultrametric constraint
Initial phi: 0.2172277326120461. Initial nu: 0.07343583768696893. Initial nllh: 89.87702552357385
EM finished after 10 iterations.
Optimal phi: 0. Optimal nu: 6.301962930805761e-07. Optimal nllh: 55.58466863473689
Optimal point found for initial point 3
Initial point 4. Random seed: 6879
Numerical optimization started with ultrametric constraint
Initial phi: 0.5512155242170388. Initial nu: 0.4662389825338529. Initial nllh: 182.16629998544826
EM finished after 11 iterations.
Optimal phi: 0. Optimal nu: 6.296365364865183e-07. Optimal nllh: 55.584668616004635
Optimal point found for initial point 4
Initial point 5. Random seed: 8077
Numerical optimization started with ultrametric constraint
Initial phi: 0.1864340731268163. Initial nu: 0.9460399371908024. Initial nllh: 141.96824791396827
EM finished after 11 iterations.
Optimal phi: 0. Optimal nu: 6.292808929453459e-07. Optimal nllh: 55.584668611943286
Optimal point found for initial point 5
Initial point 6. Random seed: 9803
Numerical optimization started with ultrametric constraint
Initial phi: 0.5504342409085773. Initial nu: 0.9308676134058199. Initial nllh: 212.15912412953088
EM finished after 13 iterations.
Optimal phi: 0. Optimal nu: 6.295084911700252e-07. Optimal nllh: 55.58466856957372
Optimal point found for initial point 6
Initial point 7. Random seed: 1041
Numerical optimization started with ultrametric constraint
Initial phi: 0.878965740631469. Initial nu: 0.1929087085091027. Initial nllh: 321.6554737741055
EM finished after 15 iterations.
Optimal phi: 0. Optimal nu: 6.292168555435253e-07. Optimal nllh: 55.584668548040455
Optimal point found for initial point 7
Initial point 8. Random seed: 222
Numerical optimization started with ultrametric constraint
Initial phi: 0.6551286366935325. Initial nu: 0.5051117383977265. Initial nllh: 216.29828839819066
EM finished after 11 iterations.
Optimal phi: 0. Optimal nu: 6.383197509526889e-07. Optimal nllh: 55.58466917914658
Optimal point found for initial point 8
Initial point 9. Random seed: 610
Numerical optimization started with ultrametric constraint
Initial phi: 0.08598662428264109. Initial nu: 0.7166547341343776. Initial nllh: 113.08744485756466
EM finished after 11 iterations.
Optimal phi: 0. Optimal nu: 6.298412294595711e-07. Optimal nllh: 55.58466864272422
Optimal point found for initial point 9
Initial point 10. Random seed: 8257
Numerical optimization started with ultrametric constraint
Initial phi: 0.08995434593669491. Initial nu: 0.2821823253994066. Initial nllh: 85.36767008913907
EM finished after 12 iterations.
Optimal phi: 0. Optimal nu: 6.323632044421401e-07. Optimal nllh: 55.58466875714563
Optimal point found for initial point 10
Numerical optimization finished successfully
Runtime (s): 6.441256624999999
