/Users/uym2/opt/anaconda3/lib/python3.9/site-packages/cvxpy/atoms/elementwise/log.py:35: RuntimeWarning: divide by zero encountered in log
  return np.log(values[0])
Launching Problin version 0.5b
Problin was called as follow: /Users/uym2/my_gits/problin/run_problin.py -c s19c1/k200_const_character_matrix.csv -t s19c1/true_tree.nwk --delimiter comma -p s19c1/k200_const_priors.csv -o s19c1/k200_const_problin --nInitials 10 --ultrametric
Optimizing branch lengths, phi, and nu without topology search
Optimization by EM algorithm
Initial point 1. Random seed: 2298
Numerical optimization started with ultrametric constraint
Initial phi: 0.7198962056987422. Initial nu: 0.09141024680609589. Initial nllh: 88997.72028774505
EM finished after 16 iterations.
Optimal phi: 0. Optimal nu: 2.2647275022328122e-08. Optimal nllh: 1321.2709885982918
Optimal point found for initial point 1
Initial point 2. Random seed: 5962
Numerical optimization started with ultrametric constraint
Initial phi: 0.5829484525719689. Initial nu: 0.9603765866879408. Initial nllh: 4514.984217564768
EM finished after 12 iterations.
Optimal phi: 0. Optimal nu: 0.0. Optimal nllh: 1321.2709698070953
Optimal point found for initial point 2
Initial point 3. Random seed: 7197
Numerical optimization started with ultrametric constraint
Initial phi: 0.6621378408671096. Initial nu: 0.43006278207204063. Initial nllh: 4415.80802583441
EM finished after 12 iterations.
Optimal phi: 0. Optimal nu: 3.38927639814611e-08. Optimal nllh: 1321.2710043408608
Optimal point found for initial point 3
Initial point 4. Random seed: 5538
Numerical optimization started with ultrametric constraint
Initial phi: 0.019476552659563707. Initial nu: 0.4262595860630458. Initial nllh: 1854.3981407970653
EM finished after 12 iterations.
Optimal phi: 0. Optimal nu: 2.1141623973438523e-08. Optimal nllh: 1321.2709897663326
Optimal point found for initial point 4
Initial point 5. Random seed: 7790
Numerical optimization started with ultrametric constraint
Initial phi: 0.8520917395176354. Initial nu: 0.9897737170601171. Initial nllh: 7036.3726431923915
EM finished after 13 iterations.
Optimal phi: 0. Optimal nu: 2.3035535847868525e-08. Optimal nllh: 1321.2709919335193
Optimal point found for initial point 5
Initial point 6. Random seed: 2208
Numerical optimization started with ultrametric constraint
Initial phi: 0.13802727418874977. Initial nu: 0.14061095188455253. Initial nllh: 1838.038907894243
EM finished after 8 iterations.
Optimal phi: 0. Optimal nu: 2.2797921317392405e-08. Optimal nllh: 1321.271011635354
Optimal point found for initial point 6
Initial point 7. Random seed: 326
Numerical optimization started with ultrametric constraint
Initial phi: 0.9411950324457727. Initial nu: 0.37399441477000217. Initial nllh: 8548.07497429935
EM finished after 14 iterations.
Optimal phi: 0. Optimal nu: 1.1718999564942718e-08. Optimal nllh: 1321.270976279947
Optimal point found for initial point 7
Initial point 8. Random seed: 2016
Numerical optimization started with ultrametric constraint
Initial phi: 0.7653467843166395. Initial nu: 0.8520089447373278. Initial nllh: 5771.6902025767995
EM finished after 12 iterations.
Optimal phi: 0. Optimal nu: 0.0. Optimal nllh: 1321.2709690683707
Optimal point found for initial point 8
Initial point 9. Random seed: 6453
Numerical optimization started with ultrametric constraint
Initial phi: 0.897026290687764. Initial nu: 0.026898107105086593. Initial nllh: 6807.809607361759
EM finished after 7 iterations.
Optimal phi: 0. Optimal nu: 2.1996660098852513e-08. Optimal nllh: 1321.2709915978373
Optimal point found for initial point 9
Initial point 10. Random seed: 7187
Numerical optimization started with ultrametric constraint
Initial phi: 0.4863259331504355. Initial nu: 0.20298265810204733. Initial nllh: 3151.4634023038157
EM finished after 11 iterations.
Optimal phi: 0. Optimal nu: 1.1807749527752126e-08. Optimal nllh: 1321.2709788042291
Optimal point found for initial point 10
Numerical optimization finished successfully
Runtime (s): 14.345285833
