/Users/uym2/opt/anaconda3/lib/python3.9/site-packages/cvxpy/atoms/elementwise/log.py:35: RuntimeWarning: divide by zero encountered in log
  return np.log(values[0])
Launching Problin version 0.5b
Problin was called as follow: /Users/uym2/my_gits/problin/run_problin.py -c s3c1/k200_lin_character_matrix.csv -t s3c1/true_tree.nwk --delimiter comma -p s3c1/k200_lin_priors.csv -o s3c1/k200_lin_problin --nInitials 10 --ultrametric
Optimizing branch lengths, phi, and nu without topology search
Optimization by EM algorithm
Initial point 1. Random seed: 6465
Numerical optimization started with ultrametric constraint
Initial phi: 0.894009431215503. Initial nu: 0.7810367112389112. Initial nllh: 224717.20065965637
EM finished after 12 iterations.
Optimal phi: 0. Optimal nu: 3.7429455466871134e-08. Optimal nllh: 1173.076757222889
Optimal point found for initial point 1
Initial point 2. Random seed: 6721
Numerical optimization started with ultrametric constraint
Initial phi: 0.8877935583381866. Initial nu: 0.8889417051552203. Initial nllh: 6366.708644247487
EM finished after 11 iterations.
Optimal phi: 0. Optimal nu: 3.508987874409979e-08. Optimal nllh: 1173.0767556258854
Optimal point found for initial point 2
Initial point 3. Random seed: 2906
Numerical optimization started with ultrametric constraint
Initial phi: 0.17846750032321365. Initial nu: 0.6452036321083883. Initial nllh: 2160.5489262913397
EM finished after 10 iterations.
Optimal phi: 0. Optimal nu: 3.732529410330215e-08. Optimal nllh: 1173.0767601929485
Optimal point found for initial point 3
Initial point 4. Random seed: 9704
Numerical optimization started with ultrametric constraint
Initial phi: 0.47707092187323213. Initial nu: 0.5781307597732266. Initial nllh: 3002.2226586331954
EM finished after 10 iterations.
Optimal phi: 0. Optimal nu: 3.7096592120271254e-08. Optimal nllh: 1173.0767591850354
Optimal point found for initial point 4
Initial point 5. Random seed: 5612
Numerical optimization started with ultrametric constraint
Initial phi: 0.9721516501160872. Initial nu: 0.958392254380882. Initial nllh: 9217.807382035226
EM finished after 11 iterations.
Optimal phi: 0. Optimal nu: 3.743477288863294e-08. Optimal nllh: 1173.0767576654139
Optimal point found for initial point 5
Initial point 6. Random seed: 7872
Numerical optimization started with ultrametric constraint
Initial phi: 0.786006777935301. Initial nu: 0.21532743552495603. Initial nllh: 4455.066236728934
EM finished after 9 iterations.
Optimal phi: 0. Optimal nu: 3.350773241738039e-08. Optimal nllh: 1173.0767542922642
Optimal point found for initial point 6
Initial point 7. Random seed: 4954
Numerical optimization started with ultrametric constraint
Initial phi: 0.44122881299338007. Initial nu: 0.28412221991176234. Initial nllh: 2598.8382323715828
EM finished after 9 iterations.
Optimal phi: 0. Optimal nu: 3.7193486550170224e-08. Optimal nllh: 1173.0767601710493
Optimal point found for initial point 7
Initial point 8. Random seed: 6262
Numerical optimization started with ultrametric constraint
Initial phi: 0.7174362028893267. Initial nu: 0.3320292199461896. Initial nllh: 4006.6329787870395
EM finished after 10 iterations.
Optimal phi: 0. Optimal nu: 3.7234178807847216e-08. Optimal nllh: 1173.0767566963736
Optimal point found for initial point 8
Initial point 9. Random seed: 369
Numerical optimization started with ultrametric constraint
Initial phi: 0.6387644207134056. Initial nu: 0.7118863660806406. Initial nllh: 3865.251647527783
EM finished after 11 iterations.
Optimal phi: 0. Optimal nu: 3.857478855406065e-08. Optimal nllh: 1173.0767578806244
Optimal point found for initial point 9
Initial point 10. Random seed: 401
Numerical optimization started with ultrametric constraint
Initial phi: 0.906358004671462. Initial nu: 0.9606882440283115. Initial nllh: 6794.51422742178
EM finished after 11 iterations.
Optimal phi: 0. Optimal nu: 3.7195992498797634e-08. Optimal nllh: 1173.0767575076532
Optimal point found for initial point 10
Numerical optimization finished successfully
Runtime (s): 11.326035458
