dataset s5c3
Optimization using leaf locations
Initial point 1. Random seed: 6896
Solving with ultrametric constraint
Optimal point found for initial point 1
Negative llh: 441.7101389616887
Dropout rate: 0
Silencing rate: 0
Initial point 2. Random seed: 2586
Solving with ultrametric constraint
Optimal point found for initial point 2
Negative llh: 443.16900596810876
Dropout rate: 0
Silencing rate: 0
Initial point 3. Random seed: 2891
Solving with ultrametric constraint
Optimal point found for initial point 3
Negative llh: 443.16896972902055
Dropout rate: 0
Silencing rate: 0
Initial point 4. Random seed: 3885
Solving with ultrametric constraint
Optimal point found for initial point 4
Negative llh: 443.1690469501102
Dropout rate: 0
Silencing rate: 0
Initial point 5. Random seed: 3214
Solving with ultrametric constraint
Optimal point found for initial point 5
Negative llh: 7099.700274597583
Dropout rate: 0
Silencing rate: 0
Initial point 6. Random seed: 4471
Solving with ultrametric constraint
Optimal point found for initial point 6
Negative llh: 441.4307173960827
Dropout rate: 0
Silencing rate: 0
Initial point 7. Random seed: 3311
Solving with ultrametric constraint
Optimal point found for initial point 7
Negative llh: 443.1689641766871
Dropout rate: 0
Silencing rate: 0
Initial point 8. Random seed: 7477
Solving with ultrametric constraint
Optimal point found for initial point 8
Negative llh: 6830.962342659707
Dropout rate: 0
Silencing rate: 0
Initial point 9. Random seed: 2993
Solving with ultrametric constraint
Optimal point found for initial point 9
Negative llh: 443.16899026647195
Dropout rate: 0
Silencing rate: 0
Initial point 10. Random seed: 7230
Solving with ultrametric constraint
Optimal point found for initial point 10
Negative llh: 443.16907490705637
Dropout rate: 0
Silencing rate: 0
Initial point 11. Random seed: 3997
Solving with ultrametric constraint
Optimal point found for initial point 11
Negative llh: 8605.543780317343
Dropout rate: 0
Silencing rate: 0
Initial point 12. Random seed: 9735
Solving with ultrametric constraint
Optimal point found for initial point 12
Negative llh: 9544.806180587948
Dropout rate: 0
Silencing rate: 0
Initial point 13. Random seed: 7009
Solving with ultrametric constraint
Optimal point found for initial point 13
Negative llh: 9718.409920167676
Dropout rate: 0
Silencing rate: 0
Initial point 14. Random seed: 5333
Solving with ultrametric constraint
Optimal point found for initial point 14
Negative llh: 442.5602511337605
Dropout rate: 0
Silencing rate: 0
Initial point 15. Random seed: 3102
Solving with ultrametric constraint
Optimal point found for initial point 15
Negative llh: 441.37110679714533
Dropout rate: 0
Silencing rate: 0
Initial point 16. Random seed: 8601
Solving with ultrametric constraint
Optimal point found for initial point 16
Negative llh: 442.5601891361855
Dropout rate: 0
Silencing rate: 0
Initial point 17. Random seed: 714
Solving with ultrametric constraint
Optimal point found for initial point 17
Negative llh: 6662.791098112007
Dropout rate: 0
Silencing rate: 0
Initial point 18. Random seed: 1672
Solving with ultrametric constraint
Optimal point found for initial point 18
Negative llh: 441.3710730581338
Dropout rate: 0
Silencing rate: 0
Initial point 19. Random seed: 5584
Solving with ultrametric constraint
Optimal point found for initial point 19
Negative llh: 8280.10013704517
Dropout rate: 0
Silencing rate: 0
Initial point 20. Random seed: 840
Solving with ultrametric constraint
Optimal point found for initial point 20
Negative llh: 443.16898135448326
Dropout rate: 0
Silencing rate: 0
Optimal nllh: 441.3710730581338
