Launching Problin version 0.5b
Problin was called as follow: /Users/uym2/my_gits/problin/run_problin.py -c s21c5/k10_r2_character_matrix.csv -t s21c5/true_tree.nwk --delimiter comma -p s21c5/k10_priors.csv -o s21c5/k10_r2_problin.txt --nInitials 10
Optimization by EM algorithm
Optimizing branch lengths, phi, and nu without topology search
Initial point 1. Random seed: 7121
Solving ML without ultrametric constraint
Initial phi: 0.3807479317276224. Initial nu: 0.08127242816797284. Initial nllh: 3290.734623610383
EM finished after 30 iterations.
Optimal point found for initial point 1
Negative llh: 51.96902720226503
Dropout rate: 0
Silencing rate: 1.781458254985801e-07
Initial point 2. Random seed: 8372
Solving ML without ultrametric constraint
Initial phi: 0.8695331629042632. Initial nu: 0.7341641075879751. Initial nllh: 505.37503333789834
EM finished after 23 iterations.
Optimal point found for initial point 2
Negative llh: 51.96902817502814
Dropout rate: 0
Silencing rate: 1.7953132790263244e-07
Initial point 3. Random seed: 4931
Solving ML without ultrametric constraint
Initial phi: 0.7180721331058676. Initial nu: 0.055606376491156115. Initial nllh: 230.8506119210252
EM finished after 14 iterations.
Optimal point found for initial point 3
Negative llh: 51.96902735979651
Dropout rate: 0
Silencing rate: 1.76616575174399e-07
Initial point 4. Random seed: 1747
Solving ML without ultrametric constraint
Initial phi: 0.09033550842388942. Initial nu: 0.8692709423979006. Initial nllh: 287.6359807467315
EM finished after 21 iterations.
Optimal point found for initial point 4
Negative llh: 51.96902854962439
Dropout rate: 0
Silencing rate: 1.762346780131895e-07
Initial point 5. Random seed: 2149
Solving ML without ultrametric constraint
Initial phi: 0.06697940479890493. Initial nu: 0.43687080564651276. Initial nllh: 173.23640226395435
EM finished after 23 iterations.
Optimal point found for initial point 5
Negative llh: 51.969027065483935
Dropout rate: 0
Silencing rate: 1.764712445868919e-07
Initial point 6. Random seed: 8799
Solving ML without ultrametric constraint
Initial phi: 0.49741976958198547. Initial nu: 0.45828598531464265. Initial nllh: 259.1657522645138
EM finished after 19 iterations.
Optimal point found for initial point 6
Negative llh: 51.96902878910407
Dropout rate: 0
Silencing rate: 1.7631461432019272e-07
Initial point 7. Random seed: 6701
Solving ML without ultrametric constraint
Initial phi: 0.7725872840791611. Initial nu: 0.013588950168578575. Initial nllh: 247.98923443248492
EM finished after 6 iterations.
Optimal point found for initial point 7
Negative llh: 51.969028316311814
Dropout rate: 0
Silencing rate: 1.7637536131638695e-07
Initial point 8. Random seed: 7427
Solving ML without ultrametric constraint
Initial phi: 0.3670398980170474. Initial nu: 0.7429230141401335. Initial nllh: 302.31892097756804
EM finished after 20 iterations.
Optimal point found for initial point 8
Negative llh: 51.96902929320191
Dropout rate: 0
Silencing rate: 1.7650284086923196e-07
Initial point 9. Random seed: 4997
Solving ML without ultrametric constraint
Initial phi: 0.062312718979917456. Initial nu: 0.966901198825564. Initial nllh: 308.78011304139244
EM finished after 26 iterations.
Optimal point found for initial point 9
Negative llh: 51.9690272700837
Dropout rate: 0
Silencing rate: 1.7737075410088908e-07
Initial point 10. Random seed: 7550
Solving ML without ultrametric constraint
Initial phi: 0.0399418614771353. Initial nu: 0.23758123080852045. Initial nllh: 118.31440873381695
EM finished after 16 iterations.
Optimal point found for initial point 10
Negative llh: 51.96902968834523
Dropout rate: 0
Silencing rate: 1.7661156733015538e-07
Runtime (s): 8.090350416
