Launching Problin version 0.5p
Problin was called as follow: /Users/uym2/my_gits/problin/run_problin.py -c s21c5/k10_r1_character_matrix.csv -t s21c5/true_tree.nwk -S s21c5/leaf_locations.txt --delimiter comma -p s21c5/k10_priors.csv -o s21c5/k10_r1_spalin_leaves.txt --nInitials 10
Optimization by Spalin: Scipy-SLSQP using spatial information
Optimizing branch lengths, phi, and nu without topology search
Initial point 1. Random seed: 9947
Solving ML without ultrametric constraint
Optimal point found for initial point 1
Negative llh: 188.17737285688085
Dropout rate: 1.0000000000000007e-10
Silencing rate: 1.0000000000000007e-10
Initial point 2. Random seed: 7033
Solving ML without ultrametric constraint
Optimal point found for initial point 2
Negative llh: 188.1774162759316
Dropout rate: 1.0000000000000007e-10
Silencing rate: 1.0000000000000007e-10
Initial point 3. Random seed: 6294
Solving ML without ultrametric constraint
Optimal point found for initial point 3
Negative llh: 187.331906425517
Dropout rate: 3.6899492248355927e-09
Silencing rate: 1.7966756369317305e-09
Initial point 4. Random seed: 8617
Solving ML without ultrametric constraint
Optimal point found for initial point 4
Negative llh: 187.2232978140938
Dropout rate: 1e-10
Silencing rate: 1e-10
Initial point 5. Random seed: 9537
Solving ML without ultrametric constraint
Optimal point found for initial point 5
Negative llh: 187.22330573966838
Dropout rate: 5.256345830406134e-09
Silencing rate: 3.015878084427023e-09
Initial point 6. Random seed: 2003
Solving ML without ultrametric constraint
Optimal point found for initial point 6
Negative llh: 186.4388755887755
Dropout rate: 3.149532091771854e-10
Silencing rate: 2.3475571549373973e-10
Initial point 7. Random seed: 6056
Solving ML without ultrametric constraint
Optimal point found for initial point 7
Negative llh: 186.4388981253307
Dropout rate: 1e-10
Silencing rate: 1e-10
Initial point 8. Random seed: 4830
Solving ML without ultrametric constraint
Optimal point found for initial point 8
Negative llh: 187.33202851970844
Dropout rate: 1.4452829216461402e-10
Silencing rate: 1.2594191528260133e-10
Initial point 9. Random seed: 9921
Solving ML without ultrametric constraint
Optimal point found for initial point 9
Negative llh: 187.33199908542994
Dropout rate: 1e-10
Silencing rate: 1e-10
Initial point 10. Random seed: 8459
Solving ML without ultrametric constraint
Optimal point found for initial point 10
Negative llh: 187.33182531115114
Dropout rate: 6.634495084386579e-10
Silencing rate: 4.267272600086769e-10
Runtime (s): 63.218340542
