Launching Problin version 0.5b
Problin was called as follow: /Users/uym2/my_gits/problin/run_problin.py -c s21c5/k10_r2_character_matrix.csv -t s21c5/true_tree.nwk -S s21c5/leaf_locations.txt --delimiter comma -p s21c5/k10_priors.csv -o s21c5/k10_r2_spalin_leaves.txt --nInitials 10
Optimization by Spalin: Scipy-SLSQP using spatial information
Optimizing branch lengths, phi, and nu without topology search
Initial point 1. Random seed: 4631
Solving ML without ultrametric constraint
Optimal point found for initial point 1
Negative llh: 164.867087210583
Dropout rate: 9.999999999999924e-11
Silencing rate: 9.999999999999924e-11
Initial point 2. Random seed: 488
Solving ML without ultrametric constraint
Optimal point found for initial point 2
Negative llh: 163.2229423228893
Dropout rate: 1e-10
Silencing rate: 1e-10
Initial point 3. Random seed: 4392
Solving ML without ultrametric constraint
Optimal point found for initial point 3
Negative llh: 162.73676699719297
Dropout rate: 1e-10
Silencing rate: 1e-10
Initial point 4. Random seed: 3096
Solving ML without ultrametric constraint
Optimal point found for initial point 4
Negative llh: 162.7369498330932
Dropout rate: 1e-10
Silencing rate: 1e-10
Initial point 5. Random seed: 4977
Solving ML without ultrametric constraint
Optimal point found for initial point 5
Negative llh: 162.9006010742947
Dropout rate: 1e-10
Silencing rate: 1e-10
Initial point 6. Random seed: 1968
Solving ML without ultrametric constraint
Optimal point found for initial point 6
Negative llh: 162.89947775377118
Dropout rate: 1e-10
Silencing rate: 1e-10
Initial point 7. Random seed: 2164
Solving ML without ultrametric constraint
Optimal point found for initial point 7
Negative llh: 163.34711588562578
Dropout rate: 1e-10
Silencing rate: 1e-10
Initial point 8. Random seed: 3782
Solving ML without ultrametric constraint
Optimal point found for initial point 8
Negative llh: 165.25838626466495
Dropout rate: 2.024205202000011e-09
Silencing rate: 2.5016333349195917e-09
Initial point 9. Random seed: 9268
Solving ML without ultrametric constraint
Optimal point found for initial point 9
Negative llh: 166.76959378377444
Dropout rate: 1.0000000000000007e-10
Silencing rate: 1.0000000000000007e-10
Initial point 10. Random seed: 3654
Solving ML without ultrametric constraint
Optimal point found for initial point 10
Negative llh: 162.86999721534713
Dropout rate: 1.1166700826474172e-09
Silencing rate: 1.2380215853128498e-09
Runtime (s): 66.852834042
