Launching Problin version 0.5p
Problin was called as follow: /Users/uym2/my_gits/problin/run_problin.py -c s21c5/k10_r1_character_matrix.csv -t s21c5/true_tree.nwk -S s21c5/true_locations.txt --delimiter comma -p s21c5/k10_priors.csv -o s21c5/k10_r1_spalin_all.txt --nInitials 10
Optimization by Spalin: Scipy-SLSQP using spatial information
Optimizing branch lengths, phi, and nu without topology search
Initial point 1. Random seed: 8147
Solving ML without ultrametric constraint
Optimal point found for initial point 1
Negative llh: 217.7071206518735
Dropout rate: 1e-10
Silencing rate: 1e-10
Initial point 2. Random seed: 3472
Solving ML without ultrametric constraint
Optimal point found for initial point 2
Negative llh: 217.70712033327365
Dropout rate: 1.295256939146167e-10
Silencing rate: 1.3030824155835586e-10
Initial point 3. Random seed: 8939
Solving ML without ultrametric constraint
Optimal point found for initial point 3
Negative llh: 217.7071205709254
Dropout rate: 9.458004687241326e-10
Silencing rate: 2.9723882883033698e-09
Initial point 4. Random seed: 5488
Solving ML without ultrametric constraint
Optimal point found for initial point 4
Negative llh: 217.70712027606578
Dropout rate: 1e-10
Silencing rate: 1e-10
Initial point 5. Random seed: 4566
Solving ML without ultrametric constraint
Optimal point found for initial point 5
Negative llh: 217.70712030362048
Dropout rate: 2.9584533108246566e-10
Silencing rate: 4.74918667249723e-10
Initial point 6. Random seed: 6850
Solving ML without ultrametric constraint
Optimal point found for initial point 6
Negative llh: 217.70712111092297
Dropout rate: 1.070957751436462e-09
Silencing rate: 3.414651880952362e-09
Initial point 7. Random seed: 3135
Solving ML without ultrametric constraint
Optimal point found for initial point 7
Negative llh: 217.707120552116
Dropout rate: 1e-10
Silencing rate: 1e-10
Initial point 8. Random seed: 7169
Solving ML without ultrametric constraint
Optimal point found for initial point 8
Negative llh: 217.70712047588688
Dropout rate: 1e-10
Silencing rate: 1e-10
Initial point 9. Random seed: 5879
Solving ML without ultrametric constraint
Optimal point found for initial point 9
Negative llh: 217.7071205249406
Dropout rate: 3.0599924009235746e-10
Silencing rate: 8.458381428253494e-10
Initial point 10. Random seed: 4519
Solving ML without ultrametric constraint
Optimal point found for initial point 10
Negative llh: 217.70712029051975
Dropout rate: 1e-10
Silencing rate: 1e-10
Runtime (s): 9.596681334000001
