Launching Problin version 0.5b
Problin was called as follow: /Users/uym2/my_gits/problin/run_problin.py -c s3c5/k10_r2_character_matrix.csv -t s3c5/true_tree.nwk -S s3c5/leaf_locations.txt --delimiter comma -p s3c5/k10_priors.csv -o s3c5/k10_r2_spalin_leaves.txt --nInitials 10
Optimization by Spalin: Scipy-SLSQP using spatial information
Optimizing branch lengths, phi, and nu without topology search
Initial point 1. Random seed: 5158
Solving ML without ultrametric constraint
Optimal point found for initial point 1
Negative llh: 123.20297818515625
Dropout rate: 1e-10
Silencing rate: 1e-10
Initial point 2. Random seed: 7446
Solving ML without ultrametric constraint
Optimal point found for initial point 2
Negative llh: 123.5465422976552
Dropout rate: 5.586665448181707e-10
Silencing rate: 4.3277009203376724e-10
Initial point 3. Random seed: 4400
Solving ML without ultrametric constraint
Optimal point found for initial point 3
Negative llh: 125.15976764211726
Dropout rate: 1.0000000000000007e-10
Silencing rate: 1.0000000000000007e-10
Initial point 4. Random seed: 2777
Solving ML without ultrametric constraint
Optimal point found for initial point 4
Negative llh: 122.26697919787608
Dropout rate: 1e-10
Silencing rate: 1e-10
Initial point 5. Random seed: 2562
Solving ML without ultrametric constraint
Optimal point found for initial point 5
Negative llh: 122.26688656112991
Dropout rate: 1e-10
Silencing rate: 1e-10
Initial point 6. Random seed: 5798
Solving ML without ultrametric constraint
Optimal point found for initial point 6
Negative llh: 122.17656467077882
Dropout rate: 1.038970739534322e-10
Silencing rate: 1.028575706098812e-10
Initial point 7. Random seed: 7849
Solving ML without ultrametric constraint
Optimal point found for initial point 7
Negative llh: 127.78236918594175
Dropout rate: 3.1703544072812657e-09
Silencing rate: 2.253084345144598e-09
Initial point 8. Random seed: 2707
Solving ML without ultrametric constraint
Optimal point found for initial point 8
Negative llh: 122.26689423244869
Dropout rate: 1.0000000000000007e-10
Silencing rate: 1.0000000000000007e-10
Initial point 9. Random seed: 3767
Solving ML without ultrametric constraint
Optimal point found for initial point 9
Negative llh: 122.2669009226187
Dropout rate: 1e-10
Silencing rate: 1e-10
Initial point 10. Random seed: 6955
Solving ML without ultrametric constraint
Optimal point found for initial point 10
Negative llh: 125.99433177360171
Dropout rate: 1.0000000000000007e-10
Silencing rate: 1.0000000000000007e-10
Runtime (s): 32.035361042
