Launching Problin version 0.5b
Problin was called as follow: /Users/uym2/my_gits/problin/run_problin.py -c s2c1/k200_exp2_character_matrix.csv -t s2c1/true_tree.nwk --delimiter comma -p s2c1/k200_exp2_priors.csv -o s2c1/k200_exp2_problin --nInitials 10 --ultrametric
Optimizing branch lengths, phi, and nu without topology search
Optimization by EM algorithm
Initial point 1. Random seed: 5900
Numerical optimization started with ultrametric constraint
Initial phi: 0.07981488827021171. Initial nu: 0.5481697649719594. Initial nllh: 425442.5988489534
EM finished after 9 iterations.
Optimal phi: 0. Optimal nu: 6.568630176720481e-08. Optimal nllh: 2358.819741401368
Optimal point found for initial point 1
Initial point 2. Random seed: 2585
Numerical optimization started with ultrametric constraint
Initial phi: 0.20062277540252313. Initial nu: 0.5278097547772772. Initial nllh: 4688.236018361798
EM finished after 8 iterations.
Optimal phi: 0. Optimal nu: 7.331631756599696e-08. Optimal nllh: 2358.81974643967
Optimal point found for initial point 2
Initial point 3. Random seed: 139
Numerical optimization started with ultrametric constraint
Initial phi: 0.31209182177315997. Initial nu: 0.9127664643438052. Initial nllh: 6295.865499032336
EM finished after 7 iterations.
Optimal phi: 0. Optimal nu: 6.529417506027602e-08. Optimal nllh: 2358.8197472476277
Optimal point found for initial point 3
Initial point 4. Random seed: 8770
Numerical optimization started with ultrametric constraint
Initial phi: 0.9340821702593114. Initial nu: 0.5594894890101896. Initial nllh: 21705.369816799943
EM finished after 7 iterations.
Optimal phi: 0. Optimal nu: 7.266755489725797e-08. Optimal nllh: 2358.819753485425
Optimal point found for initial point 4
Initial point 5. Random seed: 8843
Numerical optimization started with ultrametric constraint
Initial phi: 0.08294359383056278. Initial nu: 0.9622073648896425. Initial nllh: 4416.077387400002
EM finished after 8 iterations.
Optimal phi: 0. Optimal nu: 7.872416253579707e-08. Optimal nllh: 2358.8197543798547
Optimal point found for initial point 5
Initial point 6. Random seed: 752
Numerical optimization started with ultrametric constraint
Initial phi: 0.8063078220746289. Initial nu: 0.3762047863291491. Initial nllh: 14096.715436554909
EM finished after 8 iterations.
Optimal phi: 0. Optimal nu: 6.590229245262512e-08. Optimal nllh: 2358.8197336556354
Optimal point found for initial point 6
Initial point 7. Random seed: 1275
Numerical optimization started with ultrametric constraint
Initial phi: 0.4135367037989116. Initial nu: 0.6791952375917506. Initial nllh: 7024.964899175533
EM finished after 8 iterations.
Optimal phi: 0. Optimal nu: 6.271316448993875e-08. Optimal nllh: 2358.8197310489713
Optimal point found for initial point 7
Initial point 8. Random seed: 96
Numerical optimization started with ultrametric constraint
Initial phi: 0.7559689867147947. Initial nu: 0.6505012950032214. Initial nllh: 12943.593264239204
EM finished after 8 iterations.
Optimal phi: 0. Optimal nu: 5.4175992157678835e-08. Optimal nllh: 2358.819718054536
Optimal point found for initial point 8
Initial point 9. Random seed: 8436
Numerical optimization started with ultrametric constraint
Initial phi: 0.5245321757663258. Initial nu: 0.1358037700048086. Initial nllh: 7623.904819751625
EM finished after 6 iterations.
Optimal phi: 0. Optimal nu: 7.241223489174681e-08. Optimal nllh: 2358.81974648454
Optimal point found for initial point 9
Initial point 10. Random seed: 7783
Numerical optimization started with ultrametric constraint
Initial phi: 0.052755431899504594. Initial nu: 0.7644479575145015. Initial nllh: 3894.5801271422524
EM finished after 8 iterations.
Optimal phi: 0. Optimal nu: 7.834093790082667e-08. Optimal nllh: 2358.819755035544
Optimal point found for initial point 10
Numerical optimization finished successfully
Runtime (s): 21.231610375
