/Users/uym2/opt/anaconda3/lib/python3.9/site-packages/cvxpy/atoms/elementwise/log.py:35: RuntimeWarning: divide by zero encountered in log
  return np.log(values[0])
Launching Problin version 0.5b
Problin was called as follow: /Users/uym2/my_gits/problin/run_problin.py -c s8c1/k200_const_character_matrix.csv -t s8c1/true_tree.nwk --delimiter comma -p s8c1/k200_const_priors.csv -o s8c1/k200_const_problin --nInitials 10 --ultrametric
Optimizing branch lengths, phi, and nu without topology search
Optimization by EM algorithm
Initial point 1. Random seed: 7563
Numerical optimization started with ultrametric constraint
Initial phi: 0.13403419503386563. Initial nu: 0.6387492767648618. Initial nllh: 191380.96978303097
EM finished after 12 iterations.
Optimal phi: 0. Optimal nu: 3.6948998340553866e-08. Optimal nllh: 1305.595564037179
Optimal point found for initial point 1
Initial point 2. Random seed: 3228
Numerical optimization started with ultrametric constraint
Initial phi: 0.0692265813290329. Initial nu: 0.031170913541106945. Initial nllh: 1512.6837378556324
EM finished after 7 iterations.
Optimal phi: 0. Optimal nu: 3.71849253076778e-08. Optimal nllh: 1305.5955511526647
Optimal point found for initial point 2
Initial point 3. Random seed: 8293
Numerical optimization started with ultrametric constraint
Initial phi: 0.11766084967017074. Initial nu: 0.21437723393001054. Initial nllh: 1846.1462096729792
EM finished after 9 iterations.
Optimal phi: 0. Optimal nu: 3.684809635404312e-08. Optimal nllh: 1305.5955649646453
Optimal point found for initial point 3
Initial point 4. Random seed: 4797
Numerical optimization started with ultrametric constraint
Initial phi: 0.6130752195394537. Initial nu: 0.8264526249054078. Initial nllh: 4510.146808069994
EM finished after 12 iterations.
Optimal phi: 0. Optimal nu: 3.687117575782963e-08. Optimal nllh: 1305.5955531510915
Optimal point found for initial point 4
Initial point 5. Random seed: 9772
Numerical optimization started with ultrametric constraint
Initial phi: 0.2397745134177538. Initial nu: 0.6008667377846003. Initial nllh: 2636.551034526655
EM finished after 10 iterations.
Optimal phi: 0. Optimal nu: 2.983415788074819e-08. Optimal nllh: 1305.5955688757163
Optimal point found for initial point 5
Initial point 6. Random seed: 5909
Numerical optimization started with ultrametric constraint
Initial phi: 0.5362703515070638. Initial nu: 0.731551752589311. Initial nllh: 3969.2679999705274
EM finished after 13 iterations.
Optimal phi: 0. Optimal nu: 3.7700721996218394e-08. Optimal nllh: 1305.595549870932
Optimal point found for initial point 6
Initial point 7. Random seed: 348
Numerical optimization started with ultrametric constraint
Initial phi: 0.8968458563854116. Initial nu: 0.9250099649568301. Initial nllh: 7793.3610954561145
EM finished after 13 iterations.
Optimal phi: 0. Optimal nu: 3.70149476505831e-08. Optimal nllh: 1305.595549409076
Optimal point found for initial point 7
Initial point 8. Random seed: 2672
Numerical optimization started with ultrametric constraint
Initial phi: 0.5860688536006383. Initial nu: 0.7617299621417466. Initial nllh: 4275.738556041626
EM finished after 17 iterations.
Optimal phi: 0. Optimal nu: 3.6941305855309837e-08. Optimal nllh: 1305.5955466932423
Optimal point found for initial point 8
Initial point 9. Random seed: 427
Numerical optimization started with ultrametric constraint
Initial phi: 0.4410605000816593. Initial nu: 0.3169076139340894. Initial nllh: 3056.677027020093
EM finished after 9 iterations.
Optimal phi: 0. Optimal nu: 3.946680310855813e-08. Optimal nllh: 1305.5955828432175
Optimal point found for initial point 9
Initial point 10. Random seed: 7000
Numerical optimization started with ultrametric constraint
Initial phi: 0.7478071266867513. Initial nu: 0.09390141947933396. Initial nllh: 4716.9174191111415
EM finished after 9 iterations.
Optimal phi: 0. Optimal nu: 3.7009212522104636e-08. Optimal nllh: 1305.595551430324
Optimal point found for initial point 10
Numerical optimization finished successfully
Runtime (s): 13.627761459
