Launching Problin version 0.5b
Problin was called as follow: /Users/uym2/my_gits/problin/run_problin.py -c s3c3/k10_const_character_matrix.csv -t s3c3/true_tree.nwk --delimiter comma -p s3c3/k10_const_priors.csv -o s3c3/k10_const_problin --nInitials 10 --ultrametric
Optimizing branch lengths, phi, and nu without topology search
Optimization by EM algorithm
Initial point 1. Random seed: 7865
Numerical optimization started with ultrametric constraint
Initial phi: 0.5099201279429217. Initial nu: 0.6647233258961653. Initial nllh: 8206.444621256724
EM finished after 6 iterations.
Optimal phi: 0. Optimal nu: 1.1364224179338061e-06. Optimal nllh: 51.630211480996415
Optimal point found for initial point 1
Initial point 2. Random seed: 7078
Numerical optimization started with ultrametric constraint
Initial phi: 0.5923726843961011. Initial nu: 0.9641660909941225. Initial nllh: 171.5096967184215
EM finished after 6 iterations.
Optimal phi: 0. Optimal nu: 1.1325618171278834e-06. Optimal nllh: 51.63021139739882
Optimal point found for initial point 2
Initial point 3. Random seed: 3183
Numerical optimization started with ultrametric constraint
Initial phi: 0.09918525458573985. Initial nu: 0.43643034406363074. Initial nllh: 75.81635978316542
EM finished after 5 iterations.
Optimal phi: 0. Optimal nu: 1.1367261544241688e-06. Optimal nllh: 51.63021153547574
Optimal point found for initial point 3
Initial point 4. Random seed: 1723
Numerical optimization started with ultrametric constraint
Initial phi: 0.5154002241328414. Initial nu: 0.12451479886041782. Initial nllh: 128.12158069239507
EM finished after 5 iterations.
Optimal phi: 0. Optimal nu: 1.1350563592350158e-06. Optimal nllh: 51.63021147596315
Optimal point found for initial point 4
Initial point 5. Random seed: 7381
Numerical optimization started with ultrametric constraint
Initial phi: 0.01356663822696773. Initial nu: 0.913221642933224. Initial nllh: 81.55232160636557
EM finished after 6 iterations.
Optimal phi: 0. Optimal nu: 1.14095809962584e-06. Optimal nllh: 51.63021165540192
Optimal point found for initial point 5
Initial point 6. Random seed: 9494
Numerical optimization started with ultrametric constraint
Initial phi: 0.4500119616043661. Initial nu: 0.6575771542881191. Initial nllh: 132.02851924807433
EM finished after 6 iterations.
Optimal phi: 0. Optimal nu: 1.1365402914564347e-06. Optimal nllh: 51.63021152047838
Optimal point found for initial point 6
Initial point 7. Random seed: 8396
Numerical optimization started with ultrametric constraint
Initial phi: 0.7142727266505191. Initial nu: 0.4642074380600786. Initial nllh: 191.50568743328625
EM finished after 6 iterations.
Optimal phi: 0. Optimal nu: 1.1357128389781767e-06. Optimal nllh: 51.6302114930639
Optimal point found for initial point 7
Initial point 8. Random seed: 2306
Numerical optimization started with ultrametric constraint
Initial phi: 0.12114702405503137. Initial nu: 0.38772941693959084. Initial nllh: 76.77124872939368
EM finished after 6 iterations.
Optimal phi: 0. Optimal nu: 1.1365803922662126e-06. Optimal nllh: 51.6302115207052
Optimal point found for initial point 8
Initial point 9. Random seed: 2493
Numerical optimization started with ultrametric constraint
Initial phi: 0.6063146038079824. Initial nu: 0.48766664064314336. Initial nllh: 160.18322269786157
EM finished after 6 iterations.
Optimal phi: 0. Optimal nu: 1.133917050814706e-06. Optimal nllh: 51.63021143894773
Optimal point found for initial point 9
Initial point 10. Random seed: 6834
Numerical optimization started with ultrametric constraint
Initial phi: 0.4733335827404249. Initial nu: 0.8701293363367073. Initial nllh: 142.96622964380998
EM finished after 6 iterations.
Optimal phi: 0. Optimal nu: 1.1365971075510187e-06. Optimal nllh: 51.630211521318884
Optimal point found for initial point 10
Numerical optimization finished successfully
Runtime (s): 3.1536948750000002
