dataset s16c5
Optimization using leaf locations
Initial point 1. Random seed: 8743
Solving with ultrametric constraint
Optimal point found for initial point 1
Negative llh: 165.05597893870728
Dropout rate: 0
Silencing rate: 0
Initial point 2. Random seed: 9930
Solving with ultrametric constraint
Optimal point found for initial point 2
Negative llh: 165.71557574835117
Dropout rate: 0
Silencing rate: 0
Initial point 3. Random seed: 4153
Solving with ultrametric constraint
Optimal point found for initial point 3
Negative llh: 165.71558356483877
Dropout rate: 0
Silencing rate: 0
Initial point 4. Random seed: 3228
Solving with ultrametric constraint
Optimal point found for initial point 4
Negative llh: 165.53365030191395
Dropout rate: 0
Silencing rate: 0
Initial point 5. Random seed: 6274
Solving with ultrametric constraint
Optimal point found for initial point 5
Negative llh: 164.19156707320207
Dropout rate: 0
Silencing rate: 0
Initial point 6. Random seed: 7393
Solving with ultrametric constraint
Optimal point found for initial point 6
Negative llh: 164.19150420400155
Dropout rate: 0
Silencing rate: 0
Initial point 7. Random seed: 8361
Solving with ultrametric constraint
Optimal point found for initial point 7
Negative llh: 166.80839961933756
Dropout rate: 0
Silencing rate: 0
Initial point 8. Random seed: 8104
Solving with ultrametric constraint
Optimal point found for initial point 8
Negative llh: 165.0560517716478
Dropout rate: 0
Silencing rate: 0
Initial point 9. Random seed: 724
Solving with ultrametric constraint
Optimal point found for initial point 9
Negative llh: 166.8136036478479
Dropout rate: 0
Silencing rate: 0
Initial point 10. Random seed: 4198
Solving with ultrametric constraint
Optimal point found for initial point 10
Negative llh: 166.80839846559002
Dropout rate: 0
Silencing rate: 0
Initial point 11. Random seed: 358
Solving with ultrametric constraint
Optimal point found for initial point 11
Negative llh: 165.53365044181015
Dropout rate: 0
Silencing rate: 0
Initial point 12. Random seed: 5836
Solving with ultrametric constraint
Optimal point found for initial point 12
Negative llh: 165.1375883780757
Dropout rate: 0
Silencing rate: 0
Initial point 13. Random seed: 4471
Solving with ultrametric constraint
Optimal point found for initial point 13
Negative llh: 166.80840689509176
Dropout rate: 0
Silencing rate: 0
Initial point 14. Random seed: 1676
Solving with ultrametric constraint
Optimal point found for initial point 14
Negative llh: 165.0560308650631
Dropout rate: 0
Silencing rate: 0
Initial point 15. Random seed: 7731
Solving with ultrametric constraint
Optimal point found for initial point 15
Negative llh: 165.05597774995266
Dropout rate: 0
Silencing rate: 0
Initial point 16. Random seed: 7414
Solving with ultrametric constraint
Optimal point found for initial point 16
Negative llh: 164.19145362460756
Dropout rate: 0
Silencing rate: 0
Initial point 17. Random seed: 600
Solving with ultrametric constraint
Optimal point found for initial point 17
Negative llh: 166.80844750105177
Dropout rate: 0
Silencing rate: 0
Initial point 18. Random seed: 9550
Solving with ultrametric constraint
Optimal point found for initial point 18
Negative llh: 165.055984123394
Dropout rate: 0
Silencing rate: 0
Initial point 19. Random seed: 9772
Solving with ultrametric constraint
Optimal point found for initial point 19
Negative llh: 162.51718735524065
Dropout rate: 0
Silencing rate: 0
Initial point 20. Random seed: 243
Solving with ultrametric constraint
Optimal point found for initial point 20
Negative llh: 165.0559854236135
Dropout rate: 0
Silencing rate: 0
Optimal nllh: 162.51718735524065
