Launching Problin version 0.5b
Problin was called as follow: /Users/uym2/my_gits/problin/run_problin.py -c s8c3/k10_const_character_matrix.csv -t s8c3/true_tree.nwk --delimiter comma -p s8c3/k10_const_priors.csv -o s8c3/k10_const_problin --nInitials 10 --ultrametric
Optimizing branch lengths, phi, and nu without topology search
Optimization by EM algorithm
Initial point 1. Random seed: 372
Numerical optimization started with ultrametric constraint
Initial phi: 0.8941486523596522. Initial nu: 0.7990508124439711. Initial nllh: 9658.106351877186
EM finished after 21 iterations.
Optimal phi: 0. Optimal nu: 8.632006707465198e-07. Optimal nllh: 59.73239438499823
Optimal point found for initial point 1
Initial point 2. Random seed: 2749
Numerical optimization started with ultrametric constraint
Initial phi: 0.5110259908388513. Initial nu: 0.0995309952091591. Initial nllh: 173.55096328590153
EM finished after 17 iterations.
Optimal phi: 0. Optimal nu: 8.568920921275578e-07. Optimal nllh: 59.732393225620235
Optimal point found for initial point 2
Initial point 3. Random seed: 5710
Numerical optimization started with ultrametric constraint
Initial phi: 0.36912670760775756. Initial nu: 0.9069095292548947. Initial nllh: 186.9412033320954
EM finished after 22 iterations.
Optimal phi: 0. Optimal nu: 8.57819753229101e-07. Optimal nllh: 59.7323933505309
Optimal point found for initial point 3
Initial point 4. Random seed: 1435
Numerical optimization started with ultrametric constraint
Initial phi: 0.8158622135404702. Initial nu: 0.9227737336963837. Initial nllh: 372.66821149939716
EM finished after 21 iterations.
Optimal phi: 0. Optimal nu: 8.571873172974434e-07. Optimal nllh: 59.73239328454644
Optimal point found for initial point 4
Initial point 5. Random seed: 1521
Numerical optimization started with ultrametric constraint
Initial phi: 0.6914237773664776. Initial nu: 0.7083370112017869. Initial nllh: 281.51819895036635
EM finished after 26 iterations.
Optimal phi: 0. Optimal nu: 8.601371222865535e-07. Optimal nllh: 59.7323932799995
Optimal point found for initial point 5
Initial point 6. Random seed: 6909
Numerical optimization started with ultrametric constraint
Initial phi: 0.7581941434434522. Initial nu: 0.13187157834044055. Initial nllh: 281.2445946207849
EM finished after 10 iterations.
Optimal phi: 0. Optimal nu: 8.531795246627523e-07. Optimal nllh: 59.7324020214651
Optimal point found for initial point 6
Initial point 7. Random seed: 2391
Numerical optimization started with ultrametric constraint
Initial phi: 0.28511609770388285. Initial nu: 0.12854664353582312. Initial nllh: 118.43339649199568
EM finished after 15 iterations.
Optimal phi: 0. Optimal nu: 8.582923339732063e-07. Optimal nllh: 59.732393894182195
Optimal point found for initial point 7
Initial point 8. Random seed: 6758
Numerical optimization started with ultrametric constraint
Initial phi: 0.5682175531023369. Initial nu: 0.9112764946451193. Initial nllh: 244.0967712328378
EM finished after 21 iterations.
Optimal phi: 0. Optimal nu: 8.583220572346786e-07. Optimal nllh: 59.73239352973658
Optimal point found for initial point 8
Initial point 9. Random seed: 9223
Numerical optimization started with ultrametric constraint
Initial phi: 0.5035180911358349. Initial nu: 0.2261003174386779. Initial nllh: 179.35592226782657
EM finished after 16 iterations.
Optimal phi: 0. Optimal nu: 8.620847557372496e-07. Optimal nllh: 59.73239425177776
Optimal point found for initial point 9
Initial point 10. Random seed: 7206
Numerical optimization started with ultrametric constraint
Initial phi: 0.29998863327324493. Initial nu: 0.04352576004841852. Initial nllh: 116.15297465525505
EM finished after 13 iterations.
Optimal phi: 0. Optimal nu: 8.611055176474842e-07. Optimal nllh: 59.732393623176186
Optimal point found for initial point 10
Numerical optimization finished successfully
Runtime (s): 11.146392167
