/Users/uym2/opt/anaconda3/lib/python3.9/site-packages/cvxpy/atoms/elementwise/log.py:35: RuntimeWarning: divide by zero encountered in log
  return np.log(values[0])
Launching Problin version 0.5b
Problin was called as follow: /Users/uym2/my_gits/problin/run_problin.py -c s8c3/k200_const_character_matrix.csv -t s8c3/true_tree.nwk --delimiter comma -p s8c3/k200_const_priors.csv -o s8c3/k200_const_problin --nInitials 10 --ultrametric
Optimizing branch lengths, phi, and nu without topology search
Optimization by EM algorithm
Initial point 1. Random seed: 9153
Numerical optimization started with ultrametric constraint
Initial phi: 0.6449037179998008. Initial nu: 0.7656152363588107. Initial nllh: 186435.67462082737
EM finished after 9 iterations.
Optimal phi: 0. Optimal nu: 5.2915696248713654e-08. Optimal nllh: 1156.5683846090203
Optimal point found for initial point 1
Initial point 2. Random seed: 1296
Numerical optimization started with ultrametric constraint
Initial phi: 0.21262658339731194. Initial nu: 0.7704014432000774. Initial nllh: 2629.7526731966295
EM finished after 9 iterations.
Optimal phi: 0. Optimal nu: 4.714167160706206e-08. Optimal nllh: 1156.5683771695972
Optimal point found for initial point 2
Initial point 3. Random seed: 7762
Numerical optimization started with ultrametric constraint
Initial phi: 0.1916843689823082. Initial nu: 0.8017835001852338. Initial nllh: 2581.7588143784974
EM finished after 9 iterations.
Optimal phi: 0. Optimal nu: 4.9981457519919834e-08. Optimal nllh: 1156.5683805771664
Optimal point found for initial point 3
Initial point 4. Random seed: 297
Numerical optimization started with ultrametric constraint
Initial phi: 0.7919661647273597. Initial nu: 0.1752430954820613. Initial nllh: 6039.535770063083
EM finished after 8 iterations.
Optimal phi: 0. Optimal nu: 4.5579950812892324e-08. Optimal nllh: 1156.568375674758
Optimal point found for initial point 4
Initial point 5. Random seed: 1947
Numerical optimization started with ultrametric constraint
Initial phi: 0.8564524888738158. Initial nu: 0.0425635406755948. Initial nllh: 7022.6206983110105
EM finished after 6 iterations.
Optimal phi: 0. Optimal nu: 5.425146345285033e-08. Optimal nllh: 1156.568384908569
Optimal point found for initial point 5
Initial point 6. Random seed: 6789
Numerical optimization started with ultrametric constraint
Initial phi: 0.4659267415365619. Initial nu: 0.6351716953169682. Initial nllh: 3661.743924608099
EM finished after 9 iterations.
Optimal phi: 0. Optimal nu: 4.993913500000445e-08. Optimal nllh: 1156.5683802811332
Optimal point found for initial point 6
Initial point 7. Random seed: 8930
Numerical optimization started with ultrametric constraint
Initial phi: 0.041730638929054535. Initial nu: 0.5743483606831823. Initial nllh: 1848.3543774654963
EM finished after 10 iterations.
Optimal phi: 0. Optimal nu: 0.0. Optimal nllh: 1156.5683306619173
Optimal point found for initial point 7
Initial point 8. Random seed: 7528
Numerical optimization started with ultrametric constraint
Initial phi: 0.7804671658273267. Initial nu: 0.06354465927767118. Initial nllh: 5768.674134015042
EM finished after 7 iterations.
Optimal phi: 0. Optimal nu: 5.341790247867308e-08. Optimal nllh: 1156.568383461483
Optimal point found for initial point 8
Initial point 9. Random seed: 258
Numerical optimization started with ultrametric constraint
Initial phi: 0.6547620815746122. Initial nu: 0.20790866364180116. Initial nllh: 4551.947352143559
EM finished after 8 iterations.
Optimal phi: 0. Optimal nu: 4.647997964016637e-08. Optimal nllh: 1156.5683765427455
Optimal point found for initial point 9
Initial point 10. Random seed: 610
Numerical optimization started with ultrametric constraint
Initial phi: 0.8805922440789383. Initial nu: 0.05347951563738523. Initial nllh: 7585.6835358910175
EM finished after 7 iterations.
Optimal phi: 0. Optimal nu: 0.0. Optimal nllh: 1156.5683311079567
Optimal point found for initial point 10
Numerical optimization finished successfully
Runtime (s): 11.96221925
