Launching Problin version 0.5b
Problin was called as follow: /Users/uym2/my_gits/problin/run_problin.py -c s2c10/k200_exp2_character_matrix.csv -t s2c10/true_tree.nwk --delimiter comma -p s2c10/k200_exp2_priors.csv -o s2c10/k200_exp2_problin --nInitials 10 --ultrametric
Optimizing branch lengths, phi, and nu without topology search
Optimization by EM algorithm
Initial point 1. Random seed: 9631
Numerical optimization started with ultrametric constraint
Initial phi: 0.7024546118145123. Initial nu: 0.9541584710226383. Initial nllh: 261462.5432386774
EM finished after 12 iterations.
Optimal phi: 0. Optimal nu: 1.867269408227752e-08. Optimal nllh: 1018.7476382347267
Optimal point found for initial point 1
Initial point 2. Random seed: 5552
Numerical optimization started with ultrametric constraint
Initial phi: 0.7497429501351481. Initial nu: 0.2789520594511577. Initial nllh: 4555.97473379331
EM finished after 11 iterations.
Optimal phi: 0. Optimal nu: 2.0170380079632625e-08. Optimal nllh: 1018.7476381766718
Optimal point found for initial point 2
Initial point 3. Random seed: 5093
Numerical optimization started with ultrametric constraint
Initial phi: 0.6682947832720411. Initial nu: 0.848882782596807. Initial nllh: 4312.863491229269
EM finished after 13 iterations.
Optimal phi: 0. Optimal nu: 2.130509633694845e-08. Optimal nllh: 1018.7476388259287
Optimal point found for initial point 3
Initial point 4. Random seed: 5775
Numerical optimization started with ultrametric constraint
Initial phi: 0.8397014599932029. Initial nu: 0.3618517194970395. Initial nllh: 5688.055777433942
EM finished after 9 iterations.
Optimal phi: 0. Optimal nu: 3.7666844021233983e-08. Optimal nllh: 1018.7476592658472
Optimal point found for initial point 4
Initial point 5. Random seed: 5022
Numerical optimization started with ultrametric constraint
Initial phi: 0.046354011376940965. Initial nu: 0.14198859143176987. Initial nllh: 1241.1607014856816
EM finished after 8 iterations.
Optimal phi: 0. Optimal nu: 3.0276935999651386e-08. Optimal nllh: 1018.7476521095263
Optimal point found for initial point 5
Initial point 6. Random seed: 61
Numerical optimization started with ultrametric constraint
Initial phi: 0.6117781811106363. Initial nu: 0.9689365217485035. Initial nllh: 4026.4921294897017
EM finished after 11 iterations.
Optimal phi: 0. Optimal nu: 2.065480296081504e-08. Optimal nllh: 1018.747640333942
Optimal point found for initial point 6
Initial point 7. Random seed: 8871
Numerical optimization started with ultrametric constraint
Initial phi: 0.4407057930606895. Initial nu: 0.6009691100461128. Initial nllh: 2870.6332565286957
EM finished after 11 iterations.
Optimal phi: 0. Optimal nu: 2.130257820117873e-08. Optimal nllh: 1018.7476400973164
Optimal point found for initial point 7
Initial point 8. Random seed: 7795
Numerical optimization started with ultrametric constraint
Initial phi: 0.5030460868490684. Initial nu: 0.9662013196477938. Initial nllh: 3431.814897000418
EM finished after 11 iterations.
Optimal phi: 0. Optimal nu: 2.044090838615657e-08. Optimal nllh: 1018.7476401632963
Optimal point found for initial point 8
Initial point 9. Random seed: 5642
Numerical optimization started with ultrametric constraint
Initial phi: 0.4623566351983937. Initial nu: 0.30847889463323663. Initial nllh: 2743.115208878182
EM finished after 10 iterations.
Optimal phi: 0. Optimal nu: 1.8684217568598934e-08. Optimal nllh: 1018.7476386578085
Optimal point found for initial point 9
Initial point 10. Random seed: 1212
Numerical optimization started with ultrametric constraint
Initial phi: 0.5012639427194279. Initial nu: 0.11630201185186344. Initial nllh: 2777.359862533232
EM finished after 9 iterations.
Optimal phi: 0. Optimal nu: 1.9110317692701793e-08. Optimal nllh: 1018.7476382339262
Optimal point found for initial point 10
Numerical optimization finished successfully
Runtime (s): 12.902397708
