dataset s2c8
Optimization without using locations
Initial point 1. Random seed: 6701
Solving with ultrametric constraint
Optimal point found for initial point 1
Negative llh: 86.6117825374068
Dropout rate: 1e-08
Silencing rate: 1e-08
Initial point 2. Random seed: 1347
Solving with ultrametric constraint
Optimal point found for initial point 2
Negative llh: 86.61178250445495
Dropout rate: 1e-08
Silencing rate: 1e-08
Initial point 3. Random seed: 1504
Solving with ultrametric constraint
Optimal point found for initial point 3
Negative llh: 86.61178248243075
Dropout rate: 1e-08
Silencing rate: 1e-08
Initial point 4. Random seed: 1904
Solving with ultrametric constraint
Optimal point found for initial point 4
Negative llh: 86.61178246739762
Dropout rate: 1e-08
Silencing rate: 1e-08
Initial point 5. Random seed: 4166
Solving with ultrametric constraint
Optimal point found for initial point 5
Negative llh: 86.61178245695908
Dropout rate: 1e-08
Silencing rate: 1e-08
Initial point 6. Random seed: 1402
Solving with ultrametric constraint
Optimal point found for initial point 6
Negative llh: 86.61178245695908
Dropout rate: 1e-08
Silencing rate: 1e-08
Initial point 7. Random seed: 9552
Solving with ultrametric constraint
Optimal point found for initial point 7
Negative llh: 86.61178245695908
Dropout rate: 1e-08
Silencing rate: 1e-08
Initial point 8. Random seed: 6160
Solving with ultrametric constraint
Optimal point found for initial point 8
Negative llh: 86.61178245695908
Dropout rate: 1e-08
Silencing rate: 1e-08
Initial point 9. Random seed: 718
Solving with ultrametric constraint
Optimal point found for initial point 9
Negative llh: 86.61178245695908
Dropout rate: 1e-08
Silencing rate: 1e-08
Initial point 10. Random seed: 6139
Solving with ultrametric constraint
Optimal point found for initial point 10
Negative llh: 86.61178245695908
Dropout rate: 1e-08
Silencing rate: 1e-08
Initial point 11. Random seed: 8145
Solving with ultrametric constraint
Optimal point found for initial point 11
Negative llh: 86.61178245695908
Dropout rate: 1e-08
Silencing rate: 1e-08
Initial point 12. Random seed: 3205
Solving with ultrametric constraint
Optimal point found for initial point 12
Negative llh: 86.61178245695908
Dropout rate: 1e-08
Silencing rate: 1e-08
Initial point 13. Random seed: 8096
Solving with ultrametric constraint
Optimal point found for initial point 13
Negative llh: 86.61178245695908
Dropout rate: 1e-08
Silencing rate: 1e-08
Initial point 14. Random seed: 2053
Solving with ultrametric constraint
Optimal point found for initial point 14
Negative llh: 86.61178245695908
Dropout rate: 1e-08
Silencing rate: 1e-08
Initial point 15. Random seed: 1016
Solving with ultrametric constraint
Optimal point found for initial point 15
Negative llh: 86.61178245695908
Dropout rate: 1e-08
Silencing rate: 1e-08
Initial point 16. Random seed: 7512
Solving with ultrametric constraint
Optimal point found for initial point 16
Negative llh: 86.61178245695908
Dropout rate: 1e-08
Silencing rate: 1e-08
Initial point 17. Random seed: 4198
Solving with ultrametric constraint
Optimal point found for initial point 17
Negative llh: 86.61178245695908
Dropout rate: 1e-08
Silencing rate: 1e-08
Initial point 18. Random seed: 7982
Solving with ultrametric constraint
Optimal point found for initial point 18
Negative llh: 86.61178245695908
Dropout rate: 1e-08
Silencing rate: 1e-08
Initial point 19. Random seed: 5122
Solving with ultrametric constraint
Optimal point found for initial point 19
Negative llh: 86.61178245695908
Dropout rate: 1e-08
Silencing rate: 1e-08
Initial point 20. Random seed: 8062
Solving with ultrametric constraint
Optimal point found for initial point 20
Negative llh: 86.61178245695908
Dropout rate: 1e-08
Silencing rate: 1e-08
Optimization using locations
Optimization start with 1 initials
Initial point 1. Random seed: 4686
Solving with ultrametric constraint
  NIT    FC           OBJFUN            GNORM
    1    26     6.480716E+02     3.321380E+02
    2    52     6.218539E+02     1.713429E+01
    3    78     7.331149E+02     1.640247E+01
    4   104     4.280127E+02     1.622153E+01
    5   130     3.898138E+02     1.532830E+01
    6   156     4.471153E+02     1.603498E+01
    7   182     3.837421E+02     1.566305E+01
    8   208     5.552078E+02     1.631371E+01
    9   234     2.977755E+02     1.574097E+01
   10   260     2.586777E+02     1.676707E+01
   11   286     2.906420E+02     1.525446E+01
   12   312     2.698033E+02     1.617491E+01
   13   338     2.113624E+02     1.696596E+01
   14   363     2.112890E+02     2.010019E+01
   15   389     4.044134E+02     1.925632E+01
   16   416     2.122875E+02     1.853387E+01
   17   442     2.104219E+02     1.841773E+01
   18   467     2.103948E+02     1.811360E+01
   19   492     2.102960E+02     1.840968E+01
   20   517     2.101650E+02     1.826077E+01
   21   542     2.100946E+02     1.710094E+01
   22   567     2.100780E+02     1.714762E+01
   23   592     2.100739E+02     1.701809E+01
   24   617     2.100734E+02     1.697398E+01
   25   642     2.100733E+02     1.693579E+01
   26   667     2.100733E+02     1.693566E+01
   27   692     2.100733E+02     1.694213E+01
   28   716     2.100733E+02     1.693920E+01
Optimization terminated successfully    (Exit mode 0)
            Current function value: 210.0732778155712
            Iterations: 28
            Function evaluations: 716
            Gradient evaluations: 28
Optimal point found for initial point 1
Negative llh: 210.0732778155712
Dropout rate: 0
Silencing rate: 0
