/Users/uym2/opt/anaconda3/lib/python3.9/site-packages/cvxpy/atoms/elementwise/log.py:35: RuntimeWarning: divide by zero encountered in log
  return np.log(values[0])
Launching Problin version 0.5b
Problin was called as follow: /Users/uym2/my_gits/problin/run_problin.py -c s2c2/k200_exp_character_matrix.csv -t s2c2/true_tree.nwk --delimiter comma -p s2c2/k200_exp_priors.csv -o s2c2/k200_exp_problin --nInitials 10 --ultrametric
Optimizing branch lengths, phi, and nu without topology search
Optimization by EM algorithm
Initial point 1. Random seed: 8967
Numerical optimization started with ultrametric constraint
Initial phi: 0.9217318717477587. Initial nu: 0.7573623001275899. Initial nllh: 248989.76813594621
EM finished after 8 iterations.
Optimal phi: 0. Optimal nu: 4.431231658790464e-08. Optimal nllh: 1382.9928485445023
Optimal point found for initial point 1
Initial point 2. Random seed: 5327
Numerical optimization started with ultrametric constraint
Initial phi: 0.6486750085920452. Initial nu: 0.07761131006402532. Initial nllh: 4186.695225229897
EM finished after 6 iterations.
Optimal phi: 0. Optimal nu: 4.4349328338516685e-08. Optimal nllh: 1382.9928477603708
Optimal point found for initial point 2
Initial point 3. Random seed: 9372
Numerical optimization started with ultrametric constraint
Initial phi: 0.09241665359255134. Initial nu: 0.9876970758629364. Initial nllh: 2703.9653055624613
EM finished after 8 iterations.
Optimal phi: 0. Optimal nu: 4.385927283775663e-08. Optimal nllh: 1382.992847457055
Optimal point found for initial point 3
Initial point 4. Random seed: 9147
Numerical optimization started with ultrametric constraint
Initial phi: 0.7702073239162056. Initial nu: 0.19134559016000455. Initial nllh: 5413.563145108168
EM finished after 7 iterations.
Optimal phi: 0. Optimal nu: 4.456707070805552e-08. Optimal nllh: 1382.9928476797954
Optimal point found for initial point 4
Initial point 5. Random seed: 4971
Numerical optimization started with ultrametric constraint
Initial phi: 0.46497429040214977. Initial nu: 0.37843026987768685. Initial nllh: 3418.662765118073
EM finished after 7 iterations.
Optimal phi: 0. Optimal nu: 3.855921164158456e-08. Optimal nllh: 1382.9928416757707
Optimal point found for initial point 5
Initial point 6. Random seed: 8151
Numerical optimization started with ultrametric constraint
Initial phi: 0.001132905105553378. Initial nu: 0.2543583915793448. Initial nllh: 1661.1998430212782
EM finished after 7 iterations.
Optimal phi: 0. Optimal nu: 4.3340222571105044e-08. Optimal nllh: 1382.9928462699202
Optimal point found for initial point 6
Initial point 7. Random seed: 5046
Numerical optimization started with ultrametric constraint
Initial phi: 0.5719685852205426. Initial nu: 0.45532754876249026. Initial nllh: 4081.9892907825415
EM finished after 8 iterations.
Optimal phi: 0. Optimal nu: 4.381828820630626e-08. Optimal nllh: 1382.992846860451
Optimal point found for initial point 7
Initial point 8. Random seed: 1201
Numerical optimization started with ultrametric constraint
Initial phi: 0.9096605267226319. Initial nu: 0.7445710630807744. Initial nllh: 8439.614811802003
EM finished after 8 iterations.
Optimal phi: 0. Optimal nu: 4.393531456251104e-08. Optimal nllh: 1382.992847246391
Optimal point found for initial point 8
Initial point 9. Random seed: 5495
Numerical optimization started with ultrametric constraint
Initial phi: 0.9889027754862283. Initial nu: 0.10008823704013182. Initial nllh: 13194.061781971403
EM finished after 6 iterations.
Optimal phi: 0. Optimal nu: 4.106043240140764e-08. Optimal nllh: 1382.9928441204186
Optimal point found for initial point 9
Initial point 10. Random seed: 9867
Numerical optimization started with ultrametric constraint
Initial phi: 0.01095933250792. Initial nu: 0.7562698561171333. Initial nllh: 2230.0579185431952
EM finished after 8 iterations.
Optimal phi: 0. Optimal nu: 3.872531492083989e-08. Optimal nllh: 1382.9928412590295
Optimal point found for initial point 10
Numerical optimization finished successfully
Runtime (s): 9.677520333
