Launching Problin version 0.5b
Problin was called as follow: /Users/uym2/my_gits/problin/run_problin.py -c s20c5/k10_r2_character_matrix.csv -t s20c5/true_tree.nwk -S s20c5/leaf_locations.txt --delimiter comma -p s20c5/k10_priors.csv -o s20c5/k10_r2_spalin_leaves.txt --nInitials 10
Optimization by Spalin: Scipy-SLSQP using spatial information
Optimizing branch lengths, phi, and nu without topology search
Initial point 1. Random seed: 432
Solving ML without ultrametric constraint
Optimal point found for initial point 1
Negative llh: 217.39984974123095
Dropout rate: 4.2706656938575204e-10
Silencing rate: 1.7877247014790955e-10
Initial point 2. Random seed: 9557
Solving ML without ultrametric constraint
Optimal point found for initial point 2
Negative llh: 217.5086817690524
Dropout rate: 9.999999999999925e-11
Silencing rate: 1.0000000000000007e-10
Initial point 3. Random seed: 8828
Solving ML without ultrametric constraint
Optimal point found for initial point 3
Negative llh: 217.421002445383
Dropout rate: 1.0000000000000007e-10
Silencing rate: 1.0000000000000007e-10
Initial point 4. Random seed: 320
Solving ML without ultrametric constraint
Optimal point found for initial point 4
Negative llh: 217.42060252172
Dropout rate: 1e-10
Silencing rate: 1e-10
Initial point 5. Random seed: 7153
Solving ML without ultrametric constraint
Optimal point found for initial point 5
Negative llh: 217.39989812827304
Dropout rate: 1e-10
Silencing rate: 1e-10
Initial point 6. Random seed: 4124
Solving ML without ultrametric constraint
Optimal point found for initial point 6
Negative llh: 218.83146347121874
Dropout rate: 1.0000000000000007e-10
Silencing rate: 1.0000000000000007e-10
Initial point 7. Random seed: 6880
Solving ML without ultrametric constraint
Optimal point found for initial point 7
Negative llh: 216.97488559903863
Dropout rate: 1.5192770043905738e-09
Silencing rate: 9.782935851912604e-10
Initial point 8. Random seed: 7573
Solving ML without ultrametric constraint
Optimal point found for initial point 8
Negative llh: 217.3998916057979
Dropout rate: 1.0000000000000087e-10
Silencing rate: 9.999999999999927e-11
Initial point 9. Random seed: 5434
Solving ML without ultrametric constraint
Optimal point found for initial point 9
Negative llh: 217.42065412496507
Dropout rate: 1e-10
Silencing rate: 1e-10
Initial point 10. Random seed: 5221
Solving ML without ultrametric constraint
Optimal point found for initial point 10
Negative llh: 217.4207288504631
Dropout rate: 1.0000000000000007e-10
Silencing rate: 1.0000000000000007e-10
Runtime (s): 70.2354435
