Launching Problin version 0.5p
Problin was called as follow: /Users/uym2/my_gits/problin/run_problin.py -c s20c5/k10_r1_character_matrix.csv -t s20c5/true_tree.nwk -S s20c5/leaf_locations.txt --delimiter comma -p s20c5/k10_priors.csv -o s20c5/k10_r1_spalin_leaves.txt --nInitials 10
Optimization by Spalin: Scipy-SLSQP using spatial information
Optimizing branch lengths, phi, and nu without topology search
Initial point 1. Random seed: 2999
Solving ML without ultrametric constraint
Optimal point found for initial point 1
Negative llh: 207.76209810824895
Dropout rate: 1e-10
Silencing rate: 1e-10
Initial point 2. Random seed: 1670
Solving ML without ultrametric constraint
Optimal point found for initial point 2
Negative llh: 207.76205212497712
Dropout rate: 1e-10
Silencing rate: 1e-10
Initial point 3. Random seed: 340
Solving ML without ultrametric constraint
Optimal point found for initial point 3
Negative llh: 210.77856855179425
Dropout rate: 1e-10
Silencing rate: 1e-10
Initial point 4. Random seed: 8610
Solving ML without ultrametric constraint
Optimal point found for initial point 4
Negative llh: 207.7620842915872
Dropout rate: 6.452857282276266e-10
Silencing rate: 4.968080739019244e-10
Initial point 5. Random seed: 7753
Solving ML without ultrametric constraint
Optimal point found for initial point 5
Negative llh: 207.762015884304
Dropout rate: 1e-10
Silencing rate: 1e-10
Initial point 6. Random seed: 7601
Solving ML without ultrametric constraint
Optimal point found for initial point 6
Negative llh: 207.76203547193774
Dropout rate: 1e-10
Silencing rate: 1e-10
Initial point 7. Random seed: 8259
Solving ML without ultrametric constraint
Optimal point found for initial point 7
Negative llh: 207.76211496940408
Dropout rate: 1e-10
Silencing rate: 1e-10
Initial point 8. Random seed: 306
Solving ML without ultrametric constraint
Optimal point found for initial point 8
Negative llh: 207.76211501677102
Dropout rate: 9.176288276855645e-09
Silencing rate: 6.703626320831728e-09
Initial point 9. Random seed: 505
Solving ML without ultrametric constraint
Optimal point found for initial point 9
Negative llh: 210.77795039043917
Dropout rate: 1.0000000000000006e-10
Silencing rate: 1.0000000000000006e-10
Initial point 10. Random seed: 9418
Solving ML without ultrametric constraint
Optimal point found for initial point 10
Negative llh: 207.76207191939397
Dropout rate: 1.0000000000000007e-10
Silencing rate: 1.0000000000000007e-10
Runtime (s): 75.11066541699999
