dataset s6c2
Optimization using leaf locations
Initial point 1. Random seed: 6312
Solving with ultrametric constraint
Optimal point found for initial point 1
Negative llh: 59.420951157887075
Dropout rate: 0
Silencing rate: 0
Initial point 2. Random seed: 8122
Solving with ultrametric constraint
Optimal point found for initial point 2
Negative llh: 59.420955888554616
Dropout rate: 0
Silencing rate: 0
Initial point 3. Random seed: 78
Solving with ultrametric constraint
Optimal point found for initial point 3
Negative llh: 59.420964498399925
Dropout rate: 0
Silencing rate: 0
Initial point 4. Random seed: 8280
Solving with ultrametric constraint
Optimal point found for initial point 4
Negative llh: 59.42095931255738
Dropout rate: 0
Silencing rate: 0
Initial point 5. Random seed: 5972
Solving with ultrametric constraint
Optimal point found for initial point 5
Negative llh: 59.42095108159111
Dropout rate: 0
Silencing rate: 0
Initial point 6. Random seed: 2218
Solving with ultrametric constraint
Optimal point found for initial point 6
Negative llh: 59.4209512909307
Dropout rate: 0
Silencing rate: 0
Initial point 7. Random seed: 8812
Solving with ultrametric constraint
Optimal point found for initial point 7
Negative llh: 59.420959942896204
Dropout rate: 0
Silencing rate: 0
Initial point 8. Random seed: 141
Solving with ultrametric constraint
Optimal point found for initial point 8
Negative llh: 59.42095363651715
Dropout rate: 0
Silencing rate: 0
Initial point 9. Random seed: 555
Solving with ultrametric constraint
Optimal point found for initial point 9
Negative llh: 59.42095145306813
Dropout rate: 0
Silencing rate: 0
Initial point 10. Random seed: 3179
Solving with ultrametric constraint
Optimal point found for initial point 10
Negative llh: 59.420953074059426
Dropout rate: 0
Silencing rate: 0
Initial point 11. Random seed: 5550
Solving with ultrametric constraint
Optimal point found for initial point 11
Negative llh: 59.42095810807375
Dropout rate: 0
Silencing rate: 0
Initial point 12. Random seed: 3593
Solving with ultrametric constraint
Optimal point found for initial point 12
Negative llh: 59.42095096823299
Dropout rate: 0
Silencing rate: 0
Initial point 13. Random seed: 3536
Solving with ultrametric constraint
Optimal point found for initial point 13
Negative llh: 59.42095166423939
Dropout rate: 0
Silencing rate: 0
Initial point 14. Random seed: 2481
Solving with ultrametric constraint
Optimal point found for initial point 14
Negative llh: 59.42095096474384
Dropout rate: 0
Silencing rate: 0
Initial point 15. Random seed: 7068
Solving with ultrametric constraint
Optimal point found for initial point 15
Negative llh: 59.420952158001136
Dropout rate: 0
Silencing rate: 0
Initial point 16. Random seed: 155
Solving with ultrametric constraint
Optimal point found for initial point 16
Negative llh: 59.420951294580476
Dropout rate: 0
Silencing rate: 0
Initial point 17. Random seed: 9710
Solving with ultrametric constraint
Optimal point found for initial point 17
Negative llh: 59.42096561515017
Dropout rate: 0
Silencing rate: 0
Initial point 18. Random seed: 9464
Solving with ultrametric constraint
Optimal point found for initial point 18
Negative llh: 59.420951354714816
Dropout rate: 0
Silencing rate: 0
Initial point 19. Random seed: 7628
Solving with ultrametric constraint
Optimal point found for initial point 19
Negative llh: 59.42095331621984
Dropout rate: 0
Silencing rate: 0
Initial point 20. Random seed: 865
Solving with ultrametric constraint
Optimal point found for initial point 20
Negative llh: 59.42095711707847
Dropout rate: 0
Silencing rate: 0
Optimal nllh: 59.42095096474384
