Launching Problin version 0.5b
Problin was called as follow: /Users/uym2/my_gits/problin/run_problin.py -c s5c5/k10_r2_character_matrix.csv -t s5c5/true_tree.nwk -S s5c5/true_locations.txt --delimiter comma -p s5c5/k10_priors.csv -o s5c5/k10_r2_spalin_all.txt --nInitials 10
Optimization by Spalin: Scipy-SLSQP using spatial information
Optimizing branch lengths, phi, and nu without topology search
Initial point 1. Random seed: 2256
Solving ML without ultrametric constraint
Optimal point found for initial point 1
Negative llh: 231.84167068079404
Dropout rate: 1e-10
Silencing rate: 1e-10
Sigma: 25.87489597564649
Initial point 2. Random seed: 3586
Solving ML without ultrametric constraint
Optimal point found for initial point 2
Negative llh: 231.84167071270593
Dropout rate: 1.0000000000000007e-10
Silencing rate: 9.999999999999996e-11
Sigma: 25.87543335658546
Initial point 3. Random seed: 9896
Solving ML without ultrametric constraint
Optimal point found for initial point 3
Negative llh: 231.84167072024286
Dropout rate: 1.1220470843515484e-10
Silencing rate: 1.343084760359639e-10
Sigma: 25.874268860752295
Initial point 4. Random seed: 1014
Solving ML without ultrametric constraint
Optimal point found for initial point 4
Negative llh: 231.84167088858743
Dropout rate: 1.0115315483827312e-10
Silencing rate: 1.2498506158290165e-10
Sigma: 25.87522726762148
Initial point 5. Random seed: 919
Solving ML without ultrametric constraint
Optimal point found for initial point 5
Negative llh: 231.84167085022835
Dropout rate: 1.0527880918437804e-10
Silencing rate: 1.1428977356902141e-10
Sigma: 25.87447718470782
Initial point 6. Random seed: 2052
Solving ML without ultrametric constraint
Optimal point found for initial point 6
Negative llh: 231.8416708118956
Dropout rate: 1.0000000000000002e-10
Silencing rate: 1.0000000000000002e-10
Sigma: 25.875049280313473
Initial point 7. Random seed: 8185
Solving ML without ultrametric constraint
Optimal point found for initial point 7
Negative llh: 231.8416706386534
Dropout rate: 1e-10
Silencing rate: 1e-10
Sigma: 25.875749007710663
Initial point 8. Random seed: 5311
Solving ML without ultrametric constraint
Optimal point found for initial point 8
Negative llh: 231.841670703592
Dropout rate: 2.583564055860117e-10
Silencing rate: 7.875292460261744e-10
Sigma: 25.874946293622035
Initial point 9. Random seed: 7935
Solving ML without ultrametric constraint
Optimal point found for initial point 9
Negative llh: 231.84167065680833
Dropout rate: 1.8612004649256244e-10
Silencing rate: 3.331350423757173e-10
Sigma: 25.875070560796743
Initial point 10. Random seed: 9634
Solving ML without ultrametric constraint
Optimal point found for initial point 10
Negative llh: 231.84167089342122
Dropout rate: 5.361051812392433e-10
Silencing rate: 7.887583816711153e-10
Sigma: 25.875106176828705
Runtime (s): 10.913100541999999
