Launching Problin version 0.5p
Problin was called as follow: /Users/uym2/my_gits/problin/run_problin.py -c s5c5/k10_r1_character_matrix.csv -t s5c5/true_tree.nwk -S s5c5/leaf_locations.txt --delimiter comma -p s5c5/k10_priors.csv -o s5c5/k10_r1_spalin_leaves.txt --nInitials 10
Optimization by Spalin: Scipy-SLSQP using spatial information
Optimizing branch lengths, phi, and nu without topology search
Initial point 1. Random seed: 814
Solving ML without ultrametric constraint
Optimal point found for initial point 1
Negative llh: 177.3959174128782
Dropout rate: 4.204160683321782e-10
Silencing rate: 2.757197390924677e-10
Initial point 2. Random seed: 8361
Solving ML without ultrametric constraint
Optimal point found for initial point 2
Negative llh: 178.61429007683017
Dropout rate: 1.0000000000000007e-10
Silencing rate: 1.0000000000000007e-10
Initial point 3. Random seed: 7606
Solving ML without ultrametric constraint
Optimal point found for initial point 3
Negative llh: 178.6145458962361
Dropout rate: 1e-10
Silencing rate: 1e-10
Initial point 4. Random seed: 3771
Solving ML without ultrametric constraint
Optimal point found for initial point 4
Negative llh: 177.2343455898625
Dropout rate: 1e-10
Silencing rate: 1e-10
Initial point 5. Random seed: 9829
Solving ML without ultrametric constraint
Optimal point found for initial point 5
Negative llh: 178.6143435526979
Dropout rate: 9.999999999999924e-11
Silencing rate: 1.0000000000000007e-10
Initial point 6. Random seed: 7326
Solving ML without ultrametric constraint
Optimal point found for initial point 6
Negative llh: 178.45351936280173
Dropout rate: 1e-10
Silencing rate: 1e-10
Initial point 7. Random seed: 3868
Solving ML without ultrametric constraint
Optimal point found for initial point 7
Negative llh: 177.39581055110693
Dropout rate: 1e-10
Silencing rate: 1e-10
Initial point 8. Random seed: 7389
Solving ML without ultrametric constraint
Optimal point found for initial point 8
Negative llh: 178.45351767493838
Dropout rate: 9.999999999999932e-11
Silencing rate: 1.0000000000000007e-10
Initial point 9. Random seed: 9925
Solving ML without ultrametric constraint
Optimal point found for initial point 9
Negative llh: 181.49115884005062
Dropout rate: 8.717579765424969e-10
Silencing rate: 5.329210756878309e-10
Initial point 10. Random seed: 5647
Solving ML without ultrametric constraint
Optimal point found for initial point 10
Negative llh: 178.4534833937756
Dropout rate: 1e-10
Silencing rate: 1e-10
Runtime (s): 62.235926916
